TpTrace Verbose: 0 : 18200, 1, 2024/03/10, 09:07:56.905, 9093782910601, vstest.console.dll, Version: 17.3.2 Current process architecture: X86
TpTrace Verbose: 0 : 18200, 1, 2024/03/10, 09:07:56.906, 9093782926607, vstest.console.dll, Runtime location: C:\Program Files (x86)\dotnet\shared\Microsoft.NETCore.App\6.0.25
TpTrace Information: 0 : 18200, 1, 2024/03/10, 09:07:56.912, 9093782978910, vstest.console.dll, FilePatternParser: The given file D:\SoftUni\7 Back-End Test Automation-March-2024\repo\QA-Back-End-Test-Automation-March-2024\01.RestSharp-API-GitHub\RestSharp\06.Data-Driven-NUnit-Tests-Zippopotam.us-API\bin\Debug\net6.0\fine-code-coverage\build-output\06.Data-Driven-NUnit-Tests-Zippopotam.us-API.dll is a full path.
TpTrace Verbose: 0 : 18200, 1, 2024/03/10, 09:07:56.918, 9093783037961, vstest.console.dll, TestPluginCache.DiscoverTestExtensions: finding test extensions in assemblies ends with: RuntimeProvider.dll TPluginInfo: Microsoft.VisualStudio.TestPlatform.Common.ExtensionFramework.Utilities.TestRuntimePluginInformation TExtension: Microsoft.VisualStudio.TestPlatform.ObjectModel.Host.ITestRuntimeProvider
TpTrace Verbose: 0 : 18200, 1, 2024/03/10, 09:07:56.918, 9093783040353, vstest.console.dll, TestPluginCache.GetExtensionPaths: Filtered extension paths: 
TpTrace Verbose: 0 : 18200, 1, 2024/03/10, 09:07:56.918, 9093783041279, vstest.console.dll, TestPluginCache.GetExtensionPaths: Added default extension paths: C:\Program Files (x86)\dotnet\sdk\6.0.408\Extensions\Microsoft.Diagnostics.NETCore.Client.dll
C:\Program Files (x86)\dotnet\sdk\6.0.408\Extensions\Microsoft.TestPlatform.Extensions.BlameDataCollector.dll
C:\Program Files (x86)\dotnet\sdk\6.0.408\Extensions\Microsoft.TestPlatform.Extensions.EventLogCollector.dll
C:\Program Files (x86)\dotnet\sdk\6.0.408\Extensions\Microsoft.TestPlatform.TestHostRuntimeProvider.dll
C:\Program Files (x86)\dotnet\sdk\6.0.408\Extensions\Microsoft.VisualStudio.TestPlatform.Extensions.Html.TestLogger.dll
C:\Program Files (x86)\dotnet\sdk\6.0.408\Extensions\Microsoft.VisualStudio.TestPlatform.Extensions.Trx.TestLogger.dll
TpTrace Verbose: 0 : 18200, 1, 2024/03/10, 09:07:56.918, 9093783041906, vstest.console.dll, TestPluginCache.GetExtensionPaths: Added unfilterableExtensionPaths: 
TpTrace Information: 0 : 18200, 1, 2024/03/10, 09:07:56.918, 9093783047236, vstest.console.dll, AssemblyResolver.ctor: Creating AssemblyResolver with searchDirectories C:\Program Files (x86)\dotnet\sdk\6.0.408\Extensions,C:\Program Files (x86)\dotnet\sdk\6.0.408
TpTrace Verbose: 0 : 18200, 1, 2024/03/10, 09:07:56.919, 9093783056885, vstest.console.dll, TestPluginCache.DiscoverTestExtensions: Discovering the extensions using extension path.
TpTrace Verbose: 0 : 18200, 1, 2024/03/10, 09:07:56.920, 9093783058304, vstest.console.dll, TestPluginCache.GetExtensionPaths: Filtered extension paths: 
TpTrace Verbose: 0 : 18200, 1, 2024/03/10, 09:07:56.920, 9093783059003, vstest.console.dll, TestPluginCache.GetExtensionPaths: Added default extension paths: C:\Program Files (x86)\dotnet\sdk\6.0.408\Extensions\Microsoft.Diagnostics.NETCore.Client.dll
C:\Program Files (x86)\dotnet\sdk\6.0.408\Extensions\Microsoft.TestPlatform.Extensions.BlameDataCollector.dll
C:\Program Files (x86)\dotnet\sdk\6.0.408\Extensions\Microsoft.TestPlatform.Extensions.EventLogCollector.dll
C:\Program Files (x86)\dotnet\sdk\6.0.408\Extensions\Microsoft.TestPlatform.TestHostRuntimeProvider.dll
C:\Program Files (x86)\dotnet\sdk\6.0.408\Extensions\Microsoft.VisualStudio.TestPlatform.Extensions.Html.TestLogger.dll
C:\Program Files (x86)\dotnet\sdk\6.0.408\Extensions\Microsoft.VisualStudio.TestPlatform.Extensions.Trx.TestLogger.dll
TpTrace Verbose: 0 : 18200, 1, 2024/03/10, 09:07:56.920, 9093783059584, vstest.console.dll, TestPluginCache.GetExtensionPaths: Added unfilterableExtensionPaths: 
TpTrace Verbose: 0 : 18200, 1, 2024/03/10, 09:07:56.920, 9093783060462, vstest.console.dll, TestPluginCache.DiscoverTestExtensions: Discovering the extensions using allExtensionPaths: C:\Program Files (x86)\dotnet\sdk\6.0.408\Extensions\Microsoft.Diagnostics.NETCore.Client.dll
C:\Program Files (x86)\dotnet\sdk\6.0.408\Extensions\Microsoft.TestPlatform.Extensions.BlameDataCollector.dll
C:\Program Files (x86)\dotnet\sdk\6.0.408\Extensions\Microsoft.TestPlatform.Extensions.EventLogCollector.dll
C:\Program Files (x86)\dotnet\sdk\6.0.408\Extensions\Microsoft.TestPlatform.TestHostRuntimeProvider.dll
C:\Program Files (x86)\dotnet\sdk\6.0.408\Extensions\Microsoft.VisualStudio.TestPlatform.Extensions.Html.TestLogger.dll
C:\Program Files (x86)\dotnet\sdk\6.0.408\Extensions\Microsoft.VisualStudio.TestPlatform.Extensions.Trx.TestLogger.dll
TpTrace Information: 0 : 18200, 1, 2024/03/10, 09:07:56.920, 9093783062154, vstest.console.dll, AssemblyResolver.AddSearchDirectories: Adding more searchDirectories C:\Program Files (x86)\dotnet\sdk\6.0.408\Extensions,C:\Program Files (x86)\dotnet\sdk\6.0.408
TpTrace Information: 0 : 18200, 1, 2024/03/10, 09:07:56.920, 9093783062908, vstest.console.dll, AssemblyResolver.AddSearchDirectories: Adding more searchDirectories C:\Program Files (x86)\dotnet\sdk\6.0.408\Extensions,C:\Program Files (x86)\dotnet\sdk\6.0.408
TpTrace Information: 0 : 18200, 1, 2024/03/10, 09:07:56.920, 9093783063548, vstest.console.dll, AssemblyResolver.AddSearchDirectories: Adding more searchDirectories C:\Program Files (x86)\dotnet\sdk\6.0.408\Extensions,C:\Program Files (x86)\dotnet\sdk\6.0.408
TpTrace Information: 0 : 18200, 1, 2024/03/10, 09:07:56.920, 9093783064113, vstest.console.dll, AssemblyResolver.AddSearchDirectories: Adding more searchDirectories C:\Program Files (x86)\dotnet\sdk\6.0.408\Extensions,C:\Program Files (x86)\dotnet\sdk\6.0.408
TpTrace Information: 0 : 18200, 1, 2024/03/10, 09:07:56.920, 9093783064712, vstest.console.dll, AssemblyResolver.AddSearchDirectories: Adding more searchDirectories C:\Program Files (x86)\dotnet\sdk\6.0.408\Extensions,C:\Program Files (x86)\dotnet\sdk\6.0.408
TpTrace Information: 0 : 18200, 1, 2024/03/10, 09:07:56.920, 9093783065299, vstest.console.dll, AssemblyResolver.AddSearchDirectories: Adding more searchDirectories C:\Program Files (x86)\dotnet\sdk\6.0.408\Extensions,C:\Program Files (x86)\dotnet\sdk\6.0.408
TpTrace Information: 0 : 18200, 1, 2024/03/10, 09:07:56.921, 9093783068312, vstest.console.dll, AssemblyResolver.OnResolve: Microsoft.Diagnostics.NETCore.Client: Resolving assembly.
TpTrace Information: 0 : 18200, 1, 2024/03/10, 09:07:56.921, 9093783069170, vstest.console.dll, AssemblyResolver.OnResolve: Microsoft.Diagnostics.NETCore.Client: Searching in: 'C:\Program Files (x86)\dotnet\sdk\6.0.408\Extensions'.
TpTrace Information: 0 : 18200, 1, 2024/03/10, 09:07:56.921, 9093783073234, vstest.console.dll, AssemblyResolver.OnResolve: Microsoft.Diagnostics.NETCore.Client: Loading assembly 'C:\Program Files (x86)\dotnet\sdk\6.0.408\Extensions\Microsoft.Diagnostics.NETCore.Client.dll'.
TpTrace Information: 0 : 18200, 1, 2024/03/10, 09:07:56.922, 9093783079006, vstest.console.dll, AssemblyResolver.OnResolve: Resolved assembly: Microsoft.Diagnostics.NETCore.Client, from path: C:\Program Files (x86)\dotnet\sdk\6.0.408\Extensions\Microsoft.Diagnostics.NETCore.Client.dll
TpTrace Verbose: 0 : 18200, 1, 2024/03/10, 09:07:56.926, 9093783120509, vstest.console.dll, MetadataReaderExtensionsHelper: Discovering extensions inside assembly 'Microsoft.Diagnostics.NETCore.Client, Version=0.2.6.42401, Culture=neutral, PublicKeyToken=31bf3856ad364e35' file path 'C:\Program Files (x86)\dotnet\sdk\6.0.408\Extensions\Microsoft.Diagnostics.NETCore.Client.dll'
TpTrace Information: 0 : 18200, 1, 2024/03/10, 09:07:56.937, 9093783231765, vstest.console.dll, AssemblyResolver.OnResolve: Microsoft.Bcl.AsyncInterfaces: Resolving assembly.
TpTrace Information: 0 : 18200, 1, 2024/03/10, 09:07:56.937, 9093783233160, vstest.console.dll, AssemblyResolver.OnResolve: Microsoft.Bcl.AsyncInterfaces: Searching in: 'C:\Program Files (x86)\dotnet\sdk\6.0.408\Extensions'.
TpTrace Information: 0 : 18200, 1, 2024/03/10, 09:07:56.937, 9093783234285, vstest.console.dll, AssemblyResolver.OnResolve: Microsoft.Bcl.AsyncInterfaces: Assembly path does not exist: 'C:\Program Files (x86)\dotnet\sdk\6.0.408\Extensions\Microsoft.Bcl.AsyncInterfaces.dll', returning.
TpTrace Information: 0 : 18200, 1, 2024/03/10, 09:07:56.937, 9093783235703, vstest.console.dll, AssemblyResolver.OnResolve: Microsoft.Bcl.AsyncInterfaces: Assembly path does not exist: 'C:\Program Files (x86)\dotnet\sdk\6.0.408\Extensions\Microsoft.Bcl.AsyncInterfaces.exe', returning.
TpTrace Information: 0 : 18200, 1, 2024/03/10, 09:07:56.937, 9093783236392, vstest.console.dll, AssemblyResolver.OnResolve: Microsoft.Bcl.AsyncInterfaces: Searching in: 'C:\Program Files (x86)\dotnet\sdk\6.0.408'.
TpTrace Information: 0 : 18200, 1, 2024/03/10, 09:07:56.937, 9093783237338, vstest.console.dll, AssemblyResolver.OnResolve: Microsoft.Bcl.AsyncInterfaces: Assembly path does not exist: 'C:\Program Files (x86)\dotnet\sdk\6.0.408\Microsoft.Bcl.AsyncInterfaces.dll', returning.
TpTrace Information: 0 : 18200, 1, 2024/03/10, 09:07:56.938, 9093783238313, vstest.console.dll, AssemblyResolver.OnResolve: Microsoft.Bcl.AsyncInterfaces: Assembly path does not exist: 'C:\Program Files (x86)\dotnet\sdk\6.0.408\Microsoft.Bcl.AsyncInterfaces.exe', returning.
TpTrace Information: 0 : 18200, 1, 2024/03/10, 09:07:56.938, 9093783238882, vstest.console.dll, AssemblyResolver.OnResolve: Microsoft.Bcl.AsyncInterfaces: Failed to load assembly.
TpTrace Verbose: 0 : 18200, 1, 2024/03/10, 09:07:56.938, 9093783239510, vstest.console.dll, CurrentDomainAssemblyResolve: Resolving assembly 'Microsoft.Bcl.AsyncInterfaces'.
TpTrace Information: 0 : 18200, 1, 2024/03/10, 09:07:56.938, 9093783240299, vstest.console.dll, AssemblyResolver.OnResolve: Microsoft.Bcl.AsyncInterfaces: Resolving assembly.
TpTrace Information: 0 : 18200, 1, 2024/03/10, 09:07:56.938, 9093783240968, vstest.console.dll, AssemblyResolver.OnResolve: Microsoft.Bcl.AsyncInterfaces: Resolved from cache.
TpTrace Verbose: 0 : 18200, 1, 2024/03/10, 09:07:56.938, 9093783241535, vstest.console.dll, CurrentDomainAssemblyResolve: Resolving assembly 'Microsoft.Bcl.AsyncInterfaces'.
TpTrace Verbose: 0 : 18200, 1, 2024/03/10, 09:07:56.938, 9093783242126, vstest.console.dll, CurrentDomainAssemblyResolve: Failed to resolve assembly 'Microsoft.Bcl.AsyncInterfaces'.
TpTrace Verbose: 0 : 18200, 1, 2024/03/10, 09:07:56.938, 9093783246079, vstest.console.dll, CurrentDomainAssemblyResolve: Failed to resolve assembly 'Microsoft.Bcl.AsyncInterfaces'.
TpTrace Warning: 0 : 18200, 1, 2024/03/10, 09:07:56.947, 9093783331019, vstest.console.dll, TestPluginDiscoverer: Failed to get types from assembly 'Microsoft.Diagnostics.NETCore.Client, Version=0.2.6.42401, Culture=neutral, PublicKeyToken=31bf3856ad364e35'. Error: System.Reflection.ReflectionTypeLoadException: Unable to load one or more of the requested types.
Could not load file or assembly 'Microsoft.Bcl.AsyncInterfaces, Version=1.0.0.0, Culture=neutral, PublicKeyToken=cc7b13ffcd2ddd51'. The system cannot find the file specified.
   at System.Reflection.RuntimeModule.GetTypes(RuntimeModule module)
   at System.Reflection.Assembly.GetTypes()
   at Microsoft.VisualStudio.TestPlatform.Common.ExtensionFramework.TestPluginDiscoverer.GetTestExtensionsFromAssembly[TPluginInfo,TExtension](Assembly assembly, Dictionary`2 pluginInfos, String filePath)
System.IO.FileNotFoundException: Could not load file or assembly 'Microsoft.Bcl.AsyncInterfaces, Version=1.0.0.0, Culture=neutral, PublicKeyToken=cc7b13ffcd2ddd51'. The system cannot find the file specified.
File name: 'Microsoft.Bcl.AsyncInterfaces, Version=1.0.0.0, Culture=neutral, PublicKeyToken=cc7b13ffcd2ddd51'
 ---> System.IO.FileNotFoundException: Could not load file or assembly 'Microsoft.Bcl.AsyncInterfaces, Culture=neutral, PublicKeyToken=null'. The system cannot find the file specified.
File name: 'Microsoft.Bcl.AsyncInterfaces, Culture=neutral, PublicKeyToken=null'
   at System.Reflection.RuntimeAssembly.InternalLoad(ObjectHandleOnStack assemblyName, ObjectHandleOnStack requestingAssembly, StackCrawlMarkHandle stackMark, Boolean throwOnFileNotFound, ObjectHandleOnStack assemblyLoadContext, ObjectHandleOnStack retAssembly)
   at System.Reflection.RuntimeAssembly.InternalLoad(AssemblyName assemblyName, RuntimeAssembly requestingAssembly, StackCrawlMark& stackMark, Boolean throwOnFileNotFound, AssemblyLoadContext assemblyLoadContext)
   at System.Reflection.Assembly.Load(AssemblyName assemblyRef)
   at Microsoft.VisualStudio.TestPlatform.Common.ExtensionFramework.TestPluginCache.CurrentDomainAssemblyResolve(Object sender, AssemblyResolveEventArgs args)
   at Microsoft.VisualStudio.TestPlatform.PlatformAbstractions.PlatformAssemblyResolver.AssemblyResolverEvent(Object sender, Object eventArgs)
   at System.Runtime.Loader.AssemblyLoadContext.GetFirstResolvedAssemblyFromResolvingEvent(AssemblyName assemblyName)
   at System.Runtime.Loader.AssemblyLoadContext.ResolveUsingEvent(AssemblyName assemblyName)
   at System.Runtime.Loader.AssemblyLoadContext.ResolveUsingResolvingEvent(IntPtr gchManagedAssemblyLoadContext, AssemblyName assemblyName)
TpTrace Warning: 0 : 18200, 1, 2024/03/10, 09:07:56.947, 9093783334775, vstest.console.dll, LoaderExceptions: System.IO.FileNotFoundException: Could not load file or assembly 'Microsoft.Bcl.AsyncInterfaces, Version=1.0.0.0, Culture=neutral, PublicKeyToken=cc7b13ffcd2ddd51'. The system cannot find the file specified.
File name: 'Microsoft.Bcl.AsyncInterfaces, Version=1.0.0.0, Culture=neutral, PublicKeyToken=cc7b13ffcd2ddd51'
 ---> System.IO.FileNotFoundException: Could not load file or assembly 'Microsoft.Bcl.AsyncInterfaces, Culture=neutral, PublicKeyToken=null'. The system cannot find the file specified.
File name: 'Microsoft.Bcl.AsyncInterfaces, Culture=neutral, PublicKeyToken=null'
   at System.Reflection.RuntimeAssembly.InternalLoad(ObjectHandleOnStack assemblyName, ObjectHandleOnStack requestingAssembly, StackCrawlMarkHandle stackMark, Boolean throwOnFileNotFound, ObjectHandleOnStack assemblyLoadContext, ObjectHandleOnStack retAssembly)
   at System.Reflection.RuntimeAssembly.InternalLoad(AssemblyName assemblyName, RuntimeAssembly requestingAssembly, StackCrawlMark& stackMark, Boolean throwOnFileNotFound, AssemblyLoadContext assemblyLoadContext)
   at System.Reflection.Assembly.Load(AssemblyName assemblyRef)
   at Microsoft.VisualStudio.TestPlatform.Common.ExtensionFramework.TestPluginCache.CurrentDomainAssemblyResolve(Object sender, AssemblyResolveEventArgs args)
   at Microsoft.VisualStudio.TestPlatform.PlatformAbstractions.PlatformAssemblyResolver.AssemblyResolverEvent(Object sender, Object eventArgs)
   at System.Runtime.Loader.AssemblyLoadContext.GetFirstResolvedAssemblyFromResolvingEvent(AssemblyName assemblyName)
   at System.Runtime.Loader.AssemblyLoadContext.ResolveUsingEvent(AssemblyName assemblyName)
   at System.Runtime.Loader.AssemblyLoadContext.ResolveUsingResolvingEvent(IntPtr gchManagedAssemblyLoadContext, AssemblyName assemblyName)
TpTrace Information: 0 : 18200, 1, 2024/03/10, 09:07:56.947, 9093783336430, vstest.console.dll, AssemblyResolver.OnResolve: Microsoft.TestPlatform.Extensions.BlameDataCollector: Resolving assembly.
TpTrace Information: 0 : 18200, 1, 2024/03/10, 09:07:56.947, 9093783337106, vstest.console.dll, AssemblyResolver.OnResolve: Microsoft.TestPlatform.Extensions.BlameDataCollector: Searching in: 'C:\Program Files (x86)\dotnet\sdk\6.0.408\Extensions'.
TpTrace Information: 0 : 18200, 1, 2024/03/10, 09:07:56.948, 9093783340070, vstest.console.dll, AssemblyResolver.OnResolve: Microsoft.TestPlatform.Extensions.BlameDataCollector: Loading assembly 'C:\Program Files (x86)\dotnet\sdk\6.0.408\Extensions\Microsoft.TestPlatform.Extensions.BlameDataCollector.dll'.
TpTrace Information: 0 : 18200, 1, 2024/03/10, 09:07:56.948, 9093783345833, vstest.console.dll, AssemblyResolver.OnResolve: Resolved assembly: Microsoft.TestPlatform.Extensions.BlameDataCollector, from path: C:\Program Files (x86)\dotnet\sdk\6.0.408\Extensions\Microsoft.TestPlatform.Extensions.BlameDataCollector.dll
TpTrace Verbose: 0 : 18200, 1, 2024/03/10, 09:07:56.948, 9093783346755, vstest.console.dll, MetadataReaderExtensionsHelper: Discovering extensions inside assembly 'Microsoft.TestPlatform.Extensions.BlameDataCollector, Version=15.0.0.0, Culture=neutral, PublicKeyToken=b03f5f7f11d50a3a' file path 'C:\Program Files (x86)\dotnet\sdk\6.0.408\Extensions\Microsoft.TestPlatform.Extensions.BlameDataCollector.dll'
TpTrace Information: 0 : 18200, 1, 2024/03/10, 09:07:56.949, 9093783357310, vstest.console.dll, AssemblyResolver.OnResolve: Microsoft.TestPlatform.Extensions.EventLogCollector: Resolving assembly.
TpTrace Information: 0 : 18200, 1, 2024/03/10, 09:07:56.950, 9093783358108, vstest.console.dll, AssemblyResolver.OnResolve: Microsoft.TestPlatform.Extensions.EventLogCollector: Searching in: 'C:\Program Files (x86)\dotnet\sdk\6.0.408\Extensions'.
TpTrace Information: 0 : 18200, 1, 2024/03/10, 09:07:56.950, 9093783360770, vstest.console.dll, AssemblyResolver.OnResolve: Microsoft.TestPlatform.Extensions.EventLogCollector: Loading assembly 'C:\Program Files (x86)\dotnet\sdk\6.0.408\Extensions\Microsoft.TestPlatform.Extensions.EventLogCollector.dll'.
TpTrace Information: 0 : 18200, 1, 2024/03/10, 09:07:56.951, 9093783368306, vstest.console.dll, AssemblyResolver.OnResolve: Resolved assembly: Microsoft.TestPlatform.Extensions.EventLogCollector, from path: C:\Program Files (x86)\dotnet\sdk\6.0.408\Extensions\Microsoft.TestPlatform.Extensions.EventLogCollector.dll
TpTrace Verbose: 0 : 18200, 1, 2024/03/10, 09:07:56.951, 9093783369194, vstest.console.dll, MetadataReaderExtensionsHelper: Discovering extensions inside assembly 'Microsoft.TestPlatform.Extensions.EventLogCollector, Version=15.0.0.0, Culture=neutral, PublicKeyToken=b03f5f7f11d50a3a' file path 'C:\Program Files (x86)\dotnet\sdk\6.0.408\Extensions\Microsoft.TestPlatform.Extensions.EventLogCollector.dll'
TpTrace Information: 0 : 18200, 1, 2024/03/10, 09:07:56.953, 9093783390784, vstest.console.dll, AssemblyResolver.OnResolve: Microsoft.TestPlatform.TestHostRuntimeProvider: Resolving assembly.
TpTrace Information: 0 : 18200, 1, 2024/03/10, 09:07:56.953, 9093783391629, vstest.console.dll, AssemblyResolver.OnResolve: Microsoft.TestPlatform.TestHostRuntimeProvider: Searching in: 'C:\Program Files (x86)\dotnet\sdk\6.0.408\Extensions'.
TpTrace Information: 0 : 18200, 1, 2024/03/10, 09:07:56.953, 9093783394114, vstest.console.dll, AssemblyResolver.OnResolve: Microsoft.TestPlatform.TestHostRuntimeProvider: Loading assembly 'C:\Program Files (x86)\dotnet\sdk\6.0.408\Extensions\Microsoft.TestPlatform.TestHostRuntimeProvider.dll'.
TpTrace Information: 0 : 18200, 1, 2024/03/10, 09:07:56.954, 9093783398476, vstest.console.dll, AssemblyResolver.OnResolve: Resolved assembly: Microsoft.TestPlatform.TestHostRuntimeProvider, from path: C:\Program Files (x86)\dotnet\sdk\6.0.408\Extensions\Microsoft.TestPlatform.TestHostRuntimeProvider.dll
TpTrace Verbose: 0 : 18200, 1, 2024/03/10, 09:07:56.954, 9093783399357, vstest.console.dll, MetadataReaderExtensionsHelper: Discovering extensions inside assembly 'Microsoft.TestPlatform.TestHostRuntimeProvider, Version=15.0.0.0, Culture=neutral, PublicKeyToken=b03f5f7f11d50a3a' file path 'C:\Program Files (x86)\dotnet\sdk\6.0.408\Extensions\Microsoft.TestPlatform.TestHostRuntimeProvider.dll'
TpTrace Information: 0 : 18200, 1, 2024/03/10, 09:07:56.955, 9093783414027, vstest.console.dll, GetTestExtensionFromType: Register extension with identifier data 'HostProvider://DefaultTestHost' and type 'Microsoft.VisualStudio.TestPlatform.CrossPlatEngine.Hosting.DefaultTestHostManager, Microsoft.TestPlatform.TestHostRuntimeProvider, Version=15.0.0.0, Culture=neutral, PublicKeyToken=b03f5f7f11d50a3a' inside file 'C:\Program Files (x86)\dotnet\sdk\6.0.408\Extensions\Microsoft.TestPlatform.TestHostRuntimeProvider.dll'
TpTrace Information: 0 : 18200, 1, 2024/03/10, 09:07:56.955, 9093783414974, vstest.console.dll, GetTestExtensionFromType: Register extension with identifier data 'HostProvider://DotnetTestHost' and type 'Microsoft.VisualStudio.TestPlatform.CrossPlatEngine.Hosting.DotnetTestHostManager, Microsoft.TestPlatform.TestHostRuntimeProvider, Version=15.0.0.0, Culture=neutral, PublicKeyToken=b03f5f7f11d50a3a' inside file 'C:\Program Files (x86)\dotnet\sdk\6.0.408\Extensions\Microsoft.TestPlatform.TestHostRuntimeProvider.dll'
TpTrace Information: 0 : 18200, 1, 2024/03/10, 09:07:56.955, 9093783415933, vstest.console.dll, AssemblyResolver.OnResolve: Microsoft.VisualStudio.TestPlatform.Extensions.Html.TestLogger: Resolving assembly.
TpTrace Information: 0 : 18200, 1, 2024/03/10, 09:07:56.955, 9093783416616, vstest.console.dll, AssemblyResolver.OnResolve: Microsoft.VisualStudio.TestPlatform.Extensions.Html.TestLogger: Searching in: 'C:\Program Files (x86)\dotnet\sdk\6.0.408\Extensions'.
TpTrace Information: 0 : 18200, 1, 2024/03/10, 09:07:56.956, 9093783419099, vstest.console.dll, AssemblyResolver.OnResolve: Microsoft.VisualStudio.TestPlatform.Extensions.Html.TestLogger: Loading assembly 'C:\Program Files (x86)\dotnet\sdk\6.0.408\Extensions\Microsoft.VisualStudio.TestPlatform.Extensions.Html.TestLogger.dll'.
TpTrace Information: 0 : 18200, 1, 2024/03/10, 09:07:56.956, 9093783423631, vstest.console.dll, AssemblyResolver.OnResolve: Resolved assembly: Microsoft.VisualStudio.TestPlatform.Extensions.Html.TestLogger, from path: C:\Program Files (x86)\dotnet\sdk\6.0.408\Extensions\Microsoft.VisualStudio.TestPlatform.Extensions.Html.TestLogger.dll
TpTrace Verbose: 0 : 18200, 1, 2024/03/10, 09:07:56.956, 9093783424503, vstest.console.dll, MetadataReaderExtensionsHelper: Discovering extensions inside assembly 'Microsoft.VisualStudio.TestPlatform.Extensions.Html.TestLogger, Version=15.0.0.0, Culture=neutral, PublicKeyToken=b03f5f7f11d50a3a' file path 'C:\Program Files (x86)\dotnet\sdk\6.0.408\Extensions\Microsoft.VisualStudio.TestPlatform.Extensions.Html.TestLogger.dll'
TpTrace Information: 0 : 18200, 1, 2024/03/10, 09:07:56.957, 9093783430026, vstest.console.dll, AssemblyResolver.OnResolve: Microsoft.VisualStudio.TestPlatform.Extensions.Trx.TestLogger: Resolving assembly.
TpTrace Information: 0 : 18200, 1, 2024/03/10, 09:07:56.957, 9093783430860, vstest.console.dll, AssemblyResolver.OnResolve: Microsoft.VisualStudio.TestPlatform.Extensions.Trx.TestLogger: Searching in: 'C:\Program Files (x86)\dotnet\sdk\6.0.408\Extensions'.
TpTrace Information: 0 : 18200, 1, 2024/03/10, 09:07:56.957, 9093783433518, vstest.console.dll, AssemblyResolver.OnResolve: Microsoft.VisualStudio.TestPlatform.Extensions.Trx.TestLogger: Loading assembly 'C:\Program Files (x86)\dotnet\sdk\6.0.408\Extensions\Microsoft.VisualStudio.TestPlatform.Extensions.Trx.TestLogger.dll'.
TpTrace Information: 0 : 18200, 1, 2024/03/10, 09:07:56.958, 9093783439446, vstest.console.dll, AssemblyResolver.OnResolve: Resolved assembly: Microsoft.VisualStudio.TestPlatform.Extensions.Trx.TestLogger, from path: C:\Program Files (x86)\dotnet\sdk\6.0.408\Extensions\Microsoft.VisualStudio.TestPlatform.Extensions.Trx.TestLogger.dll
TpTrace Verbose: 0 : 18200, 1, 2024/03/10, 09:07:56.958, 9093783440365, vstest.console.dll, MetadataReaderExtensionsHelper: Discovering extensions inside assembly 'Microsoft.VisualStudio.TestPlatform.Extensions.Trx.TestLogger, Version=15.0.0.0, Culture=neutral, PublicKeyToken=b03f5f7f11d50a3a' file path 'C:\Program Files (x86)\dotnet\sdk\6.0.408\Extensions\Microsoft.VisualStudio.TestPlatform.Extensions.Trx.TestLogger.dll'
TpTrace Verbose: 0 : 18200, 1, 2024/03/10, 09:07:56.959, 9093783448318, vstest.console.dll, TestPluginCache: Discovered the extensions using extension path ''.
TpTrace Verbose: 0 : 18200, 1, 2024/03/10, 09:07:56.959, 9093783449120, vstest.console.dll, TestPluginCache: Discoverers are ''.
TpTrace Verbose: 0 : 18200, 1, 2024/03/10, 09:07:56.959, 9093783449662, vstest.console.dll, TestPluginCache: Executors are ''.
TpTrace Verbose: 0 : 18200, 1, 2024/03/10, 09:07:56.959, 9093783450207, vstest.console.dll, TestPluginCache: Executors2 are ''.
TpTrace Verbose: 0 : 18200, 1, 2024/03/10, 09:07:56.959, 9093783450702, vstest.console.dll, TestPluginCache: Setting providers are ''.
TpTrace Verbose: 0 : 18200, 1, 2024/03/10, 09:07:56.959, 9093783451188, vstest.console.dll, TestPluginCache: Loggers are ''.
TpTrace Verbose: 0 : 18200, 1, 2024/03/10, 09:07:56.959, 9093783452105, vstest.console.dll, TestPluginCache: TestHosts are 'HostProvider://DefaultTestHost,HostProvider://DotnetTestHost'.
TpTrace Verbose: 0 : 18200, 1, 2024/03/10, 09:07:56.959, 9093783452696, vstest.console.dll, TestPluginCache: DataCollectors are ''.
TpTrace Information: 0 : 18200, 1, 2024/03/10, 09:07:56.969, 9093783552633, vstest.console.dll, RunTestsArgumentProcessor:Execute: Test run is starting.
TpTrace Verbose: 0 : 18200, 1, 2024/03/10, 09:07:56.969, 9093783553849, vstest.console.dll, RunTestsArgumentProcessor:Execute: Queuing Test run.
TpTrace Information: 0 : 18200, 1, 2024/03/10, 09:07:56.969, 9093783556536, vstest.console.dll, TestRequestManager.RunTests: run tests started.
TpTrace Information: 0 : 18200, 1, 2024/03/10, 09:07:56.970, 9093783567445, vstest.console.dll, AssemblyMetadataProvider.GetFrameworkName: Determined framework:'.NETCoreApp,Version=v6.0' for source: 'D:\SoftUni\7 Back-End Test Automation-March-2024\repo\QA-Back-End-Test-Automation-March-2024\01.RestSharp-API-GitHub\RestSharp\06.Data-Driven-NUnit-Tests-Zippopotam.us-API\bin\Debug\net6.0\fine-code-coverage\build-output\06.Data-Driven-NUnit-Tests-Zippopotam.us-API.dll'
TpTrace Information: 0 : 18200, 1, 2024/03/10, 09:07:56.971, 9093783568961, vstest.console.dll, Determined framework for all sources: .NETCoreApp,Version=v6.0
TpTrace Verbose: 0 : 18200, 1, 2024/03/10, 09:07:56.971, 9093783573042, vstest.console.dll, TestRequestManager.UpdateRunSettingsIfRequired: Default architecture: X86 IsDefaultTargetArchitecture: True, Current process architecture: X86 OperatingSystem: Windows.
TpTrace Information: 0 : 18200, 1, 2024/03/10, 09:07:56.973, 9093783595042, vstest.console.dll, AssemblyMetadataProvider.GetArchitecture: Determined architecture:AnyCPU info for assembly: D:\SoftUni\7 Back-End Test Automation-March-2024\repo\QA-Back-End-Test-Automation-March-2024\01.RestSharp-API-GitHub\RestSharp\06.Data-Driven-NUnit-Tests-Zippopotam.us-API\bin\Debug\net6.0\fine-code-coverage\build-output\06.Data-Driven-NUnit-Tests-Zippopotam.us-API.dll
TpTrace Information: 0 : 18200, 1, 2024/03/10, 09:07:56.973, 9093783595913, vstest.console.dll, Determined platform for source 'D:\SoftUni\7 Back-End Test Automation-March-2024\repo\QA-Back-End-Test-Automation-March-2024\01.RestSharp-API-GitHub\RestSharp\06.Data-Driven-NUnit-Tests-Zippopotam.us-API\bin\Debug\net6.0\fine-code-coverage\build-output\06.Data-Driven-NUnit-Tests-Zippopotam.us-API.dll' was AnyCPU and it will use the default plaform X86.
TpTrace Information: 0 : 18200, 1, 2024/03/10, 09:07:56.973, 9093783596516, vstest.console.dll, None of the sources provided any runnable platform, using the default platform: X86
TpTrace Information: 0 : 18200, 1, 2024/03/10, 09:07:56.973, 9093783597508, vstest.console.dll, Platform was updated to 'X86'.
TpTrace Information: 0 : 18200, 1, 2024/03/10, 09:07:56.977, 9093783629644, vstest.console.dll, InferRunSettingsHelper.IsTestSettingsEnabled: Unable to navigate to RunSettings/MSTest. Current node: RunSettings
TpTrace Information: 0 : 18200, 1, 2024/03/10, 09:07:56.977, 9093783635576, vstest.console.dll, AssemblyResolver.OnResolve: Microsoft.VisualStudio.TestPlatform.Fakes: Resolving assembly.
TpTrace Information: 0 : 18200, 1, 2024/03/10, 09:07:56.977, 9093783636460, vstest.console.dll, AssemblyResolver.OnResolve: Microsoft.VisualStudio.TestPlatform.Fakes: Searching in: 'C:\Program Files (x86)\dotnet\sdk\6.0.408\Extensions'.
TpTrace Information: 0 : 18200, 1, 2024/03/10, 09:07:56.977, 9093783637833, vstest.console.dll, AssemblyResolver.OnResolve: Microsoft.VisualStudio.TestPlatform.Fakes: Assembly path does not exist: 'C:\Program Files (x86)\dotnet\sdk\6.0.408\Extensions\Microsoft.VisualStudio.TestPlatform.Fakes.dll', returning.
TpTrace Information: 0 : 18200, 1, 2024/03/10, 09:07:56.978, 9093783639005, vstest.console.dll, AssemblyResolver.OnResolve: Microsoft.VisualStudio.TestPlatform.Fakes: Assembly path does not exist: 'C:\Program Files (x86)\dotnet\sdk\6.0.408\Extensions\Microsoft.VisualStudio.TestPlatform.Fakes.exe', returning.
TpTrace Information: 0 : 18200, 1, 2024/03/10, 09:07:56.978, 9093783639966, vstest.console.dll, AssemblyResolver.OnResolve: Microsoft.VisualStudio.TestPlatform.Fakes: Searching in: 'C:\Program Files (x86)\dotnet\sdk\6.0.408'.
TpTrace Information: 0 : 18200, 1, 2024/03/10, 09:07:56.978, 9093783641197, vstest.console.dll, AssemblyResolver.OnResolve: Microsoft.VisualStudio.TestPlatform.Fakes: Assembly path does not exist: 'C:\Program Files (x86)\dotnet\sdk\6.0.408\Microsoft.VisualStudio.TestPlatform.Fakes.dll', returning.
TpTrace Information: 0 : 18200, 1, 2024/03/10, 09:07:56.978, 9093783642211, vstest.console.dll, AssemblyResolver.OnResolve: Microsoft.VisualStudio.TestPlatform.Fakes: Assembly path does not exist: 'C:\Program Files (x86)\dotnet\sdk\6.0.408\Microsoft.VisualStudio.TestPlatform.Fakes.exe', returning.
TpTrace Information: 0 : 18200, 1, 2024/03/10, 09:07:56.978, 9093783642982, vstest.console.dll, AssemblyResolver.OnResolve: Microsoft.VisualStudio.TestPlatform.Fakes: Failed to load assembly.
TpTrace Information: 0 : 18200, 1, 2024/03/10, 09:07:56.978, 9093783645402, vstest.console.dll, Failed to load assembly Microsoft.VisualStudio.TestPlatform.Fakes, Version=17.0.0.0, Culture=neutral. Reason:System.IO.FileNotFoundException: Could not load file or assembly 'Microsoft.VisualStudio.TestPlatform.Fakes, Version=17.0.0.0, Culture=neutral, PublicKeyToken=null'. The system cannot find the file specified.
File name: 'Microsoft.VisualStudio.TestPlatform.Fakes, Version=17.0.0.0, Culture=neutral, PublicKeyToken=null'
   at System.Reflection.RuntimeAssembly.InternalLoad(ObjectHandleOnStack assemblyName, ObjectHandleOnStack requestingAssembly, StackCrawlMarkHandle stackMark, Boolean throwOnFileNotFound, ObjectHandleOnStack assemblyLoadContext, ObjectHandleOnStack retAssembly)
   at System.Reflection.RuntimeAssembly.InternalLoad(AssemblyName assemblyName, RuntimeAssembly requestingAssembly, StackCrawlMark& stackMark, Boolean throwOnFileNotFound, AssemblyLoadContext assemblyLoadContext)
   at System.Reflection.Assembly.Load(AssemblyName assemblyRef)
   at Microsoft.VisualStudio.TestPlatform.Common.Utilities.FakesUtilities.LoadTestPlatformAssembly()
TpTrace Verbose: 0 : 18200, 1, 2024/03/10, 09:07:56.981, 9093783674746, vstest.console.dll, TestPluginCache.DiscoverTestExtensions: finding test extensions in assemblies ends with: TestLogger.dll TPluginInfo: Microsoft.VisualStudio.TestPlatform.Common.ExtensionFramework.Utilities.TestLoggerPluginInformation TExtension: Microsoft.VisualStudio.TestPlatform.ObjectModel.Client.ITestLogger
TpTrace Verbose: 0 : 18200, 1, 2024/03/10, 09:07:56.981, 9093783675864, vstest.console.dll, TestPluginCache.GetExtensionPaths: Filtered extension paths: 
TpTrace Verbose: 0 : 18200, 1, 2024/03/10, 09:07:56.981, 9093783676447, vstest.console.dll, TestPluginCache.GetExtensionPaths: Added default extension paths: C:\Program Files (x86)\dotnet\sdk\6.0.408\Extensions\Microsoft.Diagnostics.NETCore.Client.dll
C:\Program Files (x86)\dotnet\sdk\6.0.408\Extensions\Microsoft.TestPlatform.Extensions.BlameDataCollector.dll
C:\Program Files (x86)\dotnet\sdk\6.0.408\Extensions\Microsoft.TestPlatform.Extensions.EventLogCollector.dll
C:\Program Files (x86)\dotnet\sdk\6.0.408\Extensions\Microsoft.TestPlatform.TestHostRuntimeProvider.dll
C:\Program Files (x86)\dotnet\sdk\6.0.408\Extensions\Microsoft.VisualStudio.TestPlatform.Extensions.Html.TestLogger.dll
C:\Program Files (x86)\dotnet\sdk\6.0.408\Extensions\Microsoft.VisualStudio.TestPlatform.Extensions.Trx.TestLogger.dll
TpTrace Verbose: 0 : 18200, 1, 2024/03/10, 09:07:56.981, 9093783677044, vstest.console.dll, TestPluginCache.GetExtensionPaths: Added unfilterableExtensionPaths: 
TpTrace Information: 0 : 18200, 1, 2024/03/10, 09:07:56.982, 9093783678658, vstest.console.dll, AssemblyResolver.AddSearchDirectories: Adding more searchDirectories C:\Program Files (x86)\dotnet\sdk\6.0.408\Extensions,C:\Program Files (x86)\dotnet\sdk\6.0.408
TpTrace Verbose: 0 : 18200, 1, 2024/03/10, 09:07:56.982, 9093783679375, vstest.console.dll, TestPluginCache.DiscoverTestExtensions: Discovering the extensions using extension path.
TpTrace Verbose: 0 : 18200, 1, 2024/03/10, 09:07:56.982, 9093783680452, vstest.console.dll, TestPluginCache.GetExtensionPaths: Filtered extension paths: 
TpTrace Verbose: 0 : 18200, 1, 2024/03/10, 09:07:56.982, 9093783681055, vstest.console.dll, TestPluginCache.GetExtensionPaths: Added default extension paths: C:\Program Files (x86)\dotnet\sdk\6.0.408\Extensions\Microsoft.Diagnostics.NETCore.Client.dll
C:\Program Files (x86)\dotnet\sdk\6.0.408\Extensions\Microsoft.TestPlatform.Extensions.BlameDataCollector.dll
C:\Program Files (x86)\dotnet\sdk\6.0.408\Extensions\Microsoft.TestPlatform.Extensions.EventLogCollector.dll
C:\Program Files (x86)\dotnet\sdk\6.0.408\Extensions\Microsoft.TestPlatform.TestHostRuntimeProvider.dll
C:\Program Files (x86)\dotnet\sdk\6.0.408\Extensions\Microsoft.VisualStudio.TestPlatform.Extensions.Html.TestLogger.dll
C:\Program Files (x86)\dotnet\sdk\6.0.408\Extensions\Microsoft.VisualStudio.TestPlatform.Extensions.Trx.TestLogger.dll
TpTrace Verbose: 0 : 18200, 1, 2024/03/10, 09:07:56.982, 9093783681609, vstest.console.dll, TestPluginCache.GetExtensionPaths: Added unfilterableExtensionPaths: 
TpTrace Verbose: 0 : 18200, 1, 2024/03/10, 09:07:56.982, 9093783682191, vstest.console.dll, TestPluginCache.DiscoverTestExtensions: Discovering the extensions using allExtensionPaths: C:\Program Files (x86)\dotnet\sdk\6.0.408\Extensions\Microsoft.Diagnostics.NETCore.Client.dll
C:\Program Files (x86)\dotnet\sdk\6.0.408\Extensions\Microsoft.TestPlatform.Extensions.BlameDataCollector.dll
C:\Program Files (x86)\dotnet\sdk\6.0.408\Extensions\Microsoft.TestPlatform.Extensions.EventLogCollector.dll
C:\Program Files (x86)\dotnet\sdk\6.0.408\Extensions\Microsoft.TestPlatform.TestHostRuntimeProvider.dll
C:\Program Files (x86)\dotnet\sdk\6.0.408\Extensions\Microsoft.VisualStudio.TestPlatform.Extensions.Html.TestLogger.dll
C:\Program Files (x86)\dotnet\sdk\6.0.408\Extensions\Microsoft.VisualStudio.TestPlatform.Extensions.Trx.TestLogger.dll
TpTrace Information: 0 : 18200, 1, 2024/03/10, 09:07:56.982, 9093783682832, vstest.console.dll, AssemblyResolver.AddSearchDirectories: Adding more searchDirectories C:\Program Files (x86)\dotnet\sdk\6.0.408\Extensions,C:\Program Files (x86)\dotnet\sdk\6.0.408
TpTrace Information: 0 : 18200, 1, 2024/03/10, 09:07:56.982, 9093783683489, vstest.console.dll, AssemblyResolver.AddSearchDirectories: Adding more searchDirectories C:\Program Files (x86)\dotnet\sdk\6.0.408\Extensions,C:\Program Files (x86)\dotnet\sdk\6.0.408
TpTrace Information: 0 : 18200, 1, 2024/03/10, 09:07:56.982, 9093783684071, vstest.console.dll, AssemblyResolver.AddSearchDirectories: Adding more searchDirectories C:\Program Files (x86)\dotnet\sdk\6.0.408\Extensions,C:\Program Files (x86)\dotnet\sdk\6.0.408
TpTrace Information: 0 : 18200, 1, 2024/03/10, 09:07:56.982, 9093783684664, vstest.console.dll, AssemblyResolver.AddSearchDirectories: Adding more searchDirectories C:\Program Files (x86)\dotnet\sdk\6.0.408\Extensions,C:\Program Files (x86)\dotnet\sdk\6.0.408
TpTrace Information: 0 : 18200, 1, 2024/03/10, 09:07:56.982, 9093783685285, vstest.console.dll, AssemblyResolver.AddSearchDirectories: Adding more searchDirectories C:\Program Files (x86)\dotnet\sdk\6.0.408\Extensions,C:\Program Files (x86)\dotnet\sdk\6.0.408
TpTrace Information: 0 : 18200, 1, 2024/03/10, 09:07:56.982, 9093783685867, vstest.console.dll, AssemblyResolver.AddSearchDirectories: Adding more searchDirectories C:\Program Files (x86)\dotnet\sdk\6.0.408\Extensions,C:\Program Files (x86)\dotnet\sdk\6.0.408
TpTrace Verbose: 0 : 18200, 1, 2024/03/10, 09:07:56.982, 9093783687186, vstest.console.dll, MetadataReaderExtensionsHelper: Discovering extensions inside assembly 'Microsoft.Diagnostics.NETCore.Client, Version=0.2.6.42401, Culture=neutral, PublicKeyToken=31bf3856ad364e35' file path 'C:\Program Files (x86)\dotnet\sdk\6.0.408\Extensions\Microsoft.Diagnostics.NETCore.Client.dll'
TpTrace Information: 0 : 18200, 1, 2024/03/10, 09:07:56.983, 9093783691241, vstest.console.dll, AssemblyResolver.OnResolve: Microsoft.Bcl.AsyncInterfaces: Resolving assembly.
TpTrace Information: 0 : 18200, 1, 2024/03/10, 09:07:56.983, 9093783692214, vstest.console.dll, AssemblyResolver.OnResolve: Microsoft.Bcl.AsyncInterfaces: Resolved from cache.
TpTrace Verbose: 0 : 18200, 1, 2024/03/10, 09:07:56.983, 9093783692850, vstest.console.dll, CurrentDomainAssemblyResolve: Resolving assembly 'Microsoft.Bcl.AsyncInterfaces'.
TpTrace Information: 0 : 18200, 1, 2024/03/10, 09:07:56.983, 9093783693536, vstest.console.dll, AssemblyResolver.OnResolve: Microsoft.Bcl.AsyncInterfaces: Resolving assembly.
TpTrace Information: 0 : 18200, 1, 2024/03/10, 09:07:56.983, 9093783694084, vstest.console.dll, AssemblyResolver.OnResolve: Microsoft.Bcl.AsyncInterfaces: Resolved from cache.
TpTrace Verbose: 0 : 18200, 1, 2024/03/10, 09:07:56.983, 9093783694624, vstest.console.dll, CurrentDomainAssemblyResolve: Resolving assembly 'Microsoft.Bcl.AsyncInterfaces'.
TpTrace Verbose: 0 : 18200, 1, 2024/03/10, 09:07:56.983, 9093783695141, vstest.console.dll, CurrentDomainAssemblyResolve: Failed to resolve assembly 'Microsoft.Bcl.AsyncInterfaces'.
TpTrace Verbose: 0 : 18200, 1, 2024/03/10, 09:07:56.983, 9093783696666, vstest.console.dll, CurrentDomainAssemblyResolve: Failed to resolve assembly 'Microsoft.Bcl.AsyncInterfaces'.
TpTrace Warning: 0 : 18200, 1, 2024/03/10, 09:07:56.984, 9093783699871, vstest.console.dll, TestPluginDiscoverer: Failed to get types from assembly 'Microsoft.Diagnostics.NETCore.Client, Version=0.2.6.42401, Culture=neutral, PublicKeyToken=31bf3856ad364e35'. Error: System.Reflection.ReflectionTypeLoadException: Unable to load one or more of the requested types.
Could not load file or assembly 'Microsoft.Bcl.AsyncInterfaces, Version=1.0.0.0, Culture=neutral, PublicKeyToken=cc7b13ffcd2ddd51'. The system cannot find the file specified.
   at System.Reflection.RuntimeModule.GetTypes(RuntimeModule module)
   at System.Reflection.Assembly.GetTypes()
   at Microsoft.VisualStudio.TestPlatform.Common.ExtensionFramework.TestPluginDiscoverer.GetTestExtensionsFromAssembly[TPluginInfo,TExtension](Assembly assembly, Dictionary`2 pluginInfos, String filePath)
System.IO.FileNotFoundException: Could not load file or assembly 'Microsoft.Bcl.AsyncInterfaces, Version=1.0.0.0, Culture=neutral, PublicKeyToken=cc7b13ffcd2ddd51'. The system cannot find the file specified.
File name: 'Microsoft.Bcl.AsyncInterfaces, Version=1.0.0.0, Culture=neutral, PublicKeyToken=cc7b13ffcd2ddd51'
 ---> System.IO.FileNotFoundException: Could not load file or assembly 'Microsoft.Bcl.AsyncInterfaces, Culture=neutral, PublicKeyToken=null'. The system cannot find the file specified.
File name: 'Microsoft.Bcl.AsyncInterfaces, Culture=neutral, PublicKeyToken=null'
   at System.Reflection.RuntimeAssembly.InternalLoad(ObjectHandleOnStack assemblyName, ObjectHandleOnStack requestingAssembly, StackCrawlMarkHandle stackMark, Boolean throwOnFileNotFound, ObjectHandleOnStack assemblyLoadContext, ObjectHandleOnStack retAssembly)
   at System.Reflection.RuntimeAssembly.InternalLoad(AssemblyName assemblyName, RuntimeAssembly requestingAssembly, StackCrawlMark& stackMark, Boolean throwOnFileNotFound, AssemblyLoadContext assemblyLoadContext)
   at System.Reflection.Assembly.Load(AssemblyName assemblyRef)
   at Microsoft.VisualStudio.TestPlatform.Common.ExtensionFramework.TestPluginCache.CurrentDomainAssemblyResolve(Object sender, AssemblyResolveEventArgs args)
   at Microsoft.VisualStudio.TestPlatform.PlatformAbstractions.PlatformAssemblyResolver.AssemblyResolverEvent(Object sender, Object eventArgs)
   at System.Runtime.Loader.AssemblyLoadContext.GetFirstResolvedAssemblyFromResolvingEvent(AssemblyName assemblyName)
   at System.Runtime.Loader.AssemblyLoadContext.ResolveUsingEvent(AssemblyName assemblyName)
   at System.Runtime.Loader.AssemblyLoadContext.ResolveUsingResolvingEvent(IntPtr gchManagedAssemblyLoadContext, AssemblyName assemblyName)
TpTrace Warning: 0 : 18200, 1, 2024/03/10, 09:07:56.984, 9093783701786, vstest.console.dll, LoaderExceptions: System.IO.FileNotFoundException: Could not load file or assembly 'Microsoft.Bcl.AsyncInterfaces, Version=1.0.0.0, Culture=neutral, PublicKeyToken=cc7b13ffcd2ddd51'. The system cannot find the file specified.
File name: 'Microsoft.Bcl.AsyncInterfaces, Version=1.0.0.0, Culture=neutral, PublicKeyToken=cc7b13ffcd2ddd51'
 ---> System.IO.FileNotFoundException: Could not load file or assembly 'Microsoft.Bcl.AsyncInterfaces, Culture=neutral, PublicKeyToken=null'. The system cannot find the file specified.
File name: 'Microsoft.Bcl.AsyncInterfaces, Culture=neutral, PublicKeyToken=null'
   at System.Reflection.RuntimeAssembly.InternalLoad(ObjectHandleOnStack assemblyName, ObjectHandleOnStack requestingAssembly, StackCrawlMarkHandle stackMark, Boolean throwOnFileNotFound, ObjectHandleOnStack assemblyLoadContext, ObjectHandleOnStack retAssembly)
   at System.Reflection.RuntimeAssembly.InternalLoad(AssemblyName assemblyName, RuntimeAssembly requestingAssembly, StackCrawlMark& stackMark, Boolean throwOnFileNotFound, AssemblyLoadContext assemblyLoadContext)
   at System.Reflection.Assembly.Load(AssemblyName assemblyRef)
   at Microsoft.VisualStudio.TestPlatform.Common.ExtensionFramework.TestPluginCache.CurrentDomainAssemblyResolve(Object sender, AssemblyResolveEventArgs args)
   at Microsoft.VisualStudio.TestPlatform.PlatformAbstractions.PlatformAssemblyResolver.AssemblyResolverEvent(Object sender, Object eventArgs)
   at System.Runtime.Loader.AssemblyLoadContext.GetFirstResolvedAssemblyFromResolvingEvent(AssemblyName assemblyName)
   at System.Runtime.Loader.AssemblyLoadContext.ResolveUsingEvent(AssemblyName assemblyName)
   at System.Runtime.Loader.AssemblyLoadContext.ResolveUsingResolvingEvent(IntPtr gchManagedAssemblyLoadContext, AssemblyName assemblyName)
TpTrace Verbose: 0 : 18200, 1, 2024/03/10, 09:07:56.984, 9093783703066, vstest.console.dll, MetadataReaderExtensionsHelper: Discovering extensions inside assembly 'Microsoft.TestPlatform.Extensions.BlameDataCollector, Version=15.0.0.0, Culture=neutral, PublicKeyToken=b03f5f7f11d50a3a' file path 'C:\Program Files (x86)\dotnet\sdk\6.0.408\Extensions\Microsoft.TestPlatform.Extensions.BlameDataCollector.dll'
TpTrace Information: 0 : 18200, 1, 2024/03/10, 09:07:56.984, 9093783706594, vstest.console.dll, GetTestExtensionFromType: Register extension with identifier data 'logger://Microsoft/TestPlatform/Extensions/Blame/v1' and type 'Microsoft.TestPlatform.Extensions.BlameDataCollector.BlameLogger, Microsoft.TestPlatform.Extensions.BlameDataCollector, Version=15.0.0.0, Culture=neutral, PublicKeyToken=b03f5f7f11d50a3a' inside file 'C:\Program Files (x86)\dotnet\sdk\6.0.408\Extensions\Microsoft.TestPlatform.Extensions.BlameDataCollector.dll'
TpTrace Verbose: 0 : 18200, 1, 2024/03/10, 09:07:56.984, 9093783707489, vstest.console.dll, MetadataReaderExtensionsHelper: Discovering extensions inside assembly 'Microsoft.TestPlatform.Extensions.EventLogCollector, Version=15.0.0.0, Culture=neutral, PublicKeyToken=b03f5f7f11d50a3a' file path 'C:\Program Files (x86)\dotnet\sdk\6.0.408\Extensions\Microsoft.TestPlatform.Extensions.EventLogCollector.dll'
TpTrace Verbose: 0 : 18200, 1, 2024/03/10, 09:07:56.985, 9093783710121, vstest.console.dll, MetadataReaderExtensionsHelper: Discovering extensions inside assembly 'Microsoft.TestPlatform.TestHostRuntimeProvider, Version=15.0.0.0, Culture=neutral, PublicKeyToken=b03f5f7f11d50a3a' file path 'C:\Program Files (x86)\dotnet\sdk\6.0.408\Extensions\Microsoft.TestPlatform.TestHostRuntimeProvider.dll'
TpTrace Verbose: 0 : 18200, 1, 2024/03/10, 09:07:56.985, 9093783712798, vstest.console.dll, MetadataReaderExtensionsHelper: Discovering extensions inside assembly 'Microsoft.VisualStudio.TestPlatform.Extensions.Html.TestLogger, Version=15.0.0.0, Culture=neutral, PublicKeyToken=b03f5f7f11d50a3a' file path 'C:\Program Files (x86)\dotnet\sdk\6.0.408\Extensions\Microsoft.VisualStudio.TestPlatform.Extensions.Html.TestLogger.dll'
TpTrace Information: 0 : 18200, 1, 2024/03/10, 09:07:56.985, 9093783715781, vstest.console.dll, GetTestExtensionFromType: Register extension with identifier data 'logger://Microsoft/TestPlatform/HtmlLogger/v1' and type 'Microsoft.VisualStudio.TestPlatform.Extensions.HtmlLogger.HtmlLogger, Microsoft.VisualStudio.TestPlatform.Extensions.Html.TestLogger, Version=15.0.0.0, Culture=neutral, PublicKeyToken=b03f5f7f11d50a3a' inside file 'C:\Program Files (x86)\dotnet\sdk\6.0.408\Extensions\Microsoft.VisualStudio.TestPlatform.Extensions.Html.TestLogger.dll'
TpTrace Verbose: 0 : 18200, 1, 2024/03/10, 09:07:56.985, 9093783716991, vstest.console.dll, MetadataReaderExtensionsHelper: Discovering extensions inside assembly 'Microsoft.VisualStudio.TestPlatform.Extensions.Trx.TestLogger, Version=15.0.0.0, Culture=neutral, PublicKeyToken=b03f5f7f11d50a3a' file path 'C:\Program Files (x86)\dotnet\sdk\6.0.408\Extensions\Microsoft.VisualStudio.TestPlatform.Extensions.Trx.TestLogger.dll'
TpTrace Information: 0 : 18200, 1, 2024/03/10, 09:07:56.986, 9093783720208, vstest.console.dll, GetTestExtensionFromType: Register extension with identifier data 'logger://Microsoft/TestPlatform/TrxLogger/v1' and type 'Microsoft.VisualStudio.TestPlatform.Extensions.TrxLogger.TrxLogger, Microsoft.VisualStudio.TestPlatform.Extensions.Trx.TestLogger, Version=15.0.0.0, Culture=neutral, PublicKeyToken=b03f5f7f11d50a3a' inside file 'C:\Program Files (x86)\dotnet\sdk\6.0.408\Extensions\Microsoft.VisualStudio.TestPlatform.Extensions.Trx.TestLogger.dll'
TpTrace Verbose: 0 : 18200, 1, 2024/03/10, 09:07:56.986, 9093783721069, vstest.console.dll, TestPluginCache: Discovered the extensions using extension path ''.
TpTrace Verbose: 0 : 18200, 1, 2024/03/10, 09:07:56.986, 9093783721625, vstest.console.dll, TestPluginCache: Discoverers are ''.
TpTrace Verbose: 0 : 18200, 1, 2024/03/10, 09:07:56.986, 9093783722143, vstest.console.dll, TestPluginCache: Executors are ''.
TpTrace Verbose: 0 : 18200, 1, 2024/03/10, 09:07:56.986, 9093783722631, vstest.console.dll, TestPluginCache: Executors2 are ''.
TpTrace Verbose: 0 : 18200, 1, 2024/03/10, 09:07:56.986, 9093783723118, vstest.console.dll, TestPluginCache: Setting providers are ''.
TpTrace Verbose: 0 : 18200, 1, 2024/03/10, 09:07:56.986, 9093783723913, vstest.console.dll, TestPluginCache: Loggers are 'logger://Microsoft/TestPlatform/Extensions/Blame/v1,logger://Microsoft/TestPlatform/HtmlLogger/v1,logger://Microsoft/TestPlatform/TrxLogger/v1'.
TpTrace Verbose: 0 : 18200, 1, 2024/03/10, 09:07:56.986, 9093783724546, vstest.console.dll, TestPluginCache: TestHosts are 'HostProvider://DefaultTestHost,HostProvider://DotnetTestHost'.
TpTrace Verbose: 0 : 18200, 1, 2024/03/10, 09:07:56.986, 9093783725060, vstest.console.dll, TestPluginCache: DataCollectors are ''.
TpTrace Information: 0 : 18200, 1, 2024/03/10, 09:07:56.987, 9093783730845, vstest.console.dll, TestPluginManager.CreateTestExtension: Attempting to load test extension: Microsoft.TestPlatform.Extensions.BlameDataCollector.BlameLogger
TpTrace Verbose: 0 : 18200, 1, 2024/03/10, 09:07:56.991, 9093783769881, vstest.console.dll, TestEngine: Initializing Parallel Execution as MaxCpuCount is set to: 1
TpTrace Information: 0 : 18200, 1, 2024/03/10, 09:07:56.992, 9093783781861, vstest.console.dll, TestPluginManager.CreateTestExtension: Attempting to load test extension: Microsoft.VisualStudio.TestPlatform.CrossPlatEngine.Hosting.DefaultTestHostManager
TpTrace Information: 0 : 18200, 1, 2024/03/10, 09:07:56.993, 9093783789463, vstest.console.dll, TestPluginManager.CreateTestExtension: Attempting to load test extension: Microsoft.VisualStudio.TestPlatform.CrossPlatEngine.Hosting.DotnetTestHostManager
TpTrace Information: 0 : 18200, 1, 2024/03/10, 09:07:56.993, 9093783793849, vstest.console.dll, InferRunSettingsHelper.IsTestSettingsEnabled: Unable to navigate to RunSettings/MSTest. Current node: RunSettings
TpTrace Verbose: 0 : 18200, 1, 2024/03/10, 09:07:56.997, 9093783837805, vstest.console.dll, TestEngine.GetExecutionManager: Chosen execution manager 'Microsoft.VisualStudio.TestPlatform.CrossPlatEngine.Client.Parallel.ParallelProxyExecutionManager, Microsoft.TestPlatform.CrossPlatEngine, Version=15.0.0.0, Culture=neutral, PublicKeyToken=b03f5f7f11d50a3a' ParallelLevel '1'.
TpTrace Verbose: 0 : 18200, 1, 2024/03/10, 09:07:56.998, 9093783839546, vstest.console.dll, TestRunRequest.ExecuteAsync: Creating test run request.
TpTrace Verbose: 0 : 18200, 1, 2024/03/10, 09:07:56.998, 9093783841734, vstest.console.dll, TestRunRequest.ExecuteAsync: Starting.
TpTrace Information: 0 : 18200, 1, 2024/03/10, 09:07:56.998, 9093783844806, vstest.console.dll, TestRunRequest.ExecuteAsync: Starting run with settings:TestRunCriteria:
   KeepAlive=False,FrequencyOfRunStatsChangeEvent=10,RunStatsChangeEventTimeout=00:00:01.5000000,TestCaseFilter=,TestExecutorLauncher=
   Settingsxml=<RunSettings>
  <RunConfiguration>
    <ResultsDirectory>D:\SoftUni\7 Back-End Test Automation-March-2024\repo\QA-Back-End-Test-Automation-March-2024\01.RestSharp-API-GitHub\RestSharp\06.Data-Driven-NUnit-Tests-Zippopotam.us-API\bin\Debug\net6.0\fine-code-coverage\coverage-tool-output</ResultsDirectory>
    <TargetPlatform>X86</TargetPlatform>
    <TargetFrameworkVersion>.NETCoreApp,Version=v6.0</TargetFrameworkVersion>
    <DesignMode>False</DesignMode>
    <CollectSourceInformation>False</CollectSourceInformation>
  </RunConfiguration>
  <LoggerRunSettings>
    <Loggers>
      <Logger friendlyName="blame" enabled="True" />
      <Logger friendlyName="Console" uri="logger://microsoft/TestPlatform/ConsoleLogger/v1" assemblyQualifiedName="Microsoft.VisualStudio.TestPlatform.CommandLine.Internal.ConsoleLogger, vstest.console, Version=15.0.0.0, Culture=neutral, PublicKeyToken=b03f5f7f11d50a3a" codeBase="C:\Program Files (x86)\dotnet\sdk\6.0.408\vstest.console.dll" enabled="True" />
    </Loggers>
  </LoggerRunSettings>
  <DataCollectionRunSettings>
    <DataCollectors>
      <DataCollector friendlyName="blame" enabled="True">
        <Configuration>
          <ResultsDirectory>D:\SoftUni\7 Back-End Test Automation-March-2024\repo\QA-Back-End-Test-Automation-March-2024\01.RestSharp-API-GitHub\RestSharp\06.Data-Driven-NUnit-Tests-Zippopotam.us-API\bin\Debug\net6.0\fine-code-coverage\coverage-tool-output</ResultsDirectory>
        </Configuration>
      </DataCollector>
    </DataCollectors>
  </DataCollectionRunSettings>
</RunSettings>

TpTrace Verbose: 0 : 18200, 1, 2024/03/10, 09:07:56.998, 9093783845622, vstest.console.dll, TestRunRequest.ExecuteAsync: Wait for the first run request is over.
TpTrace Verbose: 0 : 18200, 1, 2024/03/10, 09:07:56.999, 9093783848183, vstest.console.dll, MulticastDelegateUtilities.SafeInvoke: TestRun.TestRunStart: Invoking callbacks was skipped because there are no subscribers.
TpTrace Verbose: 0 : 18200, 4, 2024/03/10, 09:07:56.999, 9093783850268, vstest.console.dll, MulticastDelegateUtilities.SafeInvoke: InternalTestLoggerEvents.SendTestRunStart: Invoking callback 1/1 for Microsoft.VisualStudio.TestPlatform.CommandLine.Internal.ConsoleLogger.TestRunStartHandler, took 0 ms.
TpTrace Verbose: 0 : 18200, 1, 2024/03/10, 09:07:56.999, 9093783857518, vstest.console.dll, ParallelProxyExecutionManager: Start execution. Total sources: 1
TpTrace Verbose: 0 : 18200, 1, 2024/03/10, 09:07:57.001, 9093783870748, vstest.console.dll, TestRequestSender is acting as server.
TpTrace Verbose: 0 : 18200, 1, 2024/03/10, 09:07:57.002, 9093783882135, vstest.console.dll, DataCollectionRequestSender.InitializeCommunication : Initialize communication. 
TpTrace Information: 0 : 18200, 1, 2024/03/10, 09:07:57.010, 9093783959241, vstest.console.dll, Listening on Endpoint : 127.0.0.1:58802
TpTrace Verbose: 0 : 18200, 1, 2024/03/10, 09:07:57.017, 9093784032502, vstest.console.dll, DotnetDataCollectionLauncher: Adding  --runtimeconfig "C:\Program Files (x86)\dotnet\sdk\6.0.408\datacollector.runtimeconfig.json" in args
TpTrace Verbose: 0 : 18200, 1, 2024/03/10, 09:07:57.017, 9093784033885, vstest.console.dll, DotnetDataCollectionLauncher: Adding  --depsfile "C:\Program Files (x86)\dotnet\sdk\6.0.408\datacollector.deps.json" in args
TpTrace Verbose: 0 : 18200, 1, 2024/03/10, 09:07:57.017, 9093784036268, vstest.console.dll, DotnetDataCollectionLauncher: Full path of dotnet.exe is C:\Program Files (x86)\dotnet\dotnet.exe
TpTrace Information: 0 : 18200, 1, 2024/03/10, 09:07:57.030, 9093784159493, vstest.console.dll, ProxyDataCollectionManager.Initialize: Launched datacollector processId: 27744 port: 58802
TpTrace Information: 0 : 18200, 1, 2024/03/10, 09:07:57.030, 9093784161022, vstest.console.dll, ProxyDataCollectionManager.Initialize: waiting for connection with timeout: 90 seconds
TpTrace Verbose: 0 : 18200, 1, 2024/03/10, 09:07:57.030, 9093784161782, vstest.console.dll, DataCollectionRequestSender.WaitForRequestHandlerConnection : Waiting for connection with timeout: 90000
TpTrace Information: 0 : 18200, 5, 2024/03/10, 09:07:57.181, 9093785672071, vstest.console.dll, Using the buffer size of 16384 bytes
TpTrace Verbose: 0 : 18200, 1, 2024/03/10, 09:07:57.181, 9093785672596, vstest.console.dll, SocketCommunicationManager.WaitForClientConnection took: 151 ms, with 90000 ms timeout, and finished with True.
TpTrace Information: 0 : 18200, 5, 2024/03/10, 09:07:57.181, 9093785673037, vstest.console.dll, Accepted Client request and set the flag
TpTrace Verbose: 0 : 18200, 1, 2024/03/10, 09:07:57.181, 9093785674159, vstest.console.dll, ProxyDataCollectionManager.InvokeDataCollectionServiceAction: Starting.
TpTrace Information: 0 : 18200, 1, 2024/03/10, 09:07:57.181, 9093785676136, vstest.console.dll, ProxyDataCollectionManager.BeforeTestRunStart: Get environment variable and port for datacollector processId: 27744 port: 58802
TpTrace Verbose: 0 : 18200, 1, 2024/03/10, 09:07:57.181, 9093785677150, vstest.console.dll, DataCollectionRequestSender.SendBeforeTestRunStartAndGetResult: Send BeforeTestRunStart message with settingsXml <RunSettings><RunConfiguration><ResultsDirectory>D:\SoftUni\7 Back-End Test Automation-March-2024\repo\QA-Back-End-Test-Automation-March-2024\01.RestSharp-API-GitHub\RestSharp\06.Data-Driven-NUnit-Tests-Zippopotam.us-API\bin\Debug\net6.0\fine-code-coverage\coverage-tool-output</ResultsDirectory><TargetPlatform>X86</TargetPlatform><TargetFrameworkVersion>.NETCoreApp,Version=v6.0</TargetFrameworkVersion><DesignMode>False</DesignMode><CollectSourceInformation>False</CollectSourceInformation><TestAdaptersPaths>C:\Program Files (x86)\dotnet\sdk\6.0.408\Extensions</TestAdaptersPaths></RunConfiguration><LoggerRunSettings><Loggers><Logger friendlyName="blame" enabled="True" /><Logger friendlyName="Console" uri="logger://microsoft/TestPlatform/ConsoleLogger/v1" assemblyQualifiedName="Microsoft.VisualStudio.TestPlatform.CommandLine.Internal.ConsoleLogger, vstest.console, Version=15.0.0.0, Culture=neutral, PublicKeyToken=b03f5f7f11d50a3a" codeBase="C:\Program Files (x86)\dotnet\sdk\6.0.408\vstest.console.dll" enabled="True" /></Loggers></LoggerRunSettings><DataCollectionRunSettings><DataCollectors><DataCollector friendlyName="blame" enabled="True"><Configuration><ResultsDirectory>D:\SoftUni\7 Back-End Test Automation-March-2024\repo\QA-Back-End-Test-Automation-March-2024\01.RestSharp-API-GitHub\RestSharp\06.Data-Driven-NUnit-Tests-Zippopotam.us-API\bin\Debug\net6.0\fine-code-coverage\coverage-tool-output</ResultsDirectory></Configuration></DataCollector></DataCollectors></DataCollectionRunSettings></RunSettings> and sources System.Collections.Generic.List`1[System.String]: 
TpTrace Verbose: 0 : 18200, 1, 2024/03/10, 09:07:57.236, 9093786227112, vstest.console.dll, DataCollectionRequestSender.SendBeforeTestRunStartAndGetResult: Received message: (DataCollection.SendMessage) -> {"MessageType":"DataCollection.SendMessage","Payload":{"FriendlyName":null,"Uri":null,"TestCaseId":"00000000-0000-0000-0000-000000000000","Message":"Logging DataCollector Diagnostics in file: D:\\SoftUni\\7 Back-End Test Automation-March-2024\\repo\\QA-Back-End-Test-Automation-March-2024\\01.RestSharp-API-GitHub\\RestSharp\\06.Data-Driven-NUnit-Tests-Zippopotam.us-API\\bin\\Debug\\net6.0\\fine-code-coverage\\coverage-tool-output\\diagnostics.datacollector.24-03-10_09-07-57_01726_1.log","Level":0}}
TpTrace Verbose: 0 : 18200, 1, 2024/03/10, 09:07:57.307, 9093786931359, vstest.console.dll, DataCollectionRequestSender.SendBeforeTestRunStartAndGetResult: Received message: (DataCollection.BeforeTestRunStartResult) -> {"MessageType":"DataCollection.BeforeTestRunStartResult","Payload":{"EnvironmentVariables":{},"DataCollectionEventsPort":58805}}
TpTrace Information: 0 : 18200, 1, 2024/03/10, 09:07:57.311, 9093786974801, vstest.console.dll, ProxyDataCollectionManager.BeforeTestRunStart: SendBeforeTestRunStartAndGetResult successful, env variable from datacollector:   and testhost port: 58805
TpTrace Information: 0 : 18200, 1, 2024/03/10, 09:07:57.311, 9093786975723, vstest.console.dll, ProxyDataCollectionManager.InvokeDataCollectionServiceAction: Completed.
TpTrace Verbose: 0 : 18200, 7, 2024/03/10, 09:07:57.311, 9093786976946, vstest.console.dll, ParallelProxyExecutionManager: Execution started. Started clients: 1
TpTrace Verbose: 0 : 18200, 1, 2024/03/10, 09:07:57.311, 9093786977213, vstest.console.dll, ProxyParallelExecutionManager: No sources available for execution.
TpTrace Information: 0 : 18200, 1, 2024/03/10, 09:07:57.312, 9093786979044, vstest.console.dll, TestRunRequest.ExecuteAsync: Started.
TpTrace Verbose: 0 : 18200, 7, 2024/03/10, 09:07:57.312, 9093786979683, vstest.console.dll, TestRunRequest:SendTestRunMessage: Starting.
TpTrace Verbose: 0 : 18200, 1, 2024/03/10, 09:07:57.312, 9093786979981, vstest.console.dll, TestRunRequest.WaitForCompletion: Waiting with timeout -1.
TpTrace Verbose: 0 : 18200, 7, 2024/03/10, 09:07:57.312, 9093786981193, vstest.console.dll, MulticastDelegateUtilities.SafeInvoke: TestRun.LogMessages: Invoking callback 1/1 for Microsoft.VisualStudio.TestPlatform.CommandLine.TestRunResultAggregator.TestRunMessageHandler, took 0 ms.
TpTrace Information: 0 : 18200, 7, 2024/03/10, 09:07:57.312, 9093786982328, vstest.console.dll, TestRunRequest:SendTestRunMessage: Completed.
TpTrace Verbose: 0 : 18200, 4, 2024/03/10, 09:07:57.312, 9093786981678, vstest.console.dll, MulticastDelegateUtilities.SafeInvoke: InternalTestLoggerEvents.SendTestRunMessage: Invoking callback 1/1 for Microsoft.VisualStudio.TestPlatform.CommandLine.Internal.ConsoleLogger.TestMessageHandler, took 0 ms.
TpTrace Verbose: 0 : 18200, 7, 2024/03/10, 09:07:57.312, 9093786984268, vstest.console.dll, ProxyExecutionManager: Test host is always Lazy initialize.
TpTrace Verbose: 0 : 18200, 7, 2024/03/10, 09:07:57.312, 9093786986608, vstest.console.dll, TestRequestSender.InitializeCommunication: initialize communication. 
TpTrace Information: 0 : 18200, 7, 2024/03/10, 09:07:57.313, 9093786992192, vstest.console.dll, SocketServer.Start: Listening on endpoint : 127.0.0.1:58806
TpTrace Verbose: 0 : 18200, 7, 2024/03/10, 09:07:57.313, 9093786997168, vstest.console.dll, DotnetTestHostmanager.GetTestHostProcessStartInfo: Platform environment 'X64' target architecture 'X86' framework '.NETCoreApp,Version=v6.0' OS 'Windows'
TpTrace Verbose: 0 : 18200, 7, 2024/03/10, 09:07:57.314, 9093786998760, vstest.console.dll, DotnetTestHostmanager: Adding  --runtimeconfig "D:\SoftUni\7 Back-End Test Automation-March-2024\repo\QA-Back-End-Test-Automation-March-2024\01.RestSharp-API-GitHub\RestSharp\06.Data-Driven-NUnit-Tests-Zippopotam.us-API\bin\Debug\net6.0\fine-code-coverage\build-output\06.Data-Driven-NUnit-Tests-Zippopotam.us-API.runtimeconfig.json" in args
TpTrace Verbose: 0 : 18200, 7, 2024/03/10, 09:07:57.314, 9093786999685, vstest.console.dll, DotnetTestHostmanager: Adding  --depsfile "D:\SoftUni\7 Back-End Test Automation-March-2024\repo\QA-Back-End-Test-Automation-March-2024\01.RestSharp-API-GitHub\RestSharp\06.Data-Driven-NUnit-Tests-Zippopotam.us-API\bin\Debug\net6.0\fine-code-coverage\build-output\06.Data-Driven-NUnit-Tests-Zippopotam.us-API.deps.json" in args
TpTrace Verbose: 0 : 18200, 7, 2024/03/10, 09:07:57.314, 9093787001507, vstest.console.dll, DotnetTestHostmanager.IsWinOnArm: Current PROCESSOR_ARCHITECTURE from environment variable 'AMD64'
TpTrace Verbose: 0 : 18200, 7, 2024/03/10, 09:07:57.314, 9093787002281, vstest.console.dll, DotnetTestHostmanager.IsWinOnArm: Is Windows on ARM 'False'
TpTrace Information: 0 : 18200, 7, 2024/03/10, 09:07:57.314, 9093787003588, vstest.console.dll, AssemblyResolver.OnResolve: Microsoft.Extensions.DependencyModel: Resolving assembly.
TpTrace Information: 0 : 18200, 7, 2024/03/10, 09:07:57.314, 9093787004298, vstest.console.dll, AssemblyResolver.OnResolve: Microsoft.Extensions.DependencyModel: Searching in: 'C:\Program Files (x86)\dotnet\sdk\6.0.408\Extensions'.
TpTrace Information: 0 : 18200, 7, 2024/03/10, 09:07:57.314, 9093787005476, vstest.console.dll, AssemblyResolver.OnResolve: Microsoft.Extensions.DependencyModel: Assembly path does not exist: 'C:\Program Files (x86)\dotnet\sdk\6.0.408\Extensions\Microsoft.Extensions.DependencyModel.dll', returning.
TpTrace Information: 0 : 18200, 7, 2024/03/10, 09:07:57.314, 9093787006532, vstest.console.dll, AssemblyResolver.OnResolve: Microsoft.Extensions.DependencyModel: Assembly path does not exist: 'C:\Program Files (x86)\dotnet\sdk\6.0.408\Extensions\Microsoft.Extensions.DependencyModel.exe', returning.
TpTrace Information: 0 : 18200, 7, 2024/03/10, 09:07:57.314, 9093787007089, vstest.console.dll, AssemblyResolver.OnResolve: Microsoft.Extensions.DependencyModel: Searching in: 'C:\Program Files (x86)\dotnet\sdk\6.0.408'.
TpTrace Information: 0 : 18200, 7, 2024/03/10, 09:07:57.315, 9093787009778, vstest.console.dll, AssemblyResolver.OnResolve: Microsoft.Extensions.DependencyModel: Loading assembly 'C:\Program Files (x86)\dotnet\sdk\6.0.408\Microsoft.Extensions.DependencyModel.dll'.
TpTrace Information: 0 : 18200, 7, 2024/03/10, 09:07:57.315, 9093787016970, vstest.console.dll, AssemblyResolver.OnResolve: Resolved assembly: Microsoft.Extensions.DependencyModel, from path: C:\Program Files (x86)\dotnet\sdk\6.0.408\Microsoft.Extensions.DependencyModel.dll
TpTrace Verbose: 0 : 18200, 7, 2024/03/10, 09:07:57.316, 9093787019417, vstest.console.dll, DotnetTestHostmanager: Runtimeconfig.dev.json D:\SoftUni\7 Back-End Test Automation-March-2024\repo\QA-Back-End-Test-Automation-March-2024\01.RestSharp-API-GitHub\RestSharp\06.Data-Driven-NUnit-Tests-Zippopotam.us-API\bin\Debug\net6.0\fine-code-coverage\build-output\06.Data-Driven-NUnit-Tests-Zippopotam.us-API.runtimeconfig.dev.json does not exist.
TpTrace Verbose: 0 : 18200, 7, 2024/03/10, 09:07:57.316, 9093787020219, vstest.console.dll, DotnetTestHostManager: Found testhost.dll in source directory: D:\SoftUni\7 Back-End Test Automation-March-2024\repo\QA-Back-End-Test-Automation-March-2024\01.RestSharp-API-GitHub\RestSharp\06.Data-Driven-NUnit-Tests-Zippopotam.us-API\bin\Debug\net6.0\fine-code-coverage\build-output\testhost.dll.
TpTrace Verbose: 0 : 18200, 7, 2024/03/10, 09:07:57.316, 9093787021031, vstest.console.dll, DotnetTestHostmanager: Current process architetcure 'X86'
TpTrace Verbose: 0 : 18200, 7, 2024/03/10, 09:07:57.316, 9093787023668, vstest.console.dll, DotnetTestHostmanager.LaunchTestHostAsync: Compatible muxer architecture of running process 'X86' and target architecture 'X86'
TpTrace Verbose: 0 : 18200, 7, 2024/03/10, 09:07:57.316, 9093787024279, vstest.console.dll, DotnetTestHostmanager: Full path of testhost.dll is D:\SoftUni\7 Back-End Test Automation-March-2024\repo\QA-Back-End-Test-Automation-March-2024\01.RestSharp-API-GitHub\RestSharp\06.Data-Driven-NUnit-Tests-Zippopotam.us-API\bin\Debug\net6.0\fine-code-coverage\build-output\testhost.dll
TpTrace Verbose: 0 : 18200, 7, 2024/03/10, 09:07:57.316, 9093787024879, vstest.console.dll, DotnetTestHostmanager: Full path of host exe is C:\Program Files (x86)\dotnet\dotnet.exe
TpTrace Verbose: 0 : 18200, 7, 2024/03/10, 09:07:57.316, 9093787026532, vstest.console.dll, DotnetTestHostManager: Starting process 'C:\Program Files (x86)\dotnet\dotnet.exe' with command line 'exec --runtimeconfig "D:\SoftUni\7 Back-End Test Automation-March-2024\repo\QA-Back-End-Test-Automation-March-2024\01.RestSharp-API-GitHub\RestSharp\06.Data-Driven-NUnit-Tests-Zippopotam.us-API\bin\Debug\net6.0\fine-code-coverage\build-output\06.Data-Driven-NUnit-Tests-Zippopotam.us-API.runtimeconfig.json" --depsfile "D:\SoftUni\7 Back-End Test Automation-March-2024\repo\QA-Back-End-Test-Automation-March-2024\01.RestSharp-API-GitHub\RestSharp\06.Data-Driven-NUnit-Tests-Zippopotam.us-API\bin\Debug\net6.0\fine-code-coverage\build-output\06.Data-Driven-NUnit-Tests-Zippopotam.us-API.deps.json" "D:\SoftUni\7 Back-End Test Automation-March-2024\repo\QA-Back-End-Test-Automation-March-2024\01.RestSharp-API-GitHub\RestSharp\06.Data-Driven-NUnit-Tests-Zippopotam.us-API\bin\Debug\net6.0\fine-code-coverage\build-output\testhost.dll" --port 58806 --endpoint 127.0.0.1:058806 --role client --parentprocessid 18200 --diag "D:\SoftUni\7 Back-End Test Automation-March-2024\repo\QA-Back-End-Test-Automation-March-2024\01.RestSharp-API-GitHub\RestSharp\06.Data-Driven-NUnit-Tests-Zippopotam.us-API\bin\Debug\net6.0\fine-code-coverage\coverage-tool-output\diagnostics.host.24-03-10_09-07-57_31372_7.log" --tracelevel 4 --datacollectionport 58805 --telemetryoptedin false'
TpTrace Verbose: 0 : 18200, 7, 2024/03/10, 09:07:57.323, 9093787092049, vstest.console.dll, MulticastDelegateUtilities.SafeInvoke: HostProviderEvents.OnHostLaunched: Invoking callback 1/2 for Microsoft.VisualStudio.TestPlatform.CrossPlatEngine.Client.ProxyExecutionManagerWithDataCollection.TestHostLaunchedHandler, took 0 ms.
TpTrace Verbose: 0 : 18200, 7, 2024/03/10, 09:07:57.323, 9093787093157, vstest.console.dll, Test Runtime launched
TpTrace Verbose: 0 : 18200, 7, 2024/03/10, 09:07:57.323, 9093787093811, vstest.console.dll, MulticastDelegateUtilities.SafeInvoke: HostProviderEvents.OnHostLaunched: Invoking callback 2/2 for Microsoft.VisualStudio.TestPlatform.CrossPlatEngine.Client.ProxyOperationManager.TestHostManagerHostLaunched, took 0 ms.
TpTrace Verbose: 0 : 18200, 7, 2024/03/10, 09:07:57.323, 9093787095109, vstest.console.dll, TestRequestSender.WaitForRequestHandlerConnection: waiting for connection with timeout: 90000.
TpTrace Verbose: 0 : 18200, 7, 2024/03/10, 09:07:57.500, 9093788864165, vstest.console.dll, TestRequestSender.WaitForRequestHandlerConnection: waiting took 176 ms, with timeout 90000 ms, and result 0, which is success.
TpTrace Verbose: 0 : 18200, 14, 2024/03/10, 09:07:57.500, 9093788864111, vstest.console.dll, MulticastDelegateUtilities.SafeInvoke: SocketServer: ClientConnected: Invoking callback 1/1 for Microsoft.VisualStudio.TestPlatform.CommunicationUtilities.TestRequestSender.<InitializeCommunication>b__24_0, took 0 ms.
TpTrace Verbose: 0 : 18200, 14, 2024/03/10, 09:07:57.500, 9093788866623, vstest.console.dll, SocketServer.OnClientConnected: Client connected for endPoint: 127.0.0.1:58806, starting MessageLoopAsync:
TpTrace Verbose: 0 : 18200, 10, 2024/03/10, 09:07:57.501, 9093788869263, vstest.console.dll, TcpClientExtensions.MessageLoopAsync: Polling on remoteEndPoint: 127.0.0.1:58807 localEndPoint: 127.0.0.1:58806
TpTrace Verbose: 0 : 18200, 7, 2024/03/10, 09:07:57.501, 9093788872163, vstest.console.dll, TestRequestSender.CheckVersionWithTestHost: Sending check version message: {"MessageType":"ProtocolVersion","Payload":7}
TpTrace Verbose: 0 : 18200, 10, 2024/03/10, 09:07:57.631, 9093790170890, vstest.console.dll, TcpClientExtensions.MessageLoopAsync: NotifyDataAvailable remoteEndPoint: 127.0.0.1:58807 localEndPoint: 127.0.0.1:58806
TpTrace Verbose: 0 : 18200, 10, 2024/03/10, 09:07:57.631, 9093790173033, vstest.console.dll, TestRequestSender.CheckVersionWithTestHost: onMessageReceived received message: (ProtocolVersion) -> {"MessageType":"ProtocolVersion","Payload":7}
TpTrace Verbose: 0 : 18200, 10, 2024/03/10, 09:07:57.632, 9093790178732, vstest.console.dll, MulticastDelegateUtilities.SafeInvoke: LengthPrefixCommunicationChannel: MessageReceived: Invoking callback 1/1 for Microsoft.VisualStudio.TestPlatform.CommunicationUtilities.TestRequestSender+<>c__DisplayClass26_0.<CheckVersionWithTestHost>b__0, took 0 ms.
TpTrace Verbose: 0 : 18200, 7, 2024/03/10, 09:07:57.632, 9093790179551, vstest.console.dll, TestPluginCache.GetExtensionPaths: Filtered extension paths: 
TpTrace Verbose: 0 : 18200, 10, 2024/03/10, 09:07:57.632, 9093790179722, vstest.console.dll, TcpClientExtensions.MessageLoopAsync: Polling on remoteEndPoint: 127.0.0.1:58807 localEndPoint: 127.0.0.1:58806
TpTrace Verbose: 0 : 18200, 7, 2024/03/10, 09:07:57.632, 9093790180782, vstest.console.dll, TestPluginCache.GetExtensionPaths: Added default extension paths: C:\Program Files (x86)\dotnet\sdk\6.0.408\Extensions\Microsoft.Diagnostics.NETCore.Client.dll
C:\Program Files (x86)\dotnet\sdk\6.0.408\Extensions\Microsoft.TestPlatform.Extensions.BlameDataCollector.dll
C:\Program Files (x86)\dotnet\sdk\6.0.408\Extensions\Microsoft.TestPlatform.Extensions.EventLogCollector.dll
C:\Program Files (x86)\dotnet\sdk\6.0.408\Extensions\Microsoft.TestPlatform.TestHostRuntimeProvider.dll
C:\Program Files (x86)\dotnet\sdk\6.0.408\Extensions\Microsoft.VisualStudio.TestPlatform.Extensions.Html.TestLogger.dll
C:\Program Files (x86)\dotnet\sdk\6.0.408\Extensions\Microsoft.VisualStudio.TestPlatform.Extensions.Trx.TestLogger.dll
TpTrace Verbose: 0 : 18200, 7, 2024/03/10, 09:07:57.632, 9093790182690, vstest.console.dll, TestPluginCache.GetExtensionPaths: Added unfilterableExtensionPaths: 
TpTrace Verbose: 0 : 18200, 7, 2024/03/10, 09:07:57.635, 9093790208966, vstest.console.dll, TestRequestSender.InitializeExecution: Sending initialize execution with message: {"Version":7,"MessageType":"TestExecution.Initialize","Payload":["D:\\SoftUni\\7 Back-End Test Automation-March-2024\\repo\\QA-Back-End-Test-Automation-March-2024\\01.RestSharp-API-GitHub\\RestSharp\\06.Data-Driven-NUnit-Tests-Zippopotam.us-API\\bin\\Debug\\net6.0\\fine-code-coverage\\build-output\\NUnit3.TestAdapter.dll"]}
TpTrace Warning: 0 : 18200, 7, 2024/03/10, 09:07:57.635, 9093790212727, vstest.console.dll, InferRunSettingsHelper.MakeRunsettingsCompatible: Removing the following settings: TargetPlatform from RunSettings file. To use those settings please move to latest version of Microsoft.NET.Test.Sdk
TpTrace Verbose: 0 : 18200, 10, 2024/03/10, 09:07:57.636, 9093790218283, vstest.console.dll, TcpClientExtensions.MessageLoopAsync: NotifyDataAvailable remoteEndPoint: 127.0.0.1:58807 localEndPoint: 127.0.0.1:58806
TpTrace Verbose: 0 : 18200, 10, 2024/03/10, 09:07:57.636, 9093790219684, vstest.console.dll, TestRequestSender.OnExecutionMessageReceived: Received message: {"Version":7,"MessageType":"TestSession.Message","Payload":{"MessageLevel":0,"Message":"Logging TestHost Diagnostics in file: D:\\SoftUni\\7 Back-End Test Automation-March-2024\\repo\\QA-Back-End-Test-Automation-March-2024\\01.RestSharp-API-GitHub\\RestSharp\\06.Data-Driven-NUnit-Tests-Zippopotam.us-API\\bin\\Debug\\net6.0\\fine-code-coverage\\coverage-tool-output\\diagnostics.host.24-03-10_09-07-57_31372_7.log"}}
TpTrace Verbose: 0 : 18200, 10, 2024/03/10, 09:07:57.638, 9093790239981, vstest.console.dll, TestRunRequest:SendTestRunMessage: Starting.
TpTrace Verbose: 0 : 18200, 10, 2024/03/10, 09:07:57.638, 9093790241084, vstest.console.dll, MulticastDelegateUtilities.SafeInvoke: TestRun.LogMessages: Invoking callback 1/1 for Microsoft.VisualStudio.TestPlatform.CommandLine.TestRunResultAggregator.TestRunMessageHandler, took 0 ms.
TpTrace Verbose: 0 : 18200, 4, 2024/03/10, 09:07:57.638, 9093790241264, vstest.console.dll, MulticastDelegateUtilities.SafeInvoke: InternalTestLoggerEvents.SendTestRunMessage: Invoking callback 1/1 for Microsoft.VisualStudio.TestPlatform.CommandLine.Internal.ConsoleLogger.TestMessageHandler, took 0 ms.
TpTrace Information: 0 : 18200, 10, 2024/03/10, 09:07:57.638, 9093790241736, vstest.console.dll, TestRunRequest:SendTestRunMessage: Completed.
TpTrace Verbose: 0 : 18200, 10, 2024/03/10, 09:07:57.638, 9093790243748, vstest.console.dll, MulticastDelegateUtilities.SafeInvoke: LengthPrefixCommunicationChannel: MessageReceived: Invoking callback 1/1 for Microsoft.VisualStudio.TestPlatform.CommunicationUtilities.TestRequestSender+<>c__DisplayClass31_0.<StartTestRun>b__1, took 2 ms.
TpTrace Verbose: 0 : 18200, 10, 2024/03/10, 09:07:57.638, 9093790244376, vstest.console.dll, TcpClientExtensions.MessageLoopAsync: Polling on remoteEndPoint: 127.0.0.1:58807 localEndPoint: 127.0.0.1:58806
TpTrace Verbose: 0 : 18200, 7, 2024/03/10, 09:07:57.641, 9093790277668, vstest.console.dll, TestRequestSender.StartTestRun: Sending test run with message: {"Version":7,"MessageType":"TestExecution.StartWithSources","Payload":{"AdapterSourceMap":{"_none_":["D:\\SoftUni\\7 Back-End Test Automation-March-2024\\repo\\QA-Back-End-Test-Automation-March-2024\\01.RestSharp-API-GitHub\\RestSharp\\06.Data-Driven-NUnit-Tests-Zippopotam.us-API\\bin\\Debug\\net6.0\\fine-code-coverage\\build-output\\06.Data-Driven-NUnit-Tests-Zippopotam.us-API.dll"]},"RunSettings":"<RunSettings>\r\n  <RunConfiguration>\r\n    <ResultsDirectory>D:\\SoftUni\\7 Back-End Test Automation-March-2024\\repo\\QA-Back-End-Test-Automation-March-2024\\01.RestSharp-API-GitHub\\RestSharp\\06.Data-Driven-NUnit-Tests-Zippopotam.us-API\\bin\\Debug\\net6.0\\fine-code-coverage\\coverage-tool-output</ResultsDirectory>\r\n    <TargetFrameworkVersion>.NETCoreApp,Version=v6.0</TargetFrameworkVersion>\r\n    <DesignMode>False</DesignMode>\r\n    <CollectSourceInformation>False</CollectSourceInformation>\r\n  </RunConfiguration>\r\n  <LoggerRunSettings>\r\n    <Loggers>\r\n      <Logger friendlyName=\"blame\" enabled=\"True\" />\r\n      <Logger friendlyName=\"Console\" uri=\"logger://microsoft/TestPlatform/ConsoleLogger/v1\" assemblyQualifiedName=\"Microsoft.VisualStudio.TestPlatform.CommandLine.Internal.ConsoleLogger, vstest.console, Version=15.0.0.0, Culture=neutral, PublicKeyToken=b03f5f7f11d50a3a\" codeBase=\"C:\\Program Files (x86)\\dotnet\\sdk\\6.0.408\\vstest.console.dll\" enabled=\"True\" />\r\n    </Loggers>\r\n  </LoggerRunSettings>\r\n  <DataCollectionRunSettings>\r\n    <DataCollectors>\r\n      <DataCollector friendlyName=\"blame\" enabled=\"True\">\r\n        <Configuration>\r\n          <ResultsDirectory>D:\\SoftUni\\7 Back-End Test Automation-March-2024\\repo\\QA-Back-End-Test-Automation-March-2024\\01.RestSharp-API-GitHub\\RestSharp\\06.Data-Driven-NUnit-Tests-Zippopotam.us-API\\bin\\Debug\\net6.0\\fine-code-coverage\\coverage-tool-output</ResultsDirectory>\r\n        </Configuration>\r\n      </DataCollector>\r\n    </DataCollectors>\r\n  </DataCollectionRunSettings>\r\n</RunSettings>","TestExecutionContext":{"FrequencyOfRunStatsChangeEvent":10,"RunStatsChangeEventTimeout":"00:00:01.5000000","InIsolation":false,"KeepAlive":false,"AreTestCaseLevelEventsRequired":false,"IsDebug":false,"TestCaseFilter":null,"FilterOptions":null},"Package":null}}
TpTrace Verbose: 0 : 18200, 10, 2024/03/10, 09:07:57.805, 9093791917798, vstest.console.dll, TcpClientExtensions.MessageLoopAsync: NotifyDataAvailable remoteEndPoint: 127.0.0.1:58807 localEndPoint: 127.0.0.1:58806
TpTrace Verbose: 0 : 18200, 10, 2024/03/10, 09:07:57.806, 9093791919290, vstest.console.dll, TestRequestSender.OnExecutionMessageReceived: Received message: {"Version":7,"MessageType":"TestSession.Message","Payload":{"MessageLevel":0,"Message":"NUnit Adapter 4.4.0.0: Test execution started"}}
TpTrace Verbose: 0 : 18200, 10, 2024/03/10, 09:07:57.806, 9093791920905, vstest.console.dll, TestRunRequest:SendTestRunMessage: Starting.
TpTrace Verbose: 0 : 18200, 10, 2024/03/10, 09:07:57.806, 9093791921759, vstest.console.dll, MulticastDelegateUtilities.SafeInvoke: TestRun.LogMessages: Invoking callback 1/1 for Microsoft.VisualStudio.TestPlatform.CommandLine.TestRunResultAggregator.TestRunMessageHandler, took 0 ms.
TpTrace Information: 0 : 18200, 10, 2024/03/10, 09:07:57.806, 9093791922357, vstest.console.dll, TestRunRequest:SendTestRunMessage: Completed.
TpTrace Verbose: 0 : 18200, 10, 2024/03/10, 09:07:57.806, 9093791923016, vstest.console.dll, MulticastDelegateUtilities.SafeInvoke: LengthPrefixCommunicationChannel: MessageReceived: Invoking callback 1/1 for Microsoft.VisualStudio.TestPlatform.CommunicationUtilities.TestRequestSender+<>c__DisplayClass31_0.<StartTestRun>b__1, took 0 ms.
TpTrace Verbose: 0 : 18200, 10, 2024/03/10, 09:07:57.806, 9093791923675, vstest.console.dll, TcpClientExtensions.MessageLoopAsync: Polling on remoteEndPoint: 127.0.0.1:58807 localEndPoint: 127.0.0.1:58806
TpTrace Verbose: 0 : 18200, 4, 2024/03/10, 09:07:57.806, 9093791922451, vstest.console.dll, MulticastDelegateUtilities.SafeInvoke: InternalTestLoggerEvents.SendTestRunMessage: Invoking callback 1/1 for Microsoft.VisualStudio.TestPlatform.CommandLine.Internal.ConsoleLogger.TestMessageHandler, took 0 ms.
TpTrace Verbose: 0 : 18200, 10, 2024/03/10, 09:07:57.834, 9093792205095, vstest.console.dll, TcpClientExtensions.MessageLoopAsync: NotifyDataAvailable remoteEndPoint: 127.0.0.1:58807 localEndPoint: 127.0.0.1:58806
TpTrace Verbose: 0 : 18200, 10, 2024/03/10, 09:07:57.834, 9093792206418, vstest.console.dll, TestRequestSender.OnExecutionMessageReceived: Received message: {"Version":7,"MessageType":"TestSession.Message","Payload":{"MessageLevel":0,"Message":"Running all tests in D:\\SoftUni\\7 Back-End Test Automation-March-2024\\repo\\QA-Back-End-Test-Automation-March-2024\\01.RestSharp-API-GitHub\\RestSharp\\06.Data-Driven-NUnit-Tests-Zippopotam.us-API\\bin\\Debug\\net6.0\\fine-code-coverage\\build-output\\06.Data-Driven-NUnit-Tests-Zippopotam.us-API.dll"}}
TpTrace Verbose: 0 : 18200, 10, 2024/03/10, 09:07:57.835, 9093792208533, vstest.console.dll, TestRunRequest:SendTestRunMessage: Starting.
TpTrace Verbose: 0 : 18200, 10, 2024/03/10, 09:07:57.835, 9093792209444, vstest.console.dll, MulticastDelegateUtilities.SafeInvoke: TestRun.LogMessages: Invoking callback 1/1 for Microsoft.VisualStudio.TestPlatform.CommandLine.TestRunResultAggregator.TestRunMessageHandler, took 0 ms.
TpTrace Information: 0 : 18200, 10, 2024/03/10, 09:07:57.835, 9093792210000, vstest.console.dll, TestRunRequest:SendTestRunMessage: Completed.
TpTrace Verbose: 0 : 18200, 10, 2024/03/10, 09:07:57.835, 9093792210552, vstest.console.dll, MulticastDelegateUtilities.SafeInvoke: LengthPrefixCommunicationChannel: MessageReceived: Invoking callback 1/1 for Microsoft.VisualStudio.TestPlatform.CommunicationUtilities.TestRequestSender+<>c__DisplayClass31_0.<StartTestRun>b__1, took 0 ms.
TpTrace Verbose: 0 : 18200, 10, 2024/03/10, 09:07:57.835, 9093792211156, vstest.console.dll, TcpClientExtensions.MessageLoopAsync: Polling on remoteEndPoint: 127.0.0.1:58807 localEndPoint: 127.0.0.1:58806
TpTrace Verbose: 0 : 18200, 4, 2024/03/10, 09:07:57.835, 9093792210000, vstest.console.dll, MulticastDelegateUtilities.SafeInvoke: InternalTestLoggerEvents.SendTestRunMessage: Invoking callback 1/1 for Microsoft.VisualStudio.TestPlatform.CommandLine.Internal.ConsoleLogger.TestMessageHandler, took 0 ms.
TpTrace Verbose: 0 : 18200, 10, 2024/03/10, 09:07:57.959, 9093793449772, vstest.console.dll, TcpClientExtensions.MessageLoopAsync: NotifyDataAvailable remoteEndPoint: 127.0.0.1:58807 localEndPoint: 127.0.0.1:58806
TpTrace Verbose: 0 : 18200, 10, 2024/03/10, 09:07:57.959, 9093793451152, vstest.console.dll, TestRequestSender.OnExecutionMessageReceived: Received message: {"Version":7,"MessageType":"TestSession.Message","Payload":{"MessageLevel":0,"Message":"   NUnit3TestExecutor discovered 5 of 5 NUnit test cases using Current Discovery mode, Non-Explicit run"}}
TpTrace Verbose: 0 : 18200, 10, 2024/03/10, 09:07:57.959, 9093793452350, vstest.console.dll, TestRunRequest:SendTestRunMessage: Starting.
TpTrace Verbose: 0 : 18200, 10, 2024/03/10, 09:07:57.959, 9093793453094, vstest.console.dll, MulticastDelegateUtilities.SafeInvoke: TestRun.LogMessages: Invoking callback 1/1 for Microsoft.VisualStudio.TestPlatform.CommandLine.TestRunResultAggregator.TestRunMessageHandler, took 0 ms.
TpTrace Information: 0 : 18200, 10, 2024/03/10, 09:07:57.959, 9093793453620, vstest.console.dll, TestRunRequest:SendTestRunMessage: Completed.
TpTrace Verbose: 0 : 18200, 10, 2024/03/10, 09:07:57.959, 9093793454154, vstest.console.dll, MulticastDelegateUtilities.SafeInvoke: LengthPrefixCommunicationChannel: MessageReceived: Invoking callback 1/1 for Microsoft.VisualStudio.TestPlatform.CommunicationUtilities.TestRequestSender+<>c__DisplayClass31_0.<StartTestRun>b__1, took 0 ms.
TpTrace Verbose: 0 : 18200, 4, 2024/03/10, 09:07:57.959, 9093793453788, vstest.console.dll, MulticastDelegateUtilities.SafeInvoke: InternalTestLoggerEvents.SendTestRunMessage: Invoking callback 1/1 for Microsoft.VisualStudio.TestPlatform.CommandLine.Internal.ConsoleLogger.TestMessageHandler, took 0 ms.
TpTrace Verbose: 0 : 18200, 10, 2024/03/10, 09:07:57.959, 9093793454722, vstest.console.dll, TcpClientExtensions.MessageLoopAsync: Polling on remoteEndPoint: 127.0.0.1:58807 localEndPoint: 127.0.0.1:58806
TpTrace Verbose: 0 : 18200, 10, 2024/03/10, 09:07:58.970, 9093803564749, vstest.console.dll, TcpClientExtensions.MessageLoopAsync: Polling on remoteEndPoint: 127.0.0.1:58807 localEndPoint: 127.0.0.1:58806
TpTrace Verbose: 0 : 18200, 10, 2024/03/10, 09:07:59.265, 9093806515343, vstest.console.dll, TcpClientExtensions.MessageLoopAsync: NotifyDataAvailable remoteEndPoint: 127.0.0.1:58807 localEndPoint: 127.0.0.1:58806
TpTrace Verbose: 0 : 18200, 10, 2024/03/10, 09:07:59.265, 9093806517643, vstest.console.dll, TestRequestSender.OnExecutionMessageReceived: Received message: {"Version":7,"MessageType":"TestExecution.StatsChange","Payload":{"NewTestResults":[{"TestCase":{"Id":"b62aba87-fd84-cc63-8ec5-0124fcdbc452","FullyQualifiedName":"_06.Data_Driven_NUnit_Tests_Zippopotam.us_API.Tests.TestZippopotamus(\"BG\",\"1000\",\"Sofija\")","DisplayName":"TestZippopotamus(\"BG\",\"1000\",\"Sofija\")","ExecutorUri":"executor://NUnit3TestExecutor","Source":"D:\\SoftUni\\7 Back-End Test Automation-March-2024\\repo\\QA-Back-End-Test-Automation-March-2024\\01.RestSharp-API-GitHub\\RestSharp\\06.Data-Driven-NUnit-Tests-Zippopotam.us-API\\bin\\Debug\\net6.0\\fine-code-coverage\\build-output\\06.Data-Driven-NUnit-Tests-Zippopotam.us-API.dll","CodeFilePath":null,"LineNumber":0,"Properties":[{"Key":{"Id":"NUnit.Seed","Label":"Seed","Category":"","Description":"","Attributes":0,"ValueType":"System.String"},"Value":"1181268812"}]},"Attachments":[],"Outcome":1,"ErrorMessage":null,"ErrorStackTrace":null,"DisplayName":"TestZippopotamus(\"BG\",\"1000\",\"Sofija\")","Messages":[],"ComputerName":"DESKTOP-UUB0D73","Duration":"00:00:00.3781620","StartTime":"2024-03-10T07:07:57.9837624+00:00","EndTime":"2024-03-10T07:07:58.3618236+00:00","Properties":[{"Key":{"Id":"NUnit.Seed","Label":"Seed","Category":"","Description":"","Attributes":0,"ValueType":"System.String"},"Value":"1181268812"}]},{"TestCase":{"Id":"457fde61-edce-378e-582d-a09d60fb52fa","FullyQualifiedName":"_06.Data_Driven_NUnit_Tests_Zippopotam.us_API.Tests.TestZippopotamus(\"BG\",\"5000\",\"Veliko Turnovo\")","DisplayName":"TestZippopotamus(\"BG\",\"5000\",\"Veliko Turnovo\")","ExecutorUri":"executor://NUnit3TestExecutor","Source":"D:\\SoftUni\\7 Back-End Test Automation-March-2024\\repo\\QA-Back-End-Test-Automation-March-2024\\01.RestSharp-API-GitHub\\RestSharp\\06.Data-Driven-NUnit-Tests-Zippopotam.us-API\\bin\\Debug\\net6.0\\fine-code-coverage\\build-output\\06.Data-Driven-NUnit-Tests-Zippopotam.us-API.dll","CodeFilePath":null,"LineNumber":0,"Properties":[{"Key":{"Id":"NUnit.Seed","Label":"Seed","Category":"","Description":"","Attributes":0,"ValueType":"System.String"},"Value":"522150631"}]},"Attachments":[],"Outcome":1,"ErrorMessage":null,"ErrorStackTrace":null,"DisplayName":"TestZippopotamus(\"BG\",\"5000\",\"Veliko Turnovo\")","Messages":[],"ComputerName":"DESKTOP-UUB0D73","Duration":"00:00:00.6577140","StartTime":"2024-03-10T07:07:58.3633204+00:00","EndTime":"2024-03-10T07:07:59.0210337+00:00","Properties":[{"Key":{"Id":"NUnit.Seed","Label":"Seed","Category":"","Description":"","Attributes":0,"ValueType":"System.String"},"Value":"522150631"}]},{"TestCase":{"Id":"84e54410-3e7d-3b02-14b8-a85c445cc015","FullyQualifiedName":"_06.Data_Driven_NUnit_Tests_Zippopotam.us_API.Tests.TestZippopotamus(\"CA\",\"M5S\",\"Toronto\")","DisplayName":"TestZippopotamus(\"CA\",\"M5S\",\"Toronto\")","ExecutorUri":"executor://NUnit3TestExecutor","Source":"D:\\SoftUni\\7 Back-End Test Automation-March-2024\\repo\\QA-Back-End-Test-Automation-March-2024\\01.RestSharp-API-GitHub\\RestSharp\\06.Data-Driven-NUnit-Tests-Zippopotam.us-API\\bin\\Debug\\net6.0\\fine-code-coverage\\build-output\\06.Data-Driven-NUnit-Tests-Zippopotam.us-API.dll","CodeFilePath":null,"LineNumber":0,"Properties":[{"Key":{"Id":"NUnit.Seed","Label":"Seed","Category":"","Description":"","Attributes":0,"ValueType":"System.String"},"Value":"1307766608"}]},"Attachments":[],"Outcome":1,"ErrorMessage":null,"ErrorStackTrace":null,"DisplayName":"TestZippopotamus(\"CA\",\"M5S\",\"Toronto\")","Messages":[],"ComputerName":"DESKTOP-UUB0D73","Duration":"00:00:00.1912889","StartTime":"2024-03-10T07:07:59.0211106+00:00","EndTime":"2024-03-10T07:07:59.2123989+00:00","Properties":[{"Key":{"Id":"NUnit.Seed","Label":"Seed","Category":"","Description":"","Attributes":0,"ValueType":"System.String"},"Value":"1307766608"}]}],"TestRunStatistics":{"ExecutedTests":3,"Stats":{"Passed":3}},"ActiveTests":[{"Id":"8e422f80-bc07-00ad-6535-92a21ec77c3c","FullyQualifiedName":"_06.Data_Driven_NUnit_Tests_Zippopotam.us_API.Tests.TestZippopotamus(\"GB\",\"B1\",\"Birmingham\")","DisplayName":"TestZippopotamus(\"GB\",\"B1\",\"Birmingham\")","ExecutorUri":"executor://NUnit3TestExecutor","Source":"D:\\SoftUni\\7 Back-End Test Automation-March-2024\\repo\\QA-Back-End-Test-Automation-March-2024\\01.RestSharp-API-GitHub\\RestSharp\\06.Data-Driven-NUnit-Tests-Zippopotam.us-API\\bin\\Debug\\net6.0\\fine-code-coverage\\build-output\\06.Data-Driven-NUnit-Tests-Zippopotam.us-API.dll","CodeFilePath":null,"LineNumber":0,"Properties":[{"Key":{"Id":"NUnit.Seed","Label":"Seed","Category":"","Description":"","Attributes":0,"ValueType":"System.String"},"Value":"1472342029"}]}]}}
TpTrace Verbose: 0 : 18200, 10, 2024/03/10, 09:07:59.286, 9093806719399, vstest.console.dll, TestRunRequest:SendTestRunStatsChange: Starting.
TpTrace Verbose: 0 : 18200, 10, 2024/03/10, 09:07:59.286, 9093806720739, vstest.console.dll, InProgress is TestZippopotamus("GB","B1","Birmingham")
TpTrace Verbose: 0 : 18200, 10, 2024/03/10, 09:07:59.286, 9093806722897, vstest.console.dll, MulticastDelegateUtilities.SafeInvoke: TestRun.RunStatsChanged: Invoking callbacks was skipped because there are no subscribers.
TpTrace Information: 0 : 18200, 10, 2024/03/10, 09:07:59.286, 9093806723693, vstest.console.dll, TestRunRequest:SendTestRunStatsChange: Completed.
TpTrace Verbose: 0 : 18200, 10, 2024/03/10, 09:07:59.286, 9093806724335, vstest.console.dll, MulticastDelegateUtilities.SafeInvoke: LengthPrefixCommunicationChannel: MessageReceived: Invoking callback 1/1 for Microsoft.VisualStudio.TestPlatform.CommunicationUtilities.TestRequestSender+<>c__DisplayClass31_0.<StartTestRun>b__1, took 20 ms.
TpTrace Verbose: 0 : 18200, 10, 2024/03/10, 09:07:59.286, 9093806724870, vstest.console.dll, TcpClientExtensions.MessageLoopAsync: Polling on remoteEndPoint: 127.0.0.1:58807 localEndPoint: 127.0.0.1:58806
TpTrace Verbose: 0 : 18200, 4, 2024/03/10, 09:07:59.289, 9093806754785, vstest.console.dll, MulticastDelegateUtilities.SafeInvoke: InternalTestLoggerEvents.SendTestResult: Invoking callback 1/1 for Microsoft.VisualStudio.TestPlatform.CommandLine.Internal.ConsoleLogger.TestResultHandler, took 3 ms.
TpTrace Verbose: 0 : 18200, 4, 2024/03/10, 09:07:59.289, 9093806755992, vstest.console.dll, MulticastDelegateUtilities.SafeInvoke: InternalTestLoggerEvents.SendTestResult: Invoking callback 1/1 for Microsoft.VisualStudio.TestPlatform.CommandLine.Internal.ConsoleLogger.TestResultHandler, took 0 ms.
TpTrace Verbose: 0 : 18200, 4, 2024/03/10, 09:07:59.289, 9093806756683, vstest.console.dll, MulticastDelegateUtilities.SafeInvoke: InternalTestLoggerEvents.SendTestResult: Invoking callback 1/1 for Microsoft.VisualStudio.TestPlatform.CommandLine.Internal.ConsoleLogger.TestResultHandler, took 0 ms.
TpTrace Verbose: 0 : 18200, 10, 2024/03/10, 09:07:59.600, 9093809867407, vstest.console.dll, TcpClientExtensions.MessageLoopAsync: NotifyDataAvailable remoteEndPoint: 127.0.0.1:58807 localEndPoint: 127.0.0.1:58806
TpTrace Verbose: 0 : 18200, 10, 2024/03/10, 09:07:59.601, 9093809869202, vstest.console.dll, TestRequestSender.OnExecutionMessageReceived: Received message: {"Version":7,"MessageType":"TestSession.Message","Payload":{"MessageLevel":0,"Message":"NUnit Adapter 4.4.0.0: Test execution complete"}}
TpTrace Verbose: 0 : 18200, 10, 2024/03/10, 09:07:59.601, 9093809870885, vstest.console.dll, TestRunRequest:SendTestRunMessage: Starting.
TpTrace Verbose: 0 : 18200, 10, 2024/03/10, 09:07:59.601, 9093809871894, vstest.console.dll, MulticastDelegateUtilities.SafeInvoke: TestRun.LogMessages: Invoking callback 1/1 for Microsoft.VisualStudio.TestPlatform.CommandLine.TestRunResultAggregator.TestRunMessageHandler, took 0 ms.
TpTrace Verbose: 0 : 18200, 4, 2024/03/10, 09:07:59.601, 9093809872139, vstest.console.dll, MulticastDelegateUtilities.SafeInvoke: InternalTestLoggerEvents.SendTestRunMessage: Invoking callback 1/1 for Microsoft.VisualStudio.TestPlatform.CommandLine.Internal.ConsoleLogger.TestMessageHandler, took 0 ms.
TpTrace Information: 0 : 18200, 10, 2024/03/10, 09:07:59.601, 9093809872773, vstest.console.dll, TestRunRequest:SendTestRunMessage: Completed.
TpTrace Verbose: 0 : 18200, 10, 2024/03/10, 09:07:59.601, 9093809874913, vstest.console.dll, MulticastDelegateUtilities.SafeInvoke: LengthPrefixCommunicationChannel: MessageReceived: Invoking callback 1/1 for Microsoft.VisualStudio.TestPlatform.CommunicationUtilities.TestRequestSender+<>c__DisplayClass31_0.<StartTestRun>b__1, took 0 ms.
TpTrace Verbose: 0 : 18200, 10, 2024/03/10, 09:07:59.601, 9093809875875, vstest.console.dll, TcpClientExtensions.MessageLoopAsync: Polling on remoteEndPoint: 127.0.0.1:58807 localEndPoint: 127.0.0.1:58806
TpTrace Verbose: 0 : 18200, 10, 2024/03/10, 09:07:59.615, 9093810015521, vstest.console.dll, TcpClientExtensions.MessageLoopAsync: NotifyDataAvailable remoteEndPoint: 127.0.0.1:58807 localEndPoint: 127.0.0.1:58806
TpTrace Verbose: 0 : 18200, 10, 2024/03/10, 09:07:59.616, 9093810017847, vstest.console.dll, TestRequestSender.OnExecutionMessageReceived: Received message: {"Version":7,"MessageType":"TestExecution.Completed","Payload":{"TestRunCompleteArgs":{"TestRunStatistics":{"ExecutedTests":5,"Stats":{"Passed":5}},"IsCanceled":false,"IsAborted":false,"Error":null,"AttachmentSets":[],"InvokedDataCollectors":[],"ElapsedTimeInRunningTests":"00:00:01.8249391","Metrics":{},"DiscoveredExtensions":{"TestDiscoverers":["NUnit.VisualStudio.TestAdapter.NUnit3TestDiscoverer, NUnit3.TestAdapter, Version=4.4.0.0, Culture=neutral, PublicKeyToken=4cb40d35494691ac"],"TestExecutors":["executor://NUnit3TestExecutor"],"TestExecutors2":[],"TestSettingsProviders":[]}},"LastRunTests":{"NewTestResults":[{"TestCase":{"Id":"8e422f80-bc07-00ad-6535-92a21ec77c3c","FullyQualifiedName":"_06.Data_Driven_NUnit_Tests_Zippopotam.us_API.Tests.TestZippopotamus(\"GB\",\"B1\",\"Birmingham\")","DisplayName":"TestZippopotamus(\"GB\",\"B1\",\"Birmingham\")","ExecutorUri":"executor://NUnit3TestExecutor","Source":"D:\\SoftUni\\7 Back-End Test Automation-March-2024\\repo\\QA-Back-End-Test-Automation-March-2024\\01.RestSharp-API-GitHub\\RestSharp\\06.Data-Driven-NUnit-Tests-Zippopotam.us-API\\bin\\Debug\\net6.0\\fine-code-coverage\\build-output\\06.Data-Driven-NUnit-Tests-Zippopotam.us-API.dll","CodeFilePath":null,"LineNumber":0,"Properties":[{"Key":{"Id":"NUnit.Seed","Label":"Seed","Category":"","Description":"","Attributes":0,"ValueType":"System.String"},"Value":"1472342029"}]},"Attachments":[],"Outcome":1,"ErrorMessage":null,"ErrorStackTrace":null,"DisplayName":"TestZippopotamus(\"GB\",\"B1\",\"Birmingham\")","Messages":[],"ComputerName":"DESKTOP-UUB0D73","Duration":"00:00:00.1948240","StartTime":"2024-03-10T07:07:59.2124912+00:00","EndTime":"2024-03-10T07:07:59.4073154+00:00","Properties":[{"Key":{"Id":"NUnit.Seed","Label":"Seed","Category":"","Description":"","Attributes":0,"ValueType":"System.String"},"Value":"1472342029"}]},{"TestCase":{"Id":"7512e925-3fb2-e4df-47ee-7c4092351348","FullyQualifiedName":"_06.Data_Driven_NUnit_Tests_Zippopotam.us_API.Tests.TestZippopotamus(\"DE\",\"01067\",\"Dresden\")","DisplayName":"TestZippopotamus(\"DE\",\"01067\",\"Dresden\")","ExecutorUri":"executor://NUnit3TestExecutor","Source":"D:\\SoftUni\\7 Back-End Test Automation-March-2024\\repo\\QA-Back-End-Test-Automation-March-2024\\01.RestSharp-API-GitHub\\RestSharp\\06.Data-Driven-NUnit-Tests-Zippopotam.us-API\\bin\\Debug\\net6.0\\fine-code-coverage\\build-output\\06.Data-Driven-NUnit-Tests-Zippopotam.us-API.dll","CodeFilePath":null,"LineNumber":0,"Properties":[{"Key":{"Id":"NUnit.Seed","Label":"Seed","Category":"","Description":"","Attributes":0,"ValueType":"System.String"},"Value":"1653597541"}]},"Attachments":[],"Outcome":1,"ErrorMessage":null,"ErrorStackTrace":null,"DisplayName":"TestZippopotamus(\"DE\",\"01067\",\"Dresden\")","Messages":[],"ComputerName":"DESKTOP-UUB0D73","Duration":"00:00:00.1873170","StartTime":"2024-03-10T07:07:59.4073389+00:00","EndTime":"2024-03-10T07:07:59.5946552+00:00","Properties":[{"Key":{"Id":"NUnit.Seed","Label":"Seed","Category":"","Description":"","Attributes":0,"ValueType":"System.String"},"Value":"1653597541"}]}],"TestRunStatistics":{"ExecutedTests":5,"Stats":{"Passed":5}},"ActiveTests":[]},"RunAttachments":[],"ExecutorUris":["executor://nunit3testexecutor/"]}}
TpTrace Verbose: 0 : 18200, 10, 2024/03/10, 09:07:59.616, 9093810019119, vstest.console.dll, TestRequestSender.EndSession: Sending end session.
TpTrace Verbose: 0 : 18200, 10, 2024/03/10, 09:07:59.616, 9093810021394, vstest.console.dll, ProxyOperationManager.Close: waiting for test host to exit for 100 ms
TpTrace Warning: 0 : 18200, 12, 2024/03/10, 09:07:59.623, 9093810090147, vstest.console.dll, TestHostManagerCallbacks.ErrorReceivedCallback Test host standard error line: 
TpTrace Verbose: 0 : 18200, 5, 2024/03/10, 09:07:59.629, 9093810150811, vstest.console.dll, TestHostProvider.ExitCallBack: Host exited starting callback.
TpTrace Information: 0 : 18200, 5, 2024/03/10, 09:07:59.629, 9093810156094, vstest.console.dll, TestHostManagerCallbacks.ExitCallBack: Testhost processId: 21116 exited with exitcode: 0 error: ''
TpTrace Verbose: 0 : 18200, 5, 2024/03/10, 09:07:59.629, 9093810156882, vstest.console.dll, DotnetTestHostManager.OnHostExited: invoking OnHostExited callback
TpTrace Verbose: 0 : 18200, 5, 2024/03/10, 09:07:59.629, 9093810157546, vstest.console.dll, CrossPlatEngine.TestHostManagerHostExited: calling on client process exit callback.
TpTrace Information: 0 : 18200, 5, 2024/03/10, 09:07:59.630, 9093810158256, vstest.console.dll, TestRequestSender.OnClientProcessExit: Test host process exited. Standard error: 
TpTrace Information: 0 : 18200, 5, 2024/03/10, 09:07:59.630, 9093810158868, vstest.console.dll, SocketServer.Stop: Stop server endPoint: 127.0.0.1:58806
TpTrace Information: 0 : 18200, 5, 2024/03/10, 09:07:59.630, 9093810159400, vstest.console.dll, SocketServer.Stop: Cancellation requested. Stopping message loop.
TpTrace Information: 0 : 18200, 10, 2024/03/10, 09:07:59.630, 9093810159006, vstest.console.dll, SocketServer.Stop: Stop server endPoint: 127.0.0.1:58806
TpTrace Verbose: 0 : 18200, 5, 2024/03/10, 09:07:59.630, 9093810160411, vstest.console.dll, MulticastDelegateUtilities.SafeInvoke: HostProviderEvents.OnHostExited: Invoking callback 1/1 for Microsoft.VisualStudio.TestPlatform.CrossPlatEngine.Client.ProxyOperationManager.TestHostManagerHostExited, took 0 ms.
TpTrace Information: 0 : 18200, 10, 2024/03/10, 09:07:59.630, 9093810160584, vstest.console.dll, SocketServer.Stop: Cancellation requested. Stopping message loop.
TpTrace Information: 0 : 18200, 10, 2024/03/10, 09:07:59.630, 9093810162232, vstest.console.dll, Closing the connection
TpTrace Verbose: 0 : 18200, 10, 2024/03/10, 09:07:59.630, 9093810164610, vstest.console.dll, ProxyDataCollectionManager.InvokeDataCollectionServiceAction: Starting.
TpTrace Information: 0 : 18200, 10, 2024/03/10, 09:07:59.630, 9093810165256, vstest.console.dll, ProxyDataCollectionManager.AfterTestRunEnd: Get attachment set and invoked data collectors processId: 27744 port: 58802
TpTrace Verbose: 0 : 18200, 10, 2024/03/10, 09:07:59.630, 9093810165887, vstest.console.dll, DataCollectionRequestSender.SendAfterTestRunStartAndGetResult: Send AfterTestRunEnd message with isCancelled: False
TpTrace Verbose: 0 : 18200, 10, 2024/03/10, 09:07:59.641, 9093810271463, vstest.console.dll, DataCollectionRequestSender.SendAfterTestRunStartAndGetResult: Received message: (DataCollection.AfterTestRunEndResult) -> {"MessageType":"DataCollection.AfterTestRunEndResult","Payload":{"AttachmentSets":[],"InvokedDataCollectors":[{"Uri":"datacollector://Microsoft/TestPlatform/Extensions/Blame/v1","FriendlyName":"Blame","AssemblyQualifiedName":"Microsoft.TestPlatform.Extensions.BlameDataCollector.BlameCollector, Microsoft.TestPlatform.Extensions.BlameDataCollector, Version=15.0.0.0, Culture=neutral, PublicKeyToken=b03f5f7f11d50a3a","FilePath":"C:\\Program Files (x86)\\dotnet\\sdk\\6.0.408\\Extensions\\Microsoft.TestPlatform.Extensions.BlameDataCollector.dll","HasAttachmentProcessor":false}],"Metrics":{}}}
TpTrace Information: 0 : 18200, 10, 2024/03/10, 09:07:59.645, 9093810308411, vstest.console.dll, ProxyDataCollectionManager.InvokeDataCollectionServiceAction: Completed.
TpTrace Warning: 0 : 18200, 9, 2024/03/10, 09:07:59.645, 9093810310904, vstest.console.dll, DataCollectionLauncher.ErrorReceivedCallback datacollector standard error line: 
TpTrace Information: 0 : 18200, 5, 2024/03/10, 09:07:59.649, 9093810355868, vstest.console.dll, DataCollectionLauncher.ExitCallBack: Data collector exited with exitcode: 0 error: ''
TpTrace Verbose: 0 : 18200, 10, 2024/03/10, 09:07:59.674, 9093810600080, vstest.console.dll, TestRunRequest:SendTestRunStatsChange: Starting.
TpTrace Verbose: 0 : 18200, 10, 2024/03/10, 09:07:59.674, 9093810601322, vstest.console.dll, MulticastDelegateUtilities.SafeInvoke: TestRun.RunStatsChanged: Invoking callbacks was skipped because there are no subscribers.
TpTrace Information: 0 : 18200, 10, 2024/03/10, 09:07:59.674, 9093810601865, vstest.console.dll, TestRunRequest:SendTestRunStatsChange: Completed.
TpTrace Verbose: 0 : 18200, 4, 2024/03/10, 09:07:59.674, 9093810602327, vstest.console.dll, MulticastDelegateUtilities.SafeInvoke: InternalTestLoggerEvents.SendTestResult: Invoking callback 1/1 for Microsoft.VisualStudio.TestPlatform.CommandLine.Internal.ConsoleLogger.TestResultHandler, took 0 ms.
TpTrace Verbose: 0 : 18200, 4, 2024/03/10, 09:07:59.674, 9093810603266, vstest.console.dll, MulticastDelegateUtilities.SafeInvoke: InternalTestLoggerEvents.SendTestResult: Invoking callback 1/1 for Microsoft.VisualStudio.TestPlatform.CommandLine.Internal.ConsoleLogger.TestResultHandler, took 0 ms.
TpTrace Verbose: 0 : 18200, 10, 2024/03/10, 09:07:59.674, 9093810604265, vstest.console.dll, ParallelProxyExecutionManager: HandlePartialRunComplete: Total completed clients = 1, Run complete = True, Run canceled: False.
TpTrace Verbose: 0 : 18200, 4, 2024/03/10, 09:07:59.680, 9093810665823, vstest.console.dll, MulticastDelegateUtilities.SafeInvoke: InternalTestLoggerEvents.SendTestRunComplete: Invoking callback 1/2 for Microsoft.TestPlatform.Extensions.BlameDataCollector.BlameLogger.TestRunCompleteHandler, took 0 ms.
TpTrace Verbose: 0 : 18200, 4, 2024/03/10, 09:07:59.685, 9093810709581, vstest.console.dll, MulticastDelegateUtilities.SafeInvoke: InternalTestLoggerEvents.SendTestRunComplete: Invoking callback 2/2 for Microsoft.VisualStudio.TestPlatform.CommandLine.Internal.ConsoleLogger.TestRunCompleteHandler, took 4 ms.
TpTrace Verbose: 0 : 18200, 10, 2024/03/10, 09:07:59.685, 9093810713250, vstest.console.dll, TestRunRequest:TestRunComplete: Starting. IsAborted:False IsCanceled:False.
TpTrace Verbose: 0 : 18200, 10, 2024/03/10, 09:07:59.686, 9093810722205, vstest.console.dll, TestLoggerManager.HandleTestRunComplete: Ignoring as the object is disposed.
TpTrace Verbose: 0 : 18200, 10, 2024/03/10, 09:07:59.686, 9093810724297, vstest.console.dll, MulticastDelegateUtilities.SafeInvoke: TestRun.TestRunComplete: Invoking callback 1/2 for Microsoft.VisualStudio.TestPlatform.CommandLine.TestRunResultAggregator.TestRunCompletionHandler, took 0 ms.
TpTrace Verbose: 0 : 18200, 10, 2024/03/10, 09:07:59.686, 9093810725174, vstest.console.dll, MulticastDelegateUtilities.SafeInvoke: TestRun.TestRunComplete: Invoking callback 2/2 for Microsoft.VisualStudio.TestPlatform.CommandLine.Processors.RunTestsArgumentExecutor+TestRunRequestEventsRegistrar.TestRunRequest_OnRunCompletion, took 0 ms.
TpTrace Information: 0 : 18200, 10, 2024/03/10, 09:07:59.686, 9093810726266, vstest.console.dll, TestRunRequest:TestRunComplete: Completed.
TpTrace Verbose: 0 : 18200, 1, 2024/03/10, 09:07:59.686, 9093810726845, vstest.console.dll, TestRunRequest.Dispose: Starting.
TpTrace Information: 0 : 18200, 1, 2024/03/10, 09:07:59.686, 9093810727678, vstest.console.dll, TestRunRequest.Dispose: Completed.
TpTrace Verbose: 0 : 18200, 10, 2024/03/10, 09:07:59.686, 9093810726899, vstest.console.dll, TestRequestSender.SetOperationComplete: Setting operation complete.
TpTrace Information: 0 : 18200, 10, 2024/03/10, 09:07:59.687, 9093810728960, vstest.console.dll, SocketServer.Stop: Stop server endPoint: 127.0.0.1:58806
TpTrace Information: 0 : 18200, 1, 2024/03/10, 09:07:59.687, 9093810728324, vstest.console.dll, TestRequestManager.RunTests: run tests completed.
TpTrace Information: 0 : 18200, 10, 2024/03/10, 09:07:59.687, 9093810729479, vstest.console.dll, SocketServer.Stop: Cancellation requested. Stopping message loop.
TpTrace Verbose: 0 : 18200, 10, 2024/03/10, 09:07:59.687, 9093810731352, vstest.console.dll, MulticastDelegateUtilities.SafeInvoke: LengthPrefixCommunicationChannel: MessageReceived: Invoking callback 1/1 for Microsoft.VisualStudio.TestPlatform.CommunicationUtilities.TestRequestSender+<>c__DisplayClass31_0.<StartTestRun>b__1, took 71 ms.
TpTrace Information: 0 : 18200, 1, 2024/03/10, 09:07:59.687, 9093810730569, vstest.console.dll, RunTestsArgumentProcessor:Execute: Test run is completed.
TpTrace Information: 0 : 18200, 10, 2024/03/10, 09:07:59.687, 9093810732007, vstest.console.dll, SocketServer.PrivateStop: Stopping server endPoint: 127.0.0.1:58806 error: 
TpTrace Verbose: 0 : 18200, 1, 2024/03/10, 09:07:59.687, 9093810733794, vstest.console.dll, Executor.Execute: Exiting with exit code of 0
TpTrace Verbose: 0 : 18200, 10, 2024/03/10, 09:07:59.687, 9093810736816, vstest.console.dll, LengthPrefixCommunicationChannel.Dispose: Dispose reader and writer.
TpTrace Information: 0 : 18200, 10, 2024/03/10, 09:07:59.687, 9093810737645, vstest.console.dll, SocketServer.Stop: Raise disconnected event endPoint: 127.0.0.1:58806 error: 
TpTrace Verbose: 0 : 18200, 10, 2024/03/10, 09:07:59.688, 9093810738375, vstest.console.dll, TestRequestSender: OnTestRunAbort: Operation is already complete. Skip error message.
TpTrace Verbose: 0 : 18200, 10, 2024/03/10, 09:07:59.688, 9093810738974, vstest.console.dll, MulticastDelegateUtilities.SafeInvoke: SocketServer: ClientDisconnected: Invoking callback 1/1 for Microsoft.VisualStudio.TestPlatform.CommunicationUtilities.TestRequestSender.<InitializeCommunication>b__24_1, took 0 ms.
TpTrace Verbose: 0 : 18200, 10, 2024/03/10, 09:07:59.688, 9093810739484, vstest.console.dll, TcpClientExtensions.MessageLoopAsync: exiting MessageLoopAsync remoteEndPoint: 127.0.0.1:58807 localEndPoint: 127.0.0.1:58806
