TpTrace Verbose: 0 : 15072, 1, 2024/03/10, 09:07:35.434, 9093568206753, vstest.console.dll, Version: 17.3.2 Current process architecture: X86
TpTrace Verbose: 0 : 15072, 1, 2024/03/10, 09:07:35.436, 9093568222213, vstest.console.dll, Runtime location: C:\Program Files (x86)\dotnet\shared\Microsoft.NETCore.App\6.0.25
TpTrace Information: 0 : 15072, 1, 2024/03/10, 09:07:35.440, 9093568266564, vstest.console.dll, FilePatternParser: The given file D:\SoftUni\7 Back-End Test Automation-March-2024\repo\QA-Back-End-Test-Automation-March-2024\01.RestSharp-API-GitHub\RestSharp\05.RestSharpTestProject\bin\Debug\net6.0\fine-code-coverage\build-output\05.RestSharpTestProject.dll is a full path.
TpTrace Verbose: 0 : 15072, 1, 2024/03/10, 09:07:35.445, 9093568316961, vstest.console.dll, TestPluginCache.DiscoverTestExtensions: finding test extensions in assemblies ends with: RuntimeProvider.dll TPluginInfo: Microsoft.VisualStudio.TestPlatform.Common.ExtensionFramework.Utilities.TestRuntimePluginInformation TExtension: Microsoft.VisualStudio.TestPlatform.ObjectModel.Host.ITestRuntimeProvider
TpTrace Verbose: 0 : 15072, 1, 2024/03/10, 09:07:35.446, 9093568323998, vstest.console.dll, TestPluginCache.GetExtensionPaths: Filtered extension paths: 
TpTrace Verbose: 0 : 15072, 1, 2024/03/10, 09:07:35.446, 9093568325034, vstest.console.dll, TestPluginCache.GetExtensionPaths: Added default extension paths: C:\Program Files (x86)\dotnet\sdk\6.0.408\Extensions\Microsoft.Diagnostics.NETCore.Client.dll
C:\Program Files (x86)\dotnet\sdk\6.0.408\Extensions\Microsoft.TestPlatform.Extensions.BlameDataCollector.dll
C:\Program Files (x86)\dotnet\sdk\6.0.408\Extensions\Microsoft.TestPlatform.Extensions.EventLogCollector.dll
C:\Program Files (x86)\dotnet\sdk\6.0.408\Extensions\Microsoft.TestPlatform.TestHostRuntimeProvider.dll
C:\Program Files (x86)\dotnet\sdk\6.0.408\Extensions\Microsoft.VisualStudio.TestPlatform.Extensions.Html.TestLogger.dll
C:\Program Files (x86)\dotnet\sdk\6.0.408\Extensions\Microsoft.VisualStudio.TestPlatform.Extensions.Trx.TestLogger.dll
TpTrace Verbose: 0 : 15072, 1, 2024/03/10, 09:07:35.446, 9093568325671, vstest.console.dll, TestPluginCache.GetExtensionPaths: Added unfilterableExtensionPaths: 
TpTrace Information: 0 : 15072, 1, 2024/03/10, 09:07:35.447, 9093568331018, vstest.console.dll, AssemblyResolver.ctor: Creating AssemblyResolver with searchDirectories C:\Program Files (x86)\dotnet\sdk\6.0.408\Extensions,C:\Program Files (x86)\dotnet\sdk\6.0.408
TpTrace Verbose: 0 : 15072, 1, 2024/03/10, 09:07:35.448, 9093568340875, vstest.console.dll, TestPluginCache.DiscoverTestExtensions: Discovering the extensions using extension path.
TpTrace Verbose: 0 : 15072, 1, 2024/03/10, 09:07:35.448, 9093568342057, vstest.console.dll, TestPluginCache.GetExtensionPaths: Filtered extension paths: 
TpTrace Verbose: 0 : 15072, 1, 2024/03/10, 09:07:35.448, 9093568342673, vstest.console.dll, TestPluginCache.GetExtensionPaths: Added default extension paths: C:\Program Files (x86)\dotnet\sdk\6.0.408\Extensions\Microsoft.Diagnostics.NETCore.Client.dll
C:\Program Files (x86)\dotnet\sdk\6.0.408\Extensions\Microsoft.TestPlatform.Extensions.BlameDataCollector.dll
C:\Program Files (x86)\dotnet\sdk\6.0.408\Extensions\Microsoft.TestPlatform.Extensions.EventLogCollector.dll
C:\Program Files (x86)\dotnet\sdk\6.0.408\Extensions\Microsoft.TestPlatform.TestHostRuntimeProvider.dll
C:\Program Files (x86)\dotnet\sdk\6.0.408\Extensions\Microsoft.VisualStudio.TestPlatform.Extensions.Html.TestLogger.dll
C:\Program Files (x86)\dotnet\sdk\6.0.408\Extensions\Microsoft.VisualStudio.TestPlatform.Extensions.Trx.TestLogger.dll
TpTrace Verbose: 0 : 15072, 1, 2024/03/10, 09:07:35.448, 9093568343346, vstest.console.dll, TestPluginCache.GetExtensionPaths: Added unfilterableExtensionPaths: 
TpTrace Verbose: 0 : 15072, 1, 2024/03/10, 09:07:35.448, 9093568344093, vstest.console.dll, TestPluginCache.DiscoverTestExtensions: Discovering the extensions using allExtensionPaths: C:\Program Files (x86)\dotnet\sdk\6.0.408\Extensions\Microsoft.Diagnostics.NETCore.Client.dll
C:\Program Files (x86)\dotnet\sdk\6.0.408\Extensions\Microsoft.TestPlatform.Extensions.BlameDataCollector.dll
C:\Program Files (x86)\dotnet\sdk\6.0.408\Extensions\Microsoft.TestPlatform.Extensions.EventLogCollector.dll
C:\Program Files (x86)\dotnet\sdk\6.0.408\Extensions\Microsoft.TestPlatform.TestHostRuntimeProvider.dll
C:\Program Files (x86)\dotnet\sdk\6.0.408\Extensions\Microsoft.VisualStudio.TestPlatform.Extensions.Html.TestLogger.dll
C:\Program Files (x86)\dotnet\sdk\6.0.408\Extensions\Microsoft.VisualStudio.TestPlatform.Extensions.Trx.TestLogger.dll
TpTrace Information: 0 : 15072, 1, 2024/03/10, 09:07:35.448, 9093568345765, vstest.console.dll, AssemblyResolver.AddSearchDirectories: Adding more searchDirectories C:\Program Files (x86)\dotnet\sdk\6.0.408\Extensions,C:\Program Files (x86)\dotnet\sdk\6.0.408
TpTrace Information: 0 : 15072, 1, 2024/03/10, 09:07:35.448, 9093568346485, vstest.console.dll, AssemblyResolver.AddSearchDirectories: Adding more searchDirectories C:\Program Files (x86)\dotnet\sdk\6.0.408\Extensions,C:\Program Files (x86)\dotnet\sdk\6.0.408
TpTrace Information: 0 : 15072, 1, 2024/03/10, 09:07:35.448, 9093568347049, vstest.console.dll, AssemblyResolver.AddSearchDirectories: Adding more searchDirectories C:\Program Files (x86)\dotnet\sdk\6.0.408\Extensions,C:\Program Files (x86)\dotnet\sdk\6.0.408
TpTrace Information: 0 : 15072, 1, 2024/03/10, 09:07:35.448, 9093568347665, vstest.console.dll, AssemblyResolver.AddSearchDirectories: Adding more searchDirectories C:\Program Files (x86)\dotnet\sdk\6.0.408\Extensions,C:\Program Files (x86)\dotnet\sdk\6.0.408
TpTrace Information: 0 : 15072, 1, 2024/03/10, 09:07:35.449, 9093568348218, vstest.console.dll, AssemblyResolver.AddSearchDirectories: Adding more searchDirectories C:\Program Files (x86)\dotnet\sdk\6.0.408\Extensions,C:\Program Files (x86)\dotnet\sdk\6.0.408
TpTrace Information: 0 : 15072, 1, 2024/03/10, 09:07:35.449, 9093568348753, vstest.console.dll, AssemblyResolver.AddSearchDirectories: Adding more searchDirectories C:\Program Files (x86)\dotnet\sdk\6.0.408\Extensions,C:\Program Files (x86)\dotnet\sdk\6.0.408
TpTrace Information: 0 : 15072, 1, 2024/03/10, 09:07:35.449, 9093568351566, vstest.console.dll, AssemblyResolver.OnResolve: Microsoft.Diagnostics.NETCore.Client: Resolving assembly.
TpTrace Information: 0 : 15072, 1, 2024/03/10, 09:07:35.449, 9093568352378, vstest.console.dll, AssemblyResolver.OnResolve: Microsoft.Diagnostics.NETCore.Client: Searching in: 'C:\Program Files (x86)\dotnet\sdk\6.0.408\Extensions'.
TpTrace Information: 0 : 15072, 1, 2024/03/10, 09:07:35.449, 9093568355865, vstest.console.dll, AssemblyResolver.OnResolve: Microsoft.Diagnostics.NETCore.Client: Loading assembly 'C:\Program Files (x86)\dotnet\sdk\6.0.408\Extensions\Microsoft.Diagnostics.NETCore.Client.dll'.
TpTrace Information: 0 : 15072, 1, 2024/03/10, 09:07:35.450, 9093568361860, vstest.console.dll, AssemblyResolver.OnResolve: Resolved assembly: Microsoft.Diagnostics.NETCore.Client, from path: C:\Program Files (x86)\dotnet\sdk\6.0.408\Extensions\Microsoft.Diagnostics.NETCore.Client.dll
TpTrace Verbose: 0 : 15072, 1, 2024/03/10, 09:07:35.454, 9093568403044, vstest.console.dll, MetadataReaderExtensionsHelper: Discovering extensions inside assembly 'Microsoft.Diagnostics.NETCore.Client, Version=0.2.6.42401, Culture=neutral, PublicKeyToken=31bf3856ad364e35' file path 'C:\Program Files (x86)\dotnet\sdk\6.0.408\Extensions\Microsoft.Diagnostics.NETCore.Client.dll'
TpTrace Information: 0 : 15072, 1, 2024/03/10, 09:07:35.464, 9093568501366, vstest.console.dll, AssemblyResolver.OnResolve: Microsoft.Bcl.AsyncInterfaces: Resolving assembly.
TpTrace Information: 0 : 15072, 1, 2024/03/10, 09:07:35.464, 9093568502717, vstest.console.dll, AssemblyResolver.OnResolve: Microsoft.Bcl.AsyncInterfaces: Searching in: 'C:\Program Files (x86)\dotnet\sdk\6.0.408\Extensions'.
TpTrace Information: 0 : 15072, 1, 2024/03/10, 09:07:35.464, 9093568503927, vstest.console.dll, AssemblyResolver.OnResolve: Microsoft.Bcl.AsyncInterfaces: Assembly path does not exist: 'C:\Program Files (x86)\dotnet\sdk\6.0.408\Extensions\Microsoft.Bcl.AsyncInterfaces.dll', returning.
TpTrace Information: 0 : 15072, 1, 2024/03/10, 09:07:35.464, 9093568505332, vstest.console.dll, AssemblyResolver.OnResolve: Microsoft.Bcl.AsyncInterfaces: Assembly path does not exist: 'C:\Program Files (x86)\dotnet\sdk\6.0.408\Extensions\Microsoft.Bcl.AsyncInterfaces.exe', returning.
TpTrace Information: 0 : 15072, 1, 2024/03/10, 09:07:35.464, 9093568505938, vstest.console.dll, AssemblyResolver.OnResolve: Microsoft.Bcl.AsyncInterfaces: Searching in: 'C:\Program Files (x86)\dotnet\sdk\6.0.408'.
TpTrace Information: 0 : 15072, 1, 2024/03/10, 09:07:35.464, 9093568506853, vstest.console.dll, AssemblyResolver.OnResolve: Microsoft.Bcl.AsyncInterfaces: Assembly path does not exist: 'C:\Program Files (x86)\dotnet\sdk\6.0.408\Microsoft.Bcl.AsyncInterfaces.dll', returning.
TpTrace Information: 0 : 15072, 1, 2024/03/10, 09:07:35.465, 9093568507868, vstest.console.dll, AssemblyResolver.OnResolve: Microsoft.Bcl.AsyncInterfaces: Assembly path does not exist: 'C:\Program Files (x86)\dotnet\sdk\6.0.408\Microsoft.Bcl.AsyncInterfaces.exe', returning.
TpTrace Information: 0 : 15072, 1, 2024/03/10, 09:07:35.465, 9093568508428, vstest.console.dll, AssemblyResolver.OnResolve: Microsoft.Bcl.AsyncInterfaces: Failed to load assembly.
TpTrace Verbose: 0 : 15072, 1, 2024/03/10, 09:07:35.465, 9093568509043, vstest.console.dll, CurrentDomainAssemblyResolve: Resolving assembly 'Microsoft.Bcl.AsyncInterfaces'.
TpTrace Information: 0 : 15072, 1, 2024/03/10, 09:07:35.465, 9093568509825, vstest.console.dll, AssemblyResolver.OnResolve: Microsoft.Bcl.AsyncInterfaces: Resolving assembly.
TpTrace Information: 0 : 15072, 1, 2024/03/10, 09:07:35.465, 9093568510448, vstest.console.dll, AssemblyResolver.OnResolve: Microsoft.Bcl.AsyncInterfaces: Resolved from cache.
TpTrace Verbose: 0 : 15072, 1, 2024/03/10, 09:07:35.465, 9093568511006, vstest.console.dll, CurrentDomainAssemblyResolve: Resolving assembly 'Microsoft.Bcl.AsyncInterfaces'.
TpTrace Verbose: 0 : 15072, 1, 2024/03/10, 09:07:35.465, 9093568511647, vstest.console.dll, CurrentDomainAssemblyResolve: Failed to resolve assembly 'Microsoft.Bcl.AsyncInterfaces'.
TpTrace Verbose: 0 : 15072, 1, 2024/03/10, 09:07:35.465, 9093568515620, vstest.console.dll, CurrentDomainAssemblyResolve: Failed to resolve assembly 'Microsoft.Bcl.AsyncInterfaces'.
TpTrace Warning: 0 : 15072, 1, 2024/03/10, 09:07:35.474, 9093568598978, vstest.console.dll, TestPluginDiscoverer: Failed to get types from assembly 'Microsoft.Diagnostics.NETCore.Client, Version=0.2.6.42401, Culture=neutral, PublicKeyToken=31bf3856ad364e35'. Error: System.Reflection.ReflectionTypeLoadException: Unable to load one or more of the requested types.
Could not load file or assembly 'Microsoft.Bcl.AsyncInterfaces, Version=1.0.0.0, Culture=neutral, PublicKeyToken=cc7b13ffcd2ddd51'. The system cannot find the file specified.
   at System.Reflection.RuntimeModule.GetTypes(RuntimeModule module)
   at System.Reflection.Assembly.GetTypes()
   at Microsoft.VisualStudio.TestPlatform.Common.ExtensionFramework.TestPluginDiscoverer.GetTestExtensionsFromAssembly[TPluginInfo,TExtension](Assembly assembly, Dictionary`2 pluginInfos, String filePath)
System.IO.FileNotFoundException: Could not load file or assembly 'Microsoft.Bcl.AsyncInterfaces, Version=1.0.0.0, Culture=neutral, PublicKeyToken=cc7b13ffcd2ddd51'. The system cannot find the file specified.
File name: 'Microsoft.Bcl.AsyncInterfaces, Version=1.0.0.0, Culture=neutral, PublicKeyToken=cc7b13ffcd2ddd51'
 ---> System.IO.FileNotFoundException: Could not load file or assembly 'Microsoft.Bcl.AsyncInterfaces, Culture=neutral, PublicKeyToken=null'. The system cannot find the file specified.
File name: 'Microsoft.Bcl.AsyncInterfaces, Culture=neutral, PublicKeyToken=null'
   at System.Reflection.RuntimeAssembly.InternalLoad(ObjectHandleOnStack assemblyName, ObjectHandleOnStack requestingAssembly, StackCrawlMarkHandle stackMark, Boolean throwOnFileNotFound, ObjectHandleOnStack assemblyLoadContext, ObjectHandleOnStack retAssembly)
   at System.Reflection.RuntimeAssembly.InternalLoad(AssemblyName assemblyName, RuntimeAssembly requestingAssembly, StackCrawlMark& stackMark, Boolean throwOnFileNotFound, AssemblyLoadContext assemblyLoadContext)
   at System.Reflection.Assembly.Load(AssemblyName assemblyRef)
   at Microsoft.VisualStudio.TestPlatform.Common.ExtensionFramework.TestPluginCache.CurrentDomainAssemblyResolve(Object sender, AssemblyResolveEventArgs args)
   at Microsoft.VisualStudio.TestPlatform.PlatformAbstractions.PlatformAssemblyResolver.AssemblyResolverEvent(Object sender, Object eventArgs)
   at System.Runtime.Loader.AssemblyLoadContext.GetFirstResolvedAssemblyFromResolvingEvent(AssemblyName assemblyName)
   at System.Runtime.Loader.AssemblyLoadContext.ResolveUsingEvent(AssemblyName assemblyName)
   at System.Runtime.Loader.AssemblyLoadContext.ResolveUsingResolvingEvent(IntPtr gchManagedAssemblyLoadContext, AssemblyName assemblyName)
TpTrace Warning: 0 : 15072, 1, 2024/03/10, 09:07:35.474, 9093568603050, vstest.console.dll, LoaderExceptions: System.IO.FileNotFoundException: Could not load file or assembly 'Microsoft.Bcl.AsyncInterfaces, Version=1.0.0.0, Culture=neutral, PublicKeyToken=cc7b13ffcd2ddd51'. The system cannot find the file specified.
File name: 'Microsoft.Bcl.AsyncInterfaces, Version=1.0.0.0, Culture=neutral, PublicKeyToken=cc7b13ffcd2ddd51'
 ---> System.IO.FileNotFoundException: Could not load file or assembly 'Microsoft.Bcl.AsyncInterfaces, Culture=neutral, PublicKeyToken=null'. The system cannot find the file specified.
File name: 'Microsoft.Bcl.AsyncInterfaces, Culture=neutral, PublicKeyToken=null'
   at System.Reflection.RuntimeAssembly.InternalLoad(ObjectHandleOnStack assemblyName, ObjectHandleOnStack requestingAssembly, StackCrawlMarkHandle stackMark, Boolean throwOnFileNotFound, ObjectHandleOnStack assemblyLoadContext, ObjectHandleOnStack retAssembly)
   at System.Reflection.RuntimeAssembly.InternalLoad(AssemblyName assemblyName, RuntimeAssembly requestingAssembly, StackCrawlMark& stackMark, Boolean throwOnFileNotFound, AssemblyLoadContext assemblyLoadContext)
   at System.Reflection.Assembly.Load(AssemblyName assemblyRef)
   at Microsoft.VisualStudio.TestPlatform.Common.ExtensionFramework.TestPluginCache.CurrentDomainAssemblyResolve(Object sender, AssemblyResolveEventArgs args)
   at Microsoft.VisualStudio.TestPlatform.PlatformAbstractions.PlatformAssemblyResolver.AssemblyResolverEvent(Object sender, Object eventArgs)
   at System.Runtime.Loader.AssemblyLoadContext.GetFirstResolvedAssemblyFromResolvingEvent(AssemblyName assemblyName)
   at System.Runtime.Loader.AssemblyLoadContext.ResolveUsingEvent(AssemblyName assemblyName)
   at System.Runtime.Loader.AssemblyLoadContext.ResolveUsingResolvingEvent(IntPtr gchManagedAssemblyLoadContext, AssemblyName assemblyName)
TpTrace Information: 0 : 15072, 1, 2024/03/10, 09:07:35.474, 9093568604647, vstest.console.dll, AssemblyResolver.OnResolve: Microsoft.TestPlatform.Extensions.BlameDataCollector: Resolving assembly.
TpTrace Information: 0 : 15072, 1, 2024/03/10, 09:07:35.474, 9093568605318, vstest.console.dll, AssemblyResolver.OnResolve: Microsoft.TestPlatform.Extensions.BlameDataCollector: Searching in: 'C:\Program Files (x86)\dotnet\sdk\6.0.408\Extensions'.
TpTrace Information: 0 : 15072, 1, 2024/03/10, 09:07:35.475, 9093568607960, vstest.console.dll, AssemblyResolver.OnResolve: Microsoft.TestPlatform.Extensions.BlameDataCollector: Loading assembly 'C:\Program Files (x86)\dotnet\sdk\6.0.408\Extensions\Microsoft.TestPlatform.Extensions.BlameDataCollector.dll'.
TpTrace Information: 0 : 15072, 1, 2024/03/10, 09:07:35.475, 9093568613966, vstest.console.dll, AssemblyResolver.OnResolve: Resolved assembly: Microsoft.TestPlatform.Extensions.BlameDataCollector, from path: C:\Program Files (x86)\dotnet\sdk\6.0.408\Extensions\Microsoft.TestPlatform.Extensions.BlameDataCollector.dll
TpTrace Verbose: 0 : 15072, 1, 2024/03/10, 09:07:35.475, 9093568614997, vstest.console.dll, MetadataReaderExtensionsHelper: Discovering extensions inside assembly 'Microsoft.TestPlatform.Extensions.BlameDataCollector, Version=15.0.0.0, Culture=neutral, PublicKeyToken=b03f5f7f11d50a3a' file path 'C:\Program Files (x86)\dotnet\sdk\6.0.408\Extensions\Microsoft.TestPlatform.Extensions.BlameDataCollector.dll'
TpTrace Information: 0 : 15072, 1, 2024/03/10, 09:07:35.476, 9093568625229, vstest.console.dll, AssemblyResolver.OnResolve: Microsoft.TestPlatform.Extensions.EventLogCollector: Resolving assembly.
TpTrace Information: 0 : 15072, 1, 2024/03/10, 09:07:35.476, 9093568626191, vstest.console.dll, AssemblyResolver.OnResolve: Microsoft.TestPlatform.Extensions.EventLogCollector: Searching in: 'C:\Program Files (x86)\dotnet\sdk\6.0.408\Extensions'.
TpTrace Information: 0 : 15072, 1, 2024/03/10, 09:07:35.477, 9093568628901, vstest.console.dll, AssemblyResolver.OnResolve: Microsoft.TestPlatform.Extensions.EventLogCollector: Loading assembly 'C:\Program Files (x86)\dotnet\sdk\6.0.408\Extensions\Microsoft.TestPlatform.Extensions.EventLogCollector.dll'.
TpTrace Information: 0 : 15072, 1, 2024/03/10, 09:07:35.477, 9093568636851, vstest.console.dll, AssemblyResolver.OnResolve: Resolved assembly: Microsoft.TestPlatform.Extensions.EventLogCollector, from path: C:\Program Files (x86)\dotnet\sdk\6.0.408\Extensions\Microsoft.TestPlatform.Extensions.EventLogCollector.dll
TpTrace Verbose: 0 : 15072, 1, 2024/03/10, 09:07:35.478, 9093568637937, vstest.console.dll, MetadataReaderExtensionsHelper: Discovering extensions inside assembly 'Microsoft.TestPlatform.Extensions.EventLogCollector, Version=15.0.0.0, Culture=neutral, PublicKeyToken=b03f5f7f11d50a3a' file path 'C:\Program Files (x86)\dotnet\sdk\6.0.408\Extensions\Microsoft.TestPlatform.Extensions.EventLogCollector.dll'
TpTrace Information: 0 : 15072, 1, 2024/03/10, 09:07:35.480, 9093568661449, vstest.console.dll, AssemblyResolver.OnResolve: Microsoft.TestPlatform.TestHostRuntimeProvider: Resolving assembly.
TpTrace Information: 0 : 15072, 1, 2024/03/10, 09:07:35.480, 9093568662220, vstest.console.dll, AssemblyResolver.OnResolve: Microsoft.TestPlatform.TestHostRuntimeProvider: Searching in: 'C:\Program Files (x86)\dotnet\sdk\6.0.408\Extensions'.
TpTrace Information: 0 : 15072, 1, 2024/03/10, 09:07:35.480, 9093568664662, vstest.console.dll, AssemblyResolver.OnResolve: Microsoft.TestPlatform.TestHostRuntimeProvider: Loading assembly 'C:\Program Files (x86)\dotnet\sdk\6.0.408\Extensions\Microsoft.TestPlatform.TestHostRuntimeProvider.dll'.
TpTrace Information: 0 : 15072, 1, 2024/03/10, 09:07:35.481, 9093568669161, vstest.console.dll, AssemblyResolver.OnResolve: Resolved assembly: Microsoft.TestPlatform.TestHostRuntimeProvider, from path: C:\Program Files (x86)\dotnet\sdk\6.0.408\Extensions\Microsoft.TestPlatform.TestHostRuntimeProvider.dll
TpTrace Verbose: 0 : 15072, 1, 2024/03/10, 09:07:35.481, 9093568669966, vstest.console.dll, MetadataReaderExtensionsHelper: Discovering extensions inside assembly 'Microsoft.TestPlatform.TestHostRuntimeProvider, Version=15.0.0.0, Culture=neutral, PublicKeyToken=b03f5f7f11d50a3a' file path 'C:\Program Files (x86)\dotnet\sdk\6.0.408\Extensions\Microsoft.TestPlatform.TestHostRuntimeProvider.dll'
TpTrace Information: 0 : 15072, 1, 2024/03/10, 09:07:35.482, 9093568684438, vstest.console.dll, GetTestExtensionFromType: Register extension with identifier data 'HostProvider://DefaultTestHost' and type 'Microsoft.VisualStudio.TestPlatform.CrossPlatEngine.Hosting.DefaultTestHostManager, Microsoft.TestPlatform.TestHostRuntimeProvider, Version=15.0.0.0, Culture=neutral, PublicKeyToken=b03f5f7f11d50a3a' inside file 'C:\Program Files (x86)\dotnet\sdk\6.0.408\Extensions\Microsoft.TestPlatform.TestHostRuntimeProvider.dll'
TpTrace Information: 0 : 15072, 1, 2024/03/10, 09:07:35.482, 9093568685390, vstest.console.dll, GetTestExtensionFromType: Register extension with identifier data 'HostProvider://DotnetTestHost' and type 'Microsoft.VisualStudio.TestPlatform.CrossPlatEngine.Hosting.DotnetTestHostManager, Microsoft.TestPlatform.TestHostRuntimeProvider, Version=15.0.0.0, Culture=neutral, PublicKeyToken=b03f5f7f11d50a3a' inside file 'C:\Program Files (x86)\dotnet\sdk\6.0.408\Extensions\Microsoft.TestPlatform.TestHostRuntimeProvider.dll'
TpTrace Information: 0 : 15072, 1, 2024/03/10, 09:07:35.482, 9093568686323, vstest.console.dll, AssemblyResolver.OnResolve: Microsoft.VisualStudio.TestPlatform.Extensions.Html.TestLogger: Resolving assembly.
TpTrace Information: 0 : 15072, 1, 2024/03/10, 09:07:35.482, 9093568686994, vstest.console.dll, AssemblyResolver.OnResolve: Microsoft.VisualStudio.TestPlatform.Extensions.Html.TestLogger: Searching in: 'C:\Program Files (x86)\dotnet\sdk\6.0.408\Extensions'.
TpTrace Information: 0 : 15072, 1, 2024/03/10, 09:07:35.483, 9093568689428, vstest.console.dll, AssemblyResolver.OnResolve: Microsoft.VisualStudio.TestPlatform.Extensions.Html.TestLogger: Loading assembly 'C:\Program Files (x86)\dotnet\sdk\6.0.408\Extensions\Microsoft.VisualStudio.TestPlatform.Extensions.Html.TestLogger.dll'.
TpTrace Information: 0 : 15072, 1, 2024/03/10, 09:07:35.483, 9093568694311, vstest.console.dll, AssemblyResolver.OnResolve: Resolved assembly: Microsoft.VisualStudio.TestPlatform.Extensions.Html.TestLogger, from path: C:\Program Files (x86)\dotnet\sdk\6.0.408\Extensions\Microsoft.VisualStudio.TestPlatform.Extensions.Html.TestLogger.dll
TpTrace Verbose: 0 : 15072, 1, 2024/03/10, 09:07:35.483, 9093568695184, vstest.console.dll, MetadataReaderExtensionsHelper: Discovering extensions inside assembly 'Microsoft.VisualStudio.TestPlatform.Extensions.Html.TestLogger, Version=15.0.0.0, Culture=neutral, PublicKeyToken=b03f5f7f11d50a3a' file path 'C:\Program Files (x86)\dotnet\sdk\6.0.408\Extensions\Microsoft.VisualStudio.TestPlatform.Extensions.Html.TestLogger.dll'
TpTrace Information: 0 : 15072, 1, 2024/03/10, 09:07:35.484, 9093568701732, vstest.console.dll, AssemblyResolver.OnResolve: Microsoft.VisualStudio.TestPlatform.Extensions.Trx.TestLogger: Resolving assembly.
TpTrace Information: 0 : 15072, 1, 2024/03/10, 09:07:35.484, 9093568702670, vstest.console.dll, AssemblyResolver.OnResolve: Microsoft.VisualStudio.TestPlatform.Extensions.Trx.TestLogger: Searching in: 'C:\Program Files (x86)\dotnet\sdk\6.0.408\Extensions'.
TpTrace Information: 0 : 15072, 1, 2024/03/10, 09:07:35.484, 9093568705177, vstest.console.dll, AssemblyResolver.OnResolve: Microsoft.VisualStudio.TestPlatform.Extensions.Trx.TestLogger: Loading assembly 'C:\Program Files (x86)\dotnet\sdk\6.0.408\Extensions\Microsoft.VisualStudio.TestPlatform.Extensions.Trx.TestLogger.dll'.
TpTrace Information: 0 : 15072, 1, 2024/03/10, 09:07:35.485, 9093568710331, vstest.console.dll, AssemblyResolver.OnResolve: Resolved assembly: Microsoft.VisualStudio.TestPlatform.Extensions.Trx.TestLogger, from path: C:\Program Files (x86)\dotnet\sdk\6.0.408\Extensions\Microsoft.VisualStudio.TestPlatform.Extensions.Trx.TestLogger.dll
TpTrace Verbose: 0 : 15072, 1, 2024/03/10, 09:07:35.485, 9093568711204, vstest.console.dll, MetadataReaderExtensionsHelper: Discovering extensions inside assembly 'Microsoft.VisualStudio.TestPlatform.Extensions.Trx.TestLogger, Version=15.0.0.0, Culture=neutral, PublicKeyToken=b03f5f7f11d50a3a' file path 'C:\Program Files (x86)\dotnet\sdk\6.0.408\Extensions\Microsoft.VisualStudio.TestPlatform.Extensions.Trx.TestLogger.dll'
TpTrace Verbose: 0 : 15072, 1, 2024/03/10, 09:07:35.486, 9093568718344, vstest.console.dll, TestPluginCache: Discovered the extensions using extension path ''.
TpTrace Verbose: 0 : 15072, 1, 2024/03/10, 09:07:35.486, 9093568719123, vstest.console.dll, TestPluginCache: Discoverers are ''.
TpTrace Verbose: 0 : 15072, 1, 2024/03/10, 09:07:35.486, 9093568719672, vstest.console.dll, TestPluginCache: Executors are ''.
TpTrace Verbose: 0 : 15072, 1, 2024/03/10, 09:07:35.486, 9093568720167, vstest.console.dll, TestPluginCache: Executors2 are ''.
TpTrace Verbose: 0 : 15072, 1, 2024/03/10, 09:07:35.486, 9093568720654, vstest.console.dll, TestPluginCache: Setting providers are ''.
TpTrace Verbose: 0 : 15072, 1, 2024/03/10, 09:07:35.486, 9093568721198, vstest.console.dll, TestPluginCache: Loggers are ''.
TpTrace Verbose: 0 : 15072, 1, 2024/03/10, 09:07:35.486, 9093568722089, vstest.console.dll, TestPluginCache: TestHosts are 'HostProvider://DefaultTestHost,HostProvider://DotnetTestHost'.
TpTrace Verbose: 0 : 15072, 1, 2024/03/10, 09:07:35.486, 9093568722668, vstest.console.dll, TestPluginCache: DataCollectors are ''.
TpTrace Information: 0 : 15072, 1, 2024/03/10, 09:07:35.495, 9093568813949, vstest.console.dll, RunTestsArgumentProcessor:Execute: Test run is starting.
TpTrace Verbose: 0 : 15072, 1, 2024/03/10, 09:07:35.495, 9093568815006, vstest.console.dll, RunTestsArgumentProcessor:Execute: Queuing Test run.
TpTrace Information: 0 : 15072, 1, 2024/03/10, 09:07:35.495, 9093568817393, vstest.console.dll, TestRequestManager.RunTests: run tests started.
TpTrace Information: 0 : 15072, 1, 2024/03/10, 09:07:35.503, 9093568896860, vstest.console.dll, AssemblyMetadataProvider.GetFrameworkName: Determined framework:'.NETCoreApp,Version=v6.0' for source: 'D:\SoftUni\7 Back-End Test Automation-March-2024\repo\QA-Back-End-Test-Automation-March-2024\01.RestSharp-API-GitHub\RestSharp\05.RestSharpTestProject\bin\Debug\net6.0\fine-code-coverage\build-output\05.RestSharpTestProject.dll'
TpTrace Information: 0 : 15072, 1, 2024/03/10, 09:07:35.504, 9093568898849, vstest.console.dll, Determined framework for all sources: .NETCoreApp,Version=v6.0
TpTrace Verbose: 0 : 15072, 1, 2024/03/10, 09:07:35.504, 9093568903332, vstest.console.dll, TestRequestManager.UpdateRunSettingsIfRequired: Default architecture: X86 IsDefaultTargetArchitecture: True, Current process architecture: X86 OperatingSystem: Windows.
TpTrace Information: 0 : 15072, 1, 2024/03/10, 09:07:35.506, 9093568925233, vstest.console.dll, AssemblyMetadataProvider.GetArchitecture: Determined architecture:AnyCPU info for assembly: D:\SoftUni\7 Back-End Test Automation-March-2024\repo\QA-Back-End-Test-Automation-March-2024\01.RestSharp-API-GitHub\RestSharp\05.RestSharpTestProject\bin\Debug\net6.0\fine-code-coverage\build-output\05.RestSharpTestProject.dll
TpTrace Information: 0 : 15072, 1, 2024/03/10, 09:07:35.506, 9093568926121, vstest.console.dll, Determined platform for source 'D:\SoftUni\7 Back-End Test Automation-March-2024\repo\QA-Back-End-Test-Automation-March-2024\01.RestSharp-API-GitHub\RestSharp\05.RestSharpTestProject\bin\Debug\net6.0\fine-code-coverage\build-output\05.RestSharpTestProject.dll' was AnyCPU and it will use the default plaform X86.
TpTrace Information: 0 : 15072, 1, 2024/03/10, 09:07:35.506, 9093568926681, vstest.console.dll, None of the sources provided any runnable platform, using the default platform: X86
TpTrace Information: 0 : 15072, 1, 2024/03/10, 09:07:35.506, 9093568927562, vstest.console.dll, Platform was updated to 'X86'.
TpTrace Information: 0 : 15072, 1, 2024/03/10, 09:07:35.510, 9093568958371, vstest.console.dll, InferRunSettingsHelper.IsTestSettingsEnabled: Unable to navigate to RunSettings/MSTest. Current node: RunSettings
TpTrace Information: 0 : 15072, 1, 2024/03/10, 09:07:35.510, 9093568963689, vstest.console.dll, AssemblyResolver.OnResolve: Microsoft.VisualStudio.TestPlatform.Fakes: Resolving assembly.
TpTrace Information: 0 : 15072, 1, 2024/03/10, 09:07:35.510, 9093568964525, vstest.console.dll, AssemblyResolver.OnResolve: Microsoft.VisualStudio.TestPlatform.Fakes: Searching in: 'C:\Program Files (x86)\dotnet\sdk\6.0.408\Extensions'.
TpTrace Information: 0 : 15072, 1, 2024/03/10, 09:07:35.510, 9093568965822, vstest.console.dll, AssemblyResolver.OnResolve: Microsoft.VisualStudio.TestPlatform.Fakes: Assembly path does not exist: 'C:\Program Files (x86)\dotnet\sdk\6.0.408\Extensions\Microsoft.VisualStudio.TestPlatform.Fakes.dll', returning.
TpTrace Information: 0 : 15072, 1, 2024/03/10, 09:07:35.510, 9093568966790, vstest.console.dll, AssemblyResolver.OnResolve: Microsoft.VisualStudio.TestPlatform.Fakes: Assembly path does not exist: 'C:\Program Files (x86)\dotnet\sdk\6.0.408\Extensions\Microsoft.VisualStudio.TestPlatform.Fakes.exe', returning.
TpTrace Information: 0 : 15072, 1, 2024/03/10, 09:07:35.510, 9093568967358, vstest.console.dll, AssemblyResolver.OnResolve: Microsoft.VisualStudio.TestPlatform.Fakes: Searching in: 'C:\Program Files (x86)\dotnet\sdk\6.0.408'.
TpTrace Information: 0 : 15072, 1, 2024/03/10, 09:07:35.511, 9093568968456, vstest.console.dll, AssemblyResolver.OnResolve: Microsoft.VisualStudio.TestPlatform.Fakes: Assembly path does not exist: 'C:\Program Files (x86)\dotnet\sdk\6.0.408\Microsoft.VisualStudio.TestPlatform.Fakes.dll', returning.
TpTrace Information: 0 : 15072, 1, 2024/03/10, 09:07:35.511, 9093568969413, vstest.console.dll, AssemblyResolver.OnResolve: Microsoft.VisualStudio.TestPlatform.Fakes: Assembly path does not exist: 'C:\Program Files (x86)\dotnet\sdk\6.0.408\Microsoft.VisualStudio.TestPlatform.Fakes.exe', returning.
TpTrace Information: 0 : 15072, 1, 2024/03/10, 09:07:35.511, 9093568969978, vstest.console.dll, AssemblyResolver.OnResolve: Microsoft.VisualStudio.TestPlatform.Fakes: Failed to load assembly.
TpTrace Information: 0 : 15072, 1, 2024/03/10, 09:07:35.511, 9093568972408, vstest.console.dll, Failed to load assembly Microsoft.VisualStudio.TestPlatform.Fakes, Version=17.0.0.0, Culture=neutral. Reason:System.IO.FileNotFoundException: Could not load file or assembly 'Microsoft.VisualStudio.TestPlatform.Fakes, Version=17.0.0.0, Culture=neutral, PublicKeyToken=null'. The system cannot find the file specified.
File name: 'Microsoft.VisualStudio.TestPlatform.Fakes, Version=17.0.0.0, Culture=neutral, PublicKeyToken=null'
   at System.Reflection.RuntimeAssembly.InternalLoad(ObjectHandleOnStack assemblyName, ObjectHandleOnStack requestingAssembly, StackCrawlMarkHandle stackMark, Boolean throwOnFileNotFound, ObjectHandleOnStack assemblyLoadContext, ObjectHandleOnStack retAssembly)
   at System.Reflection.RuntimeAssembly.InternalLoad(AssemblyName assemblyName, RuntimeAssembly requestingAssembly, StackCrawlMark& stackMark, Boolean throwOnFileNotFound, AssemblyLoadContext assemblyLoadContext)
   at System.Reflection.Assembly.Load(AssemblyName assemblyRef)
   at Microsoft.VisualStudio.TestPlatform.Common.Utilities.FakesUtilities.LoadTestPlatformAssembly()
TpTrace Verbose: 0 : 15072, 1, 2024/03/10, 09:07:35.514, 9093569000928, vstest.console.dll, TestPluginCache.DiscoverTestExtensions: finding test extensions in assemblies ends with: TestLogger.dll TPluginInfo: Microsoft.VisualStudio.TestPlatform.Common.ExtensionFramework.Utilities.TestLoggerPluginInformation TExtension: Microsoft.VisualStudio.TestPlatform.ObjectModel.Client.ITestLogger
TpTrace Verbose: 0 : 15072, 1, 2024/03/10, 09:07:35.514, 9093569001785, vstest.console.dll, TestPluginCache.GetExtensionPaths: Filtered extension paths: 
TpTrace Verbose: 0 : 15072, 1, 2024/03/10, 09:07:35.514, 9093569002366, vstest.console.dll, TestPluginCache.GetExtensionPaths: Added default extension paths: C:\Program Files (x86)\dotnet\sdk\6.0.408\Extensions\Microsoft.Diagnostics.NETCore.Client.dll
C:\Program Files (x86)\dotnet\sdk\6.0.408\Extensions\Microsoft.TestPlatform.Extensions.BlameDataCollector.dll
C:\Program Files (x86)\dotnet\sdk\6.0.408\Extensions\Microsoft.TestPlatform.Extensions.EventLogCollector.dll
C:\Program Files (x86)\dotnet\sdk\6.0.408\Extensions\Microsoft.TestPlatform.TestHostRuntimeProvider.dll
C:\Program Files (x86)\dotnet\sdk\6.0.408\Extensions\Microsoft.VisualStudio.TestPlatform.Extensions.Html.TestLogger.dll
C:\Program Files (x86)\dotnet\sdk\6.0.408\Extensions\Microsoft.VisualStudio.TestPlatform.Extensions.Trx.TestLogger.dll
TpTrace Verbose: 0 : 15072, 1, 2024/03/10, 09:07:35.514, 9093569002979, vstest.console.dll, TestPluginCache.GetExtensionPaths: Added unfilterableExtensionPaths: 
TpTrace Information: 0 : 15072, 1, 2024/03/10, 09:07:35.514, 9093569004244, vstest.console.dll, AssemblyResolver.AddSearchDirectories: Adding more searchDirectories C:\Program Files (x86)\dotnet\sdk\6.0.408\Extensions,C:\Program Files (x86)\dotnet\sdk\6.0.408
TpTrace Verbose: 0 : 15072, 1, 2024/03/10, 09:07:35.514, 9093569004885, vstest.console.dll, TestPluginCache.DiscoverTestExtensions: Discovering the extensions using extension path.
TpTrace Verbose: 0 : 15072, 1, 2024/03/10, 09:07:35.514, 9093569005480, vstest.console.dll, TestPluginCache.GetExtensionPaths: Filtered extension paths: 
TpTrace Verbose: 0 : 15072, 1, 2024/03/10, 09:07:35.514, 9093569006501, vstest.console.dll, TestPluginCache.GetExtensionPaths: Added default extension paths: C:\Program Files (x86)\dotnet\sdk\6.0.408\Extensions\Microsoft.Diagnostics.NETCore.Client.dll
C:\Program Files (x86)\dotnet\sdk\6.0.408\Extensions\Microsoft.TestPlatform.Extensions.BlameDataCollector.dll
C:\Program Files (x86)\dotnet\sdk\6.0.408\Extensions\Microsoft.TestPlatform.Extensions.EventLogCollector.dll
C:\Program Files (x86)\dotnet\sdk\6.0.408\Extensions\Microsoft.TestPlatform.TestHostRuntimeProvider.dll
C:\Program Files (x86)\dotnet\sdk\6.0.408\Extensions\Microsoft.VisualStudio.TestPlatform.Extensions.Html.TestLogger.dll
C:\Program Files (x86)\dotnet\sdk\6.0.408\Extensions\Microsoft.VisualStudio.TestPlatform.Extensions.Trx.TestLogger.dll
TpTrace Verbose: 0 : 15072, 1, 2024/03/10, 09:07:35.514, 9093569007104, vstest.console.dll, TestPluginCache.GetExtensionPaths: Added unfilterableExtensionPaths: 
TpTrace Verbose: 0 : 15072, 1, 2024/03/10, 09:07:35.514, 9093569007740, vstest.console.dll, TestPluginCache.DiscoverTestExtensions: Discovering the extensions using allExtensionPaths: C:\Program Files (x86)\dotnet\sdk\6.0.408\Extensions\Microsoft.Diagnostics.NETCore.Client.dll
C:\Program Files (x86)\dotnet\sdk\6.0.408\Extensions\Microsoft.TestPlatform.Extensions.BlameDataCollector.dll
C:\Program Files (x86)\dotnet\sdk\6.0.408\Extensions\Microsoft.TestPlatform.Extensions.EventLogCollector.dll
C:\Program Files (x86)\dotnet\sdk\6.0.408\Extensions\Microsoft.TestPlatform.TestHostRuntimeProvider.dll
C:\Program Files (x86)\dotnet\sdk\6.0.408\Extensions\Microsoft.VisualStudio.TestPlatform.Extensions.Html.TestLogger.dll
C:\Program Files (x86)\dotnet\sdk\6.0.408\Extensions\Microsoft.VisualStudio.TestPlatform.Extensions.Trx.TestLogger.dll
TpTrace Information: 0 : 15072, 1, 2024/03/10, 09:07:35.515, 9093569008749, vstest.console.dll, AssemblyResolver.AddSearchDirectories: Adding more searchDirectories C:\Program Files (x86)\dotnet\sdk\6.0.408\Extensions,C:\Program Files (x86)\dotnet\sdk\6.0.408
TpTrace Information: 0 : 15072, 1, 2024/03/10, 09:07:35.515, 9093569009711, vstest.console.dll, AssemblyResolver.AddSearchDirectories: Adding more searchDirectories C:\Program Files (x86)\dotnet\sdk\6.0.408\Extensions,C:\Program Files (x86)\dotnet\sdk\6.0.408
TpTrace Information: 0 : 15072, 1, 2024/03/10, 09:07:35.515, 9093569010617, vstest.console.dll, AssemblyResolver.AddSearchDirectories: Adding more searchDirectories C:\Program Files (x86)\dotnet\sdk\6.0.408\Extensions,C:\Program Files (x86)\dotnet\sdk\6.0.408
TpTrace Information: 0 : 15072, 1, 2024/03/10, 09:07:35.515, 9093569011275, vstest.console.dll, AssemblyResolver.AddSearchDirectories: Adding more searchDirectories C:\Program Files (x86)\dotnet\sdk\6.0.408\Extensions,C:\Program Files (x86)\dotnet\sdk\6.0.408
TpTrace Information: 0 : 15072, 1, 2024/03/10, 09:07:35.515, 9093569011829, vstest.console.dll, AssemblyResolver.AddSearchDirectories: Adding more searchDirectories C:\Program Files (x86)\dotnet\sdk\6.0.408\Extensions,C:\Program Files (x86)\dotnet\sdk\6.0.408
TpTrace Information: 0 : 15072, 1, 2024/03/10, 09:07:35.515, 9093569012421, vstest.console.dll, AssemblyResolver.AddSearchDirectories: Adding more searchDirectories C:\Program Files (x86)\dotnet\sdk\6.0.408\Extensions,C:\Program Files (x86)\dotnet\sdk\6.0.408
TpTrace Verbose: 0 : 15072, 1, 2024/03/10, 09:07:35.515, 9093569013714, vstest.console.dll, MetadataReaderExtensionsHelper: Discovering extensions inside assembly 'Microsoft.Diagnostics.NETCore.Client, Version=0.2.6.42401, Culture=neutral, PublicKeyToken=31bf3856ad364e35' file path 'C:\Program Files (x86)\dotnet\sdk\6.0.408\Extensions\Microsoft.Diagnostics.NETCore.Client.dll'
TpTrace Information: 0 : 15072, 1, 2024/03/10, 09:07:35.515, 9093569017592, vstest.console.dll, AssemblyResolver.OnResolve: Microsoft.Bcl.AsyncInterfaces: Resolving assembly.
TpTrace Information: 0 : 15072, 1, 2024/03/10, 09:07:35.516, 9093569018248, vstest.console.dll, AssemblyResolver.OnResolve: Microsoft.Bcl.AsyncInterfaces: Resolved from cache.
TpTrace Verbose: 0 : 15072, 1, 2024/03/10, 09:07:35.516, 9093569018843, vstest.console.dll, CurrentDomainAssemblyResolve: Resolving assembly 'Microsoft.Bcl.AsyncInterfaces'.
TpTrace Information: 0 : 15072, 1, 2024/03/10, 09:07:35.516, 9093569019593, vstest.console.dll, AssemblyResolver.OnResolve: Microsoft.Bcl.AsyncInterfaces: Resolving assembly.
TpTrace Information: 0 : 15072, 1, 2024/03/10, 09:07:35.516, 9093569020142, vstest.console.dll, AssemblyResolver.OnResolve: Microsoft.Bcl.AsyncInterfaces: Resolved from cache.
TpTrace Verbose: 0 : 15072, 1, 2024/03/10, 09:07:35.516, 9093569020676, vstest.console.dll, CurrentDomainAssemblyResolve: Resolving assembly 'Microsoft.Bcl.AsyncInterfaces'.
TpTrace Verbose: 0 : 15072, 1, 2024/03/10, 09:07:35.516, 9093569021186, vstest.console.dll, CurrentDomainAssemblyResolve: Failed to resolve assembly 'Microsoft.Bcl.AsyncInterfaces'.
TpTrace Verbose: 0 : 15072, 1, 2024/03/10, 09:07:35.516, 9093569022634, vstest.console.dll, CurrentDomainAssemblyResolve: Failed to resolve assembly 'Microsoft.Bcl.AsyncInterfaces'.
TpTrace Warning: 0 : 15072, 1, 2024/03/10, 09:07:35.516, 9093569025782, vstest.console.dll, TestPluginDiscoverer: Failed to get types from assembly 'Microsoft.Diagnostics.NETCore.Client, Version=0.2.6.42401, Culture=neutral, PublicKeyToken=31bf3856ad364e35'. Error: System.Reflection.ReflectionTypeLoadException: Unable to load one or more of the requested types.
Could not load file or assembly 'Microsoft.Bcl.AsyncInterfaces, Version=1.0.0.0, Culture=neutral, PublicKeyToken=cc7b13ffcd2ddd51'. The system cannot find the file specified.
   at System.Reflection.RuntimeModule.GetTypes(RuntimeModule module)
   at System.Reflection.Assembly.GetTypes()
   at Microsoft.VisualStudio.TestPlatform.Common.ExtensionFramework.TestPluginDiscoverer.GetTestExtensionsFromAssembly[TPluginInfo,TExtension](Assembly assembly, Dictionary`2 pluginInfos, String filePath)
System.IO.FileNotFoundException: Could not load file or assembly 'Microsoft.Bcl.AsyncInterfaces, Version=1.0.0.0, Culture=neutral, PublicKeyToken=cc7b13ffcd2ddd51'. The system cannot find the file specified.
File name: 'Microsoft.Bcl.AsyncInterfaces, Version=1.0.0.0, Culture=neutral, PublicKeyToken=cc7b13ffcd2ddd51'
 ---> System.IO.FileNotFoundException: Could not load file or assembly 'Microsoft.Bcl.AsyncInterfaces, Culture=neutral, PublicKeyToken=null'. The system cannot find the file specified.
File name: 'Microsoft.Bcl.AsyncInterfaces, Culture=neutral, PublicKeyToken=null'
   at System.Reflection.RuntimeAssembly.InternalLoad(ObjectHandleOnStack assemblyName, ObjectHandleOnStack requestingAssembly, StackCrawlMarkHandle stackMark, Boolean throwOnFileNotFound, ObjectHandleOnStack assemblyLoadContext, ObjectHandleOnStack retAssembly)
   at System.Reflection.RuntimeAssembly.InternalLoad(AssemblyName assemblyName, RuntimeAssembly requestingAssembly, StackCrawlMark& stackMark, Boolean throwOnFileNotFound, AssemblyLoadContext assemblyLoadContext)
   at System.Reflection.Assembly.Load(AssemblyName assemblyRef)
   at Microsoft.VisualStudio.TestPlatform.Common.ExtensionFramework.TestPluginCache.CurrentDomainAssemblyResolve(Object sender, AssemblyResolveEventArgs args)
   at Microsoft.VisualStudio.TestPlatform.PlatformAbstractions.PlatformAssemblyResolver.AssemblyResolverEvent(Object sender, Object eventArgs)
   at System.Runtime.Loader.AssemblyLoadContext.GetFirstResolvedAssemblyFromResolvingEvent(AssemblyName assemblyName)
   at System.Runtime.Loader.AssemblyLoadContext.ResolveUsingEvent(AssemblyName assemblyName)
   at System.Runtime.Loader.AssemblyLoadContext.ResolveUsingResolvingEvent(IntPtr gchManagedAssemblyLoadContext, AssemblyName assemblyName)
TpTrace Warning: 0 : 15072, 1, 2024/03/10, 09:07:35.516, 9093569027708, vstest.console.dll, LoaderExceptions: System.IO.FileNotFoundException: Could not load file or assembly 'Microsoft.Bcl.AsyncInterfaces, Version=1.0.0.0, Culture=neutral, PublicKeyToken=cc7b13ffcd2ddd51'. The system cannot find the file specified.
File name: 'Microsoft.Bcl.AsyncInterfaces, Version=1.0.0.0, Culture=neutral, PublicKeyToken=cc7b13ffcd2ddd51'
 ---> System.IO.FileNotFoundException: Could not load file or assembly 'Microsoft.Bcl.AsyncInterfaces, Culture=neutral, PublicKeyToken=null'. The system cannot find the file specified.
File name: 'Microsoft.Bcl.AsyncInterfaces, Culture=neutral, PublicKeyToken=null'
   at System.Reflection.RuntimeAssembly.InternalLoad(ObjectHandleOnStack assemblyName, ObjectHandleOnStack requestingAssembly, StackCrawlMarkHandle stackMark, Boolean throwOnFileNotFound, ObjectHandleOnStack assemblyLoadContext, ObjectHandleOnStack retAssembly)
   at System.Reflection.RuntimeAssembly.InternalLoad(AssemblyName assemblyName, RuntimeAssembly requestingAssembly, StackCrawlMark& stackMark, Boolean throwOnFileNotFound, AssemblyLoadContext assemblyLoadContext)
   at System.Reflection.Assembly.Load(AssemblyName assemblyRef)
   at Microsoft.VisualStudio.TestPlatform.Common.ExtensionFramework.TestPluginCache.CurrentDomainAssemblyResolve(Object sender, AssemblyResolveEventArgs args)
   at Microsoft.VisualStudio.TestPlatform.PlatformAbstractions.PlatformAssemblyResolver.AssemblyResolverEvent(Object sender, Object eventArgs)
   at System.Runtime.Loader.AssemblyLoadContext.GetFirstResolvedAssemblyFromResolvingEvent(AssemblyName assemblyName)
   at System.Runtime.Loader.AssemblyLoadContext.ResolveUsingEvent(AssemblyName assemblyName)
   at System.Runtime.Loader.AssemblyLoadContext.ResolveUsingResolvingEvent(IntPtr gchManagedAssemblyLoadContext, AssemblyName assemblyName)
TpTrace Verbose: 0 : 15072, 1, 2024/03/10, 09:07:35.517, 9093569028649, vstest.console.dll, MetadataReaderExtensionsHelper: Discovering extensions inside assembly 'Microsoft.TestPlatform.Extensions.BlameDataCollector, Version=15.0.0.0, Culture=neutral, PublicKeyToken=b03f5f7f11d50a3a' file path 'C:\Program Files (x86)\dotnet\sdk\6.0.408\Extensions\Microsoft.TestPlatform.Extensions.BlameDataCollector.dll'
TpTrace Information: 0 : 15072, 1, 2024/03/10, 09:07:35.517, 9093569032306, vstest.console.dll, GetTestExtensionFromType: Register extension with identifier data 'logger://Microsoft/TestPlatform/Extensions/Blame/v1' and type 'Microsoft.TestPlatform.Extensions.BlameDataCollector.BlameLogger, Microsoft.TestPlatform.Extensions.BlameDataCollector, Version=15.0.0.0, Culture=neutral, PublicKeyToken=b03f5f7f11d50a3a' inside file 'C:\Program Files (x86)\dotnet\sdk\6.0.408\Extensions\Microsoft.TestPlatform.Extensions.BlameDataCollector.dll'
TpTrace Verbose: 0 : 15072, 1, 2024/03/10, 09:07:35.517, 9093569033160, vstest.console.dll, MetadataReaderExtensionsHelper: Discovering extensions inside assembly 'Microsoft.TestPlatform.Extensions.EventLogCollector, Version=15.0.0.0, Culture=neutral, PublicKeyToken=b03f5f7f11d50a3a' file path 'C:\Program Files (x86)\dotnet\sdk\6.0.408\Extensions\Microsoft.TestPlatform.Extensions.EventLogCollector.dll'
TpTrace Verbose: 0 : 15072, 1, 2024/03/10, 09:07:35.517, 9093569035786, vstest.console.dll, MetadataReaderExtensionsHelper: Discovering extensions inside assembly 'Microsoft.TestPlatform.TestHostRuntimeProvider, Version=15.0.0.0, Culture=neutral, PublicKeyToken=b03f5f7f11d50a3a' file path 'C:\Program Files (x86)\dotnet\sdk\6.0.408\Extensions\Microsoft.TestPlatform.TestHostRuntimeProvider.dll'
TpTrace Verbose: 0 : 15072, 1, 2024/03/10, 09:07:35.518, 9093569038510, vstest.console.dll, MetadataReaderExtensionsHelper: Discovering extensions inside assembly 'Microsoft.VisualStudio.TestPlatform.Extensions.Html.TestLogger, Version=15.0.0.0, Culture=neutral, PublicKeyToken=b03f5f7f11d50a3a' file path 'C:\Program Files (x86)\dotnet\sdk\6.0.408\Extensions\Microsoft.VisualStudio.TestPlatform.Extensions.Html.TestLogger.dll'
TpTrace Information: 0 : 15072, 1, 2024/03/10, 09:07:35.518, 9093569041506, vstest.console.dll, GetTestExtensionFromType: Register extension with identifier data 'logger://Microsoft/TestPlatform/HtmlLogger/v1' and type 'Microsoft.VisualStudio.TestPlatform.Extensions.HtmlLogger.HtmlLogger, Microsoft.VisualStudio.TestPlatform.Extensions.Html.TestLogger, Version=15.0.0.0, Culture=neutral, PublicKeyToken=b03f5f7f11d50a3a' inside file 'C:\Program Files (x86)\dotnet\sdk\6.0.408\Extensions\Microsoft.VisualStudio.TestPlatform.Extensions.Html.TestLogger.dll'
TpTrace Verbose: 0 : 15072, 1, 2024/03/10, 09:07:35.518, 9093569042341, vstest.console.dll, MetadataReaderExtensionsHelper: Discovering extensions inside assembly 'Microsoft.VisualStudio.TestPlatform.Extensions.Trx.TestLogger, Version=15.0.0.0, Culture=neutral, PublicKeyToken=b03f5f7f11d50a3a' file path 'C:\Program Files (x86)\dotnet\sdk\6.0.408\Extensions\Microsoft.VisualStudio.TestPlatform.Extensions.Trx.TestLogger.dll'
TpTrace Information: 0 : 15072, 1, 2024/03/10, 09:07:35.518, 9093569045358, vstest.console.dll, GetTestExtensionFromType: Register extension with identifier data 'logger://Microsoft/TestPlatform/TrxLogger/v1' and type 'Microsoft.VisualStudio.TestPlatform.Extensions.TrxLogger.TrxLogger, Microsoft.VisualStudio.TestPlatform.Extensions.Trx.TestLogger, Version=15.0.0.0, Culture=neutral, PublicKeyToken=b03f5f7f11d50a3a' inside file 'C:\Program Files (x86)\dotnet\sdk\6.0.408\Extensions\Microsoft.VisualStudio.TestPlatform.Extensions.Trx.TestLogger.dll'
TpTrace Verbose: 0 : 15072, 1, 2024/03/10, 09:07:35.518, 9093569046276, vstest.console.dll, TestPluginCache: Discovered the extensions using extension path ''.
TpTrace Verbose: 0 : 15072, 1, 2024/03/10, 09:07:35.518, 9093569046836, vstest.console.dll, TestPluginCache: Discoverers are ''.
TpTrace Verbose: 0 : 15072, 1, 2024/03/10, 09:07:35.518, 9093569047332, vstest.console.dll, TestPluginCache: Executors are ''.
TpTrace Verbose: 0 : 15072, 1, 2024/03/10, 09:07:35.519, 9093569047869, vstest.console.dll, TestPluginCache: Executors2 are ''.
TpTrace Verbose: 0 : 15072, 1, 2024/03/10, 09:07:35.519, 9093569048357, vstest.console.dll, TestPluginCache: Setting providers are ''.
TpTrace Verbose: 0 : 15072, 1, 2024/03/10, 09:07:35.519, 9093569049170, vstest.console.dll, TestPluginCache: Loggers are 'logger://Microsoft/TestPlatform/Extensions/Blame/v1,logger://Microsoft/TestPlatform/HtmlLogger/v1,logger://Microsoft/TestPlatform/TrxLogger/v1'.
TpTrace Verbose: 0 : 15072, 1, 2024/03/10, 09:07:35.519, 9093569049789, vstest.console.dll, TestPluginCache: TestHosts are 'HostProvider://DefaultTestHost,HostProvider://DotnetTestHost'.
TpTrace Verbose: 0 : 15072, 1, 2024/03/10, 09:07:35.519, 9093569050301, vstest.console.dll, TestPluginCache: DataCollectors are ''.
TpTrace Information: 0 : 15072, 1, 2024/03/10, 09:07:35.519, 9093569055534, vstest.console.dll, TestPluginManager.CreateTestExtension: Attempting to load test extension: Microsoft.TestPlatform.Extensions.BlameDataCollector.BlameLogger
TpTrace Verbose: 0 : 15072, 1, 2024/03/10, 09:07:35.523, 9093569094972, vstest.console.dll, TestEngine: Initializing Parallel Execution as MaxCpuCount is set to: 1
TpTrace Information: 0 : 15072, 1, 2024/03/10, 09:07:35.524, 9093569106652, vstest.console.dll, TestPluginManager.CreateTestExtension: Attempting to load test extension: Microsoft.VisualStudio.TestPlatform.CrossPlatEngine.Hosting.DefaultTestHostManager
TpTrace Information: 0 : 15072, 1, 2024/03/10, 09:07:35.525, 9093569114973, vstest.console.dll, TestPluginManager.CreateTestExtension: Attempting to load test extension: Microsoft.VisualStudio.TestPlatform.CrossPlatEngine.Hosting.DotnetTestHostManager
TpTrace Information: 0 : 15072, 1, 2024/03/10, 09:07:35.526, 9093569119460, vstest.console.dll, InferRunSettingsHelper.IsTestSettingsEnabled: Unable to navigate to RunSettings/MSTest. Current node: RunSettings
TpTrace Verbose: 0 : 15072, 1, 2024/03/10, 09:07:35.530, 9093569162036, vstest.console.dll, TestEngine.GetExecutionManager: Chosen execution manager 'Microsoft.VisualStudio.TestPlatform.CrossPlatEngine.Client.Parallel.ParallelProxyExecutionManager, Microsoft.TestPlatform.CrossPlatEngine, Version=15.0.0.0, Culture=neutral, PublicKeyToken=b03f5f7f11d50a3a' ParallelLevel '1'.
TpTrace Verbose: 0 : 15072, 1, 2024/03/10, 09:07:35.530, 9093569163294, vstest.console.dll, TestRunRequest.ExecuteAsync: Creating test run request.
TpTrace Verbose: 0 : 15072, 1, 2024/03/10, 09:07:35.530, 9093569165331, vstest.console.dll, TestRunRequest.ExecuteAsync: Starting.
TpTrace Information: 0 : 15072, 1, 2024/03/10, 09:07:35.531, 9093569168526, vstest.console.dll, TestRunRequest.ExecuteAsync: Starting run with settings:TestRunCriteria:
   KeepAlive=False,FrequencyOfRunStatsChangeEvent=10,RunStatsChangeEventTimeout=00:00:01.5000000,TestCaseFilter=,TestExecutorLauncher=
   Settingsxml=<RunSettings>
  <RunConfiguration>
    <ResultsDirectory>D:\SoftUni\7 Back-End Test Automation-March-2024\repo\QA-Back-End-Test-Automation-March-2024\01.RestSharp-API-GitHub\RestSharp\05.RestSharpTestProject\bin\Debug\net6.0\fine-code-coverage\coverage-tool-output</ResultsDirectory>
    <TargetPlatform>X86</TargetPlatform>
    <TargetFrameworkVersion>.NETCoreApp,Version=v6.0</TargetFrameworkVersion>
    <DesignMode>False</DesignMode>
    <CollectSourceInformation>False</CollectSourceInformation>
  </RunConfiguration>
  <LoggerRunSettings>
    <Loggers>
      <Logger friendlyName="blame" enabled="True" />
      <Logger friendlyName="Console" uri="logger://microsoft/TestPlatform/ConsoleLogger/v1" assemblyQualifiedName="Microsoft.VisualStudio.TestPlatform.CommandLine.Internal.ConsoleLogger, vstest.console, Version=15.0.0.0, Culture=neutral, PublicKeyToken=b03f5f7f11d50a3a" codeBase="C:\Program Files (x86)\dotnet\sdk\6.0.408\vstest.console.dll" enabled="True" />
    </Loggers>
  </LoggerRunSettings>
  <DataCollectionRunSettings>
    <DataCollectors>
      <DataCollector friendlyName="blame" enabled="True">
        <Configuration>
          <ResultsDirectory>D:\SoftUni\7 Back-End Test Automation-March-2024\repo\QA-Back-End-Test-Automation-March-2024\01.RestSharp-API-GitHub\RestSharp\05.RestSharpTestProject\bin\Debug\net6.0\fine-code-coverage\coverage-tool-output</ResultsDirectory>
        </Configuration>
      </DataCollector>
    </DataCollectors>
  </DataCollectionRunSettings>
</RunSettings>

TpTrace Verbose: 0 : 15072, 1, 2024/03/10, 09:07:35.531, 9093569169407, vstest.console.dll, TestRunRequest.ExecuteAsync: Wait for the first run request is over.
TpTrace Verbose: 0 : 15072, 1, 2024/03/10, 09:07:35.531, 9093569171688, vstest.console.dll, MulticastDelegateUtilities.SafeInvoke: TestRun.TestRunStart: Invoking callbacks was skipped because there are no subscribers.
TpTrace Verbose: 0 : 15072, 4, 2024/03/10, 09:07:35.531, 9093569174569, vstest.console.dll, MulticastDelegateUtilities.SafeInvoke: InternalTestLoggerEvents.SendTestRunStart: Invoking callback 1/1 for Microsoft.VisualStudio.TestPlatform.CommandLine.Internal.ConsoleLogger.TestRunStartHandler, took 0 ms.
TpTrace Verbose: 0 : 15072, 1, 2024/03/10, 09:07:35.532, 9093569180076, vstest.console.dll, ParallelProxyExecutionManager: Start execution. Total sources: 1
TpTrace Verbose: 0 : 15072, 1, 2024/03/10, 09:07:35.533, 9093569192057, vstest.console.dll, TestRequestSender is acting as server.
TpTrace Verbose: 0 : 15072, 1, 2024/03/10, 09:07:35.534, 9093569202430, vstest.console.dll, DataCollectionRequestSender.InitializeCommunication : Initialize communication. 
TpTrace Information: 0 : 15072, 1, 2024/03/10, 09:07:35.541, 9093569273579, vstest.console.dll, Listening on Endpoint : 127.0.0.1:58769
TpTrace Verbose: 0 : 15072, 1, 2024/03/10, 09:07:35.548, 9093569347403, vstest.console.dll, DotnetDataCollectionLauncher: Adding  --runtimeconfig "C:\Program Files (x86)\dotnet\sdk\6.0.408\datacollector.runtimeconfig.json" in args
TpTrace Verbose: 0 : 15072, 1, 2024/03/10, 09:07:35.549, 9093569348755, vstest.console.dll, DotnetDataCollectionLauncher: Adding  --depsfile "C:\Program Files (x86)\dotnet\sdk\6.0.408\datacollector.deps.json" in args
TpTrace Verbose: 0 : 15072, 1, 2024/03/10, 09:07:35.549, 9093569351075, vstest.console.dll, DotnetDataCollectionLauncher: Full path of dotnet.exe is C:\Program Files (x86)\dotnet\dotnet.exe
TpTrace Information: 0 : 15072, 1, 2024/03/10, 09:07:35.561, 9093569476409, vstest.console.dll, ProxyDataCollectionManager.Initialize: Launched datacollector processId: 15140 port: 58769
TpTrace Information: 0 : 15072, 1, 2024/03/10, 09:07:35.562, 9093569478186, vstest.console.dll, ProxyDataCollectionManager.Initialize: waiting for connection with timeout: 90 seconds
TpTrace Verbose: 0 : 15072, 1, 2024/03/10, 09:07:35.562, 9093569478987, vstest.console.dll, DataCollectionRequestSender.WaitForRequestHandlerConnection : Waiting for connection with timeout: 90000
TpTrace Information: 0 : 15072, 5, 2024/03/10, 09:07:35.729, 9093571148359, vstest.console.dll, Using the buffer size of 16384 bytes
TpTrace Information: 0 : 15072, 5, 2024/03/10, 09:07:35.729, 9093571149414, vstest.console.dll, Accepted Client request and set the flag
TpTrace Verbose: 0 : 15072, 1, 2024/03/10, 09:07:35.729, 9093571148515, vstest.console.dll, SocketCommunicationManager.WaitForClientConnection took: 166 ms, with 90000 ms timeout, and finished with True.
TpTrace Verbose: 0 : 15072, 1, 2024/03/10, 09:07:35.729, 9093571151572, vstest.console.dll, ProxyDataCollectionManager.InvokeDataCollectionServiceAction: Starting.
TpTrace Information: 0 : 15072, 1, 2024/03/10, 09:07:35.729, 9093571152951, vstest.console.dll, ProxyDataCollectionManager.BeforeTestRunStart: Get environment variable and port for datacollector processId: 15140 port: 58769
TpTrace Verbose: 0 : 15072, 1, 2024/03/10, 09:07:35.729, 9093571154235, vstest.console.dll, DataCollectionRequestSender.SendBeforeTestRunStartAndGetResult: Send BeforeTestRunStart message with settingsXml <RunSettings><RunConfiguration><ResultsDirectory>D:\SoftUni\7 Back-End Test Automation-March-2024\repo\QA-Back-End-Test-Automation-March-2024\01.RestSharp-API-GitHub\RestSharp\05.RestSharpTestProject\bin\Debug\net6.0\fine-code-coverage\coverage-tool-output</ResultsDirectory><TargetPlatform>X86</TargetPlatform><TargetFrameworkVersion>.NETCoreApp,Version=v6.0</TargetFrameworkVersion><DesignMode>False</DesignMode><CollectSourceInformation>False</CollectSourceInformation><TestAdaptersPaths>C:\Program Files (x86)\dotnet\sdk\6.0.408\Extensions</TestAdaptersPaths></RunConfiguration><LoggerRunSettings><Loggers><Logger friendlyName="blame" enabled="True" /><Logger friendlyName="Console" uri="logger://microsoft/TestPlatform/ConsoleLogger/v1" assemblyQualifiedName="Microsoft.VisualStudio.TestPlatform.CommandLine.Internal.ConsoleLogger, vstest.console, Version=15.0.0.0, Culture=neutral, PublicKeyToken=b03f5f7f11d50a3a" codeBase="C:\Program Files (x86)\dotnet\sdk\6.0.408\vstest.console.dll" enabled="True" /></Loggers></LoggerRunSettings><DataCollectionRunSettings><DataCollectors><DataCollector friendlyName="blame" enabled="True"><Configuration><ResultsDirectory>D:\SoftUni\7 Back-End Test Automation-March-2024\repo\QA-Back-End-Test-Automation-March-2024\01.RestSharp-API-GitHub\RestSharp\05.RestSharpTestProject\bin\Debug\net6.0\fine-code-coverage\coverage-tool-output</ResultsDirectory></Configuration></DataCollector></DataCollectors></DataCollectionRunSettings></RunSettings> and sources System.Collections.Generic.List`1[System.String]: 
TpTrace Verbose: 0 : 15072, 1, 2024/03/10, 09:07:35.782, 9093571687696, vstest.console.dll, DataCollectionRequestSender.SendBeforeTestRunStartAndGetResult: Received message: (DataCollection.SendMessage) -> {"MessageType":"DataCollection.SendMessage","Payload":{"FriendlyName":null,"Uri":null,"TestCaseId":"00000000-0000-0000-0000-000000000000","Message":"Logging DataCollector Diagnostics in file: D:\\SoftUni\\7 Back-End Test Automation-March-2024\\repo\\QA-Back-End-Test-Automation-March-2024\\01.RestSharp-API-GitHub\\RestSharp\\05.RestSharpTestProject\\bin\\Debug\\net6.0\\fine-code-coverage\\coverage-tool-output\\diagnostics.datacollector.24-03-10_09-07-35_54875_1.log","Level":0}}
TpTrace Verbose: 0 : 15072, 1, 2024/03/10, 09:07:35.852, 9093572386994, vstest.console.dll, DataCollectionRequestSender.SendBeforeTestRunStartAndGetResult: Received message: (DataCollection.BeforeTestRunStartResult) -> {"MessageType":"DataCollection.BeforeTestRunStartResult","Payload":{"EnvironmentVariables":{},"DataCollectionEventsPort":58772}}
TpTrace Information: 0 : 15072, 1, 2024/03/10, 09:07:35.857, 9093572430835, vstest.console.dll, ProxyDataCollectionManager.BeforeTestRunStart: SendBeforeTestRunStartAndGetResult successful, env variable from datacollector:   and testhost port: 58772
TpTrace Information: 0 : 15072, 1, 2024/03/10, 09:07:35.857, 9093572431768, vstest.console.dll, ProxyDataCollectionManager.InvokeDataCollectionServiceAction: Completed.
TpTrace Verbose: 0 : 15072, 7, 2024/03/10, 09:07:35.857, 9093572432950, vstest.console.dll, ParallelProxyExecutionManager: Execution started. Started clients: 1
TpTrace Verbose: 0 : 15072, 1, 2024/03/10, 09:07:35.857, 9093572433256, vstest.console.dll, ProxyParallelExecutionManager: No sources available for execution.
TpTrace Information: 0 : 15072, 1, 2024/03/10, 09:07:35.857, 9093572435222, vstest.console.dll, TestRunRequest.ExecuteAsync: Started.
TpTrace Verbose: 0 : 15072, 7, 2024/03/10, 09:07:35.857, 9093572435648, vstest.console.dll, TestRunRequest:SendTestRunMessage: Starting.
TpTrace Verbose: 0 : 15072, 1, 2024/03/10, 09:07:35.857, 9093572436156, vstest.console.dll, TestRunRequest.WaitForCompletion: Waiting with timeout -1.
TpTrace Verbose: 0 : 15072, 7, 2024/03/10, 09:07:35.857, 9093572437736, vstest.console.dll, MulticastDelegateUtilities.SafeInvoke: TestRun.LogMessages: Invoking callback 1/1 for Microsoft.VisualStudio.TestPlatform.CommandLine.TestRunResultAggregator.TestRunMessageHandler, took 0 ms.
TpTrace Information: 0 : 15072, 7, 2024/03/10, 09:07:35.858, 9093572438468, vstest.console.dll, TestRunRequest:SendTestRunMessage: Completed.
TpTrace Verbose: 0 : 15072, 4, 2024/03/10, 09:07:35.858, 9093572438248, vstest.console.dll, MulticastDelegateUtilities.SafeInvoke: InternalTestLoggerEvents.SendTestRunMessage: Invoking callback 1/1 for Microsoft.VisualStudio.TestPlatform.CommandLine.Internal.ConsoleLogger.TestMessageHandler, took 0 ms.
TpTrace Verbose: 0 : 15072, 7, 2024/03/10, 09:07:35.858, 9093572440259, vstest.console.dll, ProxyExecutionManager: Test host is always Lazy initialize.
TpTrace Verbose: 0 : 15072, 7, 2024/03/10, 09:07:35.858, 9093572442443, vstest.console.dll, TestRequestSender.InitializeCommunication: initialize communication. 
TpTrace Information: 0 : 15072, 7, 2024/03/10, 09:07:35.858, 9093572447766, vstest.console.dll, SocketServer.Start: Listening on endpoint : 127.0.0.1:58773
TpTrace Verbose: 0 : 15072, 7, 2024/03/10, 09:07:35.859, 9093572452872, vstest.console.dll, DotnetTestHostmanager.GetTestHostProcessStartInfo: Platform environment 'X64' target architecture 'X86' framework '.NETCoreApp,Version=v6.0' OS 'Windows'
TpTrace Verbose: 0 : 15072, 7, 2024/03/10, 09:07:35.859, 9093572454388, vstest.console.dll, DotnetTestHostmanager: Adding  --runtimeconfig "D:\SoftUni\7 Back-End Test Automation-March-2024\repo\QA-Back-End-Test-Automation-March-2024\01.RestSharp-API-GitHub\RestSharp\05.RestSharpTestProject\bin\Debug\net6.0\fine-code-coverage\build-output\05.RestSharpTestProject.runtimeconfig.json" in args
TpTrace Verbose: 0 : 15072, 7, 2024/03/10, 09:07:35.859, 9093572455202, vstest.console.dll, DotnetTestHostmanager: Adding  --depsfile "D:\SoftUni\7 Back-End Test Automation-March-2024\repo\QA-Back-End-Test-Automation-March-2024\01.RestSharp-API-GitHub\RestSharp\05.RestSharpTestProject\bin\Debug\net6.0\fine-code-coverage\build-output\05.RestSharpTestProject.deps.json" in args
TpTrace Verbose: 0 : 15072, 7, 2024/03/10, 09:07:35.859, 9093572456987, vstest.console.dll, DotnetTestHostmanager.IsWinOnArm: Current PROCESSOR_ARCHITECTURE from environment variable 'AMD64'
TpTrace Verbose: 0 : 15072, 7, 2024/03/10, 09:07:35.859, 9093572457766, vstest.console.dll, DotnetTestHostmanager.IsWinOnArm: Is Windows on ARM 'False'
TpTrace Information: 0 : 15072, 7, 2024/03/10, 09:07:35.860, 9093572458991, vstest.console.dll, AssemblyResolver.OnResolve: Microsoft.Extensions.DependencyModel: Resolving assembly.
TpTrace Information: 0 : 15072, 7, 2024/03/10, 09:07:35.860, 9093572459708, vstest.console.dll, AssemblyResolver.OnResolve: Microsoft.Extensions.DependencyModel: Searching in: 'C:\Program Files (x86)\dotnet\sdk\6.0.408\Extensions'.
TpTrace Information: 0 : 15072, 7, 2024/03/10, 09:07:35.860, 9093572460906, vstest.console.dll, AssemblyResolver.OnResolve: Microsoft.Extensions.DependencyModel: Assembly path does not exist: 'C:\Program Files (x86)\dotnet\sdk\6.0.408\Extensions\Microsoft.Extensions.DependencyModel.dll', returning.
TpTrace Information: 0 : 15072, 7, 2024/03/10, 09:07:35.860, 9093572461922, vstest.console.dll, AssemblyResolver.OnResolve: Microsoft.Extensions.DependencyModel: Assembly path does not exist: 'C:\Program Files (x86)\dotnet\sdk\6.0.408\Extensions\Microsoft.Extensions.DependencyModel.exe', returning.
TpTrace Information: 0 : 15072, 7, 2024/03/10, 09:07:35.860, 9093572462487, vstest.console.dll, AssemblyResolver.OnResolve: Microsoft.Extensions.DependencyModel: Searching in: 'C:\Program Files (x86)\dotnet\sdk\6.0.408'.
TpTrace Information: 0 : 15072, 7, 2024/03/10, 09:07:35.860, 9093572465233, vstest.console.dll, AssemblyResolver.OnResolve: Microsoft.Extensions.DependencyModel: Loading assembly 'C:\Program Files (x86)\dotnet\sdk\6.0.408\Microsoft.Extensions.DependencyModel.dll'.
TpTrace Information: 0 : 15072, 7, 2024/03/10, 09:07:35.861, 9093572470865, vstest.console.dll, AssemblyResolver.OnResolve: Resolved assembly: Microsoft.Extensions.DependencyModel, from path: C:\Program Files (x86)\dotnet\sdk\6.0.408\Microsoft.Extensions.DependencyModel.dll
TpTrace Verbose: 0 : 15072, 7, 2024/03/10, 09:07:35.861, 9093572473253, vstest.console.dll, DotnetTestHostmanager: Runtimeconfig.dev.json D:\SoftUni\7 Back-End Test Automation-March-2024\repo\QA-Back-End-Test-Automation-March-2024\01.RestSharp-API-GitHub\RestSharp\05.RestSharpTestProject\bin\Debug\net6.0\fine-code-coverage\build-output\05.RestSharpTestProject.runtimeconfig.dev.json does not exist.
TpTrace Verbose: 0 : 15072, 7, 2024/03/10, 09:07:35.861, 9093572474085, vstest.console.dll, DotnetTestHostManager: Found testhost.dll in source directory: D:\SoftUni\7 Back-End Test Automation-March-2024\repo\QA-Back-End-Test-Automation-March-2024\01.RestSharp-API-GitHub\RestSharp\05.RestSharpTestProject\bin\Debug\net6.0\fine-code-coverage\build-output\testhost.dll.
TpTrace Verbose: 0 : 15072, 7, 2024/03/10, 09:07:35.861, 9093572474858, vstest.console.dll, DotnetTestHostmanager: Current process architetcure 'X86'
TpTrace Verbose: 0 : 15072, 7, 2024/03/10, 09:07:35.861, 9093572477523, vstest.console.dll, DotnetTestHostmanager.LaunchTestHostAsync: Compatible muxer architecture of running process 'X86' and target architecture 'X86'
TpTrace Verbose: 0 : 15072, 7, 2024/03/10, 09:07:35.862, 9093572478132, vstest.console.dll, DotnetTestHostmanager: Full path of testhost.dll is D:\SoftUni\7 Back-End Test Automation-March-2024\repo\QA-Back-End-Test-Automation-March-2024\01.RestSharp-API-GitHub\RestSharp\05.RestSharpTestProject\bin\Debug\net6.0\fine-code-coverage\build-output\testhost.dll
TpTrace Verbose: 0 : 15072, 7, 2024/03/10, 09:07:35.862, 9093572478759, vstest.console.dll, DotnetTestHostmanager: Full path of host exe is C:\Program Files (x86)\dotnet\dotnet.exe
TpTrace Verbose: 0 : 15072, 7, 2024/03/10, 09:07:35.862, 9093572480462, vstest.console.dll, DotnetTestHostManager: Starting process 'C:\Program Files (x86)\dotnet\dotnet.exe' with command line 'exec --runtimeconfig "D:\SoftUni\7 Back-End Test Automation-March-2024\repo\QA-Back-End-Test-Automation-March-2024\01.RestSharp-API-GitHub\RestSharp\05.RestSharpTestProject\bin\Debug\net6.0\fine-code-coverage\build-output\05.RestSharpTestProject.runtimeconfig.json" --depsfile "D:\SoftUni\7 Back-End Test Automation-March-2024\repo\QA-Back-End-Test-Automation-March-2024\01.RestSharp-API-GitHub\RestSharp\05.RestSharpTestProject\bin\Debug\net6.0\fine-code-coverage\build-output\05.RestSharpTestProject.deps.json" "D:\SoftUni\7 Back-End Test Automation-March-2024\repo\QA-Back-End-Test-Automation-March-2024\01.RestSharp-API-GitHub\RestSharp\05.RestSharpTestProject\bin\Debug\net6.0\fine-code-coverage\build-output\testhost.dll" --port 58773 --endpoint 127.0.0.1:058773 --role client --parentprocessid 15072 --diag "D:\SoftUni\7 Back-End Test Automation-March-2024\repo\QA-Back-End-Test-Automation-March-2024\01.RestSharp-API-GitHub\RestSharp\05.RestSharpTestProject\bin\Debug\net6.0\fine-code-coverage\coverage-tool-output\diagnostics.host.24-03-10_09-07-35_85928_7.log" --tracelevel 4 --datacollectionport 58772 --telemetryoptedin false'
TpTrace Verbose: 0 : 15072, 7, 2024/03/10, 09:07:35.869, 9093572547984, vstest.console.dll, MulticastDelegateUtilities.SafeInvoke: HostProviderEvents.OnHostLaunched: Invoking callback 1/2 for Microsoft.VisualStudio.TestPlatform.CrossPlatEngine.Client.ProxyExecutionManagerWithDataCollection.TestHostLaunchedHandler, took 0 ms.
TpTrace Verbose: 0 : 15072, 7, 2024/03/10, 09:07:35.869, 9093572549238, vstest.console.dll, Test Runtime launched
TpTrace Verbose: 0 : 15072, 7, 2024/03/10, 09:07:35.869, 9093572549932, vstest.console.dll, MulticastDelegateUtilities.SafeInvoke: HostProviderEvents.OnHostLaunched: Invoking callback 2/2 for Microsoft.VisualStudio.TestPlatform.CrossPlatEngine.Client.ProxyOperationManager.TestHostManagerHostLaunched, took 0 ms.
TpTrace Verbose: 0 : 15072, 7, 2024/03/10, 09:07:35.869, 9093572551393, vstest.console.dll, TestRequestSender.WaitForRequestHandlerConnection: waiting for connection with timeout: 90000.
TpTrace Verbose: 0 : 15072, 13, 2024/03/10, 09:07:36.039, 9093574252979, vstest.console.dll, MulticastDelegateUtilities.SafeInvoke: SocketServer: ClientConnected: Invoking callback 1/1 for Microsoft.VisualStudio.TestPlatform.CommunicationUtilities.TestRequestSender.<InitializeCommunication>b__24_0, took 0 ms.
TpTrace Verbose: 0 : 15072, 13, 2024/03/10, 09:07:36.039, 9093574256374, vstest.console.dll, SocketServer.OnClientConnected: Client connected for endPoint: 127.0.0.1:58773, starting MessageLoopAsync:
TpTrace Verbose: 0 : 15072, 7, 2024/03/10, 09:07:36.039, 9093574253083, vstest.console.dll, TestRequestSender.WaitForRequestHandlerConnection: waiting took 170 ms, with timeout 90000 ms, and result 0, which is success.
TpTrace Verbose: 0 : 15072, 13, 2024/03/10, 09:07:36.040, 9093574260896, vstest.console.dll, TcpClientExtensions.MessageLoopAsync: Polling on remoteEndPoint: 127.0.0.1:58774 localEndPoint: 127.0.0.1:58773
TpTrace Verbose: 0 : 15072, 7, 2024/03/10, 09:07:36.040, 9093574265879, vstest.console.dll, TestRequestSender.CheckVersionWithTestHost: Sending check version message: {"MessageType":"ProtocolVersion","Payload":7}
TpTrace Verbose: 0 : 15072, 13, 2024/03/10, 09:07:36.166, 9093575517874, vstest.console.dll, TcpClientExtensions.MessageLoopAsync: NotifyDataAvailable remoteEndPoint: 127.0.0.1:58774 localEndPoint: 127.0.0.1:58773
TpTrace Verbose: 0 : 15072, 13, 2024/03/10, 09:07:36.166, 9093575519924, vstest.console.dll, TestRequestSender.CheckVersionWithTestHost: onMessageReceived received message: (ProtocolVersion) -> {"MessageType":"ProtocolVersion","Payload":7}
TpTrace Verbose: 0 : 15072, 13, 2024/03/10, 09:07:36.166, 9093575525311, vstest.console.dll, MulticastDelegateUtilities.SafeInvoke: LengthPrefixCommunicationChannel: MessageReceived: Invoking callback 1/1 for Microsoft.VisualStudio.TestPlatform.CommunicationUtilities.TestRequestSender+<>c__DisplayClass26_0.<CheckVersionWithTestHost>b__0, took 0 ms.
TpTrace Verbose: 0 : 15072, 7, 2024/03/10, 09:07:36.166, 9093575525833, vstest.console.dll, TestPluginCache.GetExtensionPaths: Filtered extension paths: 
TpTrace Verbose: 0 : 15072, 13, 2024/03/10, 09:07:36.166, 9093575526545, vstest.console.dll, TcpClientExtensions.MessageLoopAsync: Polling on remoteEndPoint: 127.0.0.1:58774 localEndPoint: 127.0.0.1:58773
TpTrace Verbose: 0 : 15072, 7, 2024/03/10, 09:07:36.166, 9093575527263, vstest.console.dll, TestPluginCache.GetExtensionPaths: Added default extension paths: C:\Program Files (x86)\dotnet\sdk\6.0.408\Extensions\Microsoft.Diagnostics.NETCore.Client.dll
C:\Program Files (x86)\dotnet\sdk\6.0.408\Extensions\Microsoft.TestPlatform.Extensions.BlameDataCollector.dll
C:\Program Files (x86)\dotnet\sdk\6.0.408\Extensions\Microsoft.TestPlatform.Extensions.EventLogCollector.dll
C:\Program Files (x86)\dotnet\sdk\6.0.408\Extensions\Microsoft.TestPlatform.TestHostRuntimeProvider.dll
C:\Program Files (x86)\dotnet\sdk\6.0.408\Extensions\Microsoft.VisualStudio.TestPlatform.Extensions.Html.TestLogger.dll
C:\Program Files (x86)\dotnet\sdk\6.0.408\Extensions\Microsoft.VisualStudio.TestPlatform.Extensions.Trx.TestLogger.dll
TpTrace Verbose: 0 : 15072, 7, 2024/03/10, 09:07:36.167, 9093575529744, vstest.console.dll, TestPluginCache.GetExtensionPaths: Added unfilterableExtensionPaths: 
TpTrace Verbose: 0 : 15072, 7, 2024/03/10, 09:07:36.169, 9093575554917, vstest.console.dll, TestRequestSender.InitializeExecution: Sending initialize execution with message: {"Version":7,"MessageType":"TestExecution.Initialize","Payload":["D:\\SoftUni\\7 Back-End Test Automation-March-2024\\repo\\QA-Back-End-Test-Automation-March-2024\\01.RestSharp-API-GitHub\\RestSharp\\05.RestSharpTestProject\\bin\\Debug\\net6.0\\fine-code-coverage\\build-output\\NUnit3.TestAdapter.dll"]}
TpTrace Warning: 0 : 15072, 7, 2024/03/10, 09:07:36.170, 9093575558319, vstest.console.dll, InferRunSettingsHelper.MakeRunsettingsCompatible: Removing the following settings: TargetPlatform from RunSettings file. To use those settings please move to latest version of Microsoft.NET.Test.Sdk
TpTrace Verbose: 0 : 15072, 13, 2024/03/10, 09:07:36.170, 9093575565354, vstest.console.dll, TcpClientExtensions.MessageLoopAsync: NotifyDataAvailable remoteEndPoint: 127.0.0.1:58774 localEndPoint: 127.0.0.1:58773
TpTrace Verbose: 0 : 15072, 13, 2024/03/10, 09:07:36.170, 9093575566911, vstest.console.dll, TestRequestSender.OnExecutionMessageReceived: Received message: {"Version":7,"MessageType":"TestSession.Message","Payload":{"MessageLevel":0,"Message":"Logging TestHost Diagnostics in file: D:\\SoftUni\\7 Back-End Test Automation-March-2024\\repo\\QA-Back-End-Test-Automation-March-2024\\01.RestSharp-API-GitHub\\RestSharp\\05.RestSharpTestProject\\bin\\Debug\\net6.0\\fine-code-coverage\\coverage-tool-output\\diagnostics.host.24-03-10_09-07-35_85928_7.log"}}
TpTrace Verbose: 0 : 15072, 13, 2024/03/10, 09:07:36.172, 9093575586492, vstest.console.dll, TestRunRequest:SendTestRunMessage: Starting.
TpTrace Verbose: 0 : 15072, 13, 2024/03/10, 09:07:36.172, 9093575587526, vstest.console.dll, MulticastDelegateUtilities.SafeInvoke: TestRun.LogMessages: Invoking callback 1/1 for Microsoft.VisualStudio.TestPlatform.CommandLine.TestRunResultAggregator.TestRunMessageHandler, took 0 ms.
TpTrace Information: 0 : 15072, 13, 2024/03/10, 09:07:36.173, 9093575588125, vstest.console.dll, TestRunRequest:SendTestRunMessage: Completed.
TpTrace Verbose: 0 : 15072, 13, 2024/03/10, 09:07:36.173, 9093575588949, vstest.console.dll, MulticastDelegateUtilities.SafeInvoke: LengthPrefixCommunicationChannel: MessageReceived: Invoking callback 1/1 for Microsoft.VisualStudio.TestPlatform.CommunicationUtilities.TestRequestSender+<>c__DisplayClass31_0.<StartTestRun>b__1, took 2 ms.
TpTrace Verbose: 0 : 15072, 13, 2024/03/10, 09:07:36.173, 9093575589561, vstest.console.dll, TcpClientExtensions.MessageLoopAsync: Polling on remoteEndPoint: 127.0.0.1:58774 localEndPoint: 127.0.0.1:58773
TpTrace Verbose: 0 : 15072, 4, 2024/03/10, 09:07:36.173, 9093575588198, vstest.console.dll, MulticastDelegateUtilities.SafeInvoke: InternalTestLoggerEvents.SendTestRunMessage: Invoking callback 1/1 for Microsoft.VisualStudio.TestPlatform.CommandLine.Internal.ConsoleLogger.TestMessageHandler, took 0 ms.
TpTrace Verbose: 0 : 15072, 7, 2024/03/10, 09:07:36.176, 9093575622710, vstest.console.dll, TestRequestSender.StartTestRun: Sending test run with message: {"Version":7,"MessageType":"TestExecution.StartWithSources","Payload":{"AdapterSourceMap":{"_none_":["D:\\SoftUni\\7 Back-End Test Automation-March-2024\\repo\\QA-Back-End-Test-Automation-March-2024\\01.RestSharp-API-GitHub\\RestSharp\\05.RestSharpTestProject\\bin\\Debug\\net6.0\\fine-code-coverage\\build-output\\05.RestSharpTestProject.dll"]},"RunSettings":"<RunSettings>\r\n  <RunConfiguration>\r\n    <ResultsDirectory>D:\\SoftUni\\7 Back-End Test Automation-March-2024\\repo\\QA-Back-End-Test-Automation-March-2024\\01.RestSharp-API-GitHub\\RestSharp\\05.RestSharpTestProject\\bin\\Debug\\net6.0\\fine-code-coverage\\coverage-tool-output</ResultsDirectory>\r\n    <TargetFrameworkVersion>.NETCoreApp,Version=v6.0</TargetFrameworkVersion>\r\n    <DesignMode>False</DesignMode>\r\n    <CollectSourceInformation>False</CollectSourceInformation>\r\n  </RunConfiguration>\r\n  <LoggerRunSettings>\r\n    <Loggers>\r\n      <Logger friendlyName=\"blame\" enabled=\"True\" />\r\n      <Logger friendlyName=\"Console\" uri=\"logger://microsoft/TestPlatform/ConsoleLogger/v1\" assemblyQualifiedName=\"Microsoft.VisualStudio.TestPlatform.CommandLine.Internal.ConsoleLogger, vstest.console, Version=15.0.0.0, Culture=neutral, PublicKeyToken=b03f5f7f11d50a3a\" codeBase=\"C:\\Program Files (x86)\\dotnet\\sdk\\6.0.408\\vstest.console.dll\" enabled=\"True\" />\r\n    </Loggers>\r\n  </LoggerRunSettings>\r\n  <DataCollectionRunSettings>\r\n    <DataCollectors>\r\n      <DataCollector friendlyName=\"blame\" enabled=\"True\">\r\n        <Configuration>\r\n          <ResultsDirectory>D:\\SoftUni\\7 Back-End Test Automation-March-2024\\repo\\QA-Back-End-Test-Automation-March-2024\\01.RestSharp-API-GitHub\\RestSharp\\05.RestSharpTestProject\\bin\\Debug\\net6.0\\fine-code-coverage\\coverage-tool-output</ResultsDirectory>\r\n        </Configuration>\r\n      </DataCollector>\r\n    </DataCollectors>\r\n  </DataCollectionRunSettings>\r\n</RunSettings>","TestExecutionContext":{"FrequencyOfRunStatsChangeEvent":10,"RunStatsChangeEventTimeout":"00:00:01.5000000","InIsolation":false,"KeepAlive":false,"AreTestCaseLevelEventsRequired":false,"IsDebug":false,"TestCaseFilter":null,"FilterOptions":null},"Package":null}}
TpTrace Verbose: 0 : 15072, 13, 2024/03/10, 09:07:36.338, 9093577247335, vstest.console.dll, TcpClientExtensions.MessageLoopAsync: NotifyDataAvailable remoteEndPoint: 127.0.0.1:58774 localEndPoint: 127.0.0.1:58773
TpTrace Verbose: 0 : 15072, 13, 2024/03/10, 09:07:36.339, 9093577249020, vstest.console.dll, TestRequestSender.OnExecutionMessageReceived: Received message: {"Version":7,"MessageType":"TestSession.Message","Payload":{"MessageLevel":0,"Message":"NUnit Adapter 4.4.0.0: Test execution started"}}
TpTrace Verbose: 0 : 15072, 13, 2024/03/10, 09:07:36.339, 9093577250830, vstest.console.dll, TestRunRequest:SendTestRunMessage: Starting.
TpTrace Verbose: 0 : 15072, 13, 2024/03/10, 09:07:36.339, 9093577251761, vstest.console.dll, MulticastDelegateUtilities.SafeInvoke: TestRun.LogMessages: Invoking callback 1/1 for Microsoft.VisualStudio.TestPlatform.CommandLine.TestRunResultAggregator.TestRunMessageHandler, took 0 ms.
TpTrace Verbose: 0 : 15072, 4, 2024/03/10, 09:07:36.339, 9093577252278, vstest.console.dll, MulticastDelegateUtilities.SafeInvoke: InternalTestLoggerEvents.SendTestRunMessage: Invoking callback 1/1 for Microsoft.VisualStudio.TestPlatform.CommandLine.Internal.ConsoleLogger.TestMessageHandler, took 0 ms.
TpTrace Information: 0 : 15072, 13, 2024/03/10, 09:07:36.339, 9093577252439, vstest.console.dll, TestRunRequest:SendTestRunMessage: Completed.
TpTrace Verbose: 0 : 15072, 13, 2024/03/10, 09:07:36.339, 9093577254220, vstest.console.dll, MulticastDelegateUtilities.SafeInvoke: LengthPrefixCommunicationChannel: MessageReceived: Invoking callback 1/1 for Microsoft.VisualStudio.TestPlatform.CommunicationUtilities.TestRequestSender+<>c__DisplayClass31_0.<StartTestRun>b__1, took 0 ms.
TpTrace Verbose: 0 : 15072, 13, 2024/03/10, 09:07:36.339, 9093577254963, vstest.console.dll, TcpClientExtensions.MessageLoopAsync: Polling on remoteEndPoint: 127.0.0.1:58774 localEndPoint: 127.0.0.1:58773
TpTrace Verbose: 0 : 15072, 13, 2024/03/10, 09:07:36.370, 9093577560056, vstest.console.dll, TcpClientExtensions.MessageLoopAsync: NotifyDataAvailable remoteEndPoint: 127.0.0.1:58774 localEndPoint: 127.0.0.1:58773
TpTrace Verbose: 0 : 15072, 13, 2024/03/10, 09:07:36.370, 9093577561536, vstest.console.dll, TestRequestSender.OnExecutionMessageReceived: Received message: {"Version":7,"MessageType":"TestSession.Message","Payload":{"MessageLevel":0,"Message":"Running all tests in D:\\SoftUni\\7 Back-End Test Automation-March-2024\\repo\\QA-Back-End-Test-Automation-March-2024\\01.RestSharp-API-GitHub\\RestSharp\\05.RestSharpTestProject\\bin\\Debug\\net6.0\\fine-code-coverage\\build-output\\05.RestSharpTestProject.dll"}}
TpTrace Verbose: 0 : 15072, 13, 2024/03/10, 09:07:36.370, 9093577562965, vstest.console.dll, TestRunRequest:SendTestRunMessage: Starting.
TpTrace Verbose: 0 : 15072, 13, 2024/03/10, 09:07:36.370, 9093577563857, vstest.console.dll, MulticastDelegateUtilities.SafeInvoke: TestRun.LogMessages: Invoking callback 1/1 for Microsoft.VisualStudio.TestPlatform.CommandLine.TestRunResultAggregator.TestRunMessageHandler, took 0 ms.
TpTrace Verbose: 0 : 15072, 4, 2024/03/10, 09:07:36.370, 9093577564146, vstest.console.dll, MulticastDelegateUtilities.SafeInvoke: InternalTestLoggerEvents.SendTestRunMessage: Invoking callback 1/1 for Microsoft.VisualStudio.TestPlatform.CommandLine.Internal.ConsoleLogger.TestMessageHandler, took 0 ms.
TpTrace Information: 0 : 15072, 13, 2024/03/10, 09:07:36.370, 9093577564784, vstest.console.dll, TestRunRequest:SendTestRunMessage: Completed.
TpTrace Verbose: 0 : 15072, 13, 2024/03/10, 09:07:36.370, 9093577566374, vstest.console.dll, MulticastDelegateUtilities.SafeInvoke: LengthPrefixCommunicationChannel: MessageReceived: Invoking callback 1/1 for Microsoft.VisualStudio.TestPlatform.CommunicationUtilities.TestRequestSender+<>c__DisplayClass31_0.<StartTestRun>b__1, took 0 ms.
TpTrace Verbose: 0 : 15072, 13, 2024/03/10, 09:07:36.370, 9093577567223, vstest.console.dll, TcpClientExtensions.MessageLoopAsync: Polling on remoteEndPoint: 127.0.0.1:58774 localEndPoint: 127.0.0.1:58773
TpTrace Verbose: 0 : 15072, 13, 2024/03/10, 09:07:36.512, 9093578986456, vstest.console.dll, TcpClientExtensions.MessageLoopAsync: NotifyDataAvailable remoteEndPoint: 127.0.0.1:58774 localEndPoint: 127.0.0.1:58773
TpTrace Verbose: 0 : 15072, 13, 2024/03/10, 09:07:36.512, 9093578987767, vstest.console.dll, TestRequestSender.OnExecutionMessageReceived: Received message: {"Version":7,"MessageType":"TestSession.Message","Payload":{"MessageLevel":0,"Message":"   NUnit3TestExecutor discovered 5 of 5 NUnit test cases using Current Discovery mode, Non-Explicit run"}}
TpTrace Verbose: 0 : 15072, 13, 2024/03/10, 09:07:36.513, 9093578988946, vstest.console.dll, TestRunRequest:SendTestRunMessage: Starting.
TpTrace Verbose: 0 : 15072, 13, 2024/03/10, 09:07:36.513, 9093578989688, vstest.console.dll, MulticastDelegateUtilities.SafeInvoke: TestRun.LogMessages: Invoking callback 1/1 for Microsoft.VisualStudio.TestPlatform.CommandLine.TestRunResultAggregator.TestRunMessageHandler, took 0 ms.
TpTrace Information: 0 : 15072, 13, 2024/03/10, 09:07:36.513, 9093578990215, vstest.console.dll, TestRunRequest:SendTestRunMessage: Completed.
TpTrace Verbose: 0 : 15072, 13, 2024/03/10, 09:07:36.513, 9093578990789, vstest.console.dll, MulticastDelegateUtilities.SafeInvoke: LengthPrefixCommunicationChannel: MessageReceived: Invoking callback 1/1 for Microsoft.VisualStudio.TestPlatform.CommunicationUtilities.TestRequestSender+<>c__DisplayClass31_0.<StartTestRun>b__1, took 0 ms.
TpTrace Verbose: 0 : 15072, 4, 2024/03/10, 09:07:36.513, 9093578990356, vstest.console.dll, MulticastDelegateUtilities.SafeInvoke: InternalTestLoggerEvents.SendTestRunMessage: Invoking callback 1/1 for Microsoft.VisualStudio.TestPlatform.CommandLine.Internal.ConsoleLogger.TestMessageHandler, took 0 ms.
TpTrace Verbose: 0 : 15072, 13, 2024/03/10, 09:07:36.513, 9093578991331, vstest.console.dll, TcpClientExtensions.MessageLoopAsync: Polling on remoteEndPoint: 127.0.0.1:58774 localEndPoint: 127.0.0.1:58773
TpTrace Verbose: 0 : 15072, 13, 2024/03/10, 09:07:37.513, 9093588991796, vstest.console.dll, TcpClientExtensions.MessageLoopAsync: Polling on remoteEndPoint: 127.0.0.1:58774 localEndPoint: 127.0.0.1:58773
TpTrace Verbose: 0 : 15072, 13, 2024/03/10, 09:07:37.790, 9093591760586, vstest.console.dll, TcpClientExtensions.MessageLoopAsync: NotifyDataAvailable remoteEndPoint: 127.0.0.1:58774 localEndPoint: 127.0.0.1:58773
TpTrace Verbose: 0 : 15072, 13, 2024/03/10, 09:07:37.790, 9093591762761, vstest.console.dll, TestRequestSender.OnExecutionMessageReceived: Received message: {"Version":7,"MessageType":"TestExecution.StatsChange","Payload":{"NewTestResults":[{"TestCase":{"Id":"50a9f128-bf50-8d37-adcb-21c7aeacf9d8","FullyQualifiedName":"_05.RestSharpTestProject.GitHubAPITests.Test_Edit_Github_Issue","DisplayName":"Test_Edit_Github_Issue","ExecutorUri":"executor://NUnit3TestExecutor","Source":"D:\\SoftUni\\7 Back-End Test Automation-March-2024\\repo\\QA-Back-End-Test-Automation-March-2024\\01.RestSharp-API-GitHub\\RestSharp\\05.RestSharpTestProject\\bin\\Debug\\net6.0\\fine-code-coverage\\build-output\\05.RestSharpTestProject.dll","CodeFilePath":null,"LineNumber":0,"Properties":[{"Key":{"Id":"NUnit.Seed","Label":"Seed","Category":"","Description":"","Attributes":0,"ValueType":"System.String"},"Value":"670366900"}]},"Attachments":[],"Outcome":1,"ErrorMessage":null,"ErrorStackTrace":null,"DisplayName":"Test_Edit_Github_Issue","Messages":[],"ComputerName":"DESKTOP-UUB0D73","Duration":"00:00:00.7571580","StartTime":"2024-03-10T07:07:36.5368635+00:00","EndTime":"2024-03-10T07:07:37.2939228+00:00","Properties":[{"Key":{"Id":"NUnit.Seed","Label":"Seed","Category":"","Description":"","Attributes":0,"ValueType":"System.String"},"Value":"670366900"}]},{"TestCase":{"Id":"3a8ca405-7f98-1bf0-4a35-b520970af2fe","FullyQualifiedName":"_05.RestSharpTestProject.GitHubAPITests.Test_GitHubApiRequest","DisplayName":"Test_GitHubApiRequest","ExecutorUri":"executor://NUnit3TestExecutor","Source":"D:\\SoftUni\\7 Back-End Test Automation-March-2024\\repo\\QA-Back-End-Test-Automation-March-2024\\01.RestSharp-API-GitHub\\RestSharp\\05.RestSharpTestProject\\bin\\Debug\\net6.0\\fine-code-coverage\\build-output\\05.RestSharpTestProject.dll","CodeFilePath":null,"LineNumber":0,"Properties":[{"Key":{"Id":"NUnit.Seed","Label":"Seed","Category":"","Description":"","Attributes":0,"ValueType":"System.String"},"Value":"1890463121"}]},"Attachments":[],"Outcome":1,"ErrorMessage":null,"ErrorStackTrace":null,"DisplayName":"Test_GitHubApiRequest","Messages":[],"ComputerName":"DESKTOP-UUB0D73","Duration":"00:00:00.3254570","StartTime":"2024-03-10T07:07:37.2955466+00:00","EndTime":"2024-03-10T07:07:37.6210033+00:00","Properties":[{"Key":{"Id":"NUnit.Seed","Label":"Seed","Category":"","Description":"","Attributes":0,"ValueType":"System.String"},"Value":"1890463121"}]}],"TestRunStatistics":{"ExecutedTests":2,"Stats":{"Passed":2}},"ActiveTests":[{"Id":"8814dc94-9c83-e110-7d30-2987baff9826","FullyQualifiedName":"_05.RestSharpTestProject.GitHubAPITests.Test_GitHubApiRequestCreateIssue","DisplayName":"Test_GitHubApiRequestCreateIssue","ExecutorUri":"executor://NUnit3TestExecutor","Source":"D:\\SoftUni\\7 Back-End Test Automation-March-2024\\repo\\QA-Back-End-Test-Automation-March-2024\\01.RestSharp-API-GitHub\\RestSharp\\05.RestSharpTestProject\\bin\\Debug\\net6.0\\fine-code-coverage\\build-output\\05.RestSharpTestProject.dll","CodeFilePath":null,"LineNumber":0,"Properties":[{"Key":{"Id":"NUnit.Seed","Label":"Seed","Category":"","Description":"","Attributes":0,"ValueType":"System.String"},"Value":"1884764888"}]}]}}
TpTrace Verbose: 0 : 15072, 13, 2024/03/10, 09:07:37.811, 9093591971348, vstest.console.dll, TestRunRequest:SendTestRunStatsChange: Starting.
TpTrace Verbose: 0 : 15072, 13, 2024/03/10, 09:07:37.811, 9093591972711, vstest.console.dll, InProgress is Test_GitHubApiRequestCreateIssue
TpTrace Verbose: 0 : 15072, 13, 2024/03/10, 09:07:37.811, 9093591974669, vstest.console.dll, MulticastDelegateUtilities.SafeInvoke: TestRun.RunStatsChanged: Invoking callbacks was skipped because there are no subscribers.
TpTrace Information: 0 : 15072, 13, 2024/03/10, 09:07:37.811, 9093591975250, vstest.console.dll, TestRunRequest:SendTestRunStatsChange: Completed.
TpTrace Verbose: 0 : 15072, 13, 2024/03/10, 09:07:37.811, 9093591975851, vstest.console.dll, MulticastDelegateUtilities.SafeInvoke: LengthPrefixCommunicationChannel: MessageReceived: Invoking callback 1/1 for Microsoft.VisualStudio.TestPlatform.CommunicationUtilities.TestRequestSender+<>c__DisplayClass31_0.<StartTestRun>b__1, took 21 ms.
TpTrace Verbose: 0 : 15072, 13, 2024/03/10, 09:07:37.811, 9093591976421, vstest.console.dll, TcpClientExtensions.MessageLoopAsync: Polling on remoteEndPoint: 127.0.0.1:58774 localEndPoint: 127.0.0.1:58773
TpTrace Verbose: 0 : 15072, 4, 2024/03/10, 09:07:37.814, 9093592003129, vstest.console.dll, MulticastDelegateUtilities.SafeInvoke: InternalTestLoggerEvents.SendTestResult: Invoking callback 1/1 for Microsoft.VisualStudio.TestPlatform.CommandLine.Internal.ConsoleLogger.TestResultHandler, took 2 ms.
TpTrace Verbose: 0 : 15072, 4, 2024/03/10, 09:07:37.814, 9093592004255, vstest.console.dll, MulticastDelegateUtilities.SafeInvoke: InternalTestLoggerEvents.SendTestResult: Invoking callback 1/1 for Microsoft.VisualStudio.TestPlatform.CommandLine.Internal.ConsoleLogger.TestResultHandler, took 0 ms.
TpTrace Verbose: 0 : 15072, 13, 2024/03/10, 09:07:38.816, 9093602027661, vstest.console.dll, TcpClientExtensions.MessageLoopAsync: Polling on remoteEndPoint: 127.0.0.1:58774 localEndPoint: 127.0.0.1:58773
TpTrace Verbose: 0 : 15072, 13, 2024/03/10, 09:07:38.891, 9093602770194, vstest.console.dll, TcpClientExtensions.MessageLoopAsync: NotifyDataAvailable remoteEndPoint: 127.0.0.1:58774 localEndPoint: 127.0.0.1:58773
TpTrace Verbose: 0 : 15072, 13, 2024/03/10, 09:07:38.891, 9093602771433, vstest.console.dll, TestRequestSender.OnExecutionMessageReceived: Received message: {"Version":7,"MessageType":"TestSession.Message","Payload":{"MessageLevel":0,"Message":"NUnit Adapter 4.4.0.0: Test execution complete"}}
TpTrace Verbose: 0 : 15072, 13, 2024/03/10, 09:07:38.891, 9093602772523, vstest.console.dll, TestRunRequest:SendTestRunMessage: Starting.
TpTrace Verbose: 0 : 15072, 13, 2024/03/10, 09:07:38.891, 9093602773223, vstest.console.dll, MulticastDelegateUtilities.SafeInvoke: TestRun.LogMessages: Invoking callback 1/1 for Microsoft.VisualStudio.TestPlatform.CommandLine.TestRunResultAggregator.TestRunMessageHandler, took 0 ms.
TpTrace Information: 0 : 15072, 13, 2024/03/10, 09:07:38.891, 9093602773725, vstest.console.dll, TestRunRequest:SendTestRunMessage: Completed.
TpTrace Verbose: 0 : 15072, 13, 2024/03/10, 09:07:38.891, 9093602774238, vstest.console.dll, MulticastDelegateUtilities.SafeInvoke: LengthPrefixCommunicationChannel: MessageReceived: Invoking callback 1/1 for Microsoft.VisualStudio.TestPlatform.CommunicationUtilities.TestRequestSender+<>c__DisplayClass31_0.<StartTestRun>b__1, took 0 ms.
TpTrace Verbose: 0 : 15072, 4, 2024/03/10, 09:07:38.891, 9093602773850, vstest.console.dll, MulticastDelegateUtilities.SafeInvoke: InternalTestLoggerEvents.SendTestRunMessage: Invoking callback 1/1 for Microsoft.VisualStudio.TestPlatform.CommandLine.Internal.ConsoleLogger.TestMessageHandler, took 0 ms.
TpTrace Verbose: 0 : 15072, 13, 2024/03/10, 09:07:38.891, 9093602774793, vstest.console.dll, TcpClientExtensions.MessageLoopAsync: Polling on remoteEndPoint: 127.0.0.1:58774 localEndPoint: 127.0.0.1:58773
TpTrace Verbose: 0 : 15072, 13, 2024/03/10, 09:07:38.905, 9093602912287, vstest.console.dll, TcpClientExtensions.MessageLoopAsync: NotifyDataAvailable remoteEndPoint: 127.0.0.1:58774 localEndPoint: 127.0.0.1:58773
TpTrace Verbose: 0 : 15072, 13, 2024/03/10, 09:07:38.905, 9093602914203, vstest.console.dll, TestRequestSender.OnExecutionMessageReceived: Received message: {"Version":7,"MessageType":"TestExecution.Completed","Payload":{"TestRunCompleteArgs":{"TestRunStatistics":{"ExecutedTests":5,"Stats":{"Passed":5}},"IsCanceled":false,"IsAborted":false,"Error":null,"AttachmentSets":[],"InvokedDataCollectors":[],"ElapsedTimeInRunningTests":"00:00:02.5816649","Metrics":{},"DiscoveredExtensions":{"TestDiscoverers":["NUnit.VisualStudio.TestAdapter.NUnit3TestDiscoverer, NUnit3.TestAdapter, Version=4.4.0.0, Culture=neutral, PublicKeyToken=4cb40d35494691ac"],"TestExecutors":["executor://NUnit3TestExecutor"],"TestExecutors2":[],"TestSettingsProviders":[]}},"LastRunTests":{"NewTestResults":[{"TestCase":{"Id":"8814dc94-9c83-e110-7d30-2987baff9826","FullyQualifiedName":"_05.RestSharpTestProject.GitHubAPITests.Test_GitHubApiRequestCreateIssue","DisplayName":"Test_GitHubApiRequestCreateIssue","ExecutorUri":"executor://NUnit3TestExecutor","Source":"D:\\SoftUni\\7 Back-End Test Automation-March-2024\\repo\\QA-Back-End-Test-Automation-March-2024\\01.RestSharp-API-GitHub\\RestSharp\\05.RestSharpTestProject\\bin\\Debug\\net6.0\\fine-code-coverage\\build-output\\05.RestSharpTestProject.dll","CodeFilePath":null,"LineNumber":0,"Properties":[{"Key":{"Id":"NUnit.Seed","Label":"Seed","Category":"","Description":"","Attributes":0,"ValueType":"System.String"},"Value":"1884764888"}]},"Attachments":[],"Outcome":1,"ErrorMessage":null,"ErrorStackTrace":null,"DisplayName":"Test_GitHubApiRequestCreateIssue","Messages":[],"ComputerName":"DESKTOP-UUB0D73","Duration":"00:00:00.4881290","StartTime":"2024-03-10T07:07:37.6210347+00:00","EndTime":"2024-03-10T07:07:38.1091631+00:00","Properties":[{"Key":{"Id":"NUnit.Seed","Label":"Seed","Category":"","Description":"","Attributes":0,"ValueType":"System.String"},"Value":"1884764888"}]},{"TestCase":{"Id":"3e588ea1-2811-a0db-05ae-703308ee8021","FullyQualifiedName":"_05.RestSharpTestProject.GitHubAPITests.Test_GitHubApiRequestIssuesEndpoint_MoreValidation","DisplayName":"Test_GitHubApiRequestIssuesEndpoint_MoreValidation","ExecutorUri":"executor://NUnit3TestExecutor","Source":"D:\\SoftUni\\7 Back-End Test Automation-March-2024\\repo\\QA-Back-End-Test-Automation-March-2024\\01.RestSharp-API-GitHub\\RestSharp\\05.RestSharpTestProject\\bin\\Debug\\net6.0\\fine-code-coverage\\build-output\\05.RestSharpTestProject.dll","CodeFilePath":null,"LineNumber":0,"Properties":[{"Key":{"Id":"NUnit.Seed","Label":"Seed","Category":"","Description":"","Attributes":0,"ValueType":"System.String"},"Value":"1988488072"}]},"Attachments":[],"Outcome":1,"ErrorMessage":null,"ErrorStackTrace":null,"DisplayName":"Test_GitHubApiRequestIssuesEndpoint_MoreValidation","Messages":[],"ComputerName":"DESKTOP-UUB0D73","Duration":"00:00:00.3617470","StartTime":"2024-03-10T07:07:38.1091854+00:00","EndTime":"2024-03-10T07:07:38.4709324+00:00","Properties":[{"Key":{"Id":"NUnit.Seed","Label":"Seed","Category":"","Description":"","Attributes":0,"ValueType":"System.String"},"Value":"1988488072"}]},{"TestCase":{"Id":"549a2069-fae7-3bb3-4b8f-759f3001bdcd","FullyQualifiedName":"_05.RestSharpTestProject.GitHubAPITests.Test_GitHubApiRequestTimeout1000","DisplayName":"Test_GitHubApiRequestTimeout1000","ExecutorUri":"executor://NUnit3TestExecutor","Source":"D:\\SoftUni\\7 Back-End Test Automation-March-2024\\repo\\QA-Back-End-Test-Automation-March-2024\\01.RestSharp-API-GitHub\\RestSharp\\05.RestSharpTestProject\\bin\\Debug\\net6.0\\fine-code-coverage\\build-output\\05.RestSharpTestProject.dll","CodeFilePath":null,"LineNumber":0,"Properties":[{"Key":{"Id":"NUnit.Seed","Label":"Seed","Category":"","Description":"","Attributes":0,"ValueType":"System.String"},"Value":"391405594"}]},"Attachments":[],"Outcome":1,"ErrorMessage":null,"ErrorStackTrace":null,"DisplayName":"Test_GitHubApiRequestTimeout1000","Messages":[],"ComputerName":"DESKTOP-UUB0D73","Duration":"00:00:00.4086210","StartTime":"2024-03-10T07:07:38.4710349+00:00","EndTime":"2024-03-10T07:07:38.8796554+00:00","Properties":[{"Key":{"Id":"NUnit.Seed","Label":"Seed","Category":"","Description":"","Attributes":0,"ValueType":"System.String"},"Value":"391405594"}]}],"TestRunStatistics":{"ExecutedTests":5,"Stats":{"Passed":5}},"ActiveTests":[]},"RunAttachments":[],"ExecutorUris":["executor://nunit3testexecutor/"]}}
TpTrace Verbose: 0 : 15072, 13, 2024/03/10, 09:07:38.905, 9093602915557, vstest.console.dll, TestRequestSender.EndSession: Sending end session.
TpTrace Verbose: 0 : 15072, 13, 2024/03/10, 09:07:38.905, 9093602917202, vstest.console.dll, ProxyOperationManager.Close: waiting for test host to exit for 100 ms
TpTrace Warning: 0 : 15072, 12, 2024/03/10, 09:07:38.916, 9093603024921, vstest.console.dll, TestHostManagerCallbacks.ErrorReceivedCallback Test host standard error line: 
TpTrace Verbose: 0 : 15072, 5, 2024/03/10, 09:07:38.923, 9093603095034, vstest.console.dll, TestHostProvider.ExitCallBack: Host exited starting callback.
TpTrace Information: 0 : 15072, 5, 2024/03/10, 09:07:38.924, 9093603100117, vstest.console.dll, TestHostManagerCallbacks.ExitCallBack: Testhost processId: 25264 exited with exitcode: 0 error: ''
TpTrace Verbose: 0 : 15072, 5, 2024/03/10, 09:07:38.924, 9093603100894, vstest.console.dll, DotnetTestHostManager.OnHostExited: invoking OnHostExited callback
TpTrace Verbose: 0 : 15072, 5, 2024/03/10, 09:07:38.924, 9093603101539, vstest.console.dll, CrossPlatEngine.TestHostManagerHostExited: calling on client process exit callback.
TpTrace Information: 0 : 15072, 5, 2024/03/10, 09:07:38.924, 9093603102223, vstest.console.dll, TestRequestSender.OnClientProcessExit: Test host process exited. Standard error: 
TpTrace Information: 0 : 15072, 5, 2024/03/10, 09:07:38.924, 9093603102829, vstest.console.dll, SocketServer.Stop: Stop server endPoint: 127.0.0.1:58773
TpTrace Information: 0 : 15072, 5, 2024/03/10, 09:07:38.924, 9093603103337, vstest.console.dll, SocketServer.Stop: Cancellation requested. Stopping message loop.
TpTrace Information: 0 : 15072, 13, 2024/03/10, 09:07:38.924, 9093603102935, vstest.console.dll, SocketServer.Stop: Stop server endPoint: 127.0.0.1:58773
TpTrace Information: 0 : 15072, 13, 2024/03/10, 09:07:38.924, 9093603104649, vstest.console.dll, SocketServer.Stop: Cancellation requested. Stopping message loop.
TpTrace Information: 0 : 15072, 13, 2024/03/10, 09:07:38.924, 9093603105272, vstest.console.dll, Closing the connection
TpTrace Verbose: 0 : 15072, 5, 2024/03/10, 09:07:38.924, 9093603104348, vstest.console.dll, MulticastDelegateUtilities.SafeInvoke: HostProviderEvents.OnHostExited: Invoking callback 1/1 for Microsoft.VisualStudio.TestPlatform.CrossPlatEngine.Client.ProxyOperationManager.TestHostManagerHostExited, took 0 ms.
TpTrace Verbose: 0 : 15072, 13, 2024/03/10, 09:07:38.925, 9093603108272, vstest.console.dll, ProxyDataCollectionManager.InvokeDataCollectionServiceAction: Starting.
TpTrace Information: 0 : 15072, 13, 2024/03/10, 09:07:38.925, 9093603109030, vstest.console.dll, ProxyDataCollectionManager.AfterTestRunEnd: Get attachment set and invoked data collectors processId: 15140 port: 58769
TpTrace Verbose: 0 : 15072, 13, 2024/03/10, 09:07:38.925, 9093603109664, vstest.console.dll, DataCollectionRequestSender.SendAfterTestRunStartAndGetResult: Send AfterTestRunEnd message with isCancelled: False
TpTrace Verbose: 0 : 15072, 13, 2024/03/10, 09:07:38.930, 9093603160500, vstest.console.dll, DataCollectionRequestSender.SendAfterTestRunStartAndGetResult: Received message: (DataCollection.AfterTestRunEndResult) -> {"MessageType":"DataCollection.AfterTestRunEndResult","Payload":{"AttachmentSets":[],"InvokedDataCollectors":[{"Uri":"datacollector://Microsoft/TestPlatform/Extensions/Blame/v1","FriendlyName":"Blame","AssemblyQualifiedName":"Microsoft.TestPlatform.Extensions.BlameDataCollector.BlameCollector, Microsoft.TestPlatform.Extensions.BlameDataCollector, Version=15.0.0.0, Culture=neutral, PublicKeyToken=b03f5f7f11d50a3a","FilePath":"C:\\Program Files (x86)\\dotnet\\sdk\\6.0.408\\Extensions\\Microsoft.TestPlatform.Extensions.BlameDataCollector.dll","HasAttachmentProcessor":false}],"Metrics":{}}}
TpTrace Warning: 0 : 15072, 9, 2024/03/10, 09:07:38.936, 9093603221676, vstest.console.dll, DataCollectionLauncher.ErrorReceivedCallback datacollector standard error line: 
TpTrace Information: 0 : 15072, 5, 2024/03/10, 09:07:38.938, 9093603243302, vstest.console.dll, DataCollectionLauncher.ExitCallBack: Data collector exited with exitcode: 0 error: ''
TpTrace Information: 0 : 15072, 13, 2024/03/10, 09:07:38.939, 9093603249794, vstest.console.dll, ProxyDataCollectionManager.InvokeDataCollectionServiceAction: Completed.
TpTrace Verbose: 0 : 15072, 13, 2024/03/10, 09:07:38.965, 9093603514677, vstest.console.dll, TestRunRequest:SendTestRunStatsChange: Starting.
TpTrace Verbose: 0 : 15072, 13, 2024/03/10, 09:07:38.965, 9093603515781, vstest.console.dll, MulticastDelegateUtilities.SafeInvoke: TestRun.RunStatsChanged: Invoking callbacks was skipped because there are no subscribers.
TpTrace Information: 0 : 15072, 13, 2024/03/10, 09:07:38.965, 9093603516332, vstest.console.dll, TestRunRequest:SendTestRunStatsChange: Completed.
TpTrace Verbose: 0 : 15072, 4, 2024/03/10, 09:07:38.965, 9093603516797, vstest.console.dll, MulticastDelegateUtilities.SafeInvoke: InternalTestLoggerEvents.SendTestResult: Invoking callback 1/1 for Microsoft.VisualStudio.TestPlatform.CommandLine.Internal.ConsoleLogger.TestResultHandler, took 0 ms.
TpTrace Verbose: 0 : 15072, 4, 2024/03/10, 09:07:38.965, 9093603517708, vstest.console.dll, MulticastDelegateUtilities.SafeInvoke: InternalTestLoggerEvents.SendTestResult: Invoking callback 1/1 for Microsoft.VisualStudio.TestPlatform.CommandLine.Internal.ConsoleLogger.TestResultHandler, took 0 ms.
TpTrace Verbose: 0 : 15072, 4, 2024/03/10, 09:07:38.966, 9093603518324, vstest.console.dll, MulticastDelegateUtilities.SafeInvoke: InternalTestLoggerEvents.SendTestResult: Invoking callback 1/1 for Microsoft.VisualStudio.TestPlatform.CommandLine.Internal.ConsoleLogger.TestResultHandler, took 0 ms.
TpTrace Verbose: 0 : 15072, 13, 2024/03/10, 09:07:38.966, 9093603518701, vstest.console.dll, ParallelProxyExecutionManager: HandlePartialRunComplete: Total completed clients = 1, Run complete = True, Run canceled: False.
TpTrace Verbose: 0 : 15072, 4, 2024/03/10, 09:07:38.971, 9093603577109, vstest.console.dll, MulticastDelegateUtilities.SafeInvoke: InternalTestLoggerEvents.SendTestRunComplete: Invoking callback 1/2 for Microsoft.TestPlatform.Extensions.BlameDataCollector.BlameLogger.TestRunCompleteHandler, took 0 ms.
TpTrace Verbose: 0 : 15072, 4, 2024/03/10, 09:07:38.976, 9093603619029, vstest.console.dll, MulticastDelegateUtilities.SafeInvoke: InternalTestLoggerEvents.SendTestRunComplete: Invoking callback 2/2 for Microsoft.VisualStudio.TestPlatform.CommandLine.Internal.ConsoleLogger.TestRunCompleteHandler, took 4 ms.
TpTrace Verbose: 0 : 15072, 13, 2024/03/10, 09:07:38.976, 9093603623283, vstest.console.dll, TestRunRequest:TestRunComplete: Starting. IsAborted:False IsCanceled:False.
TpTrace Verbose: 0 : 15072, 13, 2024/03/10, 09:07:38.977, 9093603632319, vstest.console.dll, TestLoggerManager.HandleTestRunComplete: Ignoring as the object is disposed.
TpTrace Verbose: 0 : 15072, 13, 2024/03/10, 09:07:38.977, 9093603634062, vstest.console.dll, MulticastDelegateUtilities.SafeInvoke: TestRun.TestRunComplete: Invoking callback 1/2 for Microsoft.VisualStudio.TestPlatform.CommandLine.TestRunResultAggregator.TestRunCompletionHandler, took 0 ms.
TpTrace Verbose: 0 : 15072, 13, 2024/03/10, 09:07:38.977, 9093603634877, vstest.console.dll, MulticastDelegateUtilities.SafeInvoke: TestRun.TestRunComplete: Invoking callback 2/2 for Microsoft.VisualStudio.TestPlatform.CommandLine.Processors.RunTestsArgumentExecutor+TestRunRequestEventsRegistrar.TestRunRequest_OnRunCompletion, took 0 ms.
TpTrace Information: 0 : 15072, 13, 2024/03/10, 09:07:38.977, 9093603635857, vstest.console.dll, TestRunRequest:TestRunComplete: Completed.
TpTrace Verbose: 0 : 15072, 1, 2024/03/10, 09:07:38.977, 9093603636375, vstest.console.dll, TestRunRequest.Dispose: Starting.
TpTrace Verbose: 0 : 15072, 13, 2024/03/10, 09:07:38.977, 9093603636465, vstest.console.dll, TestRequestSender.SetOperationComplete: Setting operation complete.
TpTrace Information: 0 : 15072, 13, 2024/03/10, 09:07:38.977, 9093603637752, vstest.console.dll, SocketServer.Stop: Stop server endPoint: 127.0.0.1:58773
TpTrace Information: 0 : 15072, 1, 2024/03/10, 09:07:38.977, 9093603637230, vstest.console.dll, TestRunRequest.Dispose: Completed.
TpTrace Information: 0 : 15072, 13, 2024/03/10, 09:07:38.978, 9093603638258, vstest.console.dll, SocketServer.Stop: Cancellation requested. Stopping message loop.
TpTrace Verbose: 0 : 15072, 13, 2024/03/10, 09:07:38.978, 9093603639525, vstest.console.dll, MulticastDelegateUtilities.SafeInvoke: LengthPrefixCommunicationChannel: MessageReceived: Invoking callback 1/1 for Microsoft.VisualStudio.TestPlatform.CommunicationUtilities.TestRequestSender+<>c__DisplayClass31_0.<StartTestRun>b__1, took 72 ms.
TpTrace Information: 0 : 15072, 1, 2024/03/10, 09:07:38.978, 9093603639011, vstest.console.dll, TestRequestManager.RunTests: run tests completed.
TpTrace Information: 0 : 15072, 13, 2024/03/10, 09:07:38.978, 9093603640155, vstest.console.dll, SocketServer.PrivateStop: Stopping server endPoint: 127.0.0.1:58773 error: 
TpTrace Information: 0 : 15072, 1, 2024/03/10, 09:07:38.978, 9093603641015, vstest.console.dll, RunTestsArgumentProcessor:Execute: Test run is completed.
TpTrace Verbose: 0 : 15072, 1, 2024/03/10, 09:07:38.978, 9093603642624, vstest.console.dll, Executor.Execute: Exiting with exit code of 0
TpTrace Verbose: 0 : 15072, 13, 2024/03/10, 09:07:38.978, 9093603645305, vstest.console.dll, LengthPrefixCommunicationChannel.Dispose: Dispose reader and writer.
TpTrace Information: 0 : 15072, 13, 2024/03/10, 09:07:38.978, 9093603646896, vstest.console.dll, SocketServer.Stop: Raise disconnected event endPoint: 127.0.0.1:58773 error: 
TpTrace Verbose: 0 : 15072, 13, 2024/03/10, 09:07:38.978, 9093603647575, vstest.console.dll, TestRequestSender: OnTestRunAbort: Operation is already complete. Skip error message.
TpTrace Verbose: 0 : 15072, 13, 2024/03/10, 09:07:38.979, 9093603648149, vstest.console.dll, MulticastDelegateUtilities.SafeInvoke: SocketServer: ClientDisconnected: Invoking callback 1/1 for Microsoft.VisualStudio.TestPlatform.CommunicationUtilities.TestRequestSender.<InitializeCommunication>b__24_1, took 0 ms.
TpTrace Verbose: 0 : 15072, 13, 2024/03/10, 09:07:38.979, 9093603648641, vstest.console.dll, TcpClientExtensions.MessageLoopAsync: exiting MessageLoopAsync remoteEndPoint: 127.0.0.1:58774 localEndPoint: 127.0.0.1:58773
