TpTrace Verbose: 0 : 29560, 1, 2024/03/10, 20:52:06.179, 9516264996155, vstest.console.dll, Version: 17.3.2 Current process architecture: X86
TpTrace Verbose: 0 : 29560, 1, 2024/03/10, 20:52:06.181, 9516265012734, vstest.console.dll, Runtime location: C:\Program Files (x86)\dotnet\shared\Microsoft.NETCore.App\6.0.25
TpTrace Information: 0 : 29560, 1, 2024/03/10, 20:52:06.185, 9516265057926, vstest.console.dll, FilePatternParser: The given file D:\SoftUni\7 Back-End Test Automation-March-2024\repo\03.Exercise-Api-Testing-CSharp-RestSharp\TestGitHubApi\bin\Debug\net6.0\fine-code-coverage\build-output\TestGitHubApi.dll is a full path.
TpTrace Verbose: 0 : 29560, 1, 2024/03/10, 20:52:06.190, 9516265108124, vstest.console.dll, TestPluginCache.DiscoverTestExtensions: finding test extensions in assemblies ends with: RuntimeProvider.dll TPluginInfo: Microsoft.VisualStudio.TestPlatform.Common.ExtensionFramework.Utilities.TestRuntimePluginInformation TExtension: Microsoft.VisualStudio.TestPlatform.ObjectModel.Host.ITestRuntimeProvider
TpTrace Verbose: 0 : 29560, 1, 2024/03/10, 20:52:06.191, 9516265116623, vstest.console.dll, TestPluginCache.GetExtensionPaths: Filtered extension paths: 
TpTrace Verbose: 0 : 29560, 1, 2024/03/10, 20:52:06.191, 9516265117802, vstest.console.dll, TestPluginCache.GetExtensionPaths: Added default extension paths: C:\Program Files (x86)\dotnet\sdk\6.0.408\Extensions\Microsoft.Diagnostics.NETCore.Client.dll
C:\Program Files (x86)\dotnet\sdk\6.0.408\Extensions\Microsoft.TestPlatform.Extensions.BlameDataCollector.dll
C:\Program Files (x86)\dotnet\sdk\6.0.408\Extensions\Microsoft.TestPlatform.Extensions.EventLogCollector.dll
C:\Program Files (x86)\dotnet\sdk\6.0.408\Extensions\Microsoft.TestPlatform.TestHostRuntimeProvider.dll
C:\Program Files (x86)\dotnet\sdk\6.0.408\Extensions\Microsoft.VisualStudio.TestPlatform.Extensions.Html.TestLogger.dll
C:\Program Files (x86)\dotnet\sdk\6.0.408\Extensions\Microsoft.VisualStudio.TestPlatform.Extensions.Trx.TestLogger.dll
TpTrace Verbose: 0 : 29560, 1, 2024/03/10, 20:52:06.191, 9516265118450, vstest.console.dll, TestPluginCache.GetExtensionPaths: Added unfilterableExtensionPaths: 
TpTrace Information: 0 : 29560, 1, 2024/03/10, 20:52:06.192, 9516265124989, vstest.console.dll, AssemblyResolver.ctor: Creating AssemblyResolver with searchDirectories C:\Program Files (x86)\dotnet\sdk\6.0.408\Extensions,C:\Program Files (x86)\dotnet\sdk\6.0.408
TpTrace Verbose: 0 : 29560, 1, 2024/03/10, 20:52:06.193, 9516265136232, vstest.console.dll, TestPluginCache.DiscoverTestExtensions: Discovering the extensions using extension path.
TpTrace Verbose: 0 : 29560, 1, 2024/03/10, 20:52:06.193, 9516265137660, vstest.console.dll, TestPluginCache.GetExtensionPaths: Filtered extension paths: 
TpTrace Verbose: 0 : 29560, 1, 2024/03/10, 20:52:06.193, 9516265138360, vstest.console.dll, TestPluginCache.GetExtensionPaths: Added default extension paths: C:\Program Files (x86)\dotnet\sdk\6.0.408\Extensions\Microsoft.Diagnostics.NETCore.Client.dll
C:\Program Files (x86)\dotnet\sdk\6.0.408\Extensions\Microsoft.TestPlatform.Extensions.BlameDataCollector.dll
C:\Program Files (x86)\dotnet\sdk\6.0.408\Extensions\Microsoft.TestPlatform.Extensions.EventLogCollector.dll
C:\Program Files (x86)\dotnet\sdk\6.0.408\Extensions\Microsoft.TestPlatform.TestHostRuntimeProvider.dll
C:\Program Files (x86)\dotnet\sdk\6.0.408\Extensions\Microsoft.VisualStudio.TestPlatform.Extensions.Html.TestLogger.dll
C:\Program Files (x86)\dotnet\sdk\6.0.408\Extensions\Microsoft.VisualStudio.TestPlatform.Extensions.Trx.TestLogger.dll
TpTrace Verbose: 0 : 29560, 1, 2024/03/10, 20:52:06.193, 9516265138933, vstest.console.dll, TestPluginCache.GetExtensionPaths: Added unfilterableExtensionPaths: 
TpTrace Verbose: 0 : 29560, 1, 2024/03/10, 20:52:06.194, 9516265139744, vstest.console.dll, TestPluginCache.DiscoverTestExtensions: Discovering the extensions using allExtensionPaths: C:\Program Files (x86)\dotnet\sdk\6.0.408\Extensions\Microsoft.Diagnostics.NETCore.Client.dll
C:\Program Files (x86)\dotnet\sdk\6.0.408\Extensions\Microsoft.TestPlatform.Extensions.BlameDataCollector.dll
C:\Program Files (x86)\dotnet\sdk\6.0.408\Extensions\Microsoft.TestPlatform.Extensions.EventLogCollector.dll
C:\Program Files (x86)\dotnet\sdk\6.0.408\Extensions\Microsoft.TestPlatform.TestHostRuntimeProvider.dll
C:\Program Files (x86)\dotnet\sdk\6.0.408\Extensions\Microsoft.VisualStudio.TestPlatform.Extensions.Html.TestLogger.dll
C:\Program Files (x86)\dotnet\sdk\6.0.408\Extensions\Microsoft.VisualStudio.TestPlatform.Extensions.Trx.TestLogger.dll
TpTrace Information: 0 : 29560, 1, 2024/03/10, 20:52:06.194, 9516265141557, vstest.console.dll, AssemblyResolver.AddSearchDirectories: Adding more searchDirectories C:\Program Files (x86)\dotnet\sdk\6.0.408\Extensions,C:\Program Files (x86)\dotnet\sdk\6.0.408
TpTrace Information: 0 : 29560, 1, 2024/03/10, 20:52:06.194, 9516265142322, vstest.console.dll, AssemblyResolver.AddSearchDirectories: Adding more searchDirectories C:\Program Files (x86)\dotnet\sdk\6.0.408\Extensions,C:\Program Files (x86)\dotnet\sdk\6.0.408
TpTrace Information: 0 : 29560, 1, 2024/03/10, 20:52:06.194, 9516265142934, vstest.console.dll, AssemblyResolver.AddSearchDirectories: Adding more searchDirectories C:\Program Files (x86)\dotnet\sdk\6.0.408\Extensions,C:\Program Files (x86)\dotnet\sdk\6.0.408
TpTrace Information: 0 : 29560, 1, 2024/03/10, 20:52:06.194, 9516265143508, vstest.console.dll, AssemblyResolver.AddSearchDirectories: Adding more searchDirectories C:\Program Files (x86)\dotnet\sdk\6.0.408\Extensions,C:\Program Files (x86)\dotnet\sdk\6.0.408
TpTrace Information: 0 : 29560, 1, 2024/03/10, 20:52:06.194, 9516265144042, vstest.console.dll, AssemblyResolver.AddSearchDirectories: Adding more searchDirectories C:\Program Files (x86)\dotnet\sdk\6.0.408\Extensions,C:\Program Files (x86)\dotnet\sdk\6.0.408
TpTrace Information: 0 : 29560, 1, 2024/03/10, 20:52:06.194, 9516265144576, vstest.console.dll, AssemblyResolver.AddSearchDirectories: Adding more searchDirectories C:\Program Files (x86)\dotnet\sdk\6.0.408\Extensions,C:\Program Files (x86)\dotnet\sdk\6.0.408
TpTrace Information: 0 : 29560, 1, 2024/03/10, 20:52:06.194, 9516265147557, vstest.console.dll, AssemblyResolver.OnResolve: Microsoft.Diagnostics.NETCore.Client: Resolving assembly.
TpTrace Information: 0 : 29560, 1, 2024/03/10, 20:52:06.194, 9516265148375, vstest.console.dll, AssemblyResolver.OnResolve: Microsoft.Diagnostics.NETCore.Client: Searching in: 'C:\Program Files (x86)\dotnet\sdk\6.0.408\Extensions'.
TpTrace Information: 0 : 29560, 1, 2024/03/10, 20:52:06.195, 9516265151912, vstest.console.dll, AssemblyResolver.OnResolve: Microsoft.Diagnostics.NETCore.Client: Loading assembly 'C:\Program Files (x86)\dotnet\sdk\6.0.408\Extensions\Microsoft.Diagnostics.NETCore.Client.dll'.
TpTrace Information: 0 : 29560, 1, 2024/03/10, 20:52:06.196, 9516265159732, vstest.console.dll, AssemblyResolver.OnResolve: Resolved assembly: Microsoft.Diagnostics.NETCore.Client, from path: C:\Program Files (x86)\dotnet\sdk\6.0.408\Extensions\Microsoft.Diagnostics.NETCore.Client.dll
TpTrace Verbose: 0 : 29560, 1, 2024/03/10, 20:52:06.200, 9516265201473, vstest.console.dll, MetadataReaderExtensionsHelper: Discovering extensions inside assembly 'Microsoft.Diagnostics.NETCore.Client, Version=0.2.6.42401, Culture=neutral, PublicKeyToken=31bf3856ad364e35' file path 'C:\Program Files (x86)\dotnet\sdk\6.0.408\Extensions\Microsoft.Diagnostics.NETCore.Client.dll'
TpTrace Information: 0 : 29560, 1, 2024/03/10, 20:52:06.210, 9516265303186, vstest.console.dll, AssemblyResolver.OnResolve: Microsoft.Bcl.AsyncInterfaces: Resolving assembly.
TpTrace Information: 0 : 29560, 1, 2024/03/10, 20:52:06.210, 9516265304605, vstest.console.dll, AssemblyResolver.OnResolve: Microsoft.Bcl.AsyncInterfaces: Searching in: 'C:\Program Files (x86)\dotnet\sdk\6.0.408\Extensions'.
TpTrace Information: 0 : 29560, 1, 2024/03/10, 20:52:06.210, 9516265305869, vstest.console.dll, AssemblyResolver.OnResolve: Microsoft.Bcl.AsyncInterfaces: Assembly path does not exist: 'C:\Program Files (x86)\dotnet\sdk\6.0.408\Extensions\Microsoft.Bcl.AsyncInterfaces.dll', returning.
TpTrace Information: 0 : 29560, 1, 2024/03/10, 20:52:06.210, 9516265307297, vstest.console.dll, AssemblyResolver.OnResolve: Microsoft.Bcl.AsyncInterfaces: Assembly path does not exist: 'C:\Program Files (x86)\dotnet\sdk\6.0.408\Extensions\Microsoft.Bcl.AsyncInterfaces.exe', returning.
TpTrace Information: 0 : 29560, 1, 2024/03/10, 20:52:06.210, 9516265307908, vstest.console.dll, AssemblyResolver.OnResolve: Microsoft.Bcl.AsyncInterfaces: Searching in: 'C:\Program Files (x86)\dotnet\sdk\6.0.408'.
TpTrace Information: 0 : 29560, 1, 2024/03/10, 20:52:06.210, 9516265308890, vstest.console.dll, AssemblyResolver.OnResolve: Microsoft.Bcl.AsyncInterfaces: Assembly path does not exist: 'C:\Program Files (x86)\dotnet\sdk\6.0.408\Microsoft.Bcl.AsyncInterfaces.dll', returning.
TpTrace Information: 0 : 29560, 1, 2024/03/10, 20:52:06.211, 9516265309822, vstest.console.dll, AssemblyResolver.OnResolve: Microsoft.Bcl.AsyncInterfaces: Assembly path does not exist: 'C:\Program Files (x86)\dotnet\sdk\6.0.408\Microsoft.Bcl.AsyncInterfaces.exe', returning.
TpTrace Information: 0 : 29560, 1, 2024/03/10, 20:52:06.211, 9516265310375, vstest.console.dll, AssemblyResolver.OnResolve: Microsoft.Bcl.AsyncInterfaces: Failed to load assembly.
TpTrace Verbose: 0 : 29560, 1, 2024/03/10, 20:52:06.211, 9516265311017, vstest.console.dll, CurrentDomainAssemblyResolve: Resolving assembly 'Microsoft.Bcl.AsyncInterfaces'.
TpTrace Information: 0 : 29560, 1, 2024/03/10, 20:52:06.211, 9516265312671, vstest.console.dll, AssemblyResolver.OnResolve: Microsoft.Bcl.AsyncInterfaces: Resolving assembly.
TpTrace Information: 0 : 29560, 1, 2024/03/10, 20:52:06.211, 9516265313506, vstest.console.dll, AssemblyResolver.OnResolve: Microsoft.Bcl.AsyncInterfaces: Resolved from cache.
TpTrace Verbose: 0 : 29560, 1, 2024/03/10, 20:52:06.211, 9516265314206, vstest.console.dll, CurrentDomainAssemblyResolve: Resolving assembly 'Microsoft.Bcl.AsyncInterfaces'.
TpTrace Verbose: 0 : 29560, 1, 2024/03/10, 20:52:06.211, 9516265314827, vstest.console.dll, CurrentDomainAssemblyResolve: Failed to resolve assembly 'Microsoft.Bcl.AsyncInterfaces'.
TpTrace Verbose: 0 : 29560, 1, 2024/03/10, 20:52:06.211, 9516265319151, vstest.console.dll, CurrentDomainAssemblyResolve: Failed to resolve assembly 'Microsoft.Bcl.AsyncInterfaces'.
TpTrace Warning: 0 : 29560, 1, 2024/03/10, 20:52:06.220, 9516265401240, vstest.console.dll, TestPluginDiscoverer: Failed to get types from assembly 'Microsoft.Diagnostics.NETCore.Client, Version=0.2.6.42401, Culture=neutral, PublicKeyToken=31bf3856ad364e35'. Error: System.Reflection.ReflectionTypeLoadException: Unable to load one or more of the requested types.
Could not load file or assembly 'Microsoft.Bcl.AsyncInterfaces, Version=1.0.0.0, Culture=neutral, PublicKeyToken=cc7b13ffcd2ddd51'. The system cannot find the file specified.
   at System.Reflection.RuntimeModule.GetTypes(RuntimeModule module)
   at System.Reflection.Assembly.GetTypes()
   at Microsoft.VisualStudio.TestPlatform.Common.ExtensionFramework.TestPluginDiscoverer.GetTestExtensionsFromAssembly[TPluginInfo,TExtension](Assembly assembly, Dictionary`2 pluginInfos, String filePath)
System.IO.FileNotFoundException: Could not load file or assembly 'Microsoft.Bcl.AsyncInterfaces, Version=1.0.0.0, Culture=neutral, PublicKeyToken=cc7b13ffcd2ddd51'. The system cannot find the file specified.
File name: 'Microsoft.Bcl.AsyncInterfaces, Version=1.0.0.0, Culture=neutral, PublicKeyToken=cc7b13ffcd2ddd51'
 ---> System.IO.FileNotFoundException: Could not load file or assembly 'Microsoft.Bcl.AsyncInterfaces, Culture=neutral, PublicKeyToken=null'. The system cannot find the file specified.
File name: 'Microsoft.Bcl.AsyncInterfaces, Culture=neutral, PublicKeyToken=null'
   at System.Reflection.RuntimeAssembly.InternalLoad(ObjectHandleOnStack assemblyName, ObjectHandleOnStack requestingAssembly, StackCrawlMarkHandle stackMark, Boolean throwOnFileNotFound, ObjectHandleOnStack assemblyLoadContext, ObjectHandleOnStack retAssembly)
   at System.Reflection.RuntimeAssembly.InternalLoad(AssemblyName assemblyName, RuntimeAssembly requestingAssembly, StackCrawlMark& stackMark, Boolean throwOnFileNotFound, AssemblyLoadContext assemblyLoadContext)
   at System.Reflection.Assembly.Load(AssemblyName assemblyRef)
   at Microsoft.VisualStudio.TestPlatform.Common.ExtensionFramework.TestPluginCache.CurrentDomainAssemblyResolve(Object sender, AssemblyResolveEventArgs args)
   at Microsoft.VisualStudio.TestPlatform.PlatformAbstractions.PlatformAssemblyResolver.AssemblyResolverEvent(Object sender, Object eventArgs)
   at System.Runtime.Loader.AssemblyLoadContext.GetFirstResolvedAssemblyFromResolvingEvent(AssemblyName assemblyName)
   at System.Runtime.Loader.AssemblyLoadContext.ResolveUsingEvent(AssemblyName assemblyName)
   at System.Runtime.Loader.AssemblyLoadContext.ResolveUsingResolvingEvent(IntPtr gchManagedAssemblyLoadContext, AssemblyName assemblyName)
TpTrace Warning: 0 : 29560, 1, 2024/03/10, 20:52:06.220, 9516265405259, vstest.console.dll, LoaderExceptions: System.IO.FileNotFoundException: Could not load file or assembly 'Microsoft.Bcl.AsyncInterfaces, Version=1.0.0.0, Culture=neutral, PublicKeyToken=cc7b13ffcd2ddd51'. The system cannot find the file specified.
File name: 'Microsoft.Bcl.AsyncInterfaces, Version=1.0.0.0, Culture=neutral, PublicKeyToken=cc7b13ffcd2ddd51'
 ---> System.IO.FileNotFoundException: Could not load file or assembly 'Microsoft.Bcl.AsyncInterfaces, Culture=neutral, PublicKeyToken=null'. The system cannot find the file specified.
File name: 'Microsoft.Bcl.AsyncInterfaces, Culture=neutral, PublicKeyToken=null'
   at System.Reflection.RuntimeAssembly.InternalLoad(ObjectHandleOnStack assemblyName, ObjectHandleOnStack requestingAssembly, StackCrawlMarkHandle stackMark, Boolean throwOnFileNotFound, ObjectHandleOnStack assemblyLoadContext, ObjectHandleOnStack retAssembly)
   at System.Reflection.RuntimeAssembly.InternalLoad(AssemblyName assemblyName, RuntimeAssembly requestingAssembly, StackCrawlMark& stackMark, Boolean throwOnFileNotFound, AssemblyLoadContext assemblyLoadContext)
   at System.Reflection.Assembly.Load(AssemblyName assemblyRef)
   at Microsoft.VisualStudio.TestPlatform.Common.ExtensionFramework.TestPluginCache.CurrentDomainAssemblyResolve(Object sender, AssemblyResolveEventArgs args)
   at Microsoft.VisualStudio.TestPlatform.PlatformAbstractions.PlatformAssemblyResolver.AssemblyResolverEvent(Object sender, Object eventArgs)
   at System.Runtime.Loader.AssemblyLoadContext.GetFirstResolvedAssemblyFromResolvingEvent(AssemblyName assemblyName)
   at System.Runtime.Loader.AssemblyLoadContext.ResolveUsingEvent(AssemblyName assemblyName)
   at System.Runtime.Loader.AssemblyLoadContext.ResolveUsingResolvingEvent(IntPtr gchManagedAssemblyLoadContext, AssemblyName assemblyName)
TpTrace Information: 0 : 29560, 1, 2024/03/10, 20:52:06.220, 9516265406763, vstest.console.dll, AssemblyResolver.OnResolve: Microsoft.TestPlatform.Extensions.BlameDataCollector: Resolving assembly.
TpTrace Information: 0 : 29560, 1, 2024/03/10, 20:52:06.220, 9516265407418, vstest.console.dll, AssemblyResolver.OnResolve: Microsoft.TestPlatform.Extensions.BlameDataCollector: Searching in: 'C:\Program Files (x86)\dotnet\sdk\6.0.408\Extensions'.
TpTrace Information: 0 : 29560, 1, 2024/03/10, 20:52:06.221, 9516265410006, vstest.console.dll, AssemblyResolver.OnResolve: Microsoft.TestPlatform.Extensions.BlameDataCollector: Loading assembly 'C:\Program Files (x86)\dotnet\sdk\6.0.408\Extensions\Microsoft.TestPlatform.Extensions.BlameDataCollector.dll'.
TpTrace Information: 0 : 29560, 1, 2024/03/10, 20:52:06.221, 9516265415765, vstest.console.dll, AssemblyResolver.OnResolve: Resolved assembly: Microsoft.TestPlatform.Extensions.BlameDataCollector, from path: C:\Program Files (x86)\dotnet\sdk\6.0.408\Extensions\Microsoft.TestPlatform.Extensions.BlameDataCollector.dll
TpTrace Verbose: 0 : 29560, 1, 2024/03/10, 20:52:06.221, 9516265416693, vstest.console.dll, MetadataReaderExtensionsHelper: Discovering extensions inside assembly 'Microsoft.TestPlatform.Extensions.BlameDataCollector, Version=15.0.0.0, Culture=neutral, PublicKeyToken=b03f5f7f11d50a3a' file path 'C:\Program Files (x86)\dotnet\sdk\6.0.408\Extensions\Microsoft.TestPlatform.Extensions.BlameDataCollector.dll'
TpTrace Information: 0 : 29560, 1, 2024/03/10, 20:52:06.222, 9516265426410, vstest.console.dll, AssemblyResolver.OnResolve: Microsoft.TestPlatform.Extensions.EventLogCollector: Resolving assembly.
TpTrace Information: 0 : 29560, 1, 2024/03/10, 20:52:06.222, 9516265427181, vstest.console.dll, AssemblyResolver.OnResolve: Microsoft.TestPlatform.Extensions.EventLogCollector: Searching in: 'C:\Program Files (x86)\dotnet\sdk\6.0.408\Extensions'.
TpTrace Information: 0 : 29560, 1, 2024/03/10, 20:52:06.223, 9516265429714, vstest.console.dll, AssemblyResolver.OnResolve: Microsoft.TestPlatform.Extensions.EventLogCollector: Loading assembly 'C:\Program Files (x86)\dotnet\sdk\6.0.408\Extensions\Microsoft.TestPlatform.Extensions.EventLogCollector.dll'.
TpTrace Information: 0 : 29560, 1, 2024/03/10, 20:52:06.223, 9516265438262, vstest.console.dll, AssemblyResolver.OnResolve: Resolved assembly: Microsoft.TestPlatform.Extensions.EventLogCollector, from path: C:\Program Files (x86)\dotnet\sdk\6.0.408\Extensions\Microsoft.TestPlatform.Extensions.EventLogCollector.dll
TpTrace Verbose: 0 : 29560, 1, 2024/03/10, 20:52:06.223, 9516265439133, vstest.console.dll, MetadataReaderExtensionsHelper: Discovering extensions inside assembly 'Microsoft.TestPlatform.Extensions.EventLogCollector, Version=15.0.0.0, Culture=neutral, PublicKeyToken=b03f5f7f11d50a3a' file path 'C:\Program Files (x86)\dotnet\sdk\6.0.408\Extensions\Microsoft.TestPlatform.Extensions.EventLogCollector.dll'
TpTrace Information: 0 : 29560, 1, 2024/03/10, 20:52:06.226, 9516265464342, vstest.console.dll, AssemblyResolver.OnResolve: Microsoft.TestPlatform.TestHostRuntimeProvider: Resolving assembly.
TpTrace Information: 0 : 29560, 1, 2024/03/10, 20:52:06.226, 9516265465157, vstest.console.dll, AssemblyResolver.OnResolve: Microsoft.TestPlatform.TestHostRuntimeProvider: Searching in: 'C:\Program Files (x86)\dotnet\sdk\6.0.408\Extensions'.
TpTrace Information: 0 : 29560, 1, 2024/03/10, 20:52:06.226, 9516265467661, vstest.console.dll, AssemblyResolver.OnResolve: Microsoft.TestPlatform.TestHostRuntimeProvider: Loading assembly 'C:\Program Files (x86)\dotnet\sdk\6.0.408\Extensions\Microsoft.TestPlatform.TestHostRuntimeProvider.dll'.
TpTrace Information: 0 : 29560, 1, 2024/03/10, 20:52:06.227, 9516265474073, vstest.console.dll, AssemblyResolver.OnResolve: Resolved assembly: Microsoft.TestPlatform.TestHostRuntimeProvider, from path: C:\Program Files (x86)\dotnet\sdk\6.0.408\Extensions\Microsoft.TestPlatform.TestHostRuntimeProvider.dll
TpTrace Verbose: 0 : 29560, 1, 2024/03/10, 20:52:06.227, 9516265475015, vstest.console.dll, MetadataReaderExtensionsHelper: Discovering extensions inside assembly 'Microsoft.TestPlatform.TestHostRuntimeProvider, Version=15.0.0.0, Culture=neutral, PublicKeyToken=b03f5f7f11d50a3a' file path 'C:\Program Files (x86)\dotnet\sdk\6.0.408\Extensions\Microsoft.TestPlatform.TestHostRuntimeProvider.dll'
TpTrace Information: 0 : 29560, 1, 2024/03/10, 20:52:06.229, 9516265491509, vstest.console.dll, GetTestExtensionFromType: Register extension with identifier data 'HostProvider://DefaultTestHost' and type 'Microsoft.VisualStudio.TestPlatform.CrossPlatEngine.Hosting.DefaultTestHostManager, Microsoft.TestPlatform.TestHostRuntimeProvider, Version=15.0.0.0, Culture=neutral, PublicKeyToken=b03f5f7f11d50a3a' inside file 'C:\Program Files (x86)\dotnet\sdk\6.0.408\Extensions\Microsoft.TestPlatform.TestHostRuntimeProvider.dll'
TpTrace Information: 0 : 29560, 1, 2024/03/10, 20:52:06.229, 9516265492850, vstest.console.dll, GetTestExtensionFromType: Register extension with identifier data 'HostProvider://DotnetTestHost' and type 'Microsoft.VisualStudio.TestPlatform.CrossPlatEngine.Hosting.DotnetTestHostManager, Microsoft.TestPlatform.TestHostRuntimeProvider, Version=15.0.0.0, Culture=neutral, PublicKeyToken=b03f5f7f11d50a3a' inside file 'C:\Program Files (x86)\dotnet\sdk\6.0.408\Extensions\Microsoft.TestPlatform.TestHostRuntimeProvider.dll'
TpTrace Information: 0 : 29560, 1, 2024/03/10, 20:52:06.229, 9516265493896, vstest.console.dll, AssemblyResolver.OnResolve: Microsoft.VisualStudio.TestPlatform.Extensions.Html.TestLogger: Resolving assembly.
TpTrace Information: 0 : 29560, 1, 2024/03/10, 20:52:06.229, 9516265494596, vstest.console.dll, AssemblyResolver.OnResolve: Microsoft.VisualStudio.TestPlatform.Extensions.Html.TestLogger: Searching in: 'C:\Program Files (x86)\dotnet\sdk\6.0.408\Extensions'.
TpTrace Information: 0 : 29560, 1, 2024/03/10, 20:52:06.229, 9516265497591, vstest.console.dll, AssemblyResolver.OnResolve: Microsoft.VisualStudio.TestPlatform.Extensions.Html.TestLogger: Loading assembly 'C:\Program Files (x86)\dotnet\sdk\6.0.408\Extensions\Microsoft.VisualStudio.TestPlatform.Extensions.Html.TestLogger.dll'.
TpTrace Information: 0 : 29560, 1, 2024/03/10, 20:52:06.230, 9516265503849, vstest.console.dll, AssemblyResolver.OnResolve: Resolved assembly: Microsoft.VisualStudio.TestPlatform.Extensions.Html.TestLogger, from path: C:\Program Files (x86)\dotnet\sdk\6.0.408\Extensions\Microsoft.VisualStudio.TestPlatform.Extensions.Html.TestLogger.dll
TpTrace Verbose: 0 : 29560, 1, 2024/03/10, 20:52:06.230, 9516265504810, vstest.console.dll, MetadataReaderExtensionsHelper: Discovering extensions inside assembly 'Microsoft.VisualStudio.TestPlatform.Extensions.Html.TestLogger, Version=15.0.0.0, Culture=neutral, PublicKeyToken=b03f5f7f11d50a3a' file path 'C:\Program Files (x86)\dotnet\sdk\6.0.408\Extensions\Microsoft.VisualStudio.TestPlatform.Extensions.Html.TestLogger.dll'
TpTrace Information: 0 : 29560, 1, 2024/03/10, 20:52:06.231, 9516265510140, vstest.console.dll, AssemblyResolver.OnResolve: Microsoft.VisualStudio.TestPlatform.Extensions.Trx.TestLogger: Resolving assembly.
TpTrace Information: 0 : 29560, 1, 2024/03/10, 20:52:06.231, 9516265510876, vstest.console.dll, AssemblyResolver.OnResolve: Microsoft.VisualStudio.TestPlatform.Extensions.Trx.TestLogger: Searching in: 'C:\Program Files (x86)\dotnet\sdk\6.0.408\Extensions'.
TpTrace Information: 0 : 29560, 1, 2024/03/10, 20:52:06.231, 9516265513331, vstest.console.dll, AssemblyResolver.OnResolve: Microsoft.VisualStudio.TestPlatform.Extensions.Trx.TestLogger: Loading assembly 'C:\Program Files (x86)\dotnet\sdk\6.0.408\Extensions\Microsoft.VisualStudio.TestPlatform.Extensions.Trx.TestLogger.dll'.
TpTrace Information: 0 : 29560, 1, 2024/03/10, 20:52:06.231, 9516265519069, vstest.console.dll, AssemblyResolver.OnResolve: Resolved assembly: Microsoft.VisualStudio.TestPlatform.Extensions.Trx.TestLogger, from path: C:\Program Files (x86)\dotnet\sdk\6.0.408\Extensions\Microsoft.VisualStudio.TestPlatform.Extensions.Trx.TestLogger.dll
TpTrace Verbose: 0 : 29560, 1, 2024/03/10, 20:52:06.232, 9516265520066, vstest.console.dll, MetadataReaderExtensionsHelper: Discovering extensions inside assembly 'Microsoft.VisualStudio.TestPlatform.Extensions.Trx.TestLogger, Version=15.0.0.0, Culture=neutral, PublicKeyToken=b03f5f7f11d50a3a' file path 'C:\Program Files (x86)\dotnet\sdk\6.0.408\Extensions\Microsoft.VisualStudio.TestPlatform.Extensions.Trx.TestLogger.dll'
TpTrace Verbose: 0 : 29560, 1, 2024/03/10, 20:52:06.232, 9516265527287, vstest.console.dll, TestPluginCache: Discovered the extensions using extension path ''.
TpTrace Verbose: 0 : 29560, 1, 2024/03/10, 20:52:06.232, 9516265528060, vstest.console.dll, TestPluginCache: Discoverers are ''.
TpTrace Verbose: 0 : 29560, 1, 2024/03/10, 20:52:06.232, 9516265528594, vstest.console.dll, TestPluginCache: Executors are ''.
TpTrace Verbose: 0 : 29560, 1, 2024/03/10, 20:52:06.232, 9516265529139, vstest.console.dll, TestPluginCache: Executors2 are ''.
TpTrace Verbose: 0 : 29560, 1, 2024/03/10, 20:52:06.233, 9516265529635, vstest.console.dll, TestPluginCache: Setting providers are ''.
TpTrace Verbose: 0 : 29560, 1, 2024/03/10, 20:52:06.233, 9516265530124, vstest.console.dll, TestPluginCache: Loggers are ''.
TpTrace Verbose: 0 : 29560, 1, 2024/03/10, 20:52:06.233, 9516265531030, vstest.console.dll, TestPluginCache: TestHosts are 'HostProvider://DefaultTestHost,HostProvider://DotnetTestHost'.
TpTrace Verbose: 0 : 29560, 1, 2024/03/10, 20:52:06.233, 9516265531618, vstest.console.dll, TestPluginCache: DataCollectors are ''.
TpTrace Information: 0 : 29560, 1, 2024/03/10, 20:52:06.242, 9516265624330, vstest.console.dll, RunTestsArgumentProcessor:Execute: Test run is starting.
TpTrace Verbose: 0 : 29560, 1, 2024/03/10, 20:52:06.242, 9516265625316, vstest.console.dll, RunTestsArgumentProcessor:Execute: Queuing Test run.
TpTrace Information: 0 : 29560, 1, 2024/03/10, 20:52:06.242, 9516265627952, vstest.console.dll, TestRequestManager.RunTests: run tests started.
TpTrace Information: 0 : 29560, 1, 2024/03/10, 20:52:06.252, 9516265722138, vstest.console.dll, AssemblyMetadataProvider.GetFrameworkName: Determined framework:'.NETCoreApp,Version=v6.0' for source: 'D:\SoftUni\7 Back-End Test Automation-March-2024\repo\03.Exercise-Api-Testing-CSharp-RestSharp\TestGitHubApi\bin\Debug\net6.0\fine-code-coverage\build-output\TestGitHubApi.dll'
TpTrace Information: 0 : 29560, 1, 2024/03/10, 20:52:06.252, 9516265724033, vstest.console.dll, Determined framework for all sources: .NETCoreApp,Version=v6.0
TpTrace Verbose: 0 : 29560, 1, 2024/03/10, 20:52:06.252, 9516265728576, vstest.console.dll, TestRequestManager.UpdateRunSettingsIfRequired: Default architecture: X86 IsDefaultTargetArchitecture: True, Current process architecture: X86 OperatingSystem: Windows.
TpTrace Information: 0 : 29560, 1, 2024/03/10, 20:52:06.255, 9516265750348, vstest.console.dll, AssemblyMetadataProvider.GetArchitecture: Determined architecture:AnyCPU info for assembly: D:\SoftUni\7 Back-End Test Automation-March-2024\repo\03.Exercise-Api-Testing-CSharp-RestSharp\TestGitHubApi\bin\Debug\net6.0\fine-code-coverage\build-output\TestGitHubApi.dll
TpTrace Information: 0 : 29560, 1, 2024/03/10, 20:52:06.255, 9516265751103, vstest.console.dll, Determined platform for source 'D:\SoftUni\7 Back-End Test Automation-March-2024\repo\03.Exercise-Api-Testing-CSharp-RestSharp\TestGitHubApi\bin\Debug\net6.0\fine-code-coverage\build-output\TestGitHubApi.dll' was AnyCPU and it will use the default plaform X86.
TpTrace Information: 0 : 29560, 1, 2024/03/10, 20:52:06.255, 9516265751697, vstest.console.dll, None of the sources provided any runnable platform, using the default platform: X86
TpTrace Information: 0 : 29560, 1, 2024/03/10, 20:52:06.255, 9516265752648, vstest.console.dll, Platform was updated to 'X86'.
TpTrace Information: 0 : 29560, 1, 2024/03/10, 20:52:06.258, 9516265783123, vstest.console.dll, InferRunSettingsHelper.IsTestSettingsEnabled: Unable to navigate to RunSettings/MSTest. Current node: RunSettings
TpTrace Information: 0 : 29560, 1, 2024/03/10, 20:52:06.258, 9516265788304, vstest.console.dll, AssemblyResolver.OnResolve: Microsoft.VisualStudio.TestPlatform.Fakes: Resolving assembly.
TpTrace Information: 0 : 29560, 1, 2024/03/10, 20:52:06.258, 9516265789101, vstest.console.dll, AssemblyResolver.OnResolve: Microsoft.VisualStudio.TestPlatform.Fakes: Searching in: 'C:\Program Files (x86)\dotnet\sdk\6.0.408\Extensions'.
TpTrace Information: 0 : 29560, 1, 2024/03/10, 20:52:06.259, 9516265790420, vstest.console.dll, AssemblyResolver.OnResolve: Microsoft.VisualStudio.TestPlatform.Fakes: Assembly path does not exist: 'C:\Program Files (x86)\dotnet\sdk\6.0.408\Extensions\Microsoft.VisualStudio.TestPlatform.Fakes.dll', returning.
TpTrace Information: 0 : 29560, 1, 2024/03/10, 20:52:06.259, 9516265791407, vstest.console.dll, AssemblyResolver.OnResolve: Microsoft.VisualStudio.TestPlatform.Fakes: Assembly path does not exist: 'C:\Program Files (x86)\dotnet\sdk\6.0.408\Extensions\Microsoft.VisualStudio.TestPlatform.Fakes.exe', returning.
TpTrace Information: 0 : 29560, 1, 2024/03/10, 20:52:06.259, 9516265792609, vstest.console.dll, AssemblyResolver.OnResolve: Microsoft.VisualStudio.TestPlatform.Fakes: Searching in: 'C:\Program Files (x86)\dotnet\sdk\6.0.408'.
TpTrace Information: 0 : 29560, 1, 2024/03/10, 20:52:06.259, 9516265794332, vstest.console.dll, AssemblyResolver.OnResolve: Microsoft.VisualStudio.TestPlatform.Fakes: Assembly path does not exist: 'C:\Program Files (x86)\dotnet\sdk\6.0.408\Microsoft.VisualStudio.TestPlatform.Fakes.dll', returning.
TpTrace Information: 0 : 29560, 1, 2024/03/10, 20:52:06.259, 9516265795859, vstest.console.dll, AssemblyResolver.OnResolve: Microsoft.VisualStudio.TestPlatform.Fakes: Assembly path does not exist: 'C:\Program Files (x86)\dotnet\sdk\6.0.408\Microsoft.VisualStudio.TestPlatform.Fakes.exe', returning.
TpTrace Information: 0 : 29560, 1, 2024/03/10, 20:52:06.259, 9516265796464, vstest.console.dll, AssemblyResolver.OnResolve: Microsoft.VisualStudio.TestPlatform.Fakes: Failed to load assembly.
TpTrace Information: 0 : 29560, 1, 2024/03/10, 20:52:06.259, 9516265798825, vstest.console.dll, Failed to load assembly Microsoft.VisualStudio.TestPlatform.Fakes, Version=17.0.0.0, Culture=neutral. Reason:System.IO.FileNotFoundException: Could not load file or assembly 'Microsoft.VisualStudio.TestPlatform.Fakes, Version=17.0.0.0, Culture=neutral, PublicKeyToken=null'. The system cannot find the file specified.
File name: 'Microsoft.VisualStudio.TestPlatform.Fakes, Version=17.0.0.0, Culture=neutral, PublicKeyToken=null'
   at System.Reflection.RuntimeAssembly.InternalLoad(ObjectHandleOnStack assemblyName, ObjectHandleOnStack requestingAssembly, StackCrawlMarkHandle stackMark, Boolean throwOnFileNotFound, ObjectHandleOnStack assemblyLoadContext, ObjectHandleOnStack retAssembly)
   at System.Reflection.RuntimeAssembly.InternalLoad(AssemblyName assemblyName, RuntimeAssembly requestingAssembly, StackCrawlMark& stackMark, Boolean throwOnFileNotFound, AssemblyLoadContext assemblyLoadContext)
   at System.Reflection.Assembly.Load(AssemblyName assemblyRef)
   at Microsoft.VisualStudio.TestPlatform.Common.Utilities.FakesUtilities.LoadTestPlatformAssembly()
TpTrace Verbose: 0 : 29560, 1, 2024/03/10, 20:52:06.262, 9516265828485, vstest.console.dll, TestPluginCache.DiscoverTestExtensions: finding test extensions in assemblies ends with: TestLogger.dll TPluginInfo: Microsoft.VisualStudio.TestPlatform.Common.ExtensionFramework.Utilities.TestLoggerPluginInformation TExtension: Microsoft.VisualStudio.TestPlatform.ObjectModel.Client.ITestLogger
TpTrace Verbose: 0 : 29560, 1, 2024/03/10, 20:52:06.263, 9516265829504, vstest.console.dll, TestPluginCache.GetExtensionPaths: Filtered extension paths: 
TpTrace Verbose: 0 : 29560, 1, 2024/03/10, 20:52:06.263, 9516265830086, vstest.console.dll, TestPluginCache.GetExtensionPaths: Added default extension paths: C:\Program Files (x86)\dotnet\sdk\6.0.408\Extensions\Microsoft.Diagnostics.NETCore.Client.dll
C:\Program Files (x86)\dotnet\sdk\6.0.408\Extensions\Microsoft.TestPlatform.Extensions.BlameDataCollector.dll
C:\Program Files (x86)\dotnet\sdk\6.0.408\Extensions\Microsoft.TestPlatform.Extensions.EventLogCollector.dll
C:\Program Files (x86)\dotnet\sdk\6.0.408\Extensions\Microsoft.TestPlatform.TestHostRuntimeProvider.dll
C:\Program Files (x86)\dotnet\sdk\6.0.408\Extensions\Microsoft.VisualStudio.TestPlatform.Extensions.Html.TestLogger.dll
C:\Program Files (x86)\dotnet\sdk\6.0.408\Extensions\Microsoft.VisualStudio.TestPlatform.Extensions.Trx.TestLogger.dll
TpTrace Verbose: 0 : 29560, 1, 2024/03/10, 20:52:06.263, 9516265830679, vstest.console.dll, TestPluginCache.GetExtensionPaths: Added unfilterableExtensionPaths: 
TpTrace Information: 0 : 29560, 1, 2024/03/10, 20:52:06.263, 9516265832087, vstest.console.dll, AssemblyResolver.AddSearchDirectories: Adding more searchDirectories C:\Program Files (x86)\dotnet\sdk\6.0.408\Extensions,C:\Program Files (x86)\dotnet\sdk\6.0.408
TpTrace Verbose: 0 : 29560, 1, 2024/03/10, 20:52:06.263, 9516265832741, vstest.console.dll, TestPluginCache.DiscoverTestExtensions: Discovering the extensions using extension path.
TpTrace Verbose: 0 : 29560, 1, 2024/03/10, 20:52:06.263, 9516265833354, vstest.console.dll, TestPluginCache.GetExtensionPaths: Filtered extension paths: 
TpTrace Verbose: 0 : 29560, 1, 2024/03/10, 20:52:06.263, 9516265833934, vstest.console.dll, TestPluginCache.GetExtensionPaths: Added default extension paths: C:\Program Files (x86)\dotnet\sdk\6.0.408\Extensions\Microsoft.Diagnostics.NETCore.Client.dll
C:\Program Files (x86)\dotnet\sdk\6.0.408\Extensions\Microsoft.TestPlatform.Extensions.BlameDataCollector.dll
C:\Program Files (x86)\dotnet\sdk\6.0.408\Extensions\Microsoft.TestPlatform.Extensions.EventLogCollector.dll
C:\Program Files (x86)\dotnet\sdk\6.0.408\Extensions\Microsoft.TestPlatform.TestHostRuntimeProvider.dll
C:\Program Files (x86)\dotnet\sdk\6.0.408\Extensions\Microsoft.VisualStudio.TestPlatform.Extensions.Html.TestLogger.dll
C:\Program Files (x86)\dotnet\sdk\6.0.408\Extensions\Microsoft.VisualStudio.TestPlatform.Extensions.Trx.TestLogger.dll
TpTrace Verbose: 0 : 29560, 1, 2024/03/10, 20:52:06.263, 9516265834940, vstest.console.dll, TestPluginCache.GetExtensionPaths: Added unfilterableExtensionPaths: 
TpTrace Verbose: 0 : 29560, 1, 2024/03/10, 20:52:06.263, 9516265835608, vstest.console.dll, TestPluginCache.DiscoverTestExtensions: Discovering the extensions using allExtensionPaths: C:\Program Files (x86)\dotnet\sdk\6.0.408\Extensions\Microsoft.Diagnostics.NETCore.Client.dll
C:\Program Files (x86)\dotnet\sdk\6.0.408\Extensions\Microsoft.TestPlatform.Extensions.BlameDataCollector.dll
C:\Program Files (x86)\dotnet\sdk\6.0.408\Extensions\Microsoft.TestPlatform.Extensions.EventLogCollector.dll
C:\Program Files (x86)\dotnet\sdk\6.0.408\Extensions\Microsoft.TestPlatform.TestHostRuntimeProvider.dll
C:\Program Files (x86)\dotnet\sdk\6.0.408\Extensions\Microsoft.VisualStudio.TestPlatform.Extensions.Html.TestLogger.dll
C:\Program Files (x86)\dotnet\sdk\6.0.408\Extensions\Microsoft.VisualStudio.TestPlatform.Extensions.Trx.TestLogger.dll
TpTrace Information: 0 : 29560, 1, 2024/03/10, 20:52:06.263, 9516265836282, vstest.console.dll, AssemblyResolver.AddSearchDirectories: Adding more searchDirectories C:\Program Files (x86)\dotnet\sdk\6.0.408\Extensions,C:\Program Files (x86)\dotnet\sdk\6.0.408
TpTrace Information: 0 : 29560, 1, 2024/03/10, 20:52:06.263, 9516265836907, vstest.console.dll, AssemblyResolver.AddSearchDirectories: Adding more searchDirectories C:\Program Files (x86)\dotnet\sdk\6.0.408\Extensions,C:\Program Files (x86)\dotnet\sdk\6.0.408
TpTrace Information: 0 : 29560, 1, 2024/03/10, 20:52:06.263, 9516265837455, vstest.console.dll, AssemblyResolver.AddSearchDirectories: Adding more searchDirectories C:\Program Files (x86)\dotnet\sdk\6.0.408\Extensions,C:\Program Files (x86)\dotnet\sdk\6.0.408
TpTrace Information: 0 : 29560, 1, 2024/03/10, 20:52:06.263, 9516265837995, vstest.console.dll, AssemblyResolver.AddSearchDirectories: Adding more searchDirectories C:\Program Files (x86)\dotnet\sdk\6.0.408\Extensions,C:\Program Files (x86)\dotnet\sdk\6.0.408
TpTrace Information: 0 : 29560, 1, 2024/03/10, 20:52:06.263, 9516265838536, vstest.console.dll, AssemblyResolver.AddSearchDirectories: Adding more searchDirectories C:\Program Files (x86)\dotnet\sdk\6.0.408\Extensions,C:\Program Files (x86)\dotnet\sdk\6.0.408
TpTrace Information: 0 : 29560, 1, 2024/03/10, 20:52:06.263, 9516265839141, vstest.console.dll, AssemblyResolver.AddSearchDirectories: Adding more searchDirectories C:\Program Files (x86)\dotnet\sdk\6.0.408\Extensions,C:\Program Files (x86)\dotnet\sdk\6.0.408
TpTrace Verbose: 0 : 29560, 1, 2024/03/10, 20:52:06.264, 9516265840503, vstest.console.dll, MetadataReaderExtensionsHelper: Discovering extensions inside assembly 'Microsoft.Diagnostics.NETCore.Client, Version=0.2.6.42401, Culture=neutral, PublicKeyToken=31bf3856ad364e35' file path 'C:\Program Files (x86)\dotnet\sdk\6.0.408\Extensions\Microsoft.Diagnostics.NETCore.Client.dll'
TpTrace Information: 0 : 29560, 1, 2024/03/10, 20:52:06.264, 9516265844760, vstest.console.dll, AssemblyResolver.OnResolve: Microsoft.Bcl.AsyncInterfaces: Resolving assembly.
TpTrace Information: 0 : 29560, 1, 2024/03/10, 20:52:06.264, 9516265845554, vstest.console.dll, AssemblyResolver.OnResolve: Microsoft.Bcl.AsyncInterfaces: Resolved from cache.
TpTrace Verbose: 0 : 29560, 1, 2024/03/10, 20:52:06.264, 9516265846139, vstest.console.dll, CurrentDomainAssemblyResolve: Resolving assembly 'Microsoft.Bcl.AsyncInterfaces'.
TpTrace Information: 0 : 29560, 1, 2024/03/10, 20:52:06.264, 9516265847292, vstest.console.dll, AssemblyResolver.OnResolve: Microsoft.Bcl.AsyncInterfaces: Resolving assembly.
TpTrace Information: 0 : 29560, 1, 2024/03/10, 20:52:06.264, 9516265847898, vstest.console.dll, AssemblyResolver.OnResolve: Microsoft.Bcl.AsyncInterfaces: Resolved from cache.
TpTrace Verbose: 0 : 29560, 1, 2024/03/10, 20:52:06.264, 9516265848448, vstest.console.dll, CurrentDomainAssemblyResolve: Resolving assembly 'Microsoft.Bcl.AsyncInterfaces'.
TpTrace Verbose: 0 : 29560, 1, 2024/03/10, 20:52:06.264, 9516265848960, vstest.console.dll, CurrentDomainAssemblyResolve: Failed to resolve assembly 'Microsoft.Bcl.AsyncInterfaces'.
TpTrace Verbose: 0 : 29560, 1, 2024/03/10, 20:52:06.265, 9516265850496, vstest.console.dll, CurrentDomainAssemblyResolve: Failed to resolve assembly 'Microsoft.Bcl.AsyncInterfaces'.
TpTrace Warning: 0 : 29560, 1, 2024/03/10, 20:52:06.265, 9516265854115, vstest.console.dll, TestPluginDiscoverer: Failed to get types from assembly 'Microsoft.Diagnostics.NETCore.Client, Version=0.2.6.42401, Culture=neutral, PublicKeyToken=31bf3856ad364e35'. Error: System.Reflection.ReflectionTypeLoadException: Unable to load one or more of the requested types.
Could not load file or assembly 'Microsoft.Bcl.AsyncInterfaces, Version=1.0.0.0, Culture=neutral, PublicKeyToken=cc7b13ffcd2ddd51'. The system cannot find the file specified.
   at System.Reflection.RuntimeModule.GetTypes(RuntimeModule module)
   at System.Reflection.Assembly.GetTypes()
   at Microsoft.VisualStudio.TestPlatform.Common.ExtensionFramework.TestPluginDiscoverer.GetTestExtensionsFromAssembly[TPluginInfo,TExtension](Assembly assembly, Dictionary`2 pluginInfos, String filePath)
System.IO.FileNotFoundException: Could not load file or assembly 'Microsoft.Bcl.AsyncInterfaces, Version=1.0.0.0, Culture=neutral, PublicKeyToken=cc7b13ffcd2ddd51'. The system cannot find the file specified.
File name: 'Microsoft.Bcl.AsyncInterfaces, Version=1.0.0.0, Culture=neutral, PublicKeyToken=cc7b13ffcd2ddd51'
 ---> System.IO.FileNotFoundException: Could not load file or assembly 'Microsoft.Bcl.AsyncInterfaces, Culture=neutral, PublicKeyToken=null'. The system cannot find the file specified.
File name: 'Microsoft.Bcl.AsyncInterfaces, Culture=neutral, PublicKeyToken=null'
   at System.Reflection.RuntimeAssembly.InternalLoad(ObjectHandleOnStack assemblyName, ObjectHandleOnStack requestingAssembly, StackCrawlMarkHandle stackMark, Boolean throwOnFileNotFound, ObjectHandleOnStack assemblyLoadContext, ObjectHandleOnStack retAssembly)
   at System.Reflection.RuntimeAssembly.InternalLoad(AssemblyName assemblyName, RuntimeAssembly requestingAssembly, StackCrawlMark& stackMark, Boolean throwOnFileNotFound, AssemblyLoadContext assemblyLoadContext)
   at System.Reflection.Assembly.Load(AssemblyName assemblyRef)
   at Microsoft.VisualStudio.TestPlatform.Common.ExtensionFramework.TestPluginCache.CurrentDomainAssemblyResolve(Object sender, AssemblyResolveEventArgs args)
   at Microsoft.VisualStudio.TestPlatform.PlatformAbstractions.PlatformAssemblyResolver.AssemblyResolverEvent(Object sender, Object eventArgs)
   at System.Runtime.Loader.AssemblyLoadContext.GetFirstResolvedAssemblyFromResolvingEvent(AssemblyName assemblyName)
   at System.Runtime.Loader.AssemblyLoadContext.ResolveUsingEvent(AssemblyName assemblyName)
   at System.Runtime.Loader.AssemblyLoadContext.ResolveUsingResolvingEvent(IntPtr gchManagedAssemblyLoadContext, AssemblyName assemblyName)
TpTrace Warning: 0 : 29560, 1, 2024/03/10, 20:52:06.265, 9516265856556, vstest.console.dll, LoaderExceptions: System.IO.FileNotFoundException: Could not load file or assembly 'Microsoft.Bcl.AsyncInterfaces, Version=1.0.0.0, Culture=neutral, PublicKeyToken=cc7b13ffcd2ddd51'. The system cannot find the file specified.
File name: 'Microsoft.Bcl.AsyncInterfaces, Version=1.0.0.0, Culture=neutral, PublicKeyToken=cc7b13ffcd2ddd51'
 ---> System.IO.FileNotFoundException: Could not load file or assembly 'Microsoft.Bcl.AsyncInterfaces, Culture=neutral, PublicKeyToken=null'. The system cannot find the file specified.
File name: 'Microsoft.Bcl.AsyncInterfaces, Culture=neutral, PublicKeyToken=null'
   at System.Reflection.RuntimeAssembly.InternalLoad(ObjectHandleOnStack assemblyName, ObjectHandleOnStack requestingAssembly, StackCrawlMarkHandle stackMark, Boolean throwOnFileNotFound, ObjectHandleOnStack assemblyLoadContext, ObjectHandleOnStack retAssembly)
   at System.Reflection.RuntimeAssembly.InternalLoad(AssemblyName assemblyName, RuntimeAssembly requestingAssembly, StackCrawlMark& stackMark, Boolean throwOnFileNotFound, AssemblyLoadContext assemblyLoadContext)
   at System.Reflection.Assembly.Load(AssemblyName assemblyRef)
   at Microsoft.VisualStudio.TestPlatform.Common.ExtensionFramework.TestPluginCache.CurrentDomainAssemblyResolve(Object sender, AssemblyResolveEventArgs args)
   at Microsoft.VisualStudio.TestPlatform.PlatformAbstractions.PlatformAssemblyResolver.AssemblyResolverEvent(Object sender, Object eventArgs)
   at System.Runtime.Loader.AssemblyLoadContext.GetFirstResolvedAssemblyFromResolvingEvent(AssemblyName assemblyName)
   at System.Runtime.Loader.AssemblyLoadContext.ResolveUsingEvent(AssemblyName assemblyName)
   at System.Runtime.Loader.AssemblyLoadContext.ResolveUsingResolvingEvent(IntPtr gchManagedAssemblyLoadContext, AssemblyName assemblyName)
TpTrace Verbose: 0 : 29560, 1, 2024/03/10, 20:52:06.265, 9516265857543, vstest.console.dll, MetadataReaderExtensionsHelper: Discovering extensions inside assembly 'Microsoft.TestPlatform.Extensions.BlameDataCollector, Version=15.0.0.0, Culture=neutral, PublicKeyToken=b03f5f7f11d50a3a' file path 'C:\Program Files (x86)\dotnet\sdk\6.0.408\Extensions\Microsoft.TestPlatform.Extensions.BlameDataCollector.dll'
TpTrace Information: 0 : 29560, 1, 2024/03/10, 20:52:06.266, 9516265861425, vstest.console.dll, GetTestExtensionFromType: Register extension with identifier data 'logger://Microsoft/TestPlatform/Extensions/Blame/v1' and type 'Microsoft.TestPlatform.Extensions.BlameDataCollector.BlameLogger, Microsoft.TestPlatform.Extensions.BlameDataCollector, Version=15.0.0.0, Culture=neutral, PublicKeyToken=b03f5f7f11d50a3a' inside file 'C:\Program Files (x86)\dotnet\sdk\6.0.408\Extensions\Microsoft.TestPlatform.Extensions.BlameDataCollector.dll'
TpTrace Verbose: 0 : 29560, 1, 2024/03/10, 20:52:06.266, 9516265862327, vstest.console.dll, MetadataReaderExtensionsHelper: Discovering extensions inside assembly 'Microsoft.TestPlatform.Extensions.EventLogCollector, Version=15.0.0.0, Culture=neutral, PublicKeyToken=b03f5f7f11d50a3a' file path 'C:\Program Files (x86)\dotnet\sdk\6.0.408\Extensions\Microsoft.TestPlatform.Extensions.EventLogCollector.dll'
TpTrace Verbose: 0 : 29560, 1, 2024/03/10, 20:52:06.266, 9516265864986, vstest.console.dll, MetadataReaderExtensionsHelper: Discovering extensions inside assembly 'Microsoft.TestPlatform.TestHostRuntimeProvider, Version=15.0.0.0, Culture=neutral, PublicKeyToken=b03f5f7f11d50a3a' file path 'C:\Program Files (x86)\dotnet\sdk\6.0.408\Extensions\Microsoft.TestPlatform.TestHostRuntimeProvider.dll'
TpTrace Verbose: 0 : 29560, 1, 2024/03/10, 20:52:06.266, 9516265867722, vstest.console.dll, MetadataReaderExtensionsHelper: Discovering extensions inside assembly 'Microsoft.VisualStudio.TestPlatform.Extensions.Html.TestLogger, Version=15.0.0.0, Culture=neutral, PublicKeyToken=b03f5f7f11d50a3a' file path 'C:\Program Files (x86)\dotnet\sdk\6.0.408\Extensions\Microsoft.VisualStudio.TestPlatform.Extensions.Html.TestLogger.dll'
TpTrace Information: 0 : 29560, 1, 2024/03/10, 20:52:06.267, 9516265870712, vstest.console.dll, GetTestExtensionFromType: Register extension with identifier data 'logger://Microsoft/TestPlatform/HtmlLogger/v1' and type 'Microsoft.VisualStudio.TestPlatform.Extensions.HtmlLogger.HtmlLogger, Microsoft.VisualStudio.TestPlatform.Extensions.Html.TestLogger, Version=15.0.0.0, Culture=neutral, PublicKeyToken=b03f5f7f11d50a3a' inside file 'C:\Program Files (x86)\dotnet\sdk\6.0.408\Extensions\Microsoft.VisualStudio.TestPlatform.Extensions.Html.TestLogger.dll'
TpTrace Verbose: 0 : 29560, 1, 2024/03/10, 20:52:06.267, 9516265871564, vstest.console.dll, MetadataReaderExtensionsHelper: Discovering extensions inside assembly 'Microsoft.VisualStudio.TestPlatform.Extensions.Trx.TestLogger, Version=15.0.0.0, Culture=neutral, PublicKeyToken=b03f5f7f11d50a3a' file path 'C:\Program Files (x86)\dotnet\sdk\6.0.408\Extensions\Microsoft.VisualStudio.TestPlatform.Extensions.Trx.TestLogger.dll'
TpTrace Information: 0 : 29560, 1, 2024/03/10, 20:52:06.267, 9516265874663, vstest.console.dll, GetTestExtensionFromType: Register extension with identifier data 'logger://Microsoft/TestPlatform/TrxLogger/v1' and type 'Microsoft.VisualStudio.TestPlatform.Extensions.TrxLogger.TrxLogger, Microsoft.VisualStudio.TestPlatform.Extensions.Trx.TestLogger, Version=15.0.0.0, Culture=neutral, PublicKeyToken=b03f5f7f11d50a3a' inside file 'C:\Program Files (x86)\dotnet\sdk\6.0.408\Extensions\Microsoft.VisualStudio.TestPlatform.Extensions.Trx.TestLogger.dll'
TpTrace Verbose: 0 : 29560, 1, 2024/03/10, 20:52:06.267, 9516265875541, vstest.console.dll, TestPluginCache: Discovered the extensions using extension path ''.
TpTrace Verbose: 0 : 29560, 1, 2024/03/10, 20:52:06.267, 9516265876105, vstest.console.dll, TestPluginCache: Discoverers are ''.
TpTrace Verbose: 0 : 29560, 1, 2024/03/10, 20:52:06.267, 9516265876604, vstest.console.dll, TestPluginCache: Executors are ''.
TpTrace Verbose: 0 : 29560, 1, 2024/03/10, 20:52:06.267, 9516265877092, vstest.console.dll, TestPluginCache: Executors2 are ''.
TpTrace Verbose: 0 : 29560, 1, 2024/03/10, 20:52:06.267, 9516265877579, vstest.console.dll, TestPluginCache: Setting providers are ''.
TpTrace Verbose: 0 : 29560, 1, 2024/03/10, 20:52:06.267, 9516265878426, vstest.console.dll, TestPluginCache: Loggers are 'logger://Microsoft/TestPlatform/Extensions/Blame/v1,logger://Microsoft/TestPlatform/HtmlLogger/v1,logger://Microsoft/TestPlatform/TrxLogger/v1'.
TpTrace Verbose: 0 : 29560, 1, 2024/03/10, 20:52:06.267, 9516265879019, vstest.console.dll, TestPluginCache: TestHosts are 'HostProvider://DefaultTestHost,HostProvider://DotnetTestHost'.
TpTrace Verbose: 0 : 29560, 1, 2024/03/10, 20:52:06.268, 9516265879540, vstest.console.dll, TestPluginCache: DataCollectors are ''.
TpTrace Information: 0 : 29560, 1, 2024/03/10, 20:52:06.268, 9516265885006, vstest.console.dll, TestPluginManager.CreateTestExtension: Attempting to load test extension: Microsoft.TestPlatform.Extensions.BlameDataCollector.BlameLogger
TpTrace Verbose: 0 : 29560, 1, 2024/03/10, 20:52:06.272, 9516265924151, vstest.console.dll, TestEngine: Initializing Parallel Execution as MaxCpuCount is set to: 1
TpTrace Information: 0 : 29560, 1, 2024/03/10, 20:52:06.273, 9516265935877, vstest.console.dll, TestPluginManager.CreateTestExtension: Attempting to load test extension: Microsoft.VisualStudio.TestPlatform.CrossPlatEngine.Hosting.DefaultTestHostManager
TpTrace Information: 0 : 29560, 1, 2024/03/10, 20:52:06.274, 9516265944527, vstest.console.dll, TestPluginManager.CreateTestExtension: Attempting to load test extension: Microsoft.VisualStudio.TestPlatform.CrossPlatEngine.Hosting.DotnetTestHostManager
TpTrace Information: 0 : 29560, 1, 2024/03/10, 20:52:06.274, 9516265948925, vstest.console.dll, InferRunSettingsHelper.IsTestSettingsEnabled: Unable to navigate to RunSettings/MSTest. Current node: RunSettings
TpTrace Verbose: 0 : 29560, 1, 2024/03/10, 20:52:06.279, 9516265992612, vstest.console.dll, TestEngine.GetExecutionManager: Chosen execution manager 'Microsoft.VisualStudio.TestPlatform.CrossPlatEngine.Client.Parallel.ParallelProxyExecutionManager, Microsoft.TestPlatform.CrossPlatEngine, Version=15.0.0.0, Culture=neutral, PublicKeyToken=b03f5f7f11d50a3a' ParallelLevel '1'.
TpTrace Verbose: 0 : 29560, 1, 2024/03/10, 20:52:06.279, 9516265994313, vstest.console.dll, TestRunRequest.ExecuteAsync: Creating test run request.
TpTrace Verbose: 0 : 29560, 1, 2024/03/10, 20:52:06.279, 9516265996471, vstest.console.dll, TestRunRequest.ExecuteAsync: Starting.
TpTrace Information: 0 : 29560, 1, 2024/03/10, 20:52:06.280, 9516265999470, vstest.console.dll, TestRunRequest.ExecuteAsync: Starting run with settings:TestRunCriteria:
   KeepAlive=False,FrequencyOfRunStatsChangeEvent=10,RunStatsChangeEventTimeout=00:00:01.5000000,TestCaseFilter=,TestExecutorLauncher=
   Settingsxml=<RunSettings>
  <RunConfiguration>
    <ResultsDirectory>D:\SoftUni\7 Back-End Test Automation-March-2024\repo\03.Exercise-Api-Testing-CSharp-RestSharp\TestGitHubApi\bin\Debug\net6.0\fine-code-coverage\coverage-tool-output</ResultsDirectory>
    <TargetPlatform>X86</TargetPlatform>
    <TargetFrameworkVersion>.NETCoreApp,Version=v6.0</TargetFrameworkVersion>
    <DesignMode>False</DesignMode>
    <CollectSourceInformation>False</CollectSourceInformation>
  </RunConfiguration>
  <LoggerRunSettings>
    <Loggers>
      <Logger friendlyName="blame" enabled="True" />
      <Logger friendlyName="Console" uri="logger://microsoft/TestPlatform/ConsoleLogger/v1" assemblyQualifiedName="Microsoft.VisualStudio.TestPlatform.CommandLine.Internal.ConsoleLogger, vstest.console, Version=15.0.0.0, Culture=neutral, PublicKeyToken=b03f5f7f11d50a3a" codeBase="C:\Program Files (x86)\dotnet\sdk\6.0.408\vstest.console.dll" enabled="True" />
    </Loggers>
  </LoggerRunSettings>
  <DataCollectionRunSettings>
    <DataCollectors>
      <DataCollector friendlyName="blame" enabled="True">
        <Configuration>
          <ResultsDirectory>D:\SoftUni\7 Back-End Test Automation-March-2024\repo\03.Exercise-Api-Testing-CSharp-RestSharp\TestGitHubApi\bin\Debug\net6.0\fine-code-coverage\coverage-tool-output</ResultsDirectory>
        </Configuration>
      </DataCollector>
    </DataCollectors>
  </DataCollectionRunSettings>
</RunSettings>

TpTrace Verbose: 0 : 29560, 1, 2024/03/10, 20:52:06.280, 9516266000272, vstest.console.dll, TestRunRequest.ExecuteAsync: Wait for the first run request is over.
TpTrace Verbose: 0 : 29560, 1, 2024/03/10, 20:52:06.280, 9516266002726, vstest.console.dll, MulticastDelegateUtilities.SafeInvoke: TestRun.TestRunStart: Invoking callbacks was skipped because there are no subscribers.
TpTrace Verbose: 0 : 29560, 4, 2024/03/10, 20:52:06.280, 9516266004485, vstest.console.dll, MulticastDelegateUtilities.SafeInvoke: InternalTestLoggerEvents.SendTestRunStart: Invoking callback 1/1 for Microsoft.VisualStudio.TestPlatform.CommandLine.Internal.ConsoleLogger.TestRunStartHandler, took 0 ms.
TpTrace Verbose: 0 : 29560, 1, 2024/03/10, 20:52:06.281, 9516266011238, vstest.console.dll, ParallelProxyExecutionManager: Start execution. Total sources: 1
TpTrace Verbose: 0 : 29560, 1, 2024/03/10, 20:52:06.282, 9516266024032, vstest.console.dll, TestRequestSender is acting as server.
TpTrace Verbose: 0 : 29560, 1, 2024/03/10, 20:52:06.283, 9516266035521, vstest.console.dll, DataCollectionRequestSender.InitializeCommunication : Initialize communication. 
TpTrace Information: 0 : 29560, 1, 2024/03/10, 20:52:06.291, 9516266109891, vstest.console.dll, Listening on Endpoint : 127.0.0.1:58255
TpTrace Verbose: 0 : 29560, 1, 2024/03/10, 20:52:06.299, 9516266191655, vstest.console.dll, DotnetDataCollectionLauncher: Adding  --runtimeconfig "C:\Program Files (x86)\dotnet\sdk\6.0.408\datacollector.runtimeconfig.json" in args
TpTrace Verbose: 0 : 29560, 1, 2024/03/10, 20:52:06.299, 9516266193063, vstest.console.dll, DotnetDataCollectionLauncher: Adding  --depsfile "C:\Program Files (x86)\dotnet\sdk\6.0.408\datacollector.deps.json" in args
TpTrace Verbose: 0 : 29560, 1, 2024/03/10, 20:52:06.299, 9516266195382, vstest.console.dll, DotnetDataCollectionLauncher: Full path of dotnet.exe is C:\Program Files (x86)\dotnet\dotnet.exe
TpTrace Information: 0 : 29560, 1, 2024/03/10, 20:52:06.311, 9516266315868, vstest.console.dll, ProxyDataCollectionManager.Initialize: Launched datacollector processId: 16048 port: 58255
TpTrace Information: 0 : 29560, 1, 2024/03/10, 20:52:06.311, 9516266317489, vstest.console.dll, ProxyDataCollectionManager.Initialize: waiting for connection with timeout: 90 seconds
TpTrace Verbose: 0 : 29560, 1, 2024/03/10, 20:52:06.311, 9516266318227, vstest.console.dll, DataCollectionRequestSender.WaitForRequestHandlerConnection : Waiting for connection with timeout: 90000
TpTrace Information: 0 : 29560, 5, 2024/03/10, 20:52:06.470, 9516267906954, vstest.console.dll, Using the buffer size of 16384 bytes
TpTrace Verbose: 0 : 29560, 1, 2024/03/10, 20:52:06.470, 9516267907560, vstest.console.dll, SocketCommunicationManager.WaitForClientConnection took: 158 ms, with 90000 ms timeout, and finished with True.
TpTrace Verbose: 0 : 29560, 1, 2024/03/10, 20:52:06.470, 9516267908851, vstest.console.dll, ProxyDataCollectionManager.InvokeDataCollectionServiceAction: Starting.
TpTrace Information: 0 : 29560, 1, 2024/03/10, 20:52:06.471, 9516267909745, vstest.console.dll, ProxyDataCollectionManager.BeforeTestRunStart: Get environment variable and port for datacollector processId: 16048 port: 58255
TpTrace Information: 0 : 29560, 5, 2024/03/10, 20:52:06.470, 9516267908858, vstest.console.dll, Accepted Client request and set the flag
TpTrace Verbose: 0 : 29560, 1, 2024/03/10, 20:52:06.471, 9516267910847, vstest.console.dll, DataCollectionRequestSender.SendBeforeTestRunStartAndGetResult: Send BeforeTestRunStart message with settingsXml <RunSettings><RunConfiguration><ResultsDirectory>D:\SoftUni\7 Back-End Test Automation-March-2024\repo\03.Exercise-Api-Testing-CSharp-RestSharp\TestGitHubApi\bin\Debug\net6.0\fine-code-coverage\coverage-tool-output</ResultsDirectory><TargetPlatform>X86</TargetPlatform><TargetFrameworkVersion>.NETCoreApp,Version=v6.0</TargetFrameworkVersion><DesignMode>False</DesignMode><CollectSourceInformation>False</CollectSourceInformation><TestAdaptersPaths>C:\Program Files (x86)\dotnet\sdk\6.0.408\Extensions</TestAdaptersPaths></RunConfiguration><LoggerRunSettings><Loggers><Logger friendlyName="blame" enabled="True" /><Logger friendlyName="Console" uri="logger://microsoft/TestPlatform/ConsoleLogger/v1" assemblyQualifiedName="Microsoft.VisualStudio.TestPlatform.CommandLine.Internal.ConsoleLogger, vstest.console, Version=15.0.0.0, Culture=neutral, PublicKeyToken=b03f5f7f11d50a3a" codeBase="C:\Program Files (x86)\dotnet\sdk\6.0.408\vstest.console.dll" enabled="True" /></Loggers></LoggerRunSettings><DataCollectionRunSettings><DataCollectors><DataCollector friendlyName="blame" enabled="True"><Configuration><ResultsDirectory>D:\SoftUni\7 Back-End Test Automation-March-2024\repo\03.Exercise-Api-Testing-CSharp-RestSharp\TestGitHubApi\bin\Debug\net6.0\fine-code-coverage\coverage-tool-output</ResultsDirectory></Configuration></DataCollector></DataCollectors></DataCollectionRunSettings></RunSettings> and sources System.Collections.Generic.List`1[System.String]: 
TpTrace Verbose: 0 : 29560, 1, 2024/03/10, 20:52:06.527, 9516268471975, vstest.console.dll, DataCollectionRequestSender.SendBeforeTestRunStartAndGetResult: Received message: (DataCollection.SendMessage) -> {"MessageType":"DataCollection.SendMessage","Payload":{"FriendlyName":null,"Uri":null,"TestCaseId":"00000000-0000-0000-0000-000000000000","Message":"Logging DataCollector Diagnostics in file: D:\\SoftUni\\7 Back-End Test Automation-March-2024\\repo\\03.Exercise-Api-Testing-CSharp-RestSharp\\TestGitHubApi\\bin\\Debug\\net6.0\\fine-code-coverage\\coverage-tool-output\\diagnostics.datacollector.24-03-10_20-52-06_29901_1.log","Level":0}}
TpTrace Verbose: 0 : 29560, 1, 2024/03/10, 20:52:06.600, 9516269202380, vstest.console.dll, DataCollectionRequestSender.SendBeforeTestRunStartAndGetResult: Received message: (DataCollection.BeforeTestRunStartResult) -> {"MessageType":"DataCollection.BeforeTestRunStartResult","Payload":{"EnvironmentVariables":{},"DataCollectionEventsPort":58257}}
TpTrace Information: 0 : 29560, 1, 2024/03/10, 20:52:06.604, 9516269246016, vstest.console.dll, ProxyDataCollectionManager.BeforeTestRunStart: SendBeforeTestRunStartAndGetResult successful, env variable from datacollector:   and testhost port: 58257
TpTrace Information: 0 : 29560, 1, 2024/03/10, 20:52:06.604, 9516269246961, vstest.console.dll, ProxyDataCollectionManager.InvokeDataCollectionServiceAction: Completed.
TpTrace Verbose: 0 : 29560, 7, 2024/03/10, 20:52:06.604, 9516269248170, vstest.console.dll, ParallelProxyExecutionManager: Execution started. Started clients: 1
TpTrace Verbose: 0 : 29560, 1, 2024/03/10, 20:52:06.604, 9516269248463, vstest.console.dll, ProxyParallelExecutionManager: No sources available for execution.
TpTrace Information: 0 : 29560, 1, 2024/03/10, 20:52:06.605, 9516269250222, vstest.console.dll, TestRunRequest.ExecuteAsync: Started.
TpTrace Verbose: 0 : 29560, 7, 2024/03/10, 20:52:06.605, 9516269250897, vstest.console.dll, TestRunRequest:SendTestRunMessage: Starting.
TpTrace Verbose: 0 : 29560, 1, 2024/03/10, 20:52:06.605, 9516269251148, vstest.console.dll, TestRunRequest.WaitForCompletion: Waiting with timeout -1.
TpTrace Verbose: 0 : 29560, 7, 2024/03/10, 20:52:06.605, 9516269252559, vstest.console.dll, MulticastDelegateUtilities.SafeInvoke: TestRun.LogMessages: Invoking callback 1/1 for Microsoft.VisualStudio.TestPlatform.CommandLine.TestRunResultAggregator.TestRunMessageHandler, took 0 ms.
TpTrace Verbose: 0 : 29560, 4, 2024/03/10, 20:52:06.605, 9516269253073, vstest.console.dll, MulticastDelegateUtilities.SafeInvoke: InternalTestLoggerEvents.SendTestRunMessage: Invoking callback 1/1 for Microsoft.VisualStudio.TestPlatform.CommandLine.Internal.ConsoleLogger.TestMessageHandler, took 0 ms.
TpTrace Information: 0 : 29560, 7, 2024/03/10, 20:52:06.605, 9516269253223, vstest.console.dll, TestRunRequest:SendTestRunMessage: Completed.
TpTrace Verbose: 0 : 29560, 7, 2024/03/10, 20:52:06.605, 9516269256000, vstest.console.dll, ProxyExecutionManager: Test host is always Lazy initialize.
TpTrace Verbose: 0 : 29560, 7, 2024/03/10, 20:52:06.605, 9516269258283, vstest.console.dll, TestRequestSender.InitializeCommunication: initialize communication. 
TpTrace Information: 0 : 29560, 7, 2024/03/10, 20:52:06.606, 9516269264167, vstest.console.dll, SocketServer.Start: Listening on endpoint : 127.0.0.1:58258
TpTrace Verbose: 0 : 29560, 7, 2024/03/10, 20:52:06.607, 9516269269525, vstest.console.dll, DotnetTestHostmanager.GetTestHostProcessStartInfo: Platform environment 'X64' target architecture 'X86' framework '.NETCoreApp,Version=v6.0' OS 'Windows'
TpTrace Verbose: 0 : 29560, 7, 2024/03/10, 20:52:06.607, 9516269272212, vstest.console.dll, DotnetTestHostmanager: Adding  --runtimeconfig "D:\SoftUni\7 Back-End Test Automation-March-2024\repo\03.Exercise-Api-Testing-CSharp-RestSharp\TestGitHubApi\bin\Debug\net6.0\fine-code-coverage\build-output\TestGitHubApi.runtimeconfig.json" in args
TpTrace Verbose: 0 : 29560, 7, 2024/03/10, 20:52:06.607, 9516269273273, vstest.console.dll, DotnetTestHostmanager: Adding  --depsfile "D:\SoftUni\7 Back-End Test Automation-March-2024\repo\03.Exercise-Api-Testing-CSharp-RestSharp\TestGitHubApi\bin\Debug\net6.0\fine-code-coverage\build-output\TestGitHubApi.deps.json" in args
TpTrace Verbose: 0 : 29560, 7, 2024/03/10, 20:52:06.607, 9516269275356, vstest.console.dll, DotnetTestHostmanager.IsWinOnArm: Current PROCESSOR_ARCHITECTURE from environment variable 'AMD64'
TpTrace Verbose: 0 : 29560, 7, 2024/03/10, 20:52:06.607, 9516269276188, vstest.console.dll, DotnetTestHostmanager.IsWinOnArm: Is Windows on ARM 'False'
TpTrace Information: 0 : 29560, 7, 2024/03/10, 20:52:06.607, 9516269277538, vstest.console.dll, AssemblyResolver.OnResolve: Microsoft.Extensions.DependencyModel: Resolving assembly.
TpTrace Information: 0 : 29560, 7, 2024/03/10, 20:52:06.607, 9516269278254, vstest.console.dll, AssemblyResolver.OnResolve: Microsoft.Extensions.DependencyModel: Searching in: 'C:\Program Files (x86)\dotnet\sdk\6.0.408\Extensions'.
TpTrace Information: 0 : 29560, 7, 2024/03/10, 20:52:06.608, 9516269279487, vstest.console.dll, AssemblyResolver.OnResolve: Microsoft.Extensions.DependencyModel: Assembly path does not exist: 'C:\Program Files (x86)\dotnet\sdk\6.0.408\Extensions\Microsoft.Extensions.DependencyModel.dll', returning.
TpTrace Information: 0 : 29560, 7, 2024/03/10, 20:52:06.608, 9516269280433, vstest.console.dll, AssemblyResolver.OnResolve: Microsoft.Extensions.DependencyModel: Assembly path does not exist: 'C:\Program Files (x86)\dotnet\sdk\6.0.408\Extensions\Microsoft.Extensions.DependencyModel.exe', returning.
TpTrace Information: 0 : 29560, 7, 2024/03/10, 20:52:06.608, 9516269281056, vstest.console.dll, AssemblyResolver.OnResolve: Microsoft.Extensions.DependencyModel: Searching in: 'C:\Program Files (x86)\dotnet\sdk\6.0.408'.
TpTrace Information: 0 : 29560, 7, 2024/03/10, 20:52:06.608, 9516269283950, vstest.console.dll, AssemblyResolver.OnResolve: Microsoft.Extensions.DependencyModel: Loading assembly 'C:\Program Files (x86)\dotnet\sdk\6.0.408\Microsoft.Extensions.DependencyModel.dll'.
TpTrace Information: 0 : 29560, 7, 2024/03/10, 20:52:06.609, 9516269293743, vstest.console.dll, AssemblyResolver.OnResolve: Resolved assembly: Microsoft.Extensions.DependencyModel, from path: C:\Program Files (x86)\dotnet\sdk\6.0.408\Microsoft.Extensions.DependencyModel.dll
TpTrace Verbose: 0 : 29560, 7, 2024/03/10, 20:52:06.609, 9516269296273, vstest.console.dll, DotnetTestHostmanager: Runtimeconfig.dev.json D:\SoftUni\7 Back-End Test Automation-March-2024\repo\03.Exercise-Api-Testing-CSharp-RestSharp\TestGitHubApi\bin\Debug\net6.0\fine-code-coverage\build-output\TestGitHubApi.runtimeconfig.dev.json does not exist.
TpTrace Verbose: 0 : 29560, 7, 2024/03/10, 20:52:06.609, 9516269297059, vstest.console.dll, DotnetTestHostManager: Found testhost.dll in source directory: D:\SoftUni\7 Back-End Test Automation-March-2024\repo\03.Exercise-Api-Testing-CSharp-RestSharp\TestGitHubApi\bin\Debug\net6.0\fine-code-coverage\build-output\testhost.dll.
TpTrace Verbose: 0 : 29560, 7, 2024/03/10, 20:52:06.609, 9516269297868, vstest.console.dll, DotnetTestHostmanager: Current process architetcure 'X86'
TpTrace Verbose: 0 : 29560, 7, 2024/03/10, 20:52:06.610, 9516269300580, vstest.console.dll, DotnetTestHostmanager.LaunchTestHostAsync: Compatible muxer architecture of running process 'X86' and target architecture 'X86'
TpTrace Verbose: 0 : 29560, 7, 2024/03/10, 20:52:06.610, 9516269301207, vstest.console.dll, DotnetTestHostmanager: Full path of testhost.dll is D:\SoftUni\7 Back-End Test Automation-March-2024\repo\03.Exercise-Api-Testing-CSharp-RestSharp\TestGitHubApi\bin\Debug\net6.0\fine-code-coverage\build-output\testhost.dll
TpTrace Verbose: 0 : 29560, 7, 2024/03/10, 20:52:06.610, 9516269301804, vstest.console.dll, DotnetTestHostmanager: Full path of host exe is C:\Program Files (x86)\dotnet\dotnet.exe
TpTrace Verbose: 0 : 29560, 7, 2024/03/10, 20:52:06.610, 9516269303726, vstest.console.dll, DotnetTestHostManager: Starting process 'C:\Program Files (x86)\dotnet\dotnet.exe' with command line 'exec --runtimeconfig "D:\SoftUni\7 Back-End Test Automation-March-2024\repo\03.Exercise-Api-Testing-CSharp-RestSharp\TestGitHubApi\bin\Debug\net6.0\fine-code-coverage\build-output\TestGitHubApi.runtimeconfig.json" --depsfile "D:\SoftUni\7 Back-End Test Automation-March-2024\repo\03.Exercise-Api-Testing-CSharp-RestSharp\TestGitHubApi\bin\Debug\net6.0\fine-code-coverage\build-output\TestGitHubApi.deps.json" "D:\SoftUni\7 Back-End Test Automation-March-2024\repo\03.Exercise-Api-Testing-CSharp-RestSharp\TestGitHubApi\bin\Debug\net6.0\fine-code-coverage\build-output\testhost.dll" --port 58258 --endpoint 127.0.0.1:058258 --role client --parentprocessid 29560 --diag "D:\SoftUni\7 Back-End Test Automation-March-2024\repo\03.Exercise-Api-Testing-CSharp-RestSharp\TestGitHubApi\bin\Debug\net6.0\fine-code-coverage\coverage-tool-output\diagnostics.host.24-03-10_20-52-06_60679_7.log" --tracelevel 4 --datacollectionport 58257 --telemetryoptedin false'
TpTrace Verbose: 0 : 29560, 7, 2024/03/10, 20:52:06.616, 9516269367558, vstest.console.dll, MulticastDelegateUtilities.SafeInvoke: HostProviderEvents.OnHostLaunched: Invoking callback 1/2 for Microsoft.VisualStudio.TestPlatform.CrossPlatEngine.Client.ProxyExecutionManagerWithDataCollection.TestHostLaunchedHandler, took 0 ms.
TpTrace Verbose: 0 : 29560, 7, 2024/03/10, 20:52:06.616, 9516269368639, vstest.console.dll, Test Runtime launched
TpTrace Verbose: 0 : 29560, 7, 2024/03/10, 20:52:06.616, 9516269369298, vstest.console.dll, MulticastDelegateUtilities.SafeInvoke: HostProviderEvents.OnHostLaunched: Invoking callback 2/2 for Microsoft.VisualStudio.TestPlatform.CrossPlatEngine.Client.ProxyOperationManager.TestHostManagerHostLaunched, took 0 ms.
TpTrace Verbose: 0 : 29560, 7, 2024/03/10, 20:52:06.617, 9516269370633, vstest.console.dll, TestRequestSender.WaitForRequestHandlerConnection: waiting for connection with timeout: 90000.
TpTrace Verbose: 0 : 29560, 13, 2024/03/10, 20:52:06.794, 9516271140581, vstest.console.dll, MulticastDelegateUtilities.SafeInvoke: SocketServer: ClientConnected: Invoking callback 1/1 for Microsoft.VisualStudio.TestPlatform.CommunicationUtilities.TestRequestSender.<InitializeCommunication>b__24_0, took 0 ms.
TpTrace Verbose: 0 : 29560, 13, 2024/03/10, 20:52:06.794, 9516271141899, vstest.console.dll, SocketServer.OnClientConnected: Client connected for endPoint: 127.0.0.1:58258, starting MessageLoopAsync:
TpTrace Verbose: 0 : 29560, 7, 2024/03/10, 20:52:06.794, 9516271140953, vstest.console.dll, TestRequestSender.WaitForRequestHandlerConnection: waiting took 177 ms, with timeout 90000 ms, and result 0, which is success.
TpTrace Verbose: 0 : 29560, 13, 2024/03/10, 20:52:06.794, 9516271146157, vstest.console.dll, TcpClientExtensions.MessageLoopAsync: Polling on remoteEndPoint: 127.0.0.1:58259 localEndPoint: 127.0.0.1:58258
TpTrace Verbose: 0 : 29560, 7, 2024/03/10, 20:52:06.795, 9516271149387, vstest.console.dll, TestRequestSender.CheckVersionWithTestHost: Sending check version message: {"MessageType":"ProtocolVersion","Payload":7}
TpTrace Verbose: 0 : 29560, 13, 2024/03/10, 20:52:06.921, 9516272410644, vstest.console.dll, TcpClientExtensions.MessageLoopAsync: NotifyDataAvailable remoteEndPoint: 127.0.0.1:58259 localEndPoint: 127.0.0.1:58258
TpTrace Verbose: 0 : 29560, 13, 2024/03/10, 20:52:06.921, 9516272412844, vstest.console.dll, TestRequestSender.CheckVersionWithTestHost: onMessageReceived received message: (ProtocolVersion) -> {"MessageType":"ProtocolVersion","Payload":7}
TpTrace Verbose: 0 : 29560, 13, 2024/03/10, 20:52:06.921, 9516272418400, vstest.console.dll, MulticastDelegateUtilities.SafeInvoke: LengthPrefixCommunicationChannel: MessageReceived: Invoking callback 1/1 for Microsoft.VisualStudio.TestPlatform.CommunicationUtilities.TestRequestSender+<>c__DisplayClass26_0.<CheckVersionWithTestHost>b__0, took 0 ms.
TpTrace Verbose: 0 : 29560, 13, 2024/03/10, 20:52:06.921, 9516272419323, vstest.console.dll, TcpClientExtensions.MessageLoopAsync: Polling on remoteEndPoint: 127.0.0.1:58259 localEndPoint: 127.0.0.1:58258
TpTrace Verbose: 0 : 29560, 7, 2024/03/10, 20:52:06.922, 9516272419371, vstest.console.dll, TestPluginCache.GetExtensionPaths: Filtered extension paths: 
TpTrace Verbose: 0 : 29560, 7, 2024/03/10, 20:52:06.922, 9516272421112, vstest.console.dll, TestPluginCache.GetExtensionPaths: Added default extension paths: C:\Program Files (x86)\dotnet\sdk\6.0.408\Extensions\Microsoft.Diagnostics.NETCore.Client.dll
C:\Program Files (x86)\dotnet\sdk\6.0.408\Extensions\Microsoft.TestPlatform.Extensions.BlameDataCollector.dll
C:\Program Files (x86)\dotnet\sdk\6.0.408\Extensions\Microsoft.TestPlatform.Extensions.EventLogCollector.dll
C:\Program Files (x86)\dotnet\sdk\6.0.408\Extensions\Microsoft.TestPlatform.TestHostRuntimeProvider.dll
C:\Program Files (x86)\dotnet\sdk\6.0.408\Extensions\Microsoft.VisualStudio.TestPlatform.Extensions.Html.TestLogger.dll
C:\Program Files (x86)\dotnet\sdk\6.0.408\Extensions\Microsoft.VisualStudio.TestPlatform.Extensions.Trx.TestLogger.dll
TpTrace Verbose: 0 : 29560, 7, 2024/03/10, 20:52:06.922, 9516272421941, vstest.console.dll, TestPluginCache.GetExtensionPaths: Added unfilterableExtensionPaths: 
TpTrace Verbose: 0 : 29560, 7, 2024/03/10, 20:52:06.925, 9516272457380, vstest.console.dll, TestRequestSender.InitializeExecution: Sending initialize execution with message: {"Version":7,"MessageType":"TestExecution.Initialize","Payload":["D:\\SoftUni\\7 Back-End Test Automation-March-2024\\repo\\03.Exercise-Api-Testing-CSharp-RestSharp\\TestGitHubApi\\bin\\Debug\\net6.0\\fine-code-coverage\\build-output\\NUnit3.TestAdapter.dll"]}
TpTrace Verbose: 0 : 29560, 13, 2024/03/10, 20:52:06.925, 9516272458546, vstest.console.dll, TcpClientExtensions.MessageLoopAsync: NotifyDataAvailable remoteEndPoint: 127.0.0.1:58259 localEndPoint: 127.0.0.1:58258
TpTrace Verbose: 0 : 29560, 13, 2024/03/10, 20:52:06.926, 9516272459501, vstest.console.dll, LengthPrefixCommunicationChannel.NotifyDataAvailable: New data are waiting to be received, but there is no subscriber to be notified. Not reading them from the stream.
TpTrace Verbose: 0 : 29560, 13, 2024/03/10, 20:52:06.926, 9516272460394, vstest.console.dll, TcpClientExtensions.MessageLoopAsync: Polling on remoteEndPoint: 127.0.0.1:58259 localEndPoint: 127.0.0.1:58258
TpTrace Verbose: 0 : 29560, 13, 2024/03/10, 20:52:06.926, 9516272461341, vstest.console.dll, TcpClientExtensions.MessageLoopAsync: NotifyDataAvailable remoteEndPoint: 127.0.0.1:58259 localEndPoint: 127.0.0.1:58258
TpTrace Verbose: 0 : 29560, 13, 2024/03/10, 20:52:06.926, 9516272461988, vstest.console.dll, LengthPrefixCommunicationChannel.NotifyDataAvailable: New data are waiting to be received, but there is no subscriber to be notified. Not reading them from the stream.
TpTrace Warning: 0 : 29560, 7, 2024/03/10, 20:52:06.926, 9516272461334, vstest.console.dll, InferRunSettingsHelper.MakeRunsettingsCompatible: Removing the following settings: TargetPlatform from RunSettings file. To use those settings please move to latest version of Microsoft.NET.Test.Sdk
TpTrace Verbose: 0 : 29560, 13, 2024/03/10, 20:52:06.926, 9516272462535, vstest.console.dll, TcpClientExtensions.MessageLoopAsync: Polling on remoteEndPoint: 127.0.0.1:58259 localEndPoint: 127.0.0.1:58258
TpTrace Verbose: 0 : 29560, 13, 2024/03/10, 20:52:06.926, 9516272464459, vstest.console.dll, TcpClientExtensions.MessageLoopAsync: NotifyDataAvailable remoteEndPoint: 127.0.0.1:58259 localEndPoint: 127.0.0.1:58258
TpTrace Verbose: 0 : 29560, 13, 2024/03/10, 20:52:06.926, 9516272465066, vstest.console.dll, LengthPrefixCommunicationChannel.NotifyDataAvailable: New data are waiting to be received, but there is no subscriber to be notified. Not reading them from the stream.
TpTrace Verbose: 0 : 29560, 13, 2024/03/10, 20:52:06.926, 9516272465608, vstest.console.dll, TcpClientExtensions.MessageLoopAsync: Polling on remoteEndPoint: 127.0.0.1:58259 localEndPoint: 127.0.0.1:58258
TpTrace Verbose: 0 : 29560, 13, 2024/03/10, 20:52:06.926, 9516272466189, vstest.console.dll, TcpClientExtensions.MessageLoopAsync: NotifyDataAvailable remoteEndPoint: 127.0.0.1:58259 localEndPoint: 127.0.0.1:58258
TpTrace Verbose: 0 : 29560, 13, 2024/03/10, 20:52:06.926, 9516272467212, vstest.console.dll, TestRequestSender.OnExecutionMessageReceived: Received message: {"Version":7,"MessageType":"TestSession.Message","Payload":{"MessageLevel":0,"Message":"Logging TestHost Diagnostics in file: D:\\SoftUni\\7 Back-End Test Automation-March-2024\\repo\\03.Exercise-Api-Testing-CSharp-RestSharp\\TestGitHubApi\\bin\\Debug\\net6.0\\fine-code-coverage\\coverage-tool-output\\diagnostics.host.24-03-10_20-52-06_60679_7.log"}}
TpTrace Verbose: 0 : 29560, 13, 2024/03/10, 20:52:06.928, 9516272486318, vstest.console.dll, TestRunRequest:SendTestRunMessage: Starting.
TpTrace Verbose: 0 : 29560, 13, 2024/03/10, 20:52:06.928, 9516272487401, vstest.console.dll, MulticastDelegateUtilities.SafeInvoke: TestRun.LogMessages: Invoking callback 1/1 for Microsoft.VisualStudio.TestPlatform.CommandLine.TestRunResultAggregator.TestRunMessageHandler, took 0 ms.
TpTrace Information: 0 : 29560, 13, 2024/03/10, 20:52:06.928, 9516272488016, vstest.console.dll, TestRunRequest:SendTestRunMessage: Completed.
TpTrace Verbose: 0 : 29560, 13, 2024/03/10, 20:52:06.928, 9516272488760, vstest.console.dll, MulticastDelegateUtilities.SafeInvoke: LengthPrefixCommunicationChannel: MessageReceived: Invoking callback 1/1 for Microsoft.VisualStudio.TestPlatform.CommunicationUtilities.TestRequestSender+<>c__DisplayClass31_0.<StartTestRun>b__1, took 2 ms.
TpTrace Verbose: 0 : 29560, 13, 2024/03/10, 20:52:06.929, 9516272489464, vstest.console.dll, TcpClientExtensions.MessageLoopAsync: Polling on remoteEndPoint: 127.0.0.1:58259 localEndPoint: 127.0.0.1:58258
TpTrace Verbose: 0 : 29560, 4, 2024/03/10, 20:52:06.928, 9516272488001, vstest.console.dll, MulticastDelegateUtilities.SafeInvoke: InternalTestLoggerEvents.SendTestRunMessage: Invoking callback 1/1 for Microsoft.VisualStudio.TestPlatform.CommandLine.Internal.ConsoleLogger.TestMessageHandler, took 0 ms.
TpTrace Verbose: 0 : 29560, 7, 2024/03/10, 20:52:06.932, 9516272528641, vstest.console.dll, TestRequestSender.StartTestRun: Sending test run with message: {"Version":7,"MessageType":"TestExecution.StartWithSources","Payload":{"AdapterSourceMap":{"_none_":["D:\\SoftUni\\7 Back-End Test Automation-March-2024\\repo\\03.Exercise-Api-Testing-CSharp-RestSharp\\TestGitHubApi\\bin\\Debug\\net6.0\\fine-code-coverage\\build-output\\TestGitHubApi.dll"]},"RunSettings":"<RunSettings>\r\n  <RunConfiguration>\r\n    <ResultsDirectory>D:\\SoftUni\\7 Back-End Test Automation-March-2024\\repo\\03.Exercise-Api-Testing-CSharp-RestSharp\\TestGitHubApi\\bin\\Debug\\net6.0\\fine-code-coverage\\coverage-tool-output</ResultsDirectory>\r\n    <TargetFrameworkVersion>.NETCoreApp,Version=v6.0</TargetFrameworkVersion>\r\n    <DesignMode>False</DesignMode>\r\n    <CollectSourceInformation>False</CollectSourceInformation>\r\n  </RunConfiguration>\r\n  <LoggerRunSettings>\r\n    <Loggers>\r\n      <Logger friendlyName=\"blame\" enabled=\"True\" />\r\n      <Logger friendlyName=\"Console\" uri=\"logger://microsoft/TestPlatform/ConsoleLogger/v1\" assemblyQualifiedName=\"Microsoft.VisualStudio.TestPlatform.CommandLine.Internal.ConsoleLogger, vstest.console, Version=15.0.0.0, Culture=neutral, PublicKeyToken=b03f5f7f11d50a3a\" codeBase=\"C:\\Program Files (x86)\\dotnet\\sdk\\6.0.408\\vstest.console.dll\" enabled=\"True\" />\r\n    </Loggers>\r\n  </LoggerRunSettings>\r\n  <DataCollectionRunSettings>\r\n    <DataCollectors>\r\n      <DataCollector friendlyName=\"blame\" enabled=\"True\">\r\n        <Configuration>\r\n          <ResultsDirectory>D:\\SoftUni\\7 Back-End Test Automation-March-2024\\repo\\03.Exercise-Api-Testing-CSharp-RestSharp\\TestGitHubApi\\bin\\Debug\\net6.0\\fine-code-coverage\\coverage-tool-output</ResultsDirectory>\r\n        </Configuration>\r\n      </DataCollector>\r\n    </DataCollectors>\r\n  </DataCollectionRunSettings>\r\n</RunSettings>","TestExecutionContext":{"FrequencyOfRunStatsChangeEvent":10,"RunStatsChangeEventTimeout":"00:00:01.5000000","InIsolation":false,"KeepAlive":false,"AreTestCaseLevelEventsRequired":false,"IsDebug":false,"TestCaseFilter":null,"FilterOptions":null},"Package":null}}
TpTrace Verbose: 0 : 29560, 13, 2024/03/10, 20:52:07.098, 9516274180021, vstest.console.dll, TcpClientExtensions.MessageLoopAsync: NotifyDataAvailable remoteEndPoint: 127.0.0.1:58259 localEndPoint: 127.0.0.1:58258
TpTrace Verbose: 0 : 29560, 13, 2024/03/10, 20:52:07.098, 9516274181447, vstest.console.dll, TestRequestSender.OnExecutionMessageReceived: Received message: {"Version":7,"MessageType":"TestSession.Message","Payload":{"MessageLevel":0,"Message":"NUnit Adapter 4.4.0.0: Test execution started"}}
TpTrace Verbose: 0 : 29560, 13, 2024/03/10, 20:52:07.098, 9516274183005, vstest.console.dll, TestRunRequest:SendTestRunMessage: Starting.
TpTrace Verbose: 0 : 29560, 13, 2024/03/10, 20:52:07.098, 9516274183812, vstest.console.dll, MulticastDelegateUtilities.SafeInvoke: TestRun.LogMessages: Invoking callback 1/1 for Microsoft.VisualStudio.TestPlatform.CommandLine.TestRunResultAggregator.TestRunMessageHandler, took 0 ms.
TpTrace Information: 0 : 29560, 13, 2024/03/10, 20:52:07.098, 9516274184383, vstest.console.dll, TestRunRequest:SendTestRunMessage: Completed.
TpTrace Verbose: 0 : 29560, 4, 2024/03/10, 20:52:07.098, 9516274184629, vstest.console.dll, MulticastDelegateUtilities.SafeInvoke: InternalTestLoggerEvents.SendTestRunMessage: Invoking callback 1/1 for Microsoft.VisualStudio.TestPlatform.CommandLine.Internal.ConsoleLogger.TestMessageHandler, took 0 ms.
TpTrace Verbose: 0 : 29560, 13, 2024/03/10, 20:52:07.098, 9516274184969, vstest.console.dll, MulticastDelegateUtilities.SafeInvoke: LengthPrefixCommunicationChannel: MessageReceived: Invoking callback 1/1 for Microsoft.VisualStudio.TestPlatform.CommunicationUtilities.TestRequestSender+<>c__DisplayClass31_0.<StartTestRun>b__1, took 0 ms.
TpTrace Verbose: 0 : 29560, 13, 2024/03/10, 20:52:07.098, 9516274186950, vstest.console.dll, TcpClientExtensions.MessageLoopAsync: Polling on remoteEndPoint: 127.0.0.1:58259 localEndPoint: 127.0.0.1:58258
TpTrace Verbose: 0 : 29560, 13, 2024/03/10, 20:52:07.126, 9516274466937, vstest.console.dll, TcpClientExtensions.MessageLoopAsync: NotifyDataAvailable remoteEndPoint: 127.0.0.1:58259 localEndPoint: 127.0.0.1:58258
TpTrace Verbose: 0 : 29560, 13, 2024/03/10, 20:52:07.126, 9516274468330, vstest.console.dll, TestRequestSender.OnExecutionMessageReceived: Received message: {"Version":7,"MessageType":"TestSession.Message","Payload":{"MessageLevel":0,"Message":"Running all tests in D:\\SoftUni\\7 Back-End Test Automation-March-2024\\repo\\03.Exercise-Api-Testing-CSharp-RestSharp\\TestGitHubApi\\bin\\Debug\\net6.0\\fine-code-coverage\\build-output\\TestGitHubApi.dll"}}
TpTrace Verbose: 0 : 29560, 13, 2024/03/10, 20:52:07.127, 9516274469542, vstest.console.dll, TestRunRequest:SendTestRunMessage: Starting.
TpTrace Verbose: 0 : 29560, 13, 2024/03/10, 20:52:07.127, 9516274470340, vstest.console.dll, MulticastDelegateUtilities.SafeInvoke: TestRun.LogMessages: Invoking callback 1/1 for Microsoft.VisualStudio.TestPlatform.CommandLine.TestRunResultAggregator.TestRunMessageHandler, took 0 ms.
TpTrace Information: 0 : 29560, 13, 2024/03/10, 20:52:07.127, 9516274470908, vstest.console.dll, TestRunRequest:SendTestRunMessage: Completed.
TpTrace Verbose: 0 : 29560, 4, 2024/03/10, 20:52:07.127, 9516274471000, vstest.console.dll, MulticastDelegateUtilities.SafeInvoke: InternalTestLoggerEvents.SendTestRunMessage: Invoking callback 1/1 for Microsoft.VisualStudio.TestPlatform.CommandLine.Internal.ConsoleLogger.TestMessageHandler, took 0 ms.
TpTrace Verbose: 0 : 29560, 13, 2024/03/10, 20:52:07.127, 9516274471590, vstest.console.dll, MulticastDelegateUtilities.SafeInvoke: LengthPrefixCommunicationChannel: MessageReceived: Invoking callback 1/1 for Microsoft.VisualStudio.TestPlatform.CommunicationUtilities.TestRequestSender+<>c__DisplayClass31_0.<StartTestRun>b__1, took 0 ms.
TpTrace Verbose: 0 : 29560, 13, 2024/03/10, 20:52:07.127, 9516274473701, vstest.console.dll, TcpClientExtensions.MessageLoopAsync: Polling on remoteEndPoint: 127.0.0.1:58259 localEndPoint: 127.0.0.1:58258
TpTrace Verbose: 0 : 29560, 13, 2024/03/10, 20:52:07.251, 9516275709718, vstest.console.dll, TcpClientExtensions.MessageLoopAsync: NotifyDataAvailable remoteEndPoint: 127.0.0.1:58259 localEndPoint: 127.0.0.1:58258
TpTrace Verbose: 0 : 29560, 13, 2024/03/10, 20:52:07.251, 9516275711030, vstest.console.dll, TestRequestSender.OnExecutionMessageReceived: Received message: {"Version":7,"MessageType":"TestSession.Message","Payload":{"MessageLevel":0,"Message":"   NUnit3TestExecutor discovered 9 of 9 NUnit test cases using Current Discovery mode, Non-Explicit run"}}
TpTrace Verbose: 0 : 29560, 13, 2024/03/10, 20:52:07.251, 9516275712256, vstest.console.dll, TestRunRequest:SendTestRunMessage: Starting.
TpTrace Verbose: 0 : 29560, 13, 2024/03/10, 20:52:07.251, 9516275713010, vstest.console.dll, MulticastDelegateUtilities.SafeInvoke: TestRun.LogMessages: Invoking callback 1/1 for Microsoft.VisualStudio.TestPlatform.CommandLine.TestRunResultAggregator.TestRunMessageHandler, took 0 ms.
TpTrace Information: 0 : 29560, 13, 2024/03/10, 20:52:07.251, 9516275713547, vstest.console.dll, TestRunRequest:SendTestRunMessage: Completed.
TpTrace Verbose: 0 : 29560, 13, 2024/03/10, 20:52:07.251, 9516275714096, vstest.console.dll, MulticastDelegateUtilities.SafeInvoke: LengthPrefixCommunicationChannel: MessageReceived: Invoking callback 1/1 for Microsoft.VisualStudio.TestPlatform.CommunicationUtilities.TestRequestSender+<>c__DisplayClass31_0.<StartTestRun>b__1, took 0 ms.
TpTrace Verbose: 0 : 29560, 4, 2024/03/10, 20:52:07.251, 9516275713693, vstest.console.dll, MulticastDelegateUtilities.SafeInvoke: InternalTestLoggerEvents.SendTestRunMessage: Invoking callback 1/1 for Microsoft.VisualStudio.TestPlatform.CommandLine.Internal.ConsoleLogger.TestMessageHandler, took 0 ms.
TpTrace Verbose: 0 : 29560, 13, 2024/03/10, 20:52:07.251, 9516275714793, vstest.console.dll, TcpClientExtensions.MessageLoopAsync: Polling on remoteEndPoint: 127.0.0.1:58259 localEndPoint: 127.0.0.1:58258
TpTrace Verbose: 0 : 29560, 13, 2024/03/10, 20:52:08.264, 9516285848719, vstest.console.dll, TcpClientExtensions.MessageLoopAsync: Polling on remoteEndPoint: 127.0.0.1:58259 localEndPoint: 127.0.0.1:58258
TpTrace Verbose: 0 : 29560, 13, 2024/03/10, 20:52:08.554, 9516288741201, vstest.console.dll, TcpClientExtensions.MessageLoopAsync: NotifyDataAvailable remoteEndPoint: 127.0.0.1:58259 localEndPoint: 127.0.0.1:58258
TpTrace Verbose: 0 : 29560, 13, 2024/03/10, 20:52:08.554, 9516288743044, vstest.console.dll, TestRequestSender.OnExecutionMessageReceived: Received message: {"Version":7,"MessageType":"TestExecution.StatsChange","Payload":{"NewTestResults":[{"TestCase":{"Id":"ad0ee1ca-f1d8-3e4c-9a49-7e5b44071485","FullyQualifiedName":"TestGitHubApi.TestGitHubApi.Test_GetAllIssuesFromARepo","DisplayName":"Test_GetAllIssuesFromARepo","ExecutorUri":"executor://NUnit3TestExecutor","Source":"D:\\SoftUni\\7 Back-End Test Automation-March-2024\\repo\\03.Exercise-Api-Testing-CSharp-RestSharp\\TestGitHubApi\\bin\\Debug\\net6.0\\fine-code-coverage\\build-output\\TestGitHubApi.dll","CodeFilePath":null,"LineNumber":0,"Properties":[{"Key":{"Id":"NUnit.Seed","Label":"Seed","Category":"","Description":"","Attributes":0,"ValueType":"System.String"},"Value":"1326564717"}]},"Attachments":[],"Outcome":1,"ErrorMessage":null,"ErrorStackTrace":null,"DisplayName":"Test_GetAllIssuesFromARepo","Messages":[],"ComputerName":"DESKTOP-UUB0D73","Duration":"00:00:00.6746190","StartTime":"2024-03-10T18:52:07.2766989+00:00","EndTime":"2024-03-10T18:52:07.9512102+00:00","Properties":[{"Key":{"Id":"NUnit.Seed","Label":"Seed","Category":"","Description":"","Attributes":0,"ValueType":"System.String"},"Value":"1326564717"}]},{"TestCase":{"Id":"52f4ea97-c28b-3ae4-5d25-e2f64d5064f4","FullyQualifiedName":"TestGitHubApi.TestGitHubApi.Test_GetIssueByValidNumber","DisplayName":"Test_GetIssueByValidNumber","ExecutorUri":"executor://NUnit3TestExecutor","Source":"D:\\SoftUni\\7 Back-End Test Automation-March-2024\\repo\\03.Exercise-Api-Testing-CSharp-RestSharp\\TestGitHubApi\\bin\\Debug\\net6.0\\fine-code-coverage\\build-output\\TestGitHubApi.dll","CodeFilePath":null,"LineNumber":0,"Properties":[{"Key":{"Id":"NUnit.Seed","Label":"Seed","Category":"","Description":"","Attributes":0,"ValueType":"System.String"},"Value":"688973576"}]},"Attachments":[],"Outcome":1,"ErrorMessage":null,"ErrorStackTrace":null,"DisplayName":"Test_GetIssueByValidNumber","Messages":[],"ComputerName":"DESKTOP-UUB0D73","Duration":"00:00:00.3223829","StartTime":"2024-03-10T18:52:07.9530088+00:00","EndTime":"2024-03-10T18:52:08.2753922+00:00","Properties":[{"Key":{"Id":"NUnit.Seed","Label":"Seed","Category":"","Description":"","Attributes":0,"ValueType":"System.String"},"Value":"688973576"}]}],"TestRunStatistics":{"ExecutedTests":2,"Stats":{"Passed":2}},"ActiveTests":[{"Id":"8d3912ce-81a1-e4ee-19e5-78e1f97f9559","FullyQualifiedName":"TestGitHubApi.TestGitHubApi.Test_GetAllLabelsForIssue","DisplayName":"Test_GetAllLabelsForIssue","ExecutorUri":"executor://NUnit3TestExecutor","Source":"D:\\SoftUni\\7 Back-End Test Automation-March-2024\\repo\\03.Exercise-Api-Testing-CSharp-RestSharp\\TestGitHubApi\\bin\\Debug\\net6.0\\fine-code-coverage\\build-output\\TestGitHubApi.dll","CodeFilePath":null,"LineNumber":0,"Properties":[{"Key":{"Id":"NUnit.Seed","Label":"Seed","Category":"","Description":"","Attributes":0,"ValueType":"System.String"},"Value":"1991040098"}]}]}}
TpTrace Verbose: 0 : 29560, 13, 2024/03/10, 20:52:08.574, 9516288944909, vstest.console.dll, TestRunRequest:SendTestRunStatsChange: Starting.
TpTrace Verbose: 0 : 29560, 13, 2024/03/10, 20:52:08.574, 9516288946325, vstest.console.dll, InProgress is Test_GetAllLabelsForIssue
TpTrace Verbose: 0 : 29560, 13, 2024/03/10, 20:52:08.574, 9516288948171, vstest.console.dll, MulticastDelegateUtilities.SafeInvoke: TestRun.RunStatsChanged: Invoking callbacks was skipped because there are no subscribers.
TpTrace Information: 0 : 29560, 13, 2024/03/10, 20:52:08.574, 9516288948779, vstest.console.dll, TestRunRequest:SendTestRunStatsChange: Completed.
TpTrace Verbose: 0 : 29560, 13, 2024/03/10, 20:52:08.574, 9516288949297, vstest.console.dll, MulticastDelegateUtilities.SafeInvoke: LengthPrefixCommunicationChannel: MessageReceived: Invoking callback 1/1 for Microsoft.VisualStudio.TestPlatform.CommunicationUtilities.TestRequestSender+<>c__DisplayClass31_0.<StartTestRun>b__1, took 20 ms.
TpTrace Verbose: 0 : 29560, 13, 2024/03/10, 20:52:08.575, 9516288949892, vstest.console.dll, TcpClientExtensions.MessageLoopAsync: Polling on remoteEndPoint: 127.0.0.1:58259 localEndPoint: 127.0.0.1:58258
TpTrace Verbose: 0 : 29560, 4, 2024/03/10, 20:52:08.577, 9516288975869, vstest.console.dll, MulticastDelegateUtilities.SafeInvoke: InternalTestLoggerEvents.SendTestResult: Invoking callback 1/1 for Microsoft.VisualStudio.TestPlatform.CommandLine.Internal.ConsoleLogger.TestResultHandler, took 2 ms.
TpTrace Verbose: 0 : 29560, 4, 2024/03/10, 20:52:08.577, 9516288976951, vstest.console.dll, MulticastDelegateUtilities.SafeInvoke: InternalTestLoggerEvents.SendTestResult: Invoking callback 1/1 for Microsoft.VisualStudio.TestPlatform.CommandLine.Internal.ConsoleLogger.TestResultHandler, took 0 ms.
TpTrace Verbose: 0 : 29560, 13, 2024/03/10, 20:52:08.664, 9516289841210, vstest.console.dll, TcpClientExtensions.MessageLoopAsync: NotifyDataAvailable remoteEndPoint: 127.0.0.1:58259 localEndPoint: 127.0.0.1:58258
TpTrace Verbose: 0 : 29560, 13, 2024/03/10, 20:52:08.664, 9516289842524, vstest.console.dll, TestRequestSender.OnExecutionMessageReceived: Received message: {"Version":7,"MessageType":"TestSession.Message","Payload":{"MessageLevel":1,"Message":"Label: 6669815539 - Name: documentation\r\nLabel: 6669815543 - Name: duplicate\r\nLabel: 6669815547 - Name: enhancement\r\nLabel: 6669815553 - Name: help wanted\r\nLabel: 6669815555 - Name: good first issue\r\n"}}
TpTrace Verbose: 0 : 29560, 13, 2024/03/10, 20:52:08.664, 9516289843693, vstest.console.dll, TestRunRequest:SendTestRunMessage: Starting.
TpTrace Verbose: 0 : 29560, 13, 2024/03/10, 20:52:08.664, 9516289844551, vstest.console.dll, MulticastDelegateUtilities.SafeInvoke: TestRun.LogMessages: Invoking callback 1/1 for Microsoft.VisualStudio.TestPlatform.CommandLine.TestRunResultAggregator.TestRunMessageHandler, took 0 ms.
TpTrace Information: 0 : 29560, 13, 2024/03/10, 20:52:08.664, 9516289845726, vstest.console.dll, TestRunRequest:SendTestRunMessage: Completed.
TpTrace Verbose: 0 : 29560, 13, 2024/03/10, 20:52:08.664, 9516289846545, vstest.console.dll, MulticastDelegateUtilities.SafeInvoke: LengthPrefixCommunicationChannel: MessageReceived: Invoking callback 1/1 for Microsoft.VisualStudio.TestPlatform.CommunicationUtilities.TestRequestSender+<>c__DisplayClass31_0.<StartTestRun>b__1, took 0 ms.
TpTrace Verbose: 0 : 29560, 13, 2024/03/10, 20:52:08.664, 9516289848010, vstest.console.dll, TcpClientExtensions.MessageLoopAsync: Polling on remoteEndPoint: 127.0.0.1:58259 localEndPoint: 127.0.0.1:58258
TpTrace Verbose: 0 : 29560, 4, 2024/03/10, 20:52:08.664, 9516289846984, vstest.console.dll, MulticastDelegateUtilities.SafeInvoke: InternalTestLoggerEvents.SendTestRunMessage: Invoking callback 1/1 for Microsoft.VisualStudio.TestPlatform.CommandLine.Internal.ConsoleLogger.TestMessageHandler, took 0 ms.
TpTrace Verbose: 0 : 29560, 13, 2024/03/10, 20:52:08.985, 9516293057796, vstest.console.dll, TcpClientExtensions.MessageLoopAsync: NotifyDataAvailable remoteEndPoint: 127.0.0.1:58259 localEndPoint: 127.0.0.1:58258
TpTrace Verbose: 0 : 29560, 13, 2024/03/10, 20:52:08.985, 9516293059151, vstest.console.dll, TestRequestSender.OnExecutionMessageReceived: Received message: {"Version":7,"MessageType":"TestSession.Message","Payload":{"MessageLevel":1,"Message":"Comment ID: 1987304527 - Body: Hello\r\nComment ID: 1987304565 - Body: Test comment\r\nComment ID: 1987304611 - Body: Second test comment\r\nComment ID: 1987304640 - Body: Some text here\r\nComment ID: 1987304768 - Body: Some text example for testing_**\r\n"}}
TpTrace Verbose: 0 : 29560, 13, 2024/03/10, 20:52:08.986, 9516293061063, vstest.console.dll, TestRunRequest:SendTestRunMessage: Starting.
TpTrace Verbose: 0 : 29560, 13, 2024/03/10, 20:52:08.986, 9516293062284, vstest.console.dll, MulticastDelegateUtilities.SafeInvoke: TestRun.LogMessages: Invoking callback 1/1 for Microsoft.VisualStudio.TestPlatform.CommandLine.TestRunResultAggregator.TestRunMessageHandler, took 0 ms.
TpTrace Verbose: 0 : 29560, 4, 2024/03/10, 20:52:08.986, 9516293063118, vstest.console.dll, MulticastDelegateUtilities.SafeInvoke: InternalTestLoggerEvents.SendTestRunMessage: Invoking callback 1/1 for Microsoft.VisualStudio.TestPlatform.CommandLine.Internal.ConsoleLogger.TestMessageHandler, took 0 ms.
TpTrace Information: 0 : 29560, 13, 2024/03/10, 20:52:08.986, 9516293063450, vstest.console.dll, TestRunRequest:SendTestRunMessage: Completed.
TpTrace Verbose: 0 : 29560, 13, 2024/03/10, 20:52:08.986, 9516293065478, vstest.console.dll, MulticastDelegateUtilities.SafeInvoke: LengthPrefixCommunicationChannel: MessageReceived: Invoking callback 1/1 for Microsoft.VisualStudio.TestPlatform.CommunicationUtilities.TestRequestSender+<>c__DisplayClass31_0.<StartTestRun>b__1, took 0 ms.
TpTrace Verbose: 0 : 29560, 13, 2024/03/10, 20:52:08.986, 9516293066442, vstest.console.dll, TcpClientExtensions.MessageLoopAsync: Polling on remoteEndPoint: 127.0.0.1:58259 localEndPoint: 127.0.0.1:58258
TpTrace Verbose: 0 : 29560, 13, 2024/03/10, 20:52:09.518, 9516298389317, vstest.console.dll, TcpClientExtensions.MessageLoopAsync: NotifyDataAvailable remoteEndPoint: 127.0.0.1:58259 localEndPoint: 127.0.0.1:58258
TpTrace Verbose: 0 : 29560, 13, 2024/03/10, 20:52:09.519, 9516298391248, vstest.console.dll, TestRequestSender.OnExecutionMessageReceived: Received message: {"Version":7,"MessageType":"TestSession.Message","Payload":{"MessageLevel":1,"Message":"51\r\n"}}
TpTrace Verbose: 0 : 29560, 13, 2024/03/10, 20:52:09.519, 9516298393166, vstest.console.dll, TestRunRequest:SendTestRunMessage: Starting.
TpTrace Verbose: 0 : 29560, 13, 2024/03/10, 20:52:09.519, 9516298394693, vstest.console.dll, MulticastDelegateUtilities.SafeInvoke: TestRun.LogMessages: Invoking callback 1/1 for Microsoft.VisualStudio.TestPlatform.CommandLine.TestRunResultAggregator.TestRunMessageHandler, took 0 ms.
TpTrace Verbose: 0 : 29560, 4, 2024/03/10, 20:52:09.519, 9516298395796, vstest.console.dll, MulticastDelegateUtilities.SafeInvoke: InternalTestLoggerEvents.SendTestRunMessage: Invoking callback 1/1 for Microsoft.VisualStudio.TestPlatform.CommandLine.Internal.ConsoleLogger.TestMessageHandler, took 0 ms.
TpTrace Information: 0 : 29560, 13, 2024/03/10, 20:52:09.519, 9516298397496, vstest.console.dll, TestRunRequest:SendTestRunMessage: Completed.
TpTrace Verbose: 0 : 29560, 13, 2024/03/10, 20:52:09.519, 9516298398948, vstest.console.dll, MulticastDelegateUtilities.SafeInvoke: LengthPrefixCommunicationChannel: MessageReceived: Invoking callback 1/1 for Microsoft.VisualStudio.TestPlatform.CommunicationUtilities.TestRequestSender+<>c__DisplayClass31_0.<StartTestRun>b__1, took 0 ms.
TpTrace Verbose: 0 : 29560, 13, 2024/03/10, 20:52:09.520, 9516298400282, vstest.console.dll, TcpClientExtensions.MessageLoopAsync: Polling on remoteEndPoint: 127.0.0.1:58259 localEndPoint: 127.0.0.1:58258
TpTrace Verbose: 0 : 29560, 13, 2024/03/10, 20:52:10.073, 9516303930507, vstest.console.dll, TcpClientExtensions.MessageLoopAsync: NotifyDataAvailable remoteEndPoint: 127.0.0.1:58259 localEndPoint: 127.0.0.1:58258
TpTrace Verbose: 0 : 29560, 13, 2024/03/10, 20:52:10.074, 9516303941971, vstest.console.dll, TestRequestSender.OnExecutionMessageReceived: Received message: {"Version":7,"MessageType":"TestExecution.StatsChange","Payload":{"NewTestResults":[{"TestCase":{"Id":"8d3912ce-81a1-e4ee-19e5-78e1f97f9559","FullyQualifiedName":"TestGitHubApi.TestGitHubApi.Test_GetAllLabelsForIssue","DisplayName":"Test_GetAllLabelsForIssue","ExecutorUri":"executor://NUnit3TestExecutor","Source":"D:\\SoftUni\\7 Back-End Test Automation-March-2024\\repo\\03.Exercise-Api-Testing-CSharp-RestSharp\\TestGitHubApi\\bin\\Debug\\net6.0\\fine-code-coverage\\build-output\\TestGitHubApi.dll","CodeFilePath":null,"LineNumber":0,"Properties":[{"Key":{"Id":"NUnit.Seed","Label":"Seed","Category":"","Description":"","Attributes":0,"ValueType":"System.String"},"Value":"1991040098"}]},"Attachments":[],"Outcome":1,"ErrorMessage":null,"ErrorStackTrace":null,"DisplayName":"Test_GetAllLabelsForIssue","Messages":[{"Category":"StdOutMsgs","Text":"Label: 6669815539 - Name: documentation\r\nLabel: 6669815543 - Name: duplicate\r\nLabel: 6669815547 - Name: enhancement\r\nLabel: 6669815553 - Name: help wanted\r\nLabel: 6669815555 - Name: good first issue\r\n"}],"ComputerName":"DESKTOP-UUB0D73","Duration":"00:00:00.3733960","StartTime":"2024-03-10T18:52:08.2754252+00:00","EndTime":"2024-03-10T18:52:08.6488211+00:00","Properties":[{"Key":{"Id":"NUnit.Seed","Label":"Seed","Category":"","Description":"","Attributes":0,"ValueType":"System.String"},"Value":"1991040098"}]},{"TestCase":{"Id":"514e4e9f-ae63-d219-cf76-ede45df8627b","FullyQualifiedName":"TestGitHubApi.TestGitHubApi.Test_GetAllCommentsForIssue","DisplayName":"Test_GetAllCommentsForIssue","ExecutorUri":"executor://NUnit3TestExecutor","Source":"D:\\SoftUni\\7 Back-End Test Automation-March-2024\\repo\\03.Exercise-Api-Testing-CSharp-RestSharp\\TestGitHubApi\\bin\\Debug\\net6.0\\fine-code-coverage\\build-output\\TestGitHubApi.dll","CodeFilePath":null,"LineNumber":0,"Properties":[{"Key":{"Id":"NUnit.Seed","Label":"Seed","Category":"","Description":"","Attributes":0,"ValueType":"System.String"},"Value":"1166559286"}]},"Attachments":[],"Outcome":1,"ErrorMessage":null,"ErrorStackTrace":null,"DisplayName":"Test_GetAllCommentsForIssue","Messages":[{"Category":"StdOutMsgs","Text":"Comment ID: 1987304527 - Body: Hello\r\nComment ID: 1987304565 - Body: Test comment\r\nComment ID: 1987304611 - Body: Second test comment\r\nComment ID: 1987304640 - Body: Some text here\r\nComment ID: 1987304768 - Body: Some text example for testing_**\r\n"}],"ComputerName":"DESKTOP-UUB0D73","Duration":"00:00:00.3364040","StartTime":"2024-03-10T18:52:08.6488622+00:00","EndTime":"2024-03-10T18:52:08.9852661+00:00","Properties":[{"Key":{"Id":"NUnit.Seed","Label":"Seed","Category":"","Description":"","Attributes":0,"ValueType":"System.String"},"Value":"1166559286"}]},{"TestCase":{"Id":"1e28e6d2-0768-a909-90d7-d89d27a53ba4","FullyQualifiedName":"TestGitHubApi.TestGitHubApi.Test_CreateGitHubIssue","DisplayName":"Test_CreateGitHubIssue","ExecutorUri":"executor://NUnit3TestExecutor","Source":"D:\\SoftUni\\7 Back-End Test Automation-March-2024\\repo\\03.Exercise-Api-Testing-CSharp-RestSharp\\TestGitHubApi\\bin\\Debug\\net6.0\\fine-code-coverage\\build-output\\TestGitHubApi.dll","CodeFilePath":null,"LineNumber":0,"Properties":[{"Key":{"Id":"NUnit.Seed","Label":"Seed","Category":"","Description":"","Attributes":0,"ValueType":"System.String"},"Value":"2113159237"}]},"Attachments":[],"Outcome":1,"ErrorMessage":null,"ErrorStackTrace":null,"DisplayName":"Test_CreateGitHubIssue","Messages":[{"Category":"StdOutMsgs","Text":"51\r\n"}],"ComputerName":"DESKTOP-UUB0D73","Duration":"00:00:00.5328770","StartTime":"2024-03-10T18:52:08.9852866+00:00","EndTime":"2024-03-10T18:52:09.5181631+00:00","Properties":[{"Key":{"Id":"NUnit.Seed","Label":"Seed","Category":"","Description":"","Attributes":0,"ValueType":"System.String"},"Value":"2113159237"}]}],"TestRunStatistics":{"ExecutedTests":5,"Stats":{"Passed":5}},"ActiveTests":[{"Id":"9b973e98-df50-10a9-9952-35a3e72323af","FullyQualifiedName":"TestGitHubApi.TestGitHubApi.Test_CreateCommentOnGitHubIssue","DisplayName":"Test_CreateCommentOnGitHubIssue","ExecutorUri":"executor://NUnit3TestExecutor","Source":"D:\\SoftUni\\7 Back-End Test Automation-March-2024\\repo\\03.Exercise-Api-Testing-CSharp-RestSharp\\TestGitHubApi\\bin\\Debug\\net6.0\\fine-code-coverage\\build-output\\TestGitHubApi.dll","CodeFilePath":null,"LineNumber":0,"Properties":[{"Key":{"Id":"NUnit.Seed","Label":"Seed","Category":"","Description":"","Attributes":0,"ValueType":"System.String"},"Value":"246491256"}]}]}}
TpTrace Verbose: 0 : 29560, 13, 2024/03/10, 20:52:10.089, 9516304098268, vstest.console.dll, TestRunRequest:SendTestRunStatsChange: Starting.
TpTrace Verbose: 0 : 29560, 13, 2024/03/10, 20:52:10.090, 9516304100803, vstest.console.dll, InProgress is Test_CreateCommentOnGitHubIssue
TpTrace Verbose: 0 : 29560, 13, 2024/03/10, 20:52:10.090, 9516304103313, vstest.console.dll, MulticastDelegateUtilities.SafeInvoke: TestRun.RunStatsChanged: Invoking callbacks was skipped because there are no subscribers.
TpTrace Information: 0 : 29560, 13, 2024/03/10, 20:52:10.090, 9516304104826, vstest.console.dll, TestRunRequest:SendTestRunStatsChange: Completed.
TpTrace Verbose: 0 : 29560, 13, 2024/03/10, 20:52:10.090, 9516304106270, vstest.console.dll, MulticastDelegateUtilities.SafeInvoke: LengthPrefixCommunicationChannel: MessageReceived: Invoking callback 1/1 for Microsoft.VisualStudio.TestPlatform.CommunicationUtilities.TestRequestSender+<>c__DisplayClass31_0.<StartTestRun>b__1, took 16 ms.
TpTrace Verbose: 0 : 29560, 4, 2024/03/10, 20:52:10.090, 9516304105014, vstest.console.dll, MulticastDelegateUtilities.SafeInvoke: InternalTestLoggerEvents.SendTestResult: Invoking callback 1/1 for Microsoft.VisualStudio.TestPlatform.CommandLine.Internal.ConsoleLogger.TestResultHandler, took 0 ms.
TpTrace Verbose: 0 : 29560, 13, 2024/03/10, 20:52:10.090, 9516304107700, vstest.console.dll, TcpClientExtensions.MessageLoopAsync: Polling on remoteEndPoint: 127.0.0.1:58259 localEndPoint: 127.0.0.1:58258
TpTrace Verbose: 0 : 29560, 4, 2024/03/10, 20:52:10.091, 9516304110223, vstest.console.dll, MulticastDelegateUtilities.SafeInvoke: InternalTestLoggerEvents.SendTestResult: Invoking callback 1/1 for Microsoft.VisualStudio.TestPlatform.CommandLine.Internal.ConsoleLogger.TestResultHandler, took 0 ms.
TpTrace Verbose: 0 : 29560, 4, 2024/03/10, 20:52:10.091, 9516304113792, vstest.console.dll, MulticastDelegateUtilities.SafeInvoke: InternalTestLoggerEvents.SendTestResult: Invoking callback 1/1 for Microsoft.VisualStudio.TestPlatform.CommandLine.Internal.ConsoleLogger.TestResultHandler, took 0 ms.
TpTrace Verbose: 0 : 29560, 13, 2024/03/10, 20:52:10.340, 9516306606357, vstest.console.dll, TcpClientExtensions.MessageLoopAsync: NotifyDataAvailable remoteEndPoint: 127.0.0.1:58259 localEndPoint: 127.0.0.1:58258
TpTrace Verbose: 0 : 29560, 13, 2024/03/10, 20:52:10.341, 9516306610314, vstest.console.dll, TestRequestSender.OnExecutionMessageReceived: Received message: {"Version":7,"MessageType":"TestSession.Message","Payload":{"MessageLevel":1,"Message":"1987330063\r\n"}}
TpTrace Verbose: 0 : 29560, 13, 2024/03/10, 20:52:10.341, 9516306613222, vstest.console.dll, TestRunRequest:SendTestRunMessage: Starting.
TpTrace Verbose: 0 : 29560, 13, 2024/03/10, 20:52:10.341, 9516306615655, vstest.console.dll, MulticastDelegateUtilities.SafeInvoke: TestRun.LogMessages: Invoking callback 1/1 for Microsoft.VisualStudio.TestPlatform.CommandLine.TestRunResultAggregator.TestRunMessageHandler, took 0 ms.
TpTrace Verbose: 0 : 29560, 4, 2024/03/10, 20:52:10.341, 9516306618115, vstest.console.dll, MulticastDelegateUtilities.SafeInvoke: InternalTestLoggerEvents.SendTestRunMessage: Invoking callback 1/1 for Microsoft.VisualStudio.TestPlatform.CommandLine.Internal.ConsoleLogger.TestMessageHandler, took 0 ms.
TpTrace Information: 0 : 29560, 13, 2024/03/10, 20:52:10.341, 9516306618385, vstest.console.dll, TestRunRequest:SendTestRunMessage: Completed.
TpTrace Verbose: 0 : 29560, 13, 2024/03/10, 20:52:10.343, 9516306636245, vstest.console.dll, MulticastDelegateUtilities.SafeInvoke: LengthPrefixCommunicationChannel: MessageReceived: Invoking callback 1/1 for Microsoft.VisualStudio.TestPlatform.CommunicationUtilities.TestRequestSender+<>c__DisplayClass31_0.<StartTestRun>b__1, took 2 ms.
TpTrace Verbose: 0 : 29560, 13, 2024/03/10, 20:52:10.343, 9516306638443, vstest.console.dll, TcpClientExtensions.MessageLoopAsync: Polling on remoteEndPoint: 127.0.0.1:58259 localEndPoint: 127.0.0.1:58258
TpTrace Verbose: 0 : 29560, 13, 2024/03/10, 20:52:11.348, 9516316682121, vstest.console.dll, TcpClientExtensions.MessageLoopAsync: Polling on remoteEndPoint: 127.0.0.1:58259 localEndPoint: 127.0.0.1:58258
TpTrace Verbose: 0 : 29560, 13, 2024/03/10, 20:52:11.581, 9516319011011, vstest.console.dll, TcpClientExtensions.MessageLoopAsync: NotifyDataAvailable remoteEndPoint: 127.0.0.1:58259 localEndPoint: 127.0.0.1:58258
TpTrace Verbose: 0 : 29560, 13, 2024/03/10, 20:52:11.581, 9516319013148, vstest.console.dll, TestRequestSender.OnExecutionMessageReceived: Received message: {"Version":7,"MessageType":"TestExecution.StatsChange","Payload":{"NewTestResults":[{"TestCase":{"Id":"9b973e98-df50-10a9-9952-35a3e72323af","FullyQualifiedName":"TestGitHubApi.TestGitHubApi.Test_CreateCommentOnGitHubIssue","DisplayName":"Test_CreateCommentOnGitHubIssue","ExecutorUri":"executor://NUnit3TestExecutor","Source":"D:\\SoftUni\\7 Back-End Test Automation-March-2024\\repo\\03.Exercise-Api-Testing-CSharp-RestSharp\\TestGitHubApi\\bin\\Debug\\net6.0\\fine-code-coverage\\build-output\\TestGitHubApi.dll","CodeFilePath":null,"LineNumber":0,"Properties":[{"Key":{"Id":"NUnit.Seed","Label":"Seed","Category":"","Description":"","Attributes":0,"ValueType":"System.String"},"Value":"246491256"}]},"Attachments":[],"Outcome":1,"ErrorMessage":null,"ErrorStackTrace":null,"DisplayName":"Test_CreateCommentOnGitHubIssue","Messages":[{"Category":"StdOutMsgs","Text":"1987330063\r\n"}],"ComputerName":"DESKTOP-UUB0D73","Duration":"00:00:00.8211560","StartTime":"2024-03-10T18:52:09.5182198+00:00","EndTime":"2024-03-10T18:52:10.3393757+00:00","Properties":[{"Key":{"Id":"NUnit.Seed","Label":"Seed","Category":"","Description":"","Attributes":0,"ValueType":"System.String"},"Value":"246491256"}]},{"TestCase":{"Id":"ba8422e4-816b-be3d-39c2-90f78f8a2e73","FullyQualifiedName":"TestGitHubApi.TestGitHubApi.Test_GetCommentById","DisplayName":"Test_GetCommentById","ExecutorUri":"executor://NUnit3TestExecutor","Source":"D:\\SoftUni\\7 Back-End Test Automation-March-2024\\repo\\03.Exercise-Api-Testing-CSharp-RestSharp\\TestGitHubApi\\bin\\Debug\\net6.0\\fine-code-coverage\\build-output\\TestGitHubApi.dll","CodeFilePath":null,"LineNumber":0,"Properties":[{"Key":{"Id":"NUnit.Seed","Label":"Seed","Category":"","Description":"","Attributes":0,"ValueType":"System.String"},"Value":"406250402"}]},"Attachments":[],"Outcome":1,"ErrorMessage":null,"ErrorStackTrace":null,"DisplayName":"Test_GetCommentById","Messages":[],"ComputerName":"DESKTOP-UUB0D73","Duration":"00:00:00.4180930","StartTime":"2024-03-10T18:52:10.3394398+00:00","EndTime":"2024-03-10T18:52:10.7575321+00:00","Properties":[{"Key":{"Id":"NUnit.Seed","Label":"Seed","Category":"","Description":"","Attributes":0,"ValueType":"System.String"},"Value":"406250402"}]},{"TestCase":{"Id":"d6a3635e-d2fe-bc45-05a7-09c31e8c048b","FullyQualifiedName":"TestGitHubApi.TestGitHubApi.Test_EditCommentOnGitHubIssue","DisplayName":"Test_EditCommentOnGitHubIssue","ExecutorUri":"executor://NUnit3TestExecutor","Source":"D:\\SoftUni\\7 Back-End Test Automation-March-2024\\repo\\03.Exercise-Api-Testing-CSharp-RestSharp\\TestGitHubApi\\bin\\Debug\\net6.0\\fine-code-coverage\\build-output\\TestGitHubApi.dll","CodeFilePath":null,"LineNumber":0,"Properties":[{"Key":{"Id":"NUnit.Seed","Label":"Seed","Category":"","Description":"","Attributes":0,"ValueType":"System.String"},"Value":"34540291"}]},"Attachments":[],"Outcome":1,"ErrorMessage":null,"ErrorStackTrace":null,"DisplayName":"Test_EditCommentOnGitHubIssue","Messages":[],"ComputerName":"DESKTOP-UUB0D73","Duration":"00:00:00.6608900","StartTime":"2024-03-10T18:52:10.7576075+00:00","EndTime":"2024-03-10T18:52:11.4184969+00:00","Properties":[{"Key":{"Id":"NUnit.Seed","Label":"Seed","Category":"","Description":"","Attributes":0,"ValueType":"System.String"},"Value":"34540291"}]}],"TestRunStatistics":{"ExecutedTests":8,"Stats":{"Passed":8}},"ActiveTests":[{"Id":"07976bf7-9d79-a829-1c3c-ea26405746e5","FullyQualifiedName":"TestGitHubApi.TestGitHubApi.Test_DeleteCommentOnGitHubIssue","DisplayName":"Test_DeleteCommentOnGitHubIssue","ExecutorUri":"executor://NUnit3TestExecutor","Source":"D:\\SoftUni\\7 Back-End Test Automation-March-2024\\repo\\03.Exercise-Api-Testing-CSharp-RestSharp\\TestGitHubApi\\bin\\Debug\\net6.0\\fine-code-coverage\\build-output\\TestGitHubApi.dll","CodeFilePath":null,"LineNumber":0,"Properties":[{"Key":{"Id":"NUnit.Seed","Label":"Seed","Category":"","Description":"","Attributes":0,"ValueType":"System.String"},"Value":"968712633"}]}]}}
TpTrace Verbose: 0 : 29560, 13, 2024/03/10, 20:52:11.581, 9516319019042, vstest.console.dll, TestRunRequest:SendTestRunStatsChange: Starting.
TpTrace Verbose: 0 : 29560, 13, 2024/03/10, 20:52:11.582, 9516319019962, vstest.console.dll, InProgress is Test_DeleteCommentOnGitHubIssue
TpTrace Verbose: 0 : 29560, 13, 2024/03/10, 20:52:11.582, 9516319020893, vstest.console.dll, MulticastDelegateUtilities.SafeInvoke: TestRun.RunStatsChanged: Invoking callbacks was skipped because there are no subscribers.
TpTrace Information: 0 : 29560, 13, 2024/03/10, 20:52:11.582, 9516319021682, vstest.console.dll, TestRunRequest:SendTestRunStatsChange: Completed.
TpTrace Verbose: 0 : 29560, 13, 2024/03/10, 20:52:11.582, 9516319022388, vstest.console.dll, MulticastDelegateUtilities.SafeInvoke: LengthPrefixCommunicationChannel: MessageReceived: Invoking callback 1/1 for Microsoft.VisualStudio.TestPlatform.CommunicationUtilities.TestRequestSender+<>c__DisplayClass31_0.<StartTestRun>b__1, took 0 ms.
TpTrace Verbose: 0 : 29560, 13, 2024/03/10, 20:52:11.582, 9516319023196, vstest.console.dll, TcpClientExtensions.MessageLoopAsync: Polling on remoteEndPoint: 127.0.0.1:58259 localEndPoint: 127.0.0.1:58258
TpTrace Verbose: 0 : 29560, 4, 2024/03/10, 20:52:11.582, 9516319024238, vstest.console.dll, MulticastDelegateUtilities.SafeInvoke: InternalTestLoggerEvents.SendTestResult: Invoking callback 1/1 for Microsoft.VisualStudio.TestPlatform.CommandLine.Internal.ConsoleLogger.TestResultHandler, took 0 ms.
TpTrace Verbose: 0 : 29560, 4, 2024/03/10, 20:52:11.582, 9516319025373, vstest.console.dll, MulticastDelegateUtilities.SafeInvoke: InternalTestLoggerEvents.SendTestResult: Invoking callback 1/1 for Microsoft.VisualStudio.TestPlatform.CommandLine.Internal.ConsoleLogger.TestResultHandler, took 0 ms.
TpTrace Verbose: 0 : 29560, 4, 2024/03/10, 20:52:11.582, 9516319026347, vstest.console.dll, MulticastDelegateUtilities.SafeInvoke: InternalTestLoggerEvents.SendTestResult: Invoking callback 1/1 for Microsoft.VisualStudio.TestPlatform.CommandLine.Internal.ConsoleLogger.TestResultHandler, took 0 ms.
TpTrace Verbose: 0 : 29560, 13, 2024/03/10, 20:52:11.987, 9516323077649, vstest.console.dll, TcpClientExtensions.MessageLoopAsync: NotifyDataAvailable remoteEndPoint: 127.0.0.1:58259 localEndPoint: 127.0.0.1:58258
TpTrace Verbose: 0 : 29560, 13, 2024/03/10, 20:52:11.988, 9516323080106, vstest.console.dll, TestRequestSender.OnExecutionMessageReceived: Received message: {"Version":7,"MessageType":"TestSession.Message","Payload":{"MessageLevel":0,"Message":"NUnit Adapter 4.4.0.0: Test execution complete"}}
TpTrace Verbose: 0 : 29560, 13, 2024/03/10, 20:52:11.988, 9516323081169, vstest.console.dll, TestRunRequest:SendTestRunMessage: Starting.
TpTrace Verbose: 0 : 29560, 13, 2024/03/10, 20:52:11.988, 9516323081931, vstest.console.dll, MulticastDelegateUtilities.SafeInvoke: TestRun.LogMessages: Invoking callback 1/1 for Microsoft.VisualStudio.TestPlatform.CommandLine.TestRunResultAggregator.TestRunMessageHandler, took 0 ms.
TpTrace Information: 0 : 29560, 13, 2024/03/10, 20:52:11.988, 9516323082748, vstest.console.dll, TestRunRequest:SendTestRunMessage: Completed.
TpTrace Verbose: 0 : 29560, 4, 2024/03/10, 20:52:11.988, 9516323083328, vstest.console.dll, MulticastDelegateUtilities.SafeInvoke: InternalTestLoggerEvents.SendTestRunMessage: Invoking callback 1/1 for Microsoft.VisualStudio.TestPlatform.CommandLine.Internal.ConsoleLogger.TestMessageHandler, took 0 ms.
TpTrace Verbose: 0 : 29560, 13, 2024/03/10, 20:52:11.988, 9516323083547, vstest.console.dll, MulticastDelegateUtilities.SafeInvoke: LengthPrefixCommunicationChannel: MessageReceived: Invoking callback 1/1 for Microsoft.VisualStudio.TestPlatform.CommunicationUtilities.TestRequestSender+<>c__DisplayClass31_0.<StartTestRun>b__1, took 0 ms.
TpTrace Verbose: 0 : 29560, 13, 2024/03/10, 20:52:11.988, 9516323085471, vstest.console.dll, TcpClientExtensions.MessageLoopAsync: Polling on remoteEndPoint: 127.0.0.1:58259 localEndPoint: 127.0.0.1:58258
TpTrace Verbose: 0 : 29560, 13, 2024/03/10, 20:52:12.002, 9516323227191, vstest.console.dll, TcpClientExtensions.MessageLoopAsync: NotifyDataAvailable remoteEndPoint: 127.0.0.1:58259 localEndPoint: 127.0.0.1:58258
TpTrace Verbose: 0 : 29560, 13, 2024/03/10, 20:52:12.002, 9516323228993, vstest.console.dll, TestRequestSender.OnExecutionMessageReceived: Received message: {"Version":7,"MessageType":"TestExecution.Completed","Payload":{"TestRunCompleteArgs":{"TestRunStatistics":{"ExecutedTests":9,"Stats":{"Passed":9}},"IsCanceled":false,"IsAborted":false,"Error":null,"AttachmentSets":[],"InvokedDataCollectors":[],"ElapsedTimeInRunningTests":"00:00:04.9194881","Metrics":{},"DiscoveredExtensions":{"TestDiscoverers":["NUnit.VisualStudio.TestAdapter.NUnit3TestDiscoverer, NUnit3.TestAdapter, Version=4.4.0.0, Culture=neutral, PublicKeyToken=4cb40d35494691ac"],"TestExecutors":["executor://NUnit3TestExecutor"],"TestExecutors2":[],"TestSettingsProviders":[]}},"LastRunTests":{"NewTestResults":[{"TestCase":{"Id":"07976bf7-9d79-a829-1c3c-ea26405746e5","FullyQualifiedName":"TestGitHubApi.TestGitHubApi.Test_DeleteCommentOnGitHubIssue","DisplayName":"Test_DeleteCommentOnGitHubIssue","ExecutorUri":"executor://NUnit3TestExecutor","Source":"D:\\SoftUni\\7 Back-End Test Automation-March-2024\\repo\\03.Exercise-Api-Testing-CSharp-RestSharp\\TestGitHubApi\\bin\\Debug\\net6.0\\fine-code-coverage\\build-output\\TestGitHubApi.dll","CodeFilePath":null,"LineNumber":0,"Properties":[{"Key":{"Id":"NUnit.Seed","Label":"Seed","Category":"","Description":"","Attributes":0,"ValueType":"System.String"},"Value":"968712633"}]},"Attachments":[],"Outcome":1,"ErrorMessage":null,"ErrorStackTrace":null,"DisplayName":"Test_DeleteCommentOnGitHubIssue","Messages":[],"ComputerName":"DESKTOP-UUB0D73","Duration":"00:00:00.5628339","StartTime":"2024-03-10T18:52:11.4185267+00:00","EndTime":"2024-03-10T18:52:11.9813602+00:00","Properties":[{"Key":{"Id":"NUnit.Seed","Label":"Seed","Category":"","Description":"","Attributes":0,"ValueType":"System.String"},"Value":"968712633"}]}],"TestRunStatistics":{"ExecutedTests":9,"Stats":{"Passed":9}},"ActiveTests":[]},"RunAttachments":[],"ExecutorUris":["executor://nunit3testexecutor/"]}}
TpTrace Verbose: 0 : 29560, 13, 2024/03/10, 20:52:12.003, 9516323230277, vstest.console.dll, TestRequestSender.EndSession: Sending end session.
TpTrace Verbose: 0 : 29560, 13, 2024/03/10, 20:52:12.003, 9516323232595, vstest.console.dll, ProxyOperationManager.Close: waiting for test host to exit for 100 ms
TpTrace Warning: 0 : 29560, 12, 2024/03/10, 20:52:12.014, 9516323344676, vstest.console.dll, TestHostManagerCallbacks.ErrorReceivedCallback Test host standard error line: 
TpTrace Verbose: 0 : 29560, 5, 2024/03/10, 20:52:12.021, 9516323414459, vstest.console.dll, TestHostProvider.ExitCallBack: Host exited starting callback.
TpTrace Information: 0 : 29560, 5, 2024/03/10, 20:52:12.022, 9516323420910, vstest.console.dll, TestHostManagerCallbacks.ExitCallBack: Testhost processId: 21752 exited with exitcode: 0 error: ''
TpTrace Verbose: 0 : 29560, 5, 2024/03/10, 20:52:12.022, 9516323421689, vstest.console.dll, DotnetTestHostManager.OnHostExited: invoking OnHostExited callback
TpTrace Verbose: 0 : 29560, 5, 2024/03/10, 20:52:12.022, 9516323422367, vstest.console.dll, CrossPlatEngine.TestHostManagerHostExited: calling on client process exit callback.
TpTrace Information: 0 : 29560, 5, 2024/03/10, 20:52:12.022, 9516323423079, vstest.console.dll, TestRequestSender.OnClientProcessExit: Test host process exited. Standard error: 
TpTrace Information: 0 : 29560, 13, 2024/03/10, 20:52:12.022, 9516323423759, vstest.console.dll, SocketServer.Stop: Stop server endPoint: 127.0.0.1:58258
TpTrace Information: 0 : 29560, 13, 2024/03/10, 20:52:12.022, 9516323425791, vstest.console.dll, SocketServer.Stop: Cancellation requested. Stopping message loop.
TpTrace Information: 0 : 29560, 5, 2024/03/10, 20:52:12.022, 9516323425119, vstest.console.dll, SocketServer.Stop: Stop server endPoint: 127.0.0.1:58258
TpTrace Information: 0 : 29560, 13, 2024/03/10, 20:52:12.022, 9516323426971, vstest.console.dll, Closing the connection
TpTrace Information: 0 : 29560, 5, 2024/03/10, 20:52:12.022, 9516323427049, vstest.console.dll, SocketServer.Stop: Cancellation requested. Stopping message loop.
TpTrace Verbose: 0 : 29560, 5, 2024/03/10, 20:52:12.022, 9516323428314, vstest.console.dll, MulticastDelegateUtilities.SafeInvoke: HostProviderEvents.OnHostExited: Invoking callback 1/1 for Microsoft.VisualStudio.TestPlatform.CrossPlatEngine.Client.ProxyOperationManager.TestHostManagerHostExited, took 0 ms.
TpTrace Verbose: 0 : 29560, 13, 2024/03/10, 20:52:12.023, 9516323430893, vstest.console.dll, ProxyDataCollectionManager.InvokeDataCollectionServiceAction: Starting.
TpTrace Information: 0 : 29560, 13, 2024/03/10, 20:52:12.023, 9516323431613, vstest.console.dll, ProxyDataCollectionManager.AfterTestRunEnd: Get attachment set and invoked data collectors processId: 16048 port: 58255
TpTrace Verbose: 0 : 29560, 13, 2024/03/10, 20:52:12.023, 9516323432263, vstest.console.dll, DataCollectionRequestSender.SendAfterTestRunStartAndGetResult: Send AfterTestRunEnd message with isCancelled: False
TpTrace Verbose: 0 : 29560, 13, 2024/03/10, 20:52:12.028, 9516323484278, vstest.console.dll, DataCollectionRequestSender.SendAfterTestRunStartAndGetResult: Received message: (DataCollection.AfterTestRunEndResult) -> {"MessageType":"DataCollection.AfterTestRunEndResult","Payload":{"AttachmentSets":[],"InvokedDataCollectors":[{"Uri":"datacollector://Microsoft/TestPlatform/Extensions/Blame/v1","FriendlyName":"Blame","AssemblyQualifiedName":"Microsoft.TestPlatform.Extensions.BlameDataCollector.BlameCollector, Microsoft.TestPlatform.Extensions.BlameDataCollector, Version=15.0.0.0, Culture=neutral, PublicKeyToken=b03f5f7f11d50a3a","FilePath":"C:\\Program Files (x86)\\dotnet\\sdk\\6.0.408\\Extensions\\Microsoft.TestPlatform.Extensions.BlameDataCollector.dll","HasAttachmentProcessor":false}],"Metrics":{}}}
TpTrace Information: 0 : 29560, 13, 2024/03/10, 20:52:12.032, 9516323520106, vstest.console.dll, ProxyDataCollectionManager.InvokeDataCollectionServiceAction: Completed.
TpTrace Warning: 0 : 29560, 9, 2024/03/10, 20:52:12.032, 9516323525725, vstest.console.dll, DataCollectionLauncher.ErrorReceivedCallback datacollector standard error line: 
TpTrace Information: 0 : 29560, 5, 2024/03/10, 20:52:12.036, 9516323567937, vstest.console.dll, DataCollectionLauncher.ExitCallBack: Data collector exited with exitcode: 0 error: ''
TpTrace Verbose: 0 : 29560, 13, 2024/03/10, 20:52:12.062, 9516323825444, vstest.console.dll, TestRunRequest:SendTestRunStatsChange: Starting.
TpTrace Verbose: 0 : 29560, 13, 2024/03/10, 20:52:12.062, 9516323826558, vstest.console.dll, MulticastDelegateUtilities.SafeInvoke: TestRun.RunStatsChanged: Invoking callbacks was skipped because there are no subscribers.
TpTrace Information: 0 : 29560, 13, 2024/03/10, 20:52:12.062, 9516323827087, vstest.console.dll, TestRunRequest:SendTestRunStatsChange: Completed.
TpTrace Verbose: 0 : 29560, 4, 2024/03/10, 20:52:12.062, 9516323827451, vstest.console.dll, MulticastDelegateUtilities.SafeInvoke: InternalTestLoggerEvents.SendTestResult: Invoking callback 1/1 for Microsoft.VisualStudio.TestPlatform.CommandLine.Internal.ConsoleLogger.TestResultHandler, took 0 ms.
TpTrace Verbose: 0 : 29560, 13, 2024/03/10, 20:52:12.063, 9516323831510, vstest.console.dll, ParallelProxyExecutionManager: HandlePartialRunComplete: Total completed clients = 1, Run complete = True, Run canceled: False.
TpTrace Verbose: 0 : 29560, 4, 2024/03/10, 20:52:12.069, 9516323891129, vstest.console.dll, MulticastDelegateUtilities.SafeInvoke: InternalTestLoggerEvents.SendTestRunComplete: Invoking callback 1/2 for Microsoft.TestPlatform.Extensions.BlameDataCollector.BlameLogger.TestRunCompleteHandler, took 0 ms.
TpTrace Verbose: 0 : 29560, 4, 2024/03/10, 20:52:12.073, 9516323932898, vstest.console.dll, MulticastDelegateUtilities.SafeInvoke: InternalTestLoggerEvents.SendTestRunComplete: Invoking callback 2/2 for Microsoft.VisualStudio.TestPlatform.CommandLine.Internal.ConsoleLogger.TestRunCompleteHandler, took 4 ms.
TpTrace Verbose: 0 : 29560, 13, 2024/03/10, 20:52:12.073, 9516323935657, vstest.console.dll, TestRunRequest:TestRunComplete: Starting. IsAborted:False IsCanceled:False.
TpTrace Verbose: 0 : 29560, 13, 2024/03/10, 20:52:12.074, 9516323946485, vstest.console.dll, TestLoggerManager.HandleTestRunComplete: Ignoring as the object is disposed.
TpTrace Verbose: 0 : 29560, 13, 2024/03/10, 20:52:12.074, 9516323948980, vstest.console.dll, MulticastDelegateUtilities.SafeInvoke: TestRun.TestRunComplete: Invoking callback 1/2 for Microsoft.VisualStudio.TestPlatform.CommandLine.TestRunResultAggregator.TestRunCompletionHandler, took 0 ms.
TpTrace Verbose: 0 : 29560, 13, 2024/03/10, 20:52:12.075, 9516323950175, vstest.console.dll, MulticastDelegateUtilities.SafeInvoke: TestRun.TestRunComplete: Invoking callback 2/2 for Microsoft.VisualStudio.TestPlatform.CommandLine.Processors.RunTestsArgumentExecutor+TestRunRequestEventsRegistrar.TestRunRequest_OnRunCompletion, took 0 ms.
TpTrace Information: 0 : 29560, 13, 2024/03/10, 20:52:12.075, 9516323951329, vstest.console.dll, TestRunRequest:TestRunComplete: Completed.
TpTrace Verbose: 0 : 29560, 1, 2024/03/10, 20:52:12.075, 9516323951887, vstest.console.dll, TestRunRequest.Dispose: Starting.
TpTrace Information: 0 : 29560, 1, 2024/03/10, 20:52:12.075, 9516323952773, vstest.console.dll, TestRunRequest.Dispose: Completed.
TpTrace Verbose: 0 : 29560, 13, 2024/03/10, 20:52:12.075, 9516323951937, vstest.console.dll, TestRequestSender.SetOperationComplete: Setting operation complete.
TpTrace Information: 0 : 29560, 1, 2024/03/10, 20:52:12.075, 9516323953451, vstest.console.dll, TestRequestManager.RunTests: run tests completed.
TpTrace Information: 0 : 29560, 13, 2024/03/10, 20:52:12.075, 9516323954091, vstest.console.dll, SocketServer.Stop: Stop server endPoint: 127.0.0.1:58258
TpTrace Information: 0 : 29560, 1, 2024/03/10, 20:52:12.075, 9516323955207, vstest.console.dll, RunTestsArgumentProcessor:Execute: Test run is completed.
TpTrace Information: 0 : 29560, 13, 2024/03/10, 20:52:12.075, 9516323955881, vstest.console.dll, SocketServer.Stop: Cancellation requested. Stopping message loop.
TpTrace Verbose: 0 : 29560, 13, 2024/03/10, 20:52:12.075, 9516323957573, vstest.console.dll, MulticastDelegateUtilities.SafeInvoke: LengthPrefixCommunicationChannel: MessageReceived: Invoking callback 1/1 for Microsoft.VisualStudio.TestPlatform.CommunicationUtilities.TestRequestSender+<>c__DisplayClass31_0.<StartTestRun>b__1, took 72 ms.
TpTrace Verbose: 0 : 29560, 1, 2024/03/10, 20:52:12.075, 9516323957690, vstest.console.dll, Executor.Execute: Exiting with exit code of 0
TpTrace Information: 0 : 29560, 13, 2024/03/10, 20:52:12.075, 9516323958259, vstest.console.dll, SocketServer.PrivateStop: Stopping server endPoint: 127.0.0.1:58258 error: 
TpTrace Verbose: 0 : 29560, 13, 2024/03/10, 20:52:12.076, 9516323964895, vstest.console.dll, LengthPrefixCommunicationChannel.Dispose: Dispose reader and writer.
TpTrace Information: 0 : 29560, 13, 2024/03/10, 20:52:12.076, 9516323965859, vstest.console.dll, SocketServer.Stop: Raise disconnected event endPoint: 127.0.0.1:58258 error: 
TpTrace Verbose: 0 : 29560, 13, 2024/03/10, 20:52:12.076, 9516323966645, vstest.console.dll, TestRequestSender: OnTestRunAbort: Operation is already complete. Skip error message.
TpTrace Verbose: 0 : 29560, 13, 2024/03/10, 20:52:12.076, 9516323967231, vstest.console.dll, MulticastDelegateUtilities.SafeInvoke: SocketServer: ClientDisconnected: Invoking callback 1/1 for Microsoft.VisualStudio.TestPlatform.CommunicationUtilities.TestRequestSender.<InitializeCommunication>b__24_1, took 0 ms.
TpTrace Verbose: 0 : 29560, 13, 2024/03/10, 20:52:12.076, 9516323967781, vstest.console.dll, TcpClientExtensions.MessageLoopAsync: exiting MessageLoopAsync remoteEndPoint: 127.0.0.1:58259 localEndPoint: 127.0.0.1:58258
